    {
        "ParentCommandLine":  "C:\\WINDOWS\\system32\\svchost.exe -k netsvcs -p",
        "Description":  "Windows Problem Reporting",
        "CommandLine":  "C:\\WINDOWS\\system32\\wermgr.exe -upload",
        "CurrentDirectory":  "C:\\WINDOWS\\system32\\",
        "Hashes":  "SHA1=1ED4AE92D235497F62610078D51105C4634AFADE,MD5=FF214585BF10206E21EA8EBA202FACFD,SHA256=C48C430EB07ACC2FF8BDDD6057F5C9F72C2E83F67478F1E4A1792AF866711538,IMPHASH=978FE06ED1813DC665ECDD672FEFCA83",
        "Image":  "C:\\Windows\\System32\\wermgr.exe",
        "UtcTime":  "2019-06-03 11:22:31.015",
        "ProcessGuid":  "{AC6A4E42-02F7-5CF5-0000-0010648B3800}",
        "Company":  "Microsoft Corporation",
        "IntegrityLevel":  "System",
        "EventId":  1,
        "FileVersion":  "10.0.17134.1 (WinBuild.160101.0800)",
        "User":  "NT AUTHORITY\\SYSTEM",
        "RuleName":  null,
        "Product":  "Microsoft? Windows? Operating System",
        "LogonId":  "0x3e7",
        "ProcessId":  "4056",
        "LogonGuid":  "{AC6A4E42-0410-5CF4-0000-0020E7030000}",
        "TerminalSessionId":  "0",
        "ParentProcessGuid":  "{AC6A4E42-0412-5CF4-0000-0010590A0100}",
        "ParentProcessId":  "988",
        "ParentImage":  "C:\\Windows\\System32\\svchost.exe"
    },
    {
        "ParentCommandLine":  "C:\\WINDOWS\\system32\\svchost.exe -k netsvcs -p",
        "Description":  "Google Installer",
        "CommandLine":  "\"C:\\Program Files (x86)\\Google\\Update\\GoogleUpdate.exe\" /ua /installsource scheduler",
        "CurrentDirectory":  "C:\\WINDOWS\\system32\\",
        "Hashes":  "SHA1=618FCF728B67FE5C89C9502BBCBC02D6B4551DB3,MD5=A8FD9222E4D72596BB37DA8BE95C0BA4,SHA256=52FC3AA9F704300041E486E57FE863218E4CDF4C8EEE05CA6B99A296EFEE5737,IMPHASH=7DF1816239C5BC855600D41210406C5B",
        "Image":  "C:\\Program Files (x86)\\Google\\Update\\GoogleUpdate.exe",
        "UtcTime":  "2019-06-03 11:23:59.624",
        "ProcessGuid":  "{AC6A4E42-034F-5CF5-0000-0010FAE53800}",
        "Company":  "Google Inc.",
        "IntegrityLevel":  "System",
        "EventId":  1,
        "FileVersion":  "1.3.31.5",
        "User":  "NT AUTHORITY\\SYSTEM",
        "RuleName":  null,
        "Product":  "Google Update",
        "LogonId":  "0x3e7",
        "ProcessId":  "600",
        "LogonGuid":  "{AC6A4E42-0410-5CF4-0000-0020E7030000}",
        "TerminalSessionId":  "0",
        "ParentProcessGuid":  "{AC6A4E42-0412-5CF4-0000-0010590A0100}",
        "ParentProcessId":  "988",
        "ParentImage":  "C:\\Windows\\System32\\svchost.exe"
    },
    {
        "ParentCommandLine":  "C:\\WINDOWS\\system32\\services.exe",
        "Description":  "Google Installer",
        "CommandLine":  "\"C:\\Program Files (x86)\\Google\\Update\\GoogleUpdate.exe\" /svc",
        "CurrentDirectory":  "C:\\WINDOWS\\system32\\",
        "Hashes":  "SHA1=618FCF728B67FE5C89C9502BBCBC02D6B4551DB3,MD5=A8FD9222E4D72596BB37DA8BE95C0BA4,SHA256=52FC3AA9F704300041E486E57FE863218E4CDF4C8EEE05CA6B99A296EFEE5737,IMPHASH=7DF1816239C5BC855600D41210406C5B",
        "Image":  "C:\\Program Files (x86)\\Google\\Update\\GoogleUpdate.exe",
        "UtcTime":  "2019-06-03 11:24:13.275",
        "ProcessGuid":  "{AC6A4E42-035D-5CF5-0000-001024EF3800}",
        "Company":  "Google Inc.",
        "IntegrityLevel":  "System",
        "EventId":  1,
        "FileVersion":  "1.3.31.5",
        "User":  "NT AUTHORITY\\SYSTEM",
        "RuleName":  null,
        "Product":  "Google Update",
        "LogonId":  "0x3e7",
        "ProcessId":  "4904",
        "LogonGuid":  "{AC6A4E42-0410-5CF4-0000-0020E7030000}",
        "TerminalSessionId":  "0",
        "ParentProcessGuid":  "{AC6A4E42-0410-5CF4-0000-001002910000}",
        "ParentProcessId":  "572",
        "ParentImage":  "C:\\Windows\\System32\\services.exe"
    },
    {
        "ParentCommandLine":  "C:\\WINDOWS\\system32\\svchost.exe -k netsvcs -p",
        "Description":  "Google Installer",
        "CommandLine":  "\"C:\\Program Files (x86)\\Google\\Update\\GoogleUpdate.exe\" /ua /installsource scheduler",
        "CurrentDirectory":  "C:\\WINDOWS\\system32\\",
        "Hashes":  "SHA1=618FCF728B67FE5C89C9502BBCBC02D6B4551DB3,MD5=A8FD9222E4D72596BB37DA8BE95C0BA4,SHA256=52FC3AA9F704300041E486E57FE863218E4CDF4C8EEE05CA6B99A296EFEE5737,IMPHASH=7DF1816239C5BC855600D41210406C5B",
        "Image":  "C:\\Program Files (x86)\\Google\\Update\\GoogleUpdate.exe",
        "UtcTime":  "2019-06-03 12:45:33.517",
        "ProcessGuid":  "{AC6A4E42-166D-5CF5-0000-0010F3643900}",
        "Company":  "Google Inc.",
        "IntegrityLevel":  "System",
        "EventId":  1,
        "FileVersion":  "1.3.31.5",
        "User":  "NT AUTHORITY\\SYSTEM",
        "RuleName":  null,
        "Product":  "Google Update",
        "LogonId":  "0x3e7",
        "ProcessId":  "3892",
        "LogonGuid":  "{AC6A4E42-0410-5CF4-0000-0020E7030000}",
        "TerminalSessionId":  "0",
        "ParentProcessGuid":  "{AC6A4E42-0412-5CF4-0000-0010590A0100}",
        "ParentProcessId":  "988",
        "ParentImage":  "C:\\Windows\\System32\\svchost.exe"
    },
    {
        "ParentCommandLine":  "C:\\WINDOWS\\system32\\svchost.exe -k netsvcs -p",
        "Description":  "Microsoft Feeds Synchronization",
        "CommandLine":  "C:\\Windows\\system32\\msfeedssync.exe sync",
        "CurrentDirectory":  "C:\\WINDOWS\\system32\\",
        "Hashes":  "SHA1=036CAB158CD45F9155DAF85B8D847BF5B13099A2,MD5=CDC89D5CEA5B1CEB0A8F34D030CCB7D1,SHA256=2DE228CAD2E542B2AF2554D61FAB5463ECBBA3FF8349BA88C3E48637ED8086E9,IMPHASH=E22B4193AC1639CCDCA0DCF2C8C3F735",
        "Image":  "C:\\Windows\\System32\\msfeedssync.exe",
        "UtcTime":  "2019-06-03 12:45:33.523",
        "ProcessGuid":  "{AC6A4E42-166D-5CF5-0000-001064653900}",
        "Company":  "Microsoft Corporation",
        "IntegrityLevel":  "Medium",
        "EventId":  1,
        "FileVersion":  "11.00.17134.1 (WinBuild.160101.0800)",
        "User":  "SEC504STUDENT\\Sec504",
        "RuleName":  null,
        "Product":  "Internet Explorer",
        "LogonId":  "0x2c0d8",
        "ProcessId":  "2304",
        "LogonGuid":  "{AC6A4E42-0419-5CF4-0000-0020D8C00200}",
        "TerminalSessionId":  "1",
        "ParentProcessGuid":  "{AC6A4E42-0412-5CF4-0000-0010590A0100}",
        "ParentProcessId":  "988",
        "ParentImage":  "C:\\Windows\\System32\\svchost.exe"
    },
    {
        "ParentCommandLine":  "C:\\WINDOWS\\system32\\svchost.exe -k netsvcs -p",
        "Description":  "Windows Problem Reporting",
        "CommandLine":  "C:\\WINDOWS\\system32\\wermgr.exe -upload",
        "CurrentDirectory":  "C:\\WINDOWS\\system32\\",
        "Hashes":  "SHA1=1ED4AE92D235497F62610078D51105C4634AFADE,MD5=FF214585BF10206E21EA8EBA202FACFD,SHA256=C48C430EB07ACC2FF8BDDD6057F5C9F72C2E83F67478F1E4A1792AF866711538,IMPHASH=978FE06ED1813DC665ECDD672FEFCA83",
        "Image":  "C:\\Windows\\System32\\wermgr.exe",
        "UtcTime":  "2019-06-03 12:45:33.534",
        "ProcessGuid":  "{AC6A4E42-166D-5CF5-0000-0010B7653900}",
        "Company":  "Microsoft Corporation",
        "IntegrityLevel":  "System",
        "EventId":  1,
        "FileVersion":  "10.0.17134.1 (WinBuild.160101.0800)",
        "User":  "NT AUTHORITY\\SYSTEM",
        "RuleName":  null,
        "Product":  "Microsoft? Windows? Operating System",
        "LogonId":  "0x3e7",
        "ProcessId":  "5156",
        "LogonGuid":  "{AC6A4E42-0410-5CF4-0000-0020E7030000}",
        "TerminalSessionId":  "0",
        "ParentProcessGuid":  "{AC6A4E42-0412-5CF4-0000-0010590A0100}",
        "ParentProcessId":  "988",
        "ParentImage":  "C:\\Windows\\System32\\svchost.exe"
    },
    {
        "ParentCommandLine":  "C:\\WINDOWS\\system32\\svchost.exe -k netsvcs -p",
        "Description":  "Windows SQM Consolidator",
        "CommandLine":  "C:\\WINDOWS\\System32\\wsqmcons.exe",
        "CurrentDirectory":  "C:\\WINDOWS\\system32\\",
        "Hashes":  "SHA1=9F3A80C752C3D845ACDB7445A60CF38E51CD3B8A,MD5=CBB79FBFE8F0C65824DAEC8200AE2102,SHA256=AF956E89E5A9676D037492B320053BC120E596D285FED5CCDB71344537F3ECE9,IMPHASH=9BD23326788EF7B1BB5A7F92D0C72C05",
        "Image":  "C:\\Windows\\System32\\wsqmcons.exe",
        "UtcTime":  "2019-06-03 12:45:33.546",
        "ProcessGuid":  "{AC6A4E42-166D-5CF5-0000-001021663900}",
        "Company":  "Microsoft Corporation",
        "IntegrityLevel":  "System",
        "EventId":  1,
        "FileVersion":  "10.0.17134.1 (WinBuild.160101.0800)",
        "User":  "NT AUTHORITY\\SYSTEM",
        "RuleName":  null,
        "Product":  "Microsoft? Windows? Operating System",
        "LogonId":  "0x3e7",
        "ProcessId":  "3760",
        "LogonGuid":  "{AC6A4E42-0410-5CF4-0000-0020E7030000}",
        "TerminalSessionId":  "0",
        "ParentProcessGuid":  "{AC6A4E42-0412-5CF4-0000-0010590A0100}",
        "ParentProcessId":  "988",
        "ParentImage":  "C:\\Windows\\System32\\svchost.exe"
    },
    {
        "ParentCommandLine":  "C:\\WINDOWS\\system32\\services.exe",
        "Description":  "Host Process for Windows Services",
        "CommandLine":  "C:\\WINDOWS\\System32\\svchost.exe -k wsappx -p",
        "CurrentDirectory":  "C:\\WINDOWS\\system32\\",
        "Hashes":  "SHA1=660B76B6FB802417D513ADC967C5CAF77FC2BAC6,MD5=32569E403279B3FD2EDB7EBD036273FA,SHA256=C9A28DC8004C3E043CBF8E3A194FDA2B756CE90740DF2175488337281B485F69,IMPHASH=3A8297483C1777054C7BAFEA5E6A8853",
        "Image":  "C:\\Windows\\System32\\svchost.exe",
        "UtcTime":  "2019-06-03 12:45:34.128",
        "ProcessGuid":  "{AC6A4E42-166E-5CF5-0000-001076863900}",
        "Company":  "Microsoft Corporation",
        "IntegrityLevel":  "System",
        "EventId":  1,
        "FileVersion":  "10.0.17134.1 (WinBuild.160101.0800)",
        "User":  "NT AUTHORITY\\SYSTEM",
        "RuleName":  null,
        "Product":  "Microsoft? Windows? Operating System",
        "LogonId":  "0x3e7",
        "ProcessId":  "4228",
        "LogonGuid":  "{AC6A4E42-0410-5CF4-0000-0020E7030000}",
        "TerminalSessionId":  "0",
        "ParentProcessGuid":  "{AC6A4E42-0410-5CF4-0000-001002910000}",
        "ParentProcessId":  "572",
        "ParentImage":  "C:\\Windows\\System32\\services.exe"
    },
    {
        "ParentCommandLine":  "C:\\WINDOWS\\system32\\services.exe",
        "Description":  "Google Installer",
        "CommandLine":  "\"C:\\Program Files (x86)\\Google\\Update\\GoogleUpdate.exe\" /svc",
        "CurrentDirectory":  "C:\\WINDOWS\\system32\\",
        "Hashes":  "SHA1=618FCF728B67FE5C89C9502BBCBC02D6B4551DB3,MD5=A8FD9222E4D72596BB37DA8BE95C0BA4,SHA256=52FC3AA9F704300041E486E57FE863218E4CDF4C8EEE05CA6B99A296EFEE5737,IMPHASH=7DF1816239C5BC855600D41210406C5B",
        "Image":  "C:\\Program Files (x86)\\Google\\Update\\GoogleUpdate.exe",
        "UtcTime":  "2019-06-03 12:46:04.103",
        "ProcessGuid":  "{AC6A4E42-168C-5CF5-0000-001083043A00}",
        "Company":  "Google Inc.",
        "IntegrityLevel":  "System",
        "EventId":  1,
        "FileVersion":  "1.3.31.5",
        "User":  "NT AUTHORITY\\SYSTEM",
        "RuleName":  null,
        "Product":  "Google Update",
        "LogonId":  "0x3e7",
        "ProcessId":  "2664",
        "LogonGuid":  "{AC6A4E42-0410-5CF4-0000-0020E7030000}",
        "TerminalSessionId":  "0",
        "ParentProcessGuid":  "{AC6A4E42-0410-5CF4-0000-001002910000}",
        "ParentProcessId":  "572",
        "ParentImage":  "C:\\Windows\\System32\\services.exe"
    },
    {
        "ParentCommandLine":  "C:\\WINDOWS\\system32\\svchost.exe -k netsvcs -p",
        "Description":  "Windows Problem Reporting",
        "CommandLine":  "C:\\WINDOWS\\system32\\wermgr.exe -upload",
        "CurrentDirectory":  "C:\\WINDOWS\\system32\\",
        "Hashes":  "SHA1=1ED4AE92D235497F62610078D51105C4634AFADE,MD5=FF214585BF10206E21EA8EBA202FACFD,SHA256=C48C430EB07ACC2FF8BDDD6057F5C9F72C2E83F67478F1E4A1792AF866711538,IMPHASH=978FE06ED1813DC665ECDD672FEFCA83",
        "Image":  "C:\\Windows\\System32\\wermgr.exe",
        "UtcTime":  "2019-06-03 12:50:31.016",
        "ProcessGuid":  "{AC6A4E42-1797-5CF5-0000-00106C473A00}",
        "Company":  "Microsoft Corporation",
        "IntegrityLevel":  "System",
        "EventId":  1,
        "FileVersion":  "10.0.17134.1 (WinBuild.160101.0800)",
        "User":  "NT AUTHORITY\\SYSTEM",
        "RuleName":  null,
        "Product":  "Microsoft? Windows? Operating System",
        "LogonId":  "0x3e7",
        "ProcessId":  "3404",
        "LogonGuid":  "{AC6A4E42-0410-5CF4-0000-0020E7030000}",
        "TerminalSessionId":  "0",
        "ParentProcessGuid":  "{AC6A4E42-0412-5CF4-0000-0010590A0100}",
        "ParentProcessId":  "988",
        "ParentImage":  "C:\\Windows\\System32\\svchost.exe"
    },
    {
        "ParentCommandLine":  "\"C:\\Program Files (x86)\\Google\\Update\\GoogleUpdate.exe\" /c",
        "Description":  "Google Installer",
        "CommandLine":  "\"C:\\Program Files (x86)\\Google\\Update\\GoogleUpdate.exe\" /ua /installsource core",
        "CurrentDirectory":  "C:\\Program Files (x86)\\Google\\Update\\1.3.34.7\\",
        "Hashes":  "SHA1=618FCF728B67FE5C89C9502BBCBC02D6B4551DB3,MD5=A8FD9222E4D72596BB37DA8BE95C0BA4,SHA256=52FC3AA9F704300041E486E57FE863218E4CDF4C8EEE05CA6B99A296EFEE5737,IMPHASH=7DF1816239C5BC855600D41210406C5B",
        "Image":  "C:\\Program Files (x86)\\Google\\Update\\GoogleUpdate.exe",
        "UtcTime":  "2019-06-03 12:57:09.053",
        "ProcessGuid":  "{AC6A4E42-1925-5CF5-0000-001088EC3A00}",
        "Company":  "Google Inc.",
        "IntegrityLevel":  "System",
        "EventId":  1,
        "FileVersion":  "1.3.31.5",
        "User":  "NT AUTHORITY\\SYSTEM",
        "RuleName":  null,
        "Product":  "Google Update",
        "LogonId":  "0x3e7",
        "ProcessId":  "248",
        "LogonGuid":  "{AC6A4E42-0410-5CF4-0000-0020E7030000}",
        "TerminalSessionId":  "0",
        "ParentProcessGuid":  "{AC6A4E42-0419-5CF4-0000-001028E10200}",
        "ParentProcessId":  "3196",
        "ParentImage":  "C:\\Program Files (x86)\\Google\\Update\\GoogleUpdate.exe"
    },
    {
        "ParentCommandLine":  "C:\\WINDOWS\\system32\\services.exe",
        "Description":  "Google Installer",
        "CommandLine":  "\"C:\\Program Files (x86)\\Google\\Update\\GoogleUpdate.exe\" /svc",
        "CurrentDirectory":  "C:\\WINDOWS\\system32\\",
        "Hashes":  "SHA1=618FCF728B67FE5C89C9502BBCBC02D6B4551DB3,MD5=A8FD9222E4D72596BB37DA8BE95C0BA4,SHA256=52FC3AA9F704300041E486E57FE863218E4CDF4C8EEE05CA6B99A296EFEE5737,IMPHASH=7DF1816239C5BC855600D41210406C5B",
        "Image":  "C:\\Program Files (x86)\\Google\\Update\\GoogleUpdate.exe",
        "UtcTime":  "2019-06-03 12:57:28.260",
        "ProcessGuid":  "{AC6A4E42-1938-5CF5-0000-0010C2F63A00}",
        "Company":  "Google Inc.",
        "IntegrityLevel":  "System",
        "EventId":  1,
        "FileVersion":  "1.3.31.5",
        "User":  "NT AUTHORITY\\SYSTEM",
        "RuleName":  null,
        "Product":  "Google Update",
        "LogonId":  "0x3e7",
        "ProcessId":  "692",
        "LogonGuid":  "{AC6A4E42-0410-5CF4-0000-0020E7030000}",
        "TerminalSessionId":  "0",
        "ParentProcessGuid":  "{AC6A4E42-0410-5CF4-0000-001002910000}",
        "ParentProcessId":  "572",
        "ParentImage":  "C:\\Windows\\System32\\services.exe"
    },
    {
        "ParentCommandLine":  "C:\\WINDOWS\\system32\\svchost.exe -k netsvcs -p",
        "Description":  "Microsoft Feeds Synchronization",
        "CommandLine":  "C:\\Windows\\system32\\msfeedssync.exe sync",
        "CurrentDirectory":  "C:\\WINDOWS\\system32\\",
        "Hashes":  "SHA1=036CAB158CD45F9155DAF85B8D847BF5B13099A2,MD5=CDC89D5CEA5B1CEB0A8F34D030CCB7D1,SHA256=2DE228CAD2E542B2AF2554D61FAB5463ECBBA3FF8349BA88C3E48637ED8086E9,IMPHASH=E22B4193AC1639CCDCA0DCF2C8C3F735",
        "Image":  "C:\\Windows\\System32\\msfeedssync.exe",
        "UtcTime":  "2019-06-03 13:00:52.016",
        "ProcessGuid":  "{AC6A4E42-1A04-5CF5-0000-00100F2D3B00}",
        "Company":  "Microsoft Corporation",
        "IntegrityLevel":  "Medium",
        "EventId":  1,
        "FileVersion":  "11.00.17134.1 (WinBuild.160101.0800)",
        "User":  "SEC504STUDENT\\Sec504",
        "RuleName":  null,
        "Product":  "Internet Explorer",
        "LogonId":  "0x2c0d8",
        "ProcessId":  "5164",
        "LogonGuid":  "{AC6A4E42-0419-5CF4-0000-0020D8C00200}",
        "TerminalSessionId":  "1",
        "ParentProcessGuid":  "{AC6A4E42-0412-5CF4-0000-0010590A0100}",
        "ParentProcessId":  "988",
        "ParentImage":  "C:\\Windows\\System32\\svchost.exe"
    },
    {
        "ParentCommandLine":  "C:\\WINDOWS\\system32\\services.exe",
        "Description":  "Host Process for Windows Services",
        "CommandLine":  "C:\\WINDOWS\\System32\\svchost.exe -k wsappx -p",
        "CurrentDirectory":  "C:\\WINDOWS\\system32\\",
        "Hashes":  "SHA1=660B76B6FB802417D513ADC967C5CAF77FC2BAC6,MD5=32569E403279B3FD2EDB7EBD036273FA,SHA256=C9A28DC8004C3E043CBF8E3A194FDA2B756CE90740DF2175488337281B485F69,IMPHASH=3A8297483C1777054C7BAFEA5E6A8853",
        "Image":  "C:\\Windows\\System32\\svchost.exe",
        "UtcTime":  "2019-06-03 13:00:54.093",
        "ProcessGuid":  "{AC6A4E42-1A06-5CF5-0000-00100C373B00}",
        "Company":  "Microsoft Corporation",
        "IntegrityLevel":  "System",
        "EventId":  1,
        "FileVersion":  "10.0.17134.1 (WinBuild.160101.0800)",
        "User":  "NT AUTHORITY\\SYSTEM",
        "RuleName":  null,
        "Product":  "Microsoft? Windows? Operating System",
        "LogonId":  "0x3e7",
        "ProcessId":  "196",
        "LogonGuid":  "{AC6A4E42-0410-5CF4-0000-0020E7030000}",
        "TerminalSessionId":  "0",
        "ParentProcessGuid":  "{AC6A4E42-0410-5CF4-0000-001002910000}",
        "ParentProcessId":  "572",
        "ParentImage":  "C:\\Windows\\System32\\services.exe"
    },
    {
        "ParentCommandLine":  "C:\\WINDOWS\\system32\\svchost.exe -k netsvcs -p",
        "Description":  "Google Installer",
        "CommandLine":  "\"C:\\Program Files (x86)\\Google\\Update\\GoogleUpdate.exe\" /ua /installsource scheduler",
        "CurrentDirectory":  "C:\\WINDOWS\\system32\\",
        "Hashes":  "SHA1=618FCF728B67FE5C89C9502BBCBC02D6B4551DB3,MD5=A8FD9222E4D72596BB37DA8BE95C0BA4,SHA256=52FC3AA9F704300041E486E57FE863218E4CDF4C8EEE05CA6B99A296EFEE5737,IMPHASH=7DF1816239C5BC855600D41210406C5B",
        "Image":  "C:\\Program Files (x86)\\Google\\Update\\GoogleUpdate.exe",
        "UtcTime":  "2019-06-03 13:08:25.516",
        "ProcessGuid":  "{AC6A4E42-1BC9-5CF5-0000-0010EBC93B00}",
        "Company":  "Google Inc.",
        "IntegrityLevel":  "System",
        "EventId":  1,
        "FileVersion":  "1.3.31.5",
        "User":  "NT AUTHORITY\\SYSTEM",
        "RuleName":  null,
        "Product":  "Google Update",
        "LogonId":  "0x3e7",
        "ProcessId":  "1764",
        "LogonGuid":  "{AC6A4E42-0410-5CF4-0000-0020E7030000}",
        "TerminalSessionId":  "0",
        "ParentProcessGuid":  "{AC6A4E42-0412-5CF4-0000-0010590A0100}",
        "ParentProcessId":  "988",
        "ParentImage":  "C:\\Windows\\System32\\svchost.exe"
    },
    {
        "ParentCommandLine":  "C:\\WINDOWS\\system32\\services.exe",
        "Description":  "Google Installer",
        "CommandLine":  "\"C:\\Program Files (x86)\\Google\\Update\\GoogleUpdate.exe\" /svc",
        "CurrentDirectory":  "C:\\WINDOWS\\system32\\",
        "Hashes":  "SHA1=618FCF728B67FE5C89C9502BBCBC02D6B4551DB3,MD5=A8FD9222E4D72596BB37DA8BE95C0BA4,SHA256=52FC3AA9F704300041E486E57FE863218E4CDF4C8EEE05CA6B99A296EFEE5737,IMPHASH=7DF1816239C5BC855600D41210406C5B",
        "Image":  "C:\\Program Files (x86)\\Google\\Update\\GoogleUpdate.exe",
        "UtcTime":  "2019-06-03 13:09:11.874",
        "ProcessGuid":  "{AC6A4E42-1BF7-5CF5-0000-00100A273C00}",
        "Company":  "Google Inc.",
        "IntegrityLevel":  "System",
        "EventId":  1,
        "FileVersion":  "1.3.31.5",
        "User":  "NT AUTHORITY\\SYSTEM",
        "RuleName":  null,
        "Product":  "Google Update",
        "LogonId":  "0x3e7",
        "ProcessId":  "1004",
        "LogonGuid":  "{AC6A4E42-0410-5CF4-0000-0020E7030000}",
        "TerminalSessionId":  "0",
        "ParentProcessGuid":  "{AC6A4E42-0410-5CF4-0000-001002910000}",
        "ParentProcessId":  "572",
        "ParentImage":  "C:\\Windows\\System32\\services.exe"
    },
    {
        "ParentCommandLine":  "C:\\WINDOWS\\system32\\svchost.exe -k DcomLaunch -p",
        "Description":  "Background Task Host",
        "CommandLine":  "\"C:\\WINDOWS\\system32\\backgroundTaskHost.exe\" -ServerName:App.AppXemn3t55segp7q92mwd35v2a5rk5mvwyz.mca",
        "CurrentDirectory":  "C:\\Program Files\\WindowsApps\\Microsoft.OneConnect_5.1902.361.0_x64__8wekyb3d8bbwe\\",
        "Hashes":  "SHA1=EA114FDE884B16817A7D348660EA6FA1C217D315,MD5=B7FC4A29431D4F795BBAB1FB182B759A,SHA256=48B9EB1E31B0C2418742CE07675D58C974DD9F03007988C90C1E38F217F5C65B,IMPHASH=D2ACF1CBC4A6DB14A34C687B9362D66B",
        "Image":  "C:\\Windows\\System32\\backgroundTaskHost.exe",
        "UtcTime":  "2019-06-03 13:09:47.881",
        "ProcessGuid":  "{AC6A4E42-1C1B-5CF5-0000-0010F8453C00}",
        "Company":  "Microsoft Corporation",
        "IntegrityLevel":  "AppContainer",
        "EventId":  1,
        "FileVersion":  "10.0.17134.1 (WinBuild.160101.0800)",
        "User":  "SEC504STUDENT\\Sec504",
        "RuleName":  null,
        "Product":  "Microsoft? Windows? Operating System",
        "LogonId":  "0x2c0d8",
        "ProcessId":  "3216",
        "LogonGuid":  "{AC6A4E42-0419-5CF4-0000-0020D8C00200}",
        "TerminalSessionId":  "1",
        "ParentProcessGuid":  "{AC6A4E42-0411-5CF4-0000-00108EA50000}",
        "ParentProcessId":  "716",
        "ParentImage":  "C:\\Windows\\System32\\svchost.exe"
    },
    {
        "ParentCommandLine":  "C:\\WINDOWS\\system32\\services.exe",
        "Description":  "Host Process for Windows Services",
        "CommandLine":  "C:\\WINDOWS\\System32\\svchost.exe -k wsappx -p",
        "CurrentDirectory":  "C:\\WINDOWS\\system32\\",
        "Hashes":  "SHA1=660B76B6FB802417D513ADC967C5CAF77FC2BAC6,MD5=32569E403279B3FD2EDB7EBD036273FA,SHA256=C9A28DC8004C3E043CBF8E3A194FDA2B756CE90740DF2175488337281B485F69,IMPHASH=3A8297483C1777054C7BAFEA5E6A8853",
        "Image":  "C:\\Windows\\System32\\svchost.exe",
        "UtcTime":  "2019-06-03 13:09:47.922",
        "ProcessGuid":  "{AC6A4E42-1C1B-5CF5-0000-00106D483C00}",
        "Company":  "Microsoft Corporation",
        "IntegrityLevel":  "System",
        "EventId":  1,
        "FileVersion":  "10.0.17134.1 (WinBuild.160101.0800)",
        "User":  "NT AUTHORITY\\SYSTEM",
        "RuleName":  null,
        "Product":  "Microsoft? Windows? Operating System",
        "LogonId":  "0x3e7",
        "ProcessId":  "2632",
        "LogonGuid":  "{AC6A4E42-0410-5CF4-0000-0020E7030000}",
        "TerminalSessionId":  "0",
        "ParentProcessGuid":  "{AC6A4E42-0410-5CF4-0000-001002910000}",
        "ParentProcessId":  "572",
        "ParentImage":  "C:\\Windows\\System32\\services.exe"
    },
    {
        "ParentCommandLine":  "C:\\WINDOWS\\system32\\svchost.exe -k DcomLaunch -p",
        "Description":  "Runtime Broker",
        "CommandLine":  "C:\\Windows\\System32\\RuntimeBroker.exe -Embedding",
        "CurrentDirectory":  "C:\\WINDOWS\\system32\\",
        "Hashes":  "SHA1=12124C44EC062C96EFF72E4F87C5E6782E73ADCC,MD5=C7E36B4A5D9E6AC600DD7A0E0D52DAC5,SHA256=5C5AC5C17B10C47EFFEFF95687B6298773F74DCDB5BFA01CA185311343FDADCC,IMPHASH=7CB280A8578C9296B3E29AD28A96EF15",
        "Image":  "C:\\Windows\\System32\\RuntimeBroker.exe",
        "UtcTime":  "2019-06-03 13:09:48.497",
        "ProcessGuid":  "{AC6A4E42-1C1C-5CF5-0000-0010C6583C00}",
        "Company":  "Microsoft Corporation",
        "IntegrityLevel":  "Medium",
        "EventId":  1,
        "FileVersion":  "10.0.17134.1 (WinBuild.160101.0800)",
        "User":  "SEC504STUDENT\\Sec504",
        "RuleName":  null,
        "Product":  "Microsoft? Windows? Operating System",
        "LogonId":  "0x2c0d8",
        "ProcessId":  "5604",
        "LogonGuid":  "{AC6A4E42-0419-5CF4-0000-0020D8C00200}",
        "TerminalSessionId":  "1",
        "ParentProcessGuid":  "{AC6A4E42-0411-5CF4-0000-00108EA50000}",
        "ParentProcessId":  "716",
        "ParentImage":  "C:\\Windows\\System32\\svchost.exe"
    },
    {
        "ParentCommandLine":  "C:\\WINDOWS\\system32\\svchost.exe -k netsvcs -p",
        "Description":  "Windows Problem Reporting",
        "CommandLine":  "C:\\WINDOWS\\system32\\wermgr.exe -upload",
        "CurrentDirectory":  "C:\\WINDOWS\\system32\\",
        "Hashes":  "SHA1=1ED4AE92D235497F62610078D51105C4634AFADE,MD5=FF214585BF10206E21EA8EBA202FACFD,SHA256=C48C430EB07ACC2FF8BDDD6057F5C9F72C2E83F67478F1E4A1792AF866711538,IMPHASH=978FE06ED1813DC665ECDD672FEFCA83",
        "Image":  "C:\\Windows\\System32\\wermgr.exe",
        "UtcTime":  "2019-06-03 13:11:57.015",
        "ProcessGuid":  "{AC6A4E42-1C9D-5CF5-0000-0010D7913C00}",
        "Company":  "Microsoft Corporation",
        "IntegrityLevel":  "System",
        "EventId":  1,
        "FileVersion":  "10.0.17134.1 (WinBuild.160101.0800)",
        "User":  "NT AUTHORITY\\SYSTEM",
        "RuleName":  null,
        "Product":  "Microsoft? Windows? Operating System",
        "LogonId":  "0x3e7",
        "ProcessId":  "5636",
        "LogonGuid":  "{AC6A4E42-0410-5CF4-0000-0020E7030000}",
        "TerminalSessionId":  "0",
        "ParentProcessGuid":  "{AC6A4E42-0412-5CF4-0000-0010590A0100}",
        "ParentProcessId":  "988",
        "ParentImage":  "C:\\Windows\\System32\\svchost.exe"
    },
    {
        "ParentCommandLine":  "C:\\WINDOWS\\system32\\svchost.exe -k netsvcs -p",
        "Description":  "Microsoft Feeds Synchronization",
        "CommandLine":  "C:\\Windows\\system32\\msfeedssync.exe sync",
        "CurrentDirectory":  "C:\\WINDOWS\\system32\\",
        "Hashes":  "SHA1=036CAB158CD45F9155DAF85B8D847BF5B13099A2,MD5=CDC89D5CEA5B1CEB0A8F34D030CCB7D1,SHA256=2DE228CAD2E542B2AF2554D61FAB5463ECBBA3FF8349BA88C3E48637ED8086E9,IMPHASH=E22B4193AC1639CCDCA0DCF2C8C3F735",
        "Image":  "C:\\Windows\\System32\\msfeedssync.exe",
        "UtcTime":  "2019-06-03 13:16:13.014",
        "ProcessGuid":  "{AC6A4E42-1D9D-5CF5-0000-0010F5763D00}",
        "Company":  "Microsoft Corporation",
        "IntegrityLevel":  "Medium",
        "EventId":  1,
        "FileVersion":  "11.00.17134.1 (WinBuild.160101.0800)",
        "User":  "SEC504STUDENT\\Sec504",
        "RuleName":  null,
        "Product":  "Internet Explorer",
        "LogonId":  "0x2c0d8",
        "ProcessId":  "2656",
        "LogonGuid":  "{AC6A4E42-0419-5CF4-0000-0020D8C00200}",
        "TerminalSessionId":  "1",
        "ParentProcessGuid":  "{AC6A4E42-0412-5CF4-0000-0010590A0100}",
        "ParentProcessId":  "988",
        "ParentImage":  "C:\\Windows\\System32\\svchost.exe"
    },
    {
        "ParentCommandLine":  "C:\\WINDOWS\\system32\\svchost.exe -k DcomLaunch -p",
        "Description":  "Background Task Host",
        "CommandLine":  "\"C:\\WINDOWS\\system32\\backgroundTaskHost.exe\" -ServerName:App.AppXemn3t55segp7q92mwd35v2a5rk5mvwyz.mca",
        "CurrentDirectory":  "C:\\Program Files\\WindowsApps\\Microsoft.OneConnect_5.1902.361.0_x64__8wekyb3d8bbwe\\",
        "Hashes":  "SHA1=EA114FDE884B16817A7D348660EA6FA1C217D315,MD5=B7FC4A29431D4F795BBAB1FB182B759A,SHA256=48B9EB1E31B0C2418742CE07675D58C974DD9F03007988C90C1E38F217F5C65B,IMPHASH=D2ACF1CBC4A6DB14A34C687B9362D66B",
        "Image":  "C:\\Windows\\System32\\backgroundTaskHost.exe",
        "UtcTime":  "2019-06-03 13:19:26.302",
        "ProcessGuid":  "{AC6A4E42-1E5E-5CF5-0000-0010AAB23D00}",
        "Company":  "Microsoft Corporation",
        "IntegrityLevel":  "AppContainer",
        "EventId":  1,
        "FileVersion":  "10.0.17134.1 (WinBuild.160101.0800)",
        "User":  "SEC504STUDENT\\Sec504",
        "RuleName":  null,
        "Product":  "Microsoft? Windows? Operating System",
        "LogonId":  "0x2c0d8",
        "ProcessId":  "584",
        "LogonGuid":  "{AC6A4E42-0419-5CF4-0000-0020D8C00200}",
        "TerminalSessionId":  "1",
        "ParentProcessGuid":  "{AC6A4E42-0411-5CF4-0000-00108EA50000}",
        "ParentProcessId":  "716",
        "ParentImage":  "C:\\Windows\\System32\\svchost.exe"
    },
    {
        "ParentCommandLine":  "C:\\WINDOWS\\system32\\svchost.exe -k DcomLaunch -p",
        "Description":  "Runtime Broker",
        "CommandLine":  "C:\\Windows\\System32\\RuntimeBroker.exe -Embedding",
        "CurrentDirectory":  "C:\\WINDOWS\\system32\\",
        "Hashes":  "SHA1=12124C44EC062C96EFF72E4F87C5E6782E73ADCC,MD5=C7E36B4A5D9E6AC600DD7A0E0D52DAC5,SHA256=5C5AC5C17B10C47EFFEFF95687B6298773F74DCDB5BFA01CA185311343FDADCC,IMPHASH=7CB280A8578C9296B3E29AD28A96EF15",
        "Image":  "C:\\Windows\\System32\\RuntimeBroker.exe",
        "UtcTime":  "2019-06-03 13:19:26.409",
        "ProcessGuid":  "{AC6A4E42-1E5E-5CF5-0000-001057BC3D00}",
        "Company":  "Microsoft Corporation",
        "IntegrityLevel":  "Medium",
        "EventId":  1,
        "FileVersion":  "10.0.17134.1 (WinBuild.160101.0800)",
        "User":  "SEC504STUDENT\\Sec504",
        "RuleName":  null,
        "Product":  "Microsoft? Windows? Operating System",
        "LogonId":  "0x2c0d8",
        "ProcessId":  "4704",
        "LogonGuid":  "{AC6A4E42-0419-5CF4-0000-0020D8C00200}",
        "TerminalSessionId":  "1",
        "ParentProcessGuid":  "{AC6A4E42-0411-5CF4-0000-00108EA50000}",
        "ParentProcessId":  "716",
        "ParentImage":  "C:\\Windows\\System32\\svchost.exe"
    },
    {
        "ParentCommandLine":  "C:\\WINDOWS\\system32\\svchost.exe -k netsvcs -p",
        "Description":  "Windows Problem Reporting",
        "CommandLine":  "C:\\WINDOWS\\system32\\wermgr.exe -upload",
        "CurrentDirectory":  "C:\\WINDOWS\\system32\\",
        "Hashes":  "SHA1=1ED4AE92D235497F62610078D51105C4634AFADE,MD5=FF214585BF10206E21EA8EBA202FACFD,SHA256=C48C430EB07ACC2FF8BDDD6057F5C9F72C2E83F67478F1E4A1792AF866711538,IMPHASH=978FE06ED1813DC665ECDD672FEFCA83",
        "Image":  "C:\\Windows\\System32\\wermgr.exe",
        "UtcTime":  "2019-06-03 13:21:49.014",
        "ProcessGuid":  "{AC6A4E42-1EED-5CF5-0000-0010091E3E00}",
        "Company":  "Microsoft Corporation",
        "IntegrityLevel":  "System",
        "EventId":  1,
        "FileVersion":  "10.0.17134.1 (WinBuild.160101.0800)",
        "User":  "NT AUTHORITY\\SYSTEM",
        "RuleName":  null,
        "Product":  "Microsoft? Windows? Operating System",
        "LogonId":  "0x3e7",
        "ProcessId":  "2844",
        "LogonGuid":  "{AC6A4E42-0410-5CF4-0000-0020E7030000}",
        "TerminalSessionId":  "0",
        "ParentProcessGuid":  "{AC6A4E42-0412-5CF4-0000-0010590A0100}",
        "ParentProcessId":  "988",
        "ParentImage":  "C:\\Windows\\System32\\svchost.exe"
    },
    {
        "ParentCommandLine":  "C:\\WINDOWS\\system32\\svchost.exe -k netsvcs -p",
        "Description":  "Google Installer",
        "CommandLine":  "\"C:\\Program Files (x86)\\Google\\Update\\GoogleUpdate.exe\" /ua /installsource scheduler",
        "CurrentDirectory":  "C:\\WINDOWS\\system32\\",
        "Hashes":  "SHA1=618FCF728B67FE5C89C9502BBCBC02D6B4551DB3,MD5=A8FD9222E4D72596BB37DA8BE95C0BA4,SHA256=52FC3AA9F704300041E486E57FE863218E4CDF4C8EEE05CA6B99A296EFEE5737,IMPHASH=7DF1816239C5BC855600D41210406C5B",
        "Image":  "C:\\Program Files (x86)\\Google\\Update\\GoogleUpdate.exe",
        "UtcTime":  "2019-06-03 13:23:59.625",
        "ProcessGuid":  "{AC6A4E42-1F6F-5CF5-0000-001065913E00}",
        "Company":  "Google Inc.",
        "IntegrityLevel":  "System",
        "EventId":  1,
        "FileVersion":  "1.3.31.5",
        "User":  "NT AUTHORITY\\SYSTEM",
        "RuleName":  null,
        "Product":  "Google Update",
        "LogonId":  "0x3e7",
        "ProcessId":  "2256",
        "LogonGuid":  "{AC6A4E42-0410-5CF4-0000-0020E7030000}",
        "TerminalSessionId":  "0",
        "ParentProcessGuid":  "{AC6A4E42-0412-5CF4-0000-0010590A0100}",
        "ParentProcessId":  "988",
        "ParentImage":  "C:\\Windows\\System32\\svchost.exe"
    },
    {
        "ParentCommandLine":  "C:\\WINDOWS\\system32\\services.exe",
        "Description":  "Google Installer",
        "CommandLine":  "\"C:\\Program Files (x86)\\Google\\Update\\GoogleUpdate.exe\" /svc",
        "CurrentDirectory":  "C:\\WINDOWS\\system32\\",
        "Hashes":  "SHA1=618FCF728B67FE5C89C9502BBCBC02D6B4551DB3,MD5=A8FD9222E4D72596BB37DA8BE95C0BA4,SHA256=52FC3AA9F704300041E486E57FE863218E4CDF4C8EEE05CA6B99A296EFEE5737,IMPHASH=7DF1816239C5BC855600D41210406C5B",
        "Image":  "C:\\Program Files (x86)\\Google\\Update\\GoogleUpdate.exe",
        "UtcTime":  "2019-06-03 13:24:26.354",
        "ProcessGuid":  "{AC6A4E42-1F8A-5CF5-0000-001085C63E00}",
        "Company":  "Google Inc.",
        "IntegrityLevel":  "System",
        "EventId":  1,
        "FileVersion":  "1.3.31.5",
        "User":  "NT AUTHORITY\\SYSTEM",
        "RuleName":  null,
        "Product":  "Google Update",
        "LogonId":  "0x3e7",
        "ProcessId":  "1620",
        "LogonGuid":  "{AC6A4E42-0410-5CF4-0000-0020E7030000}",
        "TerminalSessionId":  "0",
        "ParentProcessGuid":  "{AC6A4E42-0410-5CF4-0000-001002910000}",
        "ParentProcessId":  "572",
        "ParentImage":  "C:\\Windows\\System32\\services.exe"
    },
    {
        "ParentCommandLine":  "\"C:\\Program Files\\VMware\\VMware Tools\\vmtoolsd.exe\"",
        "Description":  "VMware Resolution Set",
        "CommandLine":  "\"C:\\Program Files\\VMware\\VMware Tools\\VMwareResolutionSet.exe\" 0 1 , 0 0 1080 716 0",
        "CurrentDirectory":  "C:\\WINDOWS\\system32\\",
        "Hashes":  "SHA1=0FEA2C032D94A5BBF360F1EF6ADEDC7703A4E5BA,MD5=5218993FA93D3A781B6B7A6AF0F801BF,SHA256=EF57FDE4F847C9B0BD8A8BAB35F3787C53190ED09076ACEAC39CEA898F6DC626,IMPHASH=16BACB87199A22758ABA8F2775A32F9D",
        "Image":  "C:\\Program Files\\VMware\\VMware Tools\\VMwareResolutionSet.exe",
        "UtcTime":  "2019-06-03 13:24:56.870",
        "ProcessGuid":  "{AC6A4E42-1FA8-5CF5-0000-0010A3DF3E00}",
        "Company":  "VMware, Inc.",
        "IntegrityLevel":  "System",
        "EventId":  1,
        "FileVersion":  "10.0.10.3275",
        "User":  "NT AUTHORITY\\SYSTEM",
        "RuleName":  null,
        "Product":  "VMware Tools",
        "LogonId":  "0x3e7",
        "ProcessId":  "248",
        "LogonGuid":  "{AC6A4E42-0410-5CF4-0000-0020E7030000}",
        "TerminalSessionId":  "1",
        "ParentProcessGuid":  "{AC6A4E42-0414-5CF4-0000-001021C20100}",
        "ParentProcessId":  "1260",
        "ParentImage":  "C:\\Program Files\\VMware\\VMware Tools\\vmtoolsd.exe"
    },
    {
        "ParentCommandLine":  "C:\\WINDOWS\\system32\\svchost.exe -k netsvcs -p",
        "Description":  "Host Process for Windows Tasks",
        "CommandLine":  "taskhostw.exe",
        "CurrentDirectory":  "C:\\WINDOWS\\system32\\",
        "Hashes":  "SHA1=2A594345FBCAAD453C72BD0937CBF67FB43A74DF,MD5=CE95E236FC9FE2D6F16C926C75B18BAF,SHA256=740122D338FFD2CBB0877F8AC17B28218EAD02F08A9B28D5266C94E33F938085,IMPHASH=3627BE269990D67CF76A03FA55EF9A08",
        "Image":  "C:\\Windows\\System32\\taskhostw.exe",
        "UtcTime":  "2019-06-03 13:24:59.052",
        "ProcessGuid":  "{AC6A4E42-1FAB-5CF5-0000-00100BFE3E00}",
        "Company":  "Microsoft Corporation",
        "IntegrityLevel":  "System",
        "EventId":  1,
        "FileVersion":  "10.0.17134.1 (WinBuild.160101.0800)",
        "User":  "NT AUTHORITY\\SYSTEM",
        "RuleName":  null,
        "Product":  "Microsoft? Windows? Operating System",
        "LogonId":  "0x3e7",
        "ProcessId":  "1104",
        "LogonGuid":  "{AC6A4E42-0410-5CF4-0000-0020E7030000}",
        "TerminalSessionId":  "0",
        "ParentProcessGuid":  "{AC6A4E42-0412-5CF4-0000-0010590A0100}",
        "ParentProcessId":  "988",
        "ParentImage":  "C:\\Windows\\System32\\svchost.exe"
    },
    {
        "ParentCommandLine":  "C:\\WINDOWS\\system32\\svchost.exe -k DcomLaunch -p",
        "Description":  "COM Surrogate",
        "CommandLine":  "C:\\WINDOWS\\system32\\DllHost.exe /Processid:{AB8902B4-09CA-4BB6-B78D-A8F59079A8D5}",
        "CurrentDirectory":  "C:\\WINDOWS\\system32\\",
        "Hashes":  "SHA1=257815EF5AC9E0408D327C5D1627D4C3795FF341,MD5=2528137C6745C4EADD87817A1909677E,SHA256=204FD3DA29E9197A7E82AB628E017A74082934E87092AFE18D253446608E0971,IMPHASH=68E651F131674892AE7E46556EB24726",
        "Image":  "C:\\Windows\\System32\\dllhost.exe",
        "UtcTime":  "2019-06-03 13:25:03.513",
        "ProcessGuid":  "{AC6A4E42-1FAF-5CF5-0000-0010411D3F00}",
        "Company":  "Microsoft Corporation",
        "IntegrityLevel":  "Medium",
        "EventId":  1,
        "FileVersion":  "10.0.17134.1 (WinBuild.160101.0800)",
        "User":  "SEC504STUDENT\\Sec504",
        "RuleName":  null,
        "Product":  "Microsoft? Windows? Operating System",
        "LogonId":  "0x2c0d8",
        "ProcessId":  "3844",
        "LogonGuid":  "{AC6A4E42-0419-5CF4-0000-0020D8C00200}",
        "TerminalSessionId":  "1",
        "ParentProcessGuid":  "{AC6A4E42-0411-5CF4-0000-00108EA50000}",
        "ParentProcessId":  "716",
        "ParentImage":  "C:\\Windows\\System32\\svchost.exe"
    },
    {
        "ParentCommandLine":  "C:\\WINDOWS\\system32\\svchost.exe -k DcomLaunch -p",
        "Description":  "COM Surrogate",
        "CommandLine":  "C:\\WINDOWS\\system32\\DllHost.exe /Processid:{133EAC4F-5891-4D04-BADA-D84870380A80}",
        "CurrentDirectory":  "C:\\WINDOWS\\system32\\",
        "Hashes":  "SHA1=257815EF5AC9E0408D327C5D1627D4C3795FF341,MD5=2528137C6745C4EADD87817A1909677E,SHA256=204FD3DA29E9197A7E82AB628E017A74082934E87092AFE18D253446608E0971,IMPHASH=68E651F131674892AE7E46556EB24726",
        "Image":  "C:\\Windows\\System32\\dllhost.exe",
        "UtcTime":  "2019-06-03 13:25:09.490",
        "ProcessGuid":  "{AC6A4E42-1FB5-5CF5-0000-001074323F00}",
        "Company":  "Microsoft Corporation",
        "IntegrityLevel":  "System",
        "EventId":  1,
        "FileVersion":  "10.0.17134.1 (WinBuild.160101.0800)",
        "User":  "NT AUTHORITY\\SYSTEM",
        "RuleName":  null,
        "Product":  "Microsoft? Windows? Operating System",
        "LogonId":  "0x3e7",
        "ProcessId":  "4060",
        "LogonGuid":  "{AC6A4E42-0410-5CF4-0000-0020E7030000}",
        "TerminalSessionId":  "0",
        "ParentProcessGuid":  "{AC6A4E42-0411-5CF4-0000-00108EA50000}",
        "ParentProcessId":  "716",
        "ParentImage":  "C:\\Windows\\System32\\svchost.exe"
    },
    {
        "ParentCommandLine":  "C:\\WINDOWS\\system32\\services.exe",
        "Description":  "Host Process for Windows Services",
        "CommandLine":  "C:\\WINDOWS\\System32\\svchost.exe -k wsappx -p",
        "CurrentDirectory":  "C:\\WINDOWS\\system32\\",
        "Hashes":  "SHA1=660B76B6FB802417D513ADC967C5CAF77FC2BAC6,MD5=32569E403279B3FD2EDB7EBD036273FA,SHA256=C9A28DC8004C3E043CBF8E3A194FDA2B756CE90740DF2175488337281B485F69,IMPHASH=3A8297483C1777054C7BAFEA5E6A8853",
        "Image":  "C:\\Windows\\System32\\svchost.exe",
        "UtcTime":  "2019-06-03 13:30:54.735",
        "ProcessGuid":  "{AC6A4E42-210E-5CF5-0000-001039743F00}",
        "Company":  "Microsoft Corporation",
        "IntegrityLevel":  "System",
        "EventId":  1,
        "FileVersion":  "10.0.17134.1 (WinBuild.160101.0800)",
        "User":  "NT AUTHORITY\\SYSTEM",
        "RuleName":  null,
        "Product":  "Microsoft? Windows? Operating System",
        "LogonId":  "0x3e7",
        "ProcessId":  "4308",
        "LogonGuid":  "{AC6A4E42-0410-5CF4-0000-0020E7030000}",
        "TerminalSessionId":  "0",
        "ParentProcessGuid":  "{AC6A4E42-0410-5CF4-0000-001002910000}",
        "ParentProcessId":  "572",
        "ParentImage":  "C:\\Windows\\System32\\services.exe"
    },
    {
        "ParentCommandLine":  "C:\\WINDOWS\\system32\\svchost.exe -k netsvcs -p",
        "Description":  "Microsoft Feeds Synchronization",
        "CommandLine":  "C:\\Windows\\system32\\msfeedssync.exe sync",
        "CurrentDirectory":  "C:\\WINDOWS\\system32\\",
        "Hashes":  "SHA1=036CAB158CD45F9155DAF85B8D847BF5B13099A2,MD5=CDC89D5CEA5B1CEB0A8F34D030CCB7D1,SHA256=2DE228CAD2E542B2AF2554D61FAB5463ECBBA3FF8349BA88C3E48637ED8086E9,IMPHASH=E22B4193AC1639CCDCA0DCF2C8C3F735",
        "Image":  "C:\\Windows\\System32\\msfeedssync.exe",
        "UtcTime":  "2019-06-03 13:31:37.018",
        "ProcessGuid":  "{AC6A4E42-2139-5CF5-0000-00105B9D3F00}",
        "Company":  "Microsoft Corporation",
        "IntegrityLevel":  "Medium",
        "EventId":  1,
        "FileVersion":  "11.00.17134.1 (WinBuild.160101.0800)",
        "User":  "SEC504STUDENT\\Sec504",
        "RuleName":  null,
        "Product":  "Internet Explorer",
        "LogonId":  "0x2c0d8",
        "ProcessId":  "2440",
        "LogonGuid":  "{AC6A4E42-0419-5CF4-0000-0020D8C00200}",
        "TerminalSessionId":  "1",
        "ParentProcessGuid":  "{AC6A4E42-0412-5CF4-0000-0010590A0100}",
        "ParentProcessId":  "988",
        "ParentImage":  "C:\\Windows\\System32\\svchost.exe"
    },
    {
        "ParentCommandLine":  "C:\\WINDOWS\\system32\\svchost.exe -k netsvcs -p",
        "Description":  "Windows Problem Reporting",
        "CommandLine":  "C:\\WINDOWS\\system32\\wermgr.exe -upload",
        "CurrentDirectory":  "C:\\WINDOWS\\system32\\",
        "Hashes":  "SHA1=1ED4AE92D235497F62610078D51105C4634AFADE,MD5=FF214585BF10206E21EA8EBA202FACFD,SHA256=C48C430EB07ACC2FF8BDDD6057F5C9F72C2E83F67478F1E4A1792AF866711538,IMPHASH=978FE06ED1813DC665ECDD672FEFCA83",
        "Image":  "C:\\Windows\\System32\\wermgr.exe",
        "UtcTime":  "2019-06-03 13:44:47.012",
        "ProcessGuid":  "{AC6A4E42-244F-5CF5-0000-00100C314000}",
        "Company":  "Microsoft Corporation",
        "IntegrityLevel":  "System",
        "EventId":  1,
        "FileVersion":  "10.0.17134.1 (WinBuild.160101.0800)",
        "User":  "NT AUTHORITY\\SYSTEM",
        "RuleName":  null,
        "Product":  "Microsoft? Windows? Operating System",
        "LogonId":  "0x3e7",
        "ProcessId":  "3336",
        "LogonGuid":  "{AC6A4E42-0410-5CF4-0000-0020E7030000}",
        "TerminalSessionId":  "0",
        "ParentProcessGuid":  "{AC6A4E42-0412-5CF4-0000-0010590A0100}",
        "ParentProcessId":  "988",
        "ParentImage":  "C:\\Windows\\System32\\svchost.exe"
    },
    {
        "ParentCommandLine":  "C:\\WINDOWS\\system32\\services.exe",
        "Description":  "Host Process for Windows Services",
        "CommandLine":  "C:\\WINDOWS\\System32\\svchost.exe -k wsappx -p",
        "CurrentDirectory":  "C:\\WINDOWS\\system32\\",
        "Hashes":  "SHA1=660B76B6FB802417D513ADC967C5CAF77FC2BAC6,MD5=32569E403279B3FD2EDB7EBD036273FA,SHA256=C9A28DC8004C3E043CBF8E3A194FDA2B756CE90740DF2175488337281B485F69,IMPHASH=3A8297483C1777054C7BAFEA5E6A8853",
        "Image":  "C:\\Windows\\System32\\svchost.exe",
        "UtcTime":  "2019-06-03 13:44:47.154",
        "ProcessGuid":  "{AC6A4E42-244F-5CF5-0000-0010CD3A4000}",
        "Company":  "Microsoft Corporation",
        "IntegrityLevel":  "System",
        "EventId":  1,
        "FileVersion":  "10.0.17134.1 (WinBuild.160101.0800)",
        "User":  "NT AUTHORITY\\SYSTEM",
        "RuleName":  null,
        "Product":  "Microsoft? Windows? Operating System",
        "LogonId":  "0x3e7",
        "ProcessId":  "2052",
        "LogonGuid":  "{AC6A4E42-0410-5CF4-0000-0020E7030000}",
        "TerminalSessionId":  "0",
        "ParentProcessGuid":  "{AC6A4E42-0410-5CF4-0000-001002910000}",
        "ParentProcessId":  "572",
        "ParentImage":  "C:\\Windows\\System32\\services.exe"
    },
    {
        "ParentCommandLine":  "C:\\WINDOWS\\system32\\svchost.exe -k netsvcs -p",
        "Description":  "Google Installer",
        "CommandLine":  "\"C:\\Program Files (x86)\\Google\\Update\\GoogleUpdate.exe\" /ua /installsource scheduler",
        "CurrentDirectory":  "C:\\WINDOWS\\system32\\",
        "Hashes":  "SHA1=618FCF728B67FE5C89C9502BBCBC02D6B4551DB3,MD5=A8FD9222E4D72596BB37DA8BE95C0BA4,SHA256=52FC3AA9F704300041E486E57FE863218E4CDF4C8EEE05CA6B99A296EFEE5737,IMPHASH=7DF1816239C5BC855600D41210406C5B",
        "Image":  "C:\\Program Files (x86)\\Google\\Update\\GoogleUpdate.exe",
        "UtcTime":  "2019-06-03 18:10:18.529",
        "ProcessGuid":  "{AC6A4E42-628A-5CF5-0000-00109E984000}",
        "Company":  "Google Inc.",
        "IntegrityLevel":  "System",
        "EventId":  1,
        "FileVersion":  "1.3.31.5",
        "User":  "NT AUTHORITY\\SYSTEM",
        "RuleName":  null,
        "Product":  "Google Update",
        "LogonId":  "0x3e7",
        "ProcessId":  "2660",
        "LogonGuid":  "{AC6A4E42-0410-5CF4-0000-0020E7030000}",
        "TerminalSessionId":  "0",
        "ParentProcessGuid":  "{AC6A4E42-0412-5CF4-0000-0010590A0100}",
        "ParentProcessId":  "988",
        "ParentImage":  "C:\\Windows\\System32\\svchost.exe"
    },
    {
        "ParentCommandLine":  "C:\\WINDOWS\\system32\\svchost.exe -k netsvcs -p",
        "Description":  "Host Process for Windows Tasks",
        "CommandLine":  "taskhostw.exe USER",
        "CurrentDirectory":  "C:\\WINDOWS\\system32\\",
        "Hashes":  "SHA1=2A594345FBCAAD453C72BD0937CBF67FB43A74DF,MD5=CE95E236FC9FE2D6F16C926C75B18BAF,SHA256=740122D338FFD2CBB0877F8AC17B28218EAD02F08A9B28D5266C94E33F938085,IMPHASH=3627BE269990D67CF76A03FA55EF9A08",
        "Image":  "C:\\Windows\\System32\\taskhostw.exe",
        "UtcTime":  "2019-06-03 18:10:18.532",
        "ProcessGuid":  "{AC6A4E42-628A-5CF5-0000-0010EC984000}",
        "Company":  "Microsoft Corporation",
        "IntegrityLevel":  "Medium",
        "EventId":  1,
        "FileVersion":  "10.0.17134.1 (WinBuild.160101.0800)",
        "User":  "SEC504STUDENT\\Sec504",
        "RuleName":  null,
        "Product":  "Microsoft? Windows? Operating System",
        "LogonId":  "0x2c0d8",
        "ProcessId":  "6024",
        "LogonGuid":  "{AC6A4E42-0419-5CF4-0000-0020D8C00200}",
        "TerminalSessionId":  "1",
        "ParentProcessGuid":  "{AC6A4E42-0412-5CF4-0000-0010590A0100}",
        "ParentProcessId":  "988",
        "ParentImage":  "C:\\Windows\\System32\\svchost.exe"
    },
    {
        "ParentCommandLine":  "C:\\WINDOWS\\system32\\svchost.exe -k netsvcs -p",
        "Description":  "Windows Problem Reporting",
        "CommandLine":  "C:\\WINDOWS\\system32\\wermgr.exe -upload",
        "CurrentDirectory":  "C:\\WINDOWS\\system32\\",
        "Hashes":  "SHA1=1ED4AE92D235497F62610078D51105C4634AFADE,MD5=FF214585BF10206E21EA8EBA202FACFD,SHA256=C48C430EB07ACC2FF8BDDD6057F5C9F72C2E83F67478F1E4A1792AF866711538,IMPHASH=978FE06ED1813DC665ECDD672FEFCA83",
        "Image":  "C:\\Windows\\System32\\wermgr.exe",
        "UtcTime":  "2019-06-03 18:10:18.598",
        "ProcessGuid":  "{AC6A4E42-628A-5CF5-0000-0010A9A34000}",
        "Company":  "Microsoft Corporation",
        "IntegrityLevel":  "System",
        "EventId":  1,
        "FileVersion":  "10.0.17134.1 (WinBuild.160101.0800)",
        "User":  "NT AUTHORITY\\SYSTEM",
        "RuleName":  null,
        "Product":  "Microsoft? Windows? Operating System",
        "LogonId":  "0x3e7",
        "ProcessId":  "4080",
        "LogonGuid":  "{AC6A4E42-0410-5CF4-0000-0020E7030000}",
        "TerminalSessionId":  "0",
        "ParentProcessGuid":  "{AC6A4E42-0412-5CF4-0000-0010590A0100}",
        "ParentProcessId":  "988",
        "ParentImage":  "C:\\Windows\\System32\\svchost.exe"
    },
    {
        "ParentCommandLine":  "C:\\WINDOWS\\system32\\svchost.exe -k netsvcs -p",
        "Description":  "Service Control Manager Configuration Tool",
        "CommandLine":  "C:\\WINDOWS\\system32\\sc.exe start wuauserv",
        "CurrentDirectory":  "C:\\WINDOWS\\system32\\",
        "Hashes":  "SHA1=72785E3068AA52CA223DA466595D3863AB6507AB,MD5=D79784553A9410D15E04766AAAB77CD6,SHA256=AEB241959F4A7B7C29F45D27FD65C5326F9592D25BADD1A7659DE0DA351BF96E,IMPHASH=7D296975925315BE8D57D0C67B133359",
        "Image":  "C:\\Windows\\System32\\sc.exe",
        "UtcTime":  "2019-06-03 18:10:18.601",
        "ProcessGuid":  "{AC6A4E42-628A-5CF5-0000-001016A44000}",
        "Company":  "Microsoft Corporation",
        "IntegrityLevel":  "System",
        "EventId":  1,
        "FileVersion":  "10.0.17134.1 (WinBuild.160101.0800)",
        "User":  "NT AUTHORITY\\SYSTEM",
        "RuleName":  null,
        "Product":  "Microsoft? Windows? Operating System",
        "LogonId":  "0x3e7",
        "ProcessId":  "1316",
        "LogonGuid":  "{AC6A4E42-0410-5CF4-0000-0020E7030000}",
        "TerminalSessionId":  "0",
        "ParentProcessGuid":  "{AC6A4E42-0412-5CF4-0000-0010590A0100}",
        "ParentProcessId":  "988",
        "ParentImage":  "C:\\Windows\\System32\\svchost.exe"
    },
