    {
        "ParentCommandLine":  "\"C:\\Windows\\Microsoft.NET\\Framework\\v4.0.30319\\NGenTask.exe\" /RuntimeWide /StopEvent:1280",
        "Description":  "Microsoft Common Language Runtime native compiler",
        "CommandLine":  "\"C:\\Windows\\Microsoft.NET\\Framework\\v4.0.30319\\ngen.exe\" uninstall \"C:\\WINDOWS\\assembly\\NativeImages_v2.0.50727_32\\System.Configuration\\de460308a9099237864d2ec2328fc958\\System.Configuration.ni.dll\" /noroot /LegacyServiceBehavior",
        "CurrentDirectory":  "C:\\WINDOWS\\system32\\",
        "Hashes":  "SHA1=FFD7991F422F82331827FB3C244B4AA93C67F28F,MD5=F3BB8D838D986786B6E4D6934673DAF1,SHA256=5568EE9750FF50F79EB2C647AE6847E33CE8FDBCB43281766C162D06CD9940A2,IMPHASH=324D9AAE78DFEF9C5B1789F66416E2FB",
        "Image":  "C:\\Windows\\Microsoft.NET\\Framework\\v4.0.30319\\ngen.exe",
        "UtcTime":  "2019-06-03 10:34:18.526",
        "ProcessGuid":  "{AC6A4E42-F7AA-5CF4-0000-00100D063300}",
        "Company":  "Microsoft Corporation",
        "IntegrityLevel":  "System",
        "EventId":  1,
        "FileVersion":  "4.7.3056.0 built by: NET472REL1",
        "User":  "NT AUTHORITY\\SYSTEM",
        "RuleName":  null,
        "Product":  "Microsoft? .NET Framework",
        "LogonId":  "0x3e7",
        "ProcessId":  "5656",
        "LogonGuid":  "{AC6A4E42-0410-5CF4-0000-0020E7030000}",
        "TerminalSessionId":  "0",
        "ParentProcessGuid":  "{AC6A4E42-F79E-5CF4-0000-001096412E00}",
        "ParentProcessId":  "4784",
        "ParentImage":  "C:\\Windows\\Microsoft.NET\\Framework\\v4.0.30319\\ngentask.exe"
    },
    {
        "ParentCommandLine":  "\"C:\\Windows\\Microsoft.NET\\Framework\\v4.0.30319\\NGenTask.exe\" /RuntimeWide /StopEvent:1280",
        "Description":  "Microsoft Common Language Runtime native compiler",
        "CommandLine":  "\"C:\\Windows\\Microsoft.NET\\Framework\\v4.0.30319\\ngen.exe\" uninstall \"C:\\WINDOWS\\assembly\\NativeImages_v2.0.50727_32\\System.Core\\1dcb6d1a15814b6b26f32879e7ec1d98\\System.Core.ni.dll\" /noroot /LegacyServiceBehavior",
        "CurrentDirectory":  "C:\\WINDOWS\\system32\\",
        "Hashes":  "SHA1=FFD7991F422F82331827FB3C244B4AA93C67F28F,MD5=F3BB8D838D986786B6E4D6934673DAF1,SHA256=5568EE9750FF50F79EB2C647AE6847E33CE8FDBCB43281766C162D06CD9940A2,IMPHASH=324D9AAE78DFEF9C5B1789F66416E2FB",
        "Image":  "C:\\Windows\\Microsoft.NET\\Framework\\v4.0.30319\\ngen.exe",
        "UtcTime":  "2019-06-03 10:34:18.557",
        "ProcessGuid":  "{AC6A4E42-F7AA-5CF4-0000-00100E0B3300}",
        "Company":  "Microsoft Corporation",
        "IntegrityLevel":  "System",
        "EventId":  1,
        "FileVersion":  "4.7.3056.0 built by: NET472REL1",
        "User":  "NT AUTHORITY\\SYSTEM",
        "RuleName":  null,
        "Product":  "Microsoft? .NET Framework",
        "LogonId":  "0x3e7",
        "ProcessId":  "5952",
        "LogonGuid":  "{AC6A4E42-0410-5CF4-0000-0020E7030000}",
        "TerminalSessionId":  "0",
        "ParentProcessGuid":  "{AC6A4E42-F79E-5CF4-0000-001096412E00}",
        "ParentProcessId":  "4784",
        "ParentImage":  "C:\\Windows\\Microsoft.NET\\Framework\\v4.0.30319\\ngentask.exe"
    },
    {
        "ParentCommandLine":  "\"C:\\Windows\\Microsoft.NET\\Framework\\v4.0.30319\\NGenTask.exe\" /RuntimeWide /StopEvent:1280",
        "Description":  "Microsoft Common Language Runtime native compiler",
        "CommandLine":  "\"C:\\Windows\\Microsoft.NET\\Framework\\v4.0.30319\\ngen.exe\" uninstall \"C:\\WINDOWS\\assembly\\NativeImages_v2.0.50727_32\\System.Data\\27ab8d047396db374abb803b446b76f0\\System.Data.ni.dll\" /noroot /LegacyServiceBehavior",
        "CurrentDirectory":  "C:\\WINDOWS\\system32\\",
        "Hashes":  "SHA1=FFD7991F422F82331827FB3C244B4AA93C67F28F,MD5=F3BB8D838D986786B6E4D6934673DAF1,SHA256=5568EE9750FF50F79EB2C647AE6847E33CE8FDBCB43281766C162D06CD9940A2,IMPHASH=324D9AAE78DFEF9C5B1789F66416E2FB",
        "Image":  "C:\\Windows\\Microsoft.NET\\Framework\\v4.0.30319\\ngen.exe",
        "UtcTime":  "2019-06-03 10:34:18.593",
        "ProcessGuid":  "{AC6A4E42-F7AA-5CF4-0000-00100C103300}",
        "Company":  "Microsoft Corporation",
        "IntegrityLevel":  "System",
        "EventId":  1,
        "FileVersion":  "4.7.3056.0 built by: NET472REL1",
        "User":  "NT AUTHORITY\\SYSTEM",
        "RuleName":  null,
        "Product":  "Microsoft? .NET Framework",
        "LogonId":  "0x3e7",
        "ProcessId":  "1132",
        "LogonGuid":  "{AC6A4E42-0410-5CF4-0000-0020E7030000}",
        "TerminalSessionId":  "0",
        "ParentProcessGuid":  "{AC6A4E42-F79E-5CF4-0000-001096412E00}",
        "ParentProcessId":  "4784",
        "ParentImage":  "C:\\Windows\\Microsoft.NET\\Framework\\v4.0.30319\\ngentask.exe"
    },
    {
        "ParentCommandLine":  "\"C:\\Windows\\Microsoft.NET\\Framework\\v4.0.30319\\NGenTask.exe\" /RuntimeWide /StopEvent:1280",
        "Description":  "Microsoft Common Language Runtime native compiler",
        "CommandLine":  "\"C:\\Windows\\Microsoft.NET\\Framework\\v4.0.30319\\ngen.exe\" uninstall \"C:\\WINDOWS\\assembly\\NativeImages_v2.0.50727_32\\System.DirectorySer#\\ec97af4da869bf56e9dc343bba24999d\\System.DirectoryServices.ni.dll\" /noroot /LegacyServiceBehavior",
        "CurrentDirectory":  "C:\\WINDOWS\\system32\\",
        "Hashes":  "SHA1=FFD7991F422F82331827FB3C244B4AA93C67F28F,MD5=F3BB8D838D986786B6E4D6934673DAF1,SHA256=5568EE9750FF50F79EB2C647AE6847E33CE8FDBCB43281766C162D06CD9940A2,IMPHASH=324D9AAE78DFEF9C5B1789F66416E2FB",
        "Image":  "C:\\Windows\\Microsoft.NET\\Framework\\v4.0.30319\\ngen.exe",
        "UtcTime":  "2019-06-03 10:34:18.631",
        "ProcessGuid":  "{AC6A4E42-F7AA-5CF4-0000-001012153300}",
        "Company":  "Microsoft Corporation",
        "IntegrityLevel":  "System",
        "EventId":  1,
        "FileVersion":  "4.7.3056.0 built by: NET472REL1",
        "User":  "NT AUTHORITY\\SYSTEM",
        "RuleName":  null,
        "Product":  "Microsoft? .NET Framework",
        "LogonId":  "0x3e7",
        "ProcessId":  "1948",
        "LogonGuid":  "{AC6A4E42-0410-5CF4-0000-0020E7030000}",
        "TerminalSessionId":  "0",
        "ParentProcessGuid":  "{AC6A4E42-F79E-5CF4-0000-001096412E00}",
        "ParentProcessId":  "4784",
        "ParentImage":  "C:\\Windows\\Microsoft.NET\\Framework\\v4.0.30319\\ngentask.exe"
    },
    {
        "ParentCommandLine":  "\"C:\\Windows\\Microsoft.NET\\Framework\\v4.0.30319\\NGenTask.exe\" /RuntimeWide /StopEvent:1280",
        "Description":  "Microsoft Common Language Runtime native compiler",
        "CommandLine":  "\"C:\\Windows\\Microsoft.NET\\Framework\\v4.0.30319\\ngen.exe\" uninstall \"C:\\WINDOWS\\assembly\\NativeImages_v2.0.50727_32\\System.Drawing\\54d944b3ca0ea1188d700fbd8089726b\\System.Drawing.ni.dll\" /noroot /LegacyServiceBehavior",
        "CurrentDirectory":  "C:\\WINDOWS\\system32\\",
        "Hashes":  "SHA1=FFD7991F422F82331827FB3C244B4AA93C67F28F,MD5=F3BB8D838D986786B6E4D6934673DAF1,SHA256=5568EE9750FF50F79EB2C647AE6847E33CE8FDBCB43281766C162D06CD9940A2,IMPHASH=324D9AAE78DFEF9C5B1789F66416E2FB",
        "Image":  "C:\\Windows\\Microsoft.NET\\Framework\\v4.0.30319\\ngen.exe",
        "UtcTime":  "2019-06-03 10:34:18.667",
        "ProcessGuid":  "{AC6A4E42-F7AA-5CF4-0000-0010141A3300}",
        "Company":  "Microsoft Corporation",
        "IntegrityLevel":  "System",
        "EventId":  1,
        "FileVersion":  "4.7.3056.0 built by: NET472REL1",
        "User":  "NT AUTHORITY\\SYSTEM",
        "RuleName":  null,
        "Product":  "Microsoft? .NET Framework",
        "LogonId":  "0x3e7",
        "ProcessId":  "1408",
        "LogonGuid":  "{AC6A4E42-0410-5CF4-0000-0020E7030000}",
        "TerminalSessionId":  "0",
        "ParentProcessGuid":  "{AC6A4E42-F79E-5CF4-0000-001096412E00}",
        "ParentProcessId":  "4784",
        "ParentImage":  "C:\\Windows\\Microsoft.NET\\Framework\\v4.0.30319\\ngentask.exe"
    },
    {
        "ParentCommandLine":  "\"C:\\Windows\\Microsoft.NET\\Framework\\v4.0.30319\\NGenTask.exe\" /RuntimeWide /StopEvent:1280",
        "Description":  "Microsoft Common Language Runtime native compiler",
        "CommandLine":  "\"C:\\Windows\\Microsoft.NET\\Framework\\v4.0.30319\\ngen.exe\" uninstall \"C:\\WINDOWS\\assembly\\NativeImages_v2.0.50727_32\\System.Management\\4de99804c29261edb63c93616550f034\\System.Management.ni.dll\" /noroot /LegacyServiceBehavior",
        "CurrentDirectory":  "C:\\WINDOWS\\system32\\",
        "Hashes":  "SHA1=FFD7991F422F82331827FB3C244B4AA93C67F28F,MD5=F3BB8D838D986786B6E4D6934673DAF1,SHA256=5568EE9750FF50F79EB2C647AE6847E33CE8FDBCB43281766C162D06CD9940A2,IMPHASH=324D9AAE78DFEF9C5B1789F66416E2FB",
        "Image":  "C:\\Windows\\Microsoft.NET\\Framework\\v4.0.30319\\ngen.exe",
        "UtcTime":  "2019-06-03 10:34:18.703",
        "ProcessGuid":  "{AC6A4E42-F7AA-5CF4-0000-0010161F3300}",
        "Company":  "Microsoft Corporation",
        "IntegrityLevel":  "System",
        "EventId":  1,
        "FileVersion":  "4.7.3056.0 built by: NET472REL1",
        "User":  "NT AUTHORITY\\SYSTEM",
        "RuleName":  null,
        "Product":  "Microsoft? .NET Framework",
        "LogonId":  "0x3e7",
        "ProcessId":  "4032",
        "LogonGuid":  "{AC6A4E42-0410-5CF4-0000-0020E7030000}",
        "TerminalSessionId":  "0",
        "ParentProcessGuid":  "{AC6A4E42-F79E-5CF4-0000-001096412E00}",
        "ParentProcessId":  "4784",
        "ParentImage":  "C:\\Windows\\Microsoft.NET\\Framework\\v4.0.30319\\ngentask.exe"
    },
    {
        "ParentCommandLine":  "\"C:\\Windows\\Microsoft.NET\\Framework\\v4.0.30319\\NGenTask.exe\" /RuntimeWide /StopEvent:1280",
        "Description":  "Microsoft Common Language Runtime native compiler",
        "CommandLine":  "\"C:\\Windows\\Microsoft.NET\\Framework\\v4.0.30319\\ngen.exe\" uninstall \"C:\\WINDOWS\\assembly\\NativeImages_v2.0.50727_32\\System.Runtime.Remo#\\35774dc3cd31b4550ab06c3354cf4ba5\\System.Runtime.Remoting.ni.dll\" /noroot /LegacyServiceBehavior",
        "CurrentDirectory":  "C:\\WINDOWS\\system32\\",
        "Hashes":  "SHA1=FFD7991F422F82331827FB3C244B4AA93C67F28F,MD5=F3BB8D838D986786B6E4D6934673DAF1,SHA256=5568EE9750FF50F79EB2C647AE6847E33CE8FDBCB43281766C162D06CD9940A2,IMPHASH=324D9AAE78DFEF9C5B1789F66416E2FB",
        "Image":  "C:\\Windows\\Microsoft.NET\\Framework\\v4.0.30319\\ngen.exe",
        "UtcTime":  "2019-06-03 10:34:18.738",
        "ProcessGuid":  "{AC6A4E42-F7AA-5CF4-0000-001018243300}",
        "Company":  "Microsoft Corporation",
        "IntegrityLevel":  "System",
        "EventId":  1,
        "FileVersion":  "4.7.3056.0 built by: NET472REL1",
        "User":  "NT AUTHORITY\\SYSTEM",
        "RuleName":  null,
        "Product":  "Microsoft? .NET Framework",
        "LogonId":  "0x3e7",
        "ProcessId":  "1704",
        "LogonGuid":  "{AC6A4E42-0410-5CF4-0000-0020E7030000}",
        "TerminalSessionId":  "0",
        "ParentProcessGuid":  "{AC6A4E42-F79E-5CF4-0000-001096412E00}",
        "ParentProcessId":  "4784",
        "ParentImage":  "C:\\Windows\\Microsoft.NET\\Framework\\v4.0.30319\\ngentask.exe"
    },
    {
        "ParentCommandLine":  "\"C:\\Windows\\Microsoft.NET\\Framework\\v4.0.30319\\NGenTask.exe\" /RuntimeWide /StopEvent:1280",
        "Description":  "Microsoft Common Language Runtime native compiler",
        "CommandLine":  "\"C:\\Windows\\Microsoft.NET\\Framework\\v4.0.30319\\ngen.exe\" uninstall \"C:\\WINDOWS\\assembly\\NativeImages_v2.0.50727_32\\System.ServiceProce#\\d54513bc4d0f5c6060ec57f9d7b7298c\\System.ServiceProcess.ni.dll\" /noroot /LegacyServiceBehavior",
        "CurrentDirectory":  "C:\\WINDOWS\\system32\\",
        "Hashes":  "SHA1=FFD7991F422F82331827FB3C244B4AA93C67F28F,MD5=F3BB8D838D986786B6E4D6934673DAF1,SHA256=5568EE9750FF50F79EB2C647AE6847E33CE8FDBCB43281766C162D06CD9940A2,IMPHASH=324D9AAE78DFEF9C5B1789F66416E2FB",
        "Image":  "C:\\Windows\\Microsoft.NET\\Framework\\v4.0.30319\\ngen.exe",
        "UtcTime":  "2019-06-03 10:34:18.776",
        "ProcessGuid":  "{AC6A4E42-F7AA-5CF4-0000-00101A293300}",
        "Company":  "Microsoft Corporation",
        "IntegrityLevel":  "System",
        "EventId":  1,
        "FileVersion":  "4.7.3056.0 built by: NET472REL1",
        "User":  "NT AUTHORITY\\SYSTEM",
        "RuleName":  null,
        "Product":  "Microsoft? .NET Framework",
        "LogonId":  "0x3e7",
        "ProcessId":  "4880",
        "LogonGuid":  "{AC6A4E42-0410-5CF4-0000-0020E7030000}",
        "TerminalSessionId":  "0",
        "ParentProcessGuid":  "{AC6A4E42-F79E-5CF4-0000-001096412E00}",
        "ParentProcessId":  "4784",
        "ParentImage":  "C:\\Windows\\Microsoft.NET\\Framework\\v4.0.30319\\ngentask.exe"
    },
    {
        "ParentCommandLine":  "\"C:\\Windows\\Microsoft.NET\\Framework\\v4.0.30319\\NGenTask.exe\" /RuntimeWide /StopEvent:1280",
        "Description":  "Microsoft Common Language Runtime native compiler",
        "CommandLine":  "\"C:\\Windows\\Microsoft.NET\\Framework\\v4.0.30319\\ngen.exe\" uninstall \"C:\\WINDOWS\\assembly\\NativeImages_v2.0.50727_32\\System.Transactions\\aa840ffb0dd775d9eb8d66c8a8e8cdd9\\System.Transactions.ni.dll\" /noroot /LegacyServiceBehavior",
        "CurrentDirectory":  "C:\\WINDOWS\\system32\\",
        "Hashes":  "SHA1=FFD7991F422F82331827FB3C244B4AA93C67F28F,MD5=F3BB8D838D986786B6E4D6934673DAF1,SHA256=5568EE9750FF50F79EB2C647AE6847E33CE8FDBCB43281766C162D06CD9940A2,IMPHASH=324D9AAE78DFEF9C5B1789F66416E2FB",
        "Image":  "C:\\Windows\\Microsoft.NET\\Framework\\v4.0.30319\\ngen.exe",
        "UtcTime":  "2019-06-03 10:34:18.811",
        "ProcessGuid":  "{AC6A4E42-F7AA-5CF4-0000-00101C2E3300}",
        "Company":  "Microsoft Corporation",
        "IntegrityLevel":  "System",
        "EventId":  1,
        "FileVersion":  "4.7.3056.0 built by: NET472REL1",
        "User":  "NT AUTHORITY\\SYSTEM",
        "RuleName":  null,
        "Product":  "Microsoft? .NET Framework",
        "LogonId":  "0x3e7",
        "ProcessId":  "520",
        "LogonGuid":  "{AC6A4E42-0410-5CF4-0000-0020E7030000}",
        "TerminalSessionId":  "0",
        "ParentProcessGuid":  "{AC6A4E42-F79E-5CF4-0000-001096412E00}",
        "ParentProcessId":  "4784",
        "ParentImage":  "C:\\Windows\\Microsoft.NET\\Framework\\v4.0.30319\\ngentask.exe"
    },
    {
        "ParentCommandLine":  "\"C:\\Windows\\Microsoft.NET\\Framework\\v4.0.30319\\NGenTask.exe\" /RuntimeWide /StopEvent:1280",
        "Description":  "Microsoft Common Language Runtime native compiler",
        "CommandLine":  "\"C:\\Windows\\Microsoft.NET\\Framework\\v4.0.30319\\ngen.exe\" uninstall \"C:\\WINDOWS\\assembly\\NativeImages_v2.0.50727_32\\System.Web\\d05d469d89b319a068f2123e7e6f8621\\System.Web.ni.dll\" /noroot /LegacyServiceBehavior",
        "CurrentDirectory":  "C:\\WINDOWS\\system32\\",
        "Hashes":  "SHA1=FFD7991F422F82331827FB3C244B4AA93C67F28F,MD5=F3BB8D838D986786B6E4D6934673DAF1,SHA256=5568EE9750FF50F79EB2C647AE6847E33CE8FDBCB43281766C162D06CD9940A2,IMPHASH=324D9AAE78DFEF9C5B1789F66416E2FB",
        "Image":  "C:\\Windows\\Microsoft.NET\\Framework\\v4.0.30319\\ngen.exe",
        "UtcTime":  "2019-06-03 10:34:18.846",
        "ProcessGuid":  "{AC6A4E42-F7AA-5CF4-0000-00101E333300}",
        "Company":  "Microsoft Corporation",
        "IntegrityLevel":  "System",
        "EventId":  1,
        "FileVersion":  "4.7.3056.0 built by: NET472REL1",
        "User":  "NT AUTHORITY\\SYSTEM",
        "RuleName":  null,
        "Product":  "Microsoft? .NET Framework",
        "LogonId":  "0x3e7",
        "ProcessId":  "4184",
        "LogonGuid":  "{AC6A4E42-0410-5CF4-0000-0020E7030000}",
        "TerminalSessionId":  "0",
        "ParentProcessGuid":  "{AC6A4E42-F79E-5CF4-0000-001096412E00}",
        "ParentProcessId":  "4784",
        "ParentImage":  "C:\\Windows\\Microsoft.NET\\Framework\\v4.0.30319\\ngentask.exe"
    },
    {
        "ParentCommandLine":  "\"C:\\Windows\\Microsoft.NET\\Framework\\v4.0.30319\\NGenTask.exe\" /RuntimeWide /StopEvent:1280",
        "Description":  "Microsoft Common Language Runtime native compiler",
        "CommandLine":  "\"C:\\Windows\\Microsoft.NET\\Framework\\v4.0.30319\\ngen.exe\" uninstall \"C:\\WINDOWS\\assembly\\NativeImages_v2.0.50727_32\\System.Web.Services\\9b2b822d56c7a3d2dec44260fc7af2c6\\System.Web.Services.ni.dll\" /noroot /LegacyServiceBehavior",
        "CurrentDirectory":  "C:\\WINDOWS\\system32\\",
        "Hashes":  "SHA1=FFD7991F422F82331827FB3C244B4AA93C67F28F,MD5=F3BB8D838D986786B6E4D6934673DAF1,SHA256=5568EE9750FF50F79EB2C647AE6847E33CE8FDBCB43281766C162D06CD9940A2,IMPHASH=324D9AAE78DFEF9C5B1789F66416E2FB",
        "Image":  "C:\\Windows\\Microsoft.NET\\Framework\\v4.0.30319\\ngen.exe",
        "UtcTime":  "2019-06-03 10:34:18.881",
        "ProcessGuid":  "{AC6A4E42-F7AA-5CF4-0000-001020383300}",
        "Company":  "Microsoft Corporation",
        "IntegrityLevel":  "System",
        "EventId":  1,
        "FileVersion":  "4.7.3056.0 built by: NET472REL1",
        "User":  "NT AUTHORITY\\SYSTEM",
        "RuleName":  null,
        "Product":  "Microsoft? .NET Framework",
        "LogonId":  "0x3e7",
        "ProcessId":  "4404",
        "LogonGuid":  "{AC6A4E42-0410-5CF4-0000-0020E7030000}",
        "TerminalSessionId":  "0",
        "ParentProcessGuid":  "{AC6A4E42-F79E-5CF4-0000-001096412E00}",
        "ParentProcessId":  "4784",
        "ParentImage":  "C:\\Windows\\Microsoft.NET\\Framework\\v4.0.30319\\ngentask.exe"
    },
    {
        "ParentCommandLine":  "\"C:\\Windows\\Microsoft.NET\\Framework\\v4.0.30319\\NGenTask.exe\" /RuntimeWide /StopEvent:1280",
        "Description":  "Microsoft Common Language Runtime native compiler",
        "CommandLine":  "\"C:\\Windows\\Microsoft.NET\\Framework\\v4.0.30319\\ngen.exe\" uninstall \"C:\\WINDOWS\\assembly\\NativeImages_v2.0.50727_32\\System.Windows.Forms\\bd8d59c984c9f5f2695f64341115cdf0\\System.Windows.Forms.ni.dll\" /noroot /LegacyServiceBehavior",
        "CurrentDirectory":  "C:\\WINDOWS\\system32\\",
        "Hashes":  "SHA1=FFD7991F422F82331827FB3C244B4AA93C67F28F,MD5=F3BB8D838D986786B6E4D6934673DAF1,SHA256=5568EE9750FF50F79EB2C647AE6847E33CE8FDBCB43281766C162D06CD9940A2,IMPHASH=324D9AAE78DFEF9C5B1789F66416E2FB",
        "Image":  "C:\\Windows\\Microsoft.NET\\Framework\\v4.0.30319\\ngen.exe",
        "UtcTime":  "2019-06-03 10:34:18.918",
        "ProcessGuid":  "{AC6A4E42-F7AA-5CF4-0000-0010223D3300}",
        "Company":  "Microsoft Corporation",
        "IntegrityLevel":  "System",
        "EventId":  1,
        "FileVersion":  "4.7.3056.0 built by: NET472REL1",
        "User":  "NT AUTHORITY\\SYSTEM",
        "RuleName":  null,
        "Product":  "Microsoft? .NET Framework",
        "LogonId":  "0x3e7",
        "ProcessId":  "1596",
        "LogonGuid":  "{AC6A4E42-0410-5CF4-0000-0020E7030000}",
        "TerminalSessionId":  "0",
        "ParentProcessGuid":  "{AC6A4E42-F79E-5CF4-0000-001096412E00}",
        "ParentProcessId":  "4784",
        "ParentImage":  "C:\\Windows\\Microsoft.NET\\Framework\\v4.0.30319\\ngentask.exe"
    },
    {
        "ParentCommandLine":  "\"C:\\Windows\\Microsoft.NET\\Framework\\v4.0.30319\\NGenTask.exe\" /RuntimeWide /StopEvent:1280",
        "Description":  "Microsoft Common Language Runtime native compiler",
        "CommandLine":  "\"C:\\Windows\\Microsoft.NET\\Framework\\v4.0.30319\\ngen.exe\" uninstall \"C:\\WINDOWS\\assembly\\NativeImages_v2.0.50727_32\\System.Xml\\527c933194f3a99a816d83c619a3e1d3\\System.Xml.ni.dll\" /noroot /LegacyServiceBehavior",
        "CurrentDirectory":  "C:\\WINDOWS\\system32\\",
        "Hashes":  "SHA1=FFD7991F422F82331827FB3C244B4AA93C67F28F,MD5=F3BB8D838D986786B6E4D6934673DAF1,SHA256=5568EE9750FF50F79EB2C647AE6847E33CE8FDBCB43281766C162D06CD9940A2,IMPHASH=324D9AAE78DFEF9C5B1789F66416E2FB",
        "Image":  "C:\\Windows\\Microsoft.NET\\Framework\\v4.0.30319\\ngen.exe",
        "UtcTime":  "2019-06-03 10:34:18.952",
        "ProcessGuid":  "{AC6A4E42-F7AA-5CF4-0000-001024423300}",
        "Company":  "Microsoft Corporation",
        "IntegrityLevel":  "System",
        "EventId":  1,
        "FileVersion":  "4.7.3056.0 built by: NET472REL1",
        "User":  "NT AUTHORITY\\SYSTEM",
        "RuleName":  null,
        "Product":  "Microsoft? .NET Framework",
        "LogonId":  "0x3e7",
        "ProcessId":  "4864",
        "LogonGuid":  "{AC6A4E42-0410-5CF4-0000-0020E7030000}",
        "TerminalSessionId":  "0",
        "ParentProcessGuid":  "{AC6A4E42-F79E-5CF4-0000-001096412E00}",
        "ParentProcessId":  "4784",
        "ParentImage":  "C:\\Windows\\Microsoft.NET\\Framework\\v4.0.30319\\ngentask.exe"
    },
    {
        "ParentCommandLine":  "\"C:\\Windows\\Microsoft.NET\\Framework\\v4.0.30319\\NGenTask.exe\" /RuntimeWide /StopEvent:1280",
        "Description":  "Microsoft Common Language Runtime native compiler",
        "CommandLine":  "\"C:\\Windows\\Microsoft.NET\\Framework\\v4.0.30319\\ngen.exe\" uninstall \"C:\\WINDOWS\\assembly\\NativeImages_v2.0.50727_32\\WindowsBase\\507525710cfb7af8d8af2d8594ec2501\\WindowsBase.ni.dll\" /noroot /LegacyServiceBehavior",
        "CurrentDirectory":  "C:\\WINDOWS\\system32\\",
        "Hashes":  "SHA1=FFD7991F422F82331827FB3C244B4AA93C67F28F,MD5=F3BB8D838D986786B6E4D6934673DAF1,SHA256=5568EE9750FF50F79EB2C647AE6847E33CE8FDBCB43281766C162D06CD9940A2,IMPHASH=324D9AAE78DFEF9C5B1789F66416E2FB",
        "Image":  "C:\\Windows\\Microsoft.NET\\Framework\\v4.0.30319\\ngen.exe",
        "UtcTime":  "2019-06-03 10:34:18.986",
        "ProcessGuid":  "{AC6A4E42-F7AA-5CF4-0000-001027473300}",
        "Company":  "Microsoft Corporation",
        "IntegrityLevel":  "System",
        "EventId":  1,
        "FileVersion":  "4.7.3056.0 built by: NET472REL1",
        "User":  "NT AUTHORITY\\SYSTEM",
        "RuleName":  null,
        "Product":  "Microsoft? .NET Framework",
        "LogonId":  "0x3e7",
        "ProcessId":  "3988",
        "LogonGuid":  "{AC6A4E42-0410-5CF4-0000-0020E7030000}",
        "TerminalSessionId":  "0",
        "ParentProcessGuid":  "{AC6A4E42-F79E-5CF4-0000-001096412E00}",
        "ParentProcessId":  "4784",
        "ParentImage":  "C:\\Windows\\Microsoft.NET\\Framework\\v4.0.30319\\ngentask.exe"
    },
    {
        "ParentCommandLine":  "\"C:\\Windows\\Microsoft.NET\\Framework\\v4.0.30319\\NGenTask.exe\" /RuntimeWide /StopEvent:1280",
        "Description":  "Microsoft .NET Framework optimization service",
        "CommandLine":  "\"C:\\Windows\\Microsoft.NET\\Framework\\v4.0.30319\\NGenTask.exe\" /StopEvent:1360",
        "CurrentDirectory":  "C:\\WINDOWS\\system32\\",
        "Hashes":  "SHA1=AEE93C4D84C2035C2FB20E4550672203FD209C60,MD5=ED7F195F7121781CC3D380942765B57D,SHA256=CA003ECD9A6CAAE17824816D1D869173510B2EB3C13F62E1A5615F1DA64F9676,IMPHASH=F34D5F2D4577ED6D9CEEC516C1F5A744",
        "Image":  "C:\\Windows\\Microsoft.NET\\Framework\\v4.0.30319\\ngentask.exe",
        "UtcTime":  "2019-06-03 10:34:19.033",
        "ProcessGuid":  "{AC6A4E42-F7AB-5CF4-0000-0010274D3300}",
        "Company":  "Microsoft Corporation",
        "IntegrityLevel":  "Medium",
        "EventId":  1,
        "FileVersion":  "4.7.3056.0 built by: NET472REL1",
        "User":  "SEC504STUDENT\\Sec504",
        "RuleName":  null,
        "Product":  "Microsoft? .NET Framework",
        "LogonId":  "0x2c0d8",
        "ProcessId":  "3872",
        "LogonGuid":  "{AC6A4E42-0419-5CF4-0000-0020D8C00200}",
        "TerminalSessionId":  "1",
        "ParentProcessGuid":  "{AC6A4E42-F79E-5CF4-0000-001096412E00}",
        "ParentProcessId":  "4784",
        "ParentImage":  "C:\\Windows\\Microsoft.NET\\Framework\\v4.0.30319\\ngentask.exe"
    },
    {
        "ParentCommandLine":  "\"C:\\Windows\\Microsoft.NET\\Framework\\v4.0.30319\\NGenTask.exe\" /StopEvent:1360",
        "Description":  "Console Window Host",
        "CommandLine":  "\\??\\C:\\WINDOWS\\system32\\conhost.exe 0xffffffff -ForceV1",
        "CurrentDirectory":  "C:\\WINDOWS",
        "Hashes":  "SHA1=8F9BC1B7D65188D0ADBDF74CCCE4EED78BF4C129,MD5=EA777DEEA782E8B4D7C7C33BBF8A4496,SHA256=04B6A35BC504401989B9E674C57C9E84D0CBDBBD9D8CE0CE83D7CECA0B7175ED,IMPHASH=63E065B05DF33ACB4D95B3DD04670B8F",
        "Image":  "C:\\Windows\\System32\\conhost.exe",
        "UtcTime":  "2019-06-03 10:34:19.048",
        "ProcessGuid":  "{AC6A4E42-F7AB-5CF4-0000-0010174F3300}",
        "Company":  "Microsoft Corporation",
        "IntegrityLevel":  "Medium",
        "EventId":  1,
        "FileVersion":  "10.0.17134.1 (WinBuild.160101.0800)",
        "User":  "SEC504STUDENT\\Sec504",
        "RuleName":  null,
        "Product":  "Microsoft? Windows? Operating System",
        "LogonId":  "0x2c0d8",
        "ProcessId":  "5908",
        "LogonGuid":  "{AC6A4E42-0419-5CF4-0000-0020D8C00200}",
        "TerminalSessionId":  "1",
        "ParentProcessGuid":  "{AC6A4E42-F7AB-5CF4-0000-0010274D3300}",
        "ParentProcessId":  "3872",
        "ParentImage":  "C:\\Windows\\Microsoft.NET\\Framework\\v4.0.30319\\ngentask.exe"
    },
    {
        "ParentCommandLine":  "C:\\WINDOWS\\system32\\svchost.exe -k netsvcs -p",
        "Description":  "Host Process for Windows Tasks",
        "CommandLine":  "taskhostw.exe",
        "CurrentDirectory":  "C:\\WINDOWS\\system32\\",
        "Hashes":  "SHA1=2A594345FBCAAD453C72BD0937CBF67FB43A74DF,MD5=CE95E236FC9FE2D6F16C926C75B18BAF,SHA256=740122D338FFD2CBB0877F8AC17B28218EAD02F08A9B28D5266C94E33F938085,IMPHASH=3627BE269990D67CF76A03FA55EF9A08",
        "Image":  "C:\\Windows\\System32\\taskhostw.exe",
        "UtcTime":  "2019-06-03 10:34:20.200",
        "ProcessGuid":  "{AC6A4E42-F7AC-5CF4-0000-0010AC5B3300}",
        "Company":  "Microsoft Corporation",
        "IntegrityLevel":  "System",
        "EventId":  1,
        "FileVersion":  "10.0.17134.1 (WinBuild.160101.0800)",
        "User":  "NT AUTHORITY\\SYSTEM",
        "RuleName":  null,
        "Product":  "Microsoft? Windows? Operating System",
        "LogonId":  "0x3e7",
        "ProcessId":  "2660",
        "LogonGuid":  "{AC6A4E42-0410-5CF4-0000-0020E7030000}",
        "TerminalSessionId":  "0",
        "ParentProcessGuid":  "{AC6A4E42-0412-5CF4-0000-0010590A0100}",
        "ParentProcessId":  "988",
        "ParentImage":  "C:\\Windows\\System32\\svchost.exe"
    },
    {
        "ParentCommandLine":  "C:\\WINDOWS\\system32\\services.exe",
        "Description":  "Google Installer",
        "CommandLine":  "\"C:\\Program Files (x86)\\Google\\Update\\GoogleUpdate.exe\" /svc",
        "CurrentDirectory":  "C:\\WINDOWS\\system32\\",
        "Hashes":  "SHA1=618FCF728B67FE5C89C9502BBCBC02D6B4551DB3,MD5=A8FD9222E4D72596BB37DA8BE95C0BA4,SHA256=52FC3AA9F704300041E486E57FE863218E4CDF4C8EEE05CA6B99A296EFEE5737,IMPHASH=7DF1816239C5BC855600D41210406C5B",
        "Image":  "C:\\Program Files (x86)\\Google\\Update\\GoogleUpdate.exe",
        "UtcTime":  "2019-06-03 10:34:27.351",
        "ProcessGuid":  "{AC6A4E42-F7B3-5CF4-0000-0010398C3300}",
        "Company":  "Google Inc.",
        "IntegrityLevel":  "System",
        "EventId":  1,
        "FileVersion":  "1.3.31.5",
        "User":  "NT AUTHORITY\\SYSTEM",
        "RuleName":  null,
        "Product":  "Google Update",
        "LogonId":  "0x3e7",
        "ProcessId":  "4848",
        "LogonGuid":  "{AC6A4E42-0410-5CF4-0000-0020E7030000}",
        "TerminalSessionId":  "0",
        "ParentProcessGuid":  "{AC6A4E42-0410-5CF4-0000-001002910000}",
        "ParentProcessId":  "572",
        "ParentImage":  "C:\\Windows\\System32\\services.exe"
    },
    {
        "ParentCommandLine":  "C:\\WINDOWS\\system32\\svchost.exe -k netsvcs -p",
        "Description":  "Microsoft? Windows System Protection background tasks.",
        "CommandLine":  "C:\\WINDOWS\\system32\\srtasks.exe ExecuteScheduledSPPCreation",
        "CurrentDirectory":  "C:\\WINDOWS\\system32\\",
        "Hashes":  "SHA1=867952DC8A6DF18B5A881170D016E3819E499EE1,MD5=743A4F2DCA5D3BFB771EA67A157C6CCE,SHA256=3CB58F649A9686B33F4B14765C9C2ADF9C2C9AABB4DD3B52FC5F21F90EDC8B15,IMPHASH=F550B0B8F97FB1EA13F7D372392B6CE8",
        "Image":  "C:\\Windows\\System32\\SrTasks.exe",
        "UtcTime":  "2019-06-03 10:35:23.653",
        "ProcessGuid":  "{AC6A4E42-F7EB-5CF4-0000-00108D1B3400}",
        "Company":  "Microsoft Corporation",
        "IntegrityLevel":  "System",
        "EventId":  1,
        "FileVersion":  "10.0.17134.1 (WinBuild.160101.0800)",
        "User":  "NT AUTHORITY\\SYSTEM",
        "RuleName":  null,
        "Product":  "Microsoft? Windows? Operating System",
        "LogonId":  "0x3e7",
        "ProcessId":  "4456",
        "LogonGuid":  "{AC6A4E42-0410-5CF4-0000-0020E7030000}",
        "TerminalSessionId":  "0",
        "ParentProcessGuid":  "{AC6A4E42-0412-5CF4-0000-0010590A0100}",
        "ParentProcessId":  "988",
        "ParentImage":  "C:\\Windows\\System32\\svchost.exe"
    },
    {
        "ParentCommandLine":  "C:\\WINDOWS\\system32\\srtasks.exe ExecuteScheduledSPPCreation",
        "Description":  "Console Window Host",
        "CommandLine":  "\\??\\C:\\WINDOWS\\system32\\conhost.exe 0xffffffff -ForceV1",
        "CurrentDirectory":  "C:\\WINDOWS",
        "Hashes":  "SHA1=8F9BC1B7D65188D0ADBDF74CCCE4EED78BF4C129,MD5=EA777DEEA782E8B4D7C7C33BBF8A4496,SHA256=04B6A35BC504401989B9E674C57C9E84D0CBDBBD9D8CE0CE83D7CECA0B7175ED,IMPHASH=63E065B05DF33ACB4D95B3DD04670B8F",
        "Image":  "C:\\Windows\\System32\\conhost.exe",
        "UtcTime":  "2019-06-03 10:35:23.660",
        "ProcessGuid":  "{AC6A4E42-F7EB-5CF4-0000-0010451C3400}",
        "Company":  "Microsoft Corporation",
        "IntegrityLevel":  "System",
        "EventId":  1,
        "FileVersion":  "10.0.17134.1 (WinBuild.160101.0800)",
        "User":  "NT AUTHORITY\\SYSTEM",
        "RuleName":  null,
        "Product":  "Microsoft? Windows? Operating System",
        "LogonId":  "0x3e7",
        "ProcessId":  "816",
        "LogonGuid":  "{AC6A4E42-0410-5CF4-0000-0020E7030000}",
        "TerminalSessionId":  "0",
        "ParentProcessGuid":  "{AC6A4E42-F7EB-5CF4-0000-00108D1B3400}",
        "ParentProcessId":  "4456",
        "ParentImage":  "C:\\Windows\\System32\\SrTasks.exe"
    },
    {
        "ParentCommandLine":  "C:\\WINDOWS\\system32\\CompatTelRunner.exe -m:appraiser.dll -f:DoScheduledTelemetryRun -cv:E0N9JyNMl0uNHZck.1",
        "Description":  "Microsoft Compatibility Telemetry",
        "CommandLine":  "C:\\WINDOWS\\system32\\compattelrunner.exe -m:GeneralTel.dll -f:RunGeneralTelemetry  -cV E0N9JyNMl0uNHZck.1.2 -SendFullTelemetry -ThrottleUtc",
        "CurrentDirectory":  "C:\\WINDOWS\\system32\\",
        "Hashes":  "SHA1=087516F64E124B47178812EB5C13DA6E689C9CA6,MD5=7C3B9E879090F58DE81DB1BFDFF1206E,SHA256=F33317CB08C30C78CC1362FB61FE125979B6E12035E2793382D03133D7F17821,IMPHASH=F729F8CAA04F4E4BAD842E0DD0D5562F",
        "Image":  "C:\\Windows\\System32\\CompatTelRunner.exe",
        "UtcTime":  "2019-06-03 10:35:37.546",
        "ProcessGuid":  "{AC6A4E42-F7F9-5CF4-0000-00108A3F3400}",
        "Company":  "Microsoft Corporation",
        "IntegrityLevel":  "System",
        "EventId":  1,
        "FileVersion":  "10.0.17134.1 (WinBuild.160101.0800)",
        "User":  "NT AUTHORITY\\SYSTEM",
        "RuleName":  null,
        "Product":  "Microsoft? Windows? Operating System",
        "LogonId":  "0x3e7",
        "ProcessId":  "3588",
        "LogonGuid":  "{AC6A4E42-0410-5CF4-0000-0020E7030000}",
        "TerminalSessionId":  "0",
        "ParentProcessGuid":  "{AC6A4E42-F7A0-5CF4-0000-0010639F2E00}",
        "ParentProcessId":  "6096",
        "ParentImage":  "C:\\Windows\\System32\\CompatTelRunner.exe"
    },
    {
        "ParentCommandLine":  "C:\\WINDOWS\\system32\\services.exe",
        "Description":  "Microsoft Software Protection Platform Service",
        "CommandLine":  "C:\\WINDOWS\\system32\\sppsvc.exe",
        "CurrentDirectory":  "C:\\WINDOWS",
        "Hashes":  "SHA1=7749D1C531D85C69047576B3BB3525E0B01A2942,MD5=FEEC8055C5986182C717DD888000AEF6,SHA256=E09B7B1DE43A226842A4B8C591D712E51585BC7E8A39CFB8852CBF16D234C3A6,IMPHASH=C42F40AB10E3DCDA39CACEA7B6F2A6A0",
        "Image":  "C:\\Windows\\System32\\sppsvc.exe",
        "UtcTime":  "2019-06-03 10:35:37.703",
        "ProcessGuid":  "{AC6A4E42-F7F9-5CF4-0000-0010404C3400}",
        "Company":  "Microsoft Corporation",
        "IntegrityLevel":  "System",
        "EventId":  1,
        "FileVersion":  "10.0.17134.1 (WinBuild.160101.0800)",
        "User":  "NT AUTHORITY\\NETWORK SERVICE",
        "RuleName":  null,
        "Product":  "Microsoft? Windows? Operating System",
        "LogonId":  "0x3e4",
        "ProcessId":  "1540",
        "LogonGuid":  "{AC6A4E42-0411-5CF4-0000-0020E4030000}",
        "TerminalSessionId":  "0",
        "ParentProcessGuid":  "{AC6A4E42-0410-5CF4-0000-001002910000}",
        "ParentProcessId":  "572",
        "ParentImage":  "C:\\Windows\\System32\\services.exe"
    },
    {
        "ParentCommandLine":  "C:\\WINDOWS\\system32\\compattelrunner.exe",
        "Description":  "Microsoft Compatibility Telemetry",
        "CommandLine":  "C:\\WINDOWS\\system32\\CompatTelRunner.exe -m:appraiser.dll -f:UpdateAvStatus -cv:E0N9JyNMl0uNHZck.3",
        "CurrentDirectory":  "C:\\WINDOWS\\system32\\",
        "Hashes":  "SHA1=087516F64E124B47178812EB5C13DA6E689C9CA6,MD5=7C3B9E879090F58DE81DB1BFDFF1206E,SHA256=F33317CB08C30C78CC1362FB61FE125979B6E12035E2793382D03133D7F17821,IMPHASH=F729F8CAA04F4E4BAD842E0DD0D5562F",
        "Image":  "C:\\Windows\\System32\\CompatTelRunner.exe",
        "UtcTime":  "2019-06-03 10:35:44.846",
        "ProcessGuid":  "{AC6A4E42-F800-5CF4-0000-0010A71B3500}",
        "Company":  "Microsoft Corporation",
        "IntegrityLevel":  "System",
        "EventId":  1,
        "FileVersion":  "10.0.17134.1 (WinBuild.160101.0800)",
        "User":  "NT AUTHORITY\\SYSTEM",
        "RuleName":  null,
        "Product":  "Microsoft? Windows? Operating System",
        "LogonId":  "0x3e7",
        "ProcessId":  "756",
        "LogonGuid":  "{AC6A4E42-0410-5CF4-0000-0020E7030000}",
        "TerminalSessionId":  "0",
        "ParentProcessGuid":  "{AC6A4E42-F792-5CF4-0000-0010F2C72A00}",
        "ParentProcessId":  "2500",
        "ParentImage":  "C:\\Windows\\System32\\CompatTelRunner.exe"
    },
    {
        "ParentCommandLine":  "\"C:\\Program Files (x86)\\Google\\Update\\GoogleUpdate.exe\" /c",
        "Description":  "Google Installer",
        "CommandLine":  "\"C:\\Program Files (x86)\\Google\\Update\\GoogleUpdate.exe\" /ua /installsource core",
        "CurrentDirectory":  "C:\\Program Files (x86)\\Google\\Update\\1.3.34.7\\",
        "Hashes":  "SHA1=618FCF728B67FE5C89C9502BBCBC02D6B4551DB3,MD5=A8FD9222E4D72596BB37DA8BE95C0BA4,SHA256=52FC3AA9F704300041E486E57FE863218E4CDF4C8EEE05CA6B99A296EFEE5737,IMPHASH=7DF1816239C5BC855600D41210406C5B",
        "Image":  "C:\\Program Files (x86)\\Google\\Update\\GoogleUpdate.exe",
        "UtcTime":  "2019-06-03 10:45:30.055",
        "ProcessGuid":  "{AC6A4E42-FA4A-5CF4-0000-001050983500}",
        "Company":  "Google Inc.",
        "IntegrityLevel":  "System",
        "EventId":  1,
        "FileVersion":  "1.3.31.5",
        "User":  "NT AUTHORITY\\SYSTEM",
        "RuleName":  null,
        "Product":  "Google Update",
        "LogonId":  "0x3e7",
        "ProcessId":  "5036",
        "LogonGuid":  "{AC6A4E42-0410-5CF4-0000-0020E7030000}",
        "TerminalSessionId":  "0",
        "ParentProcessGuid":  "{AC6A4E42-0419-5CF4-0000-001028E10200}",
        "ParentProcessId":  "3196",
        "ParentImage":  "C:\\Program Files (x86)\\Google\\Update\\GoogleUpdate.exe"
    },
    {
        "ParentCommandLine":  "C:\\WINDOWS\\system32\\services.exe",
        "Description":  "Google Installer",
        "CommandLine":  "\"C:\\Program Files (x86)\\Google\\Update\\GoogleUpdate.exe\" /svc",
        "CurrentDirectory":  "C:\\WINDOWS\\system32\\",
        "Hashes":  "SHA1=618FCF728B67FE5C89C9502BBCBC02D6B4551DB3,MD5=A8FD9222E4D72596BB37DA8BE95C0BA4,SHA256=52FC3AA9F704300041E486E57FE863218E4CDF4C8EEE05CA6B99A296EFEE5737,IMPHASH=7DF1816239C5BC855600D41210406C5B",
        "Image":  "C:\\Program Files (x86)\\Google\\Update\\GoogleUpdate.exe",
        "UtcTime":  "2019-06-03 10:46:07.520",
        "ProcessGuid":  "{AC6A4E42-FA6F-5CF4-0000-0010F0AC3500}",
        "Company":  "Google Inc.",
        "IntegrityLevel":  "System",
        "EventId":  1,
        "FileVersion":  "1.3.31.5",
        "User":  "NT AUTHORITY\\SYSTEM",
        "RuleName":  null,
        "Product":  "Google Update",
        "LogonId":  "0x3e7",
        "ProcessId":  "5552",
        "LogonGuid":  "{AC6A4E42-0410-5CF4-0000-0020E7030000}",
        "TerminalSessionId":  "0",
        "ParentProcessGuid":  "{AC6A4E42-0410-5CF4-0000-001002910000}",
        "ParentProcessId":  "572",
        "ParentImage":  "C:\\Windows\\System32\\services.exe"
    },
    {
        "ParentCommandLine":  "C:\\WINDOWS\\system32\\services.exe",
        "Description":  "Host Process for Windows Services",
        "CommandLine":  "C:\\WINDOWS\\System32\\svchost.exe -k wsappx -p",
        "CurrentDirectory":  "C:\\WINDOWS\\system32\\",
        "Hashes":  "SHA1=660B76B6FB802417D513ADC967C5CAF77FC2BAC6,MD5=32569E403279B3FD2EDB7EBD036273FA,SHA256=C9A28DC8004C3E043CBF8E3A194FDA2B756CE90740DF2175488337281B485F69,IMPHASH=3A8297483C1777054C7BAFEA5E6A8853",
        "Image":  "C:\\Windows\\System32\\svchost.exe",
        "UtcTime":  "2019-06-03 10:49:14.172",
        "ProcessGuid":  "{AC6A4E42-FB2A-5CF4-0000-0010A2E33500}",
        "Company":  "Microsoft Corporation",
        "IntegrityLevel":  "System",
        "EventId":  1,
        "FileVersion":  "10.0.17134.1 (WinBuild.160101.0800)",
        "User":  "NT AUTHORITY\\SYSTEM",
        "RuleName":  null,
        "Product":  "Microsoft? Windows? Operating System",
        "LogonId":  "0x3e7",
        "ProcessId":  "540",
        "LogonGuid":  "{AC6A4E42-0410-5CF4-0000-0020E7030000}",
        "TerminalSessionId":  "0",
        "ParentProcessGuid":  "{AC6A4E42-0410-5CF4-0000-001002910000}",
        "ParentProcessId":  "572",
        "ParentImage":  "C:\\Windows\\System32\\services.exe"
    },
    {
        "ParentCommandLine":  "C:\\WINDOWS\\system32\\svchost.exe -k netsvcs -p",
        "Description":  "Microsoft Feeds Synchronization",
        "CommandLine":  "C:\\Windows\\system32\\msfeedssync.exe sync",
        "CurrentDirectory":  "C:\\WINDOWS\\system32\\",
        "Hashes":  "SHA1=036CAB158CD45F9155DAF85B8D847BF5B13099A2,MD5=CDC89D5CEA5B1CEB0A8F34D030CCB7D1,SHA256=2DE228CAD2E542B2AF2554D61FAB5463ECBBA3FF8349BA88C3E48637ED8086E9,IMPHASH=E22B4193AC1639CCDCA0DCF2C8C3F735",
        "Image":  "C:\\Windows\\System32\\msfeedssync.exe",
        "UtcTime":  "2019-06-03 10:49:29.012",
        "ProcessGuid":  "{AC6A4E42-FB39-5CF4-0000-0010200C3600}",
        "Company":  "Microsoft Corporation",
        "IntegrityLevel":  "Medium",
        "EventId":  1,
        "FileVersion":  "11.00.17134.1 (WinBuild.160101.0800)",
        "User":  "SEC504STUDENT\\Sec504",
        "RuleName":  null,
        "Product":  "Internet Explorer",
        "LogonId":  "0x2c0d8",
        "ProcessId":  "3208",
        "LogonGuid":  "{AC6A4E42-0419-5CF4-0000-0020D8C00200}",
        "TerminalSessionId":  "1",
        "ParentProcessGuid":  "{AC6A4E42-0412-5CF4-0000-0010590A0100}",
        "ParentProcessId":  "988",
        "ParentImage":  "C:\\Windows\\System32\\svchost.exe"
    },
    {
        "ParentCommandLine":  "C:\\WINDOWS\\system32\\svchost.exe -k netsvcs -p",
        "Description":  "Windows Problem Reporting",
        "CommandLine":  "C:\\WINDOWS\\system32\\wermgr.exe -upload",
        "CurrentDirectory":  "C:\\WINDOWS\\system32\\",
        "Hashes":  "SHA1=1ED4AE92D235497F62610078D51105C4634AFADE,MD5=FF214585BF10206E21EA8EBA202FACFD,SHA256=C48C430EB07ACC2FF8BDDD6057F5C9F72C2E83F67478F1E4A1792AF866711538,IMPHASH=978FE06ED1813DC665ECDD672FEFCA83",
        "Image":  "C:\\Windows\\System32\\wermgr.exe",
        "UtcTime":  "2019-06-03 10:57:56.012",
        "ProcessGuid":  "{AC6A4E42-FD34-5CF4-0000-00106D833600}",
        "Company":  "Microsoft Corporation",
        "IntegrityLevel":  "System",
        "EventId":  1,
        "FileVersion":  "10.0.17134.1 (WinBuild.160101.0800)",
        "User":  "NT AUTHORITY\\SYSTEM",
        "RuleName":  null,
        "Product":  "Microsoft? Windows? Operating System",
        "LogonId":  "0x3e7",
        "ProcessId":  "5188",
        "LogonGuid":  "{AC6A4E42-0410-5CF4-0000-0020E7030000}",
        "TerminalSessionId":  "0",
        "ParentProcessGuid":  "{AC6A4E42-0412-5CF4-0000-0010590A0100}",
        "ParentProcessId":  "988",
        "ParentImage":  "C:\\Windows\\System32\\svchost.exe"
    },
    {
        "ParentCommandLine":  "C:\\WINDOWS\\system32\\services.exe",
        "Description":  "Host Process for Windows Services",
        "CommandLine":  "C:\\WINDOWS\\System32\\svchost.exe -k wsappx -p",
        "CurrentDirectory":  "C:\\WINDOWS\\system32\\",
        "Hashes":  "SHA1=660B76B6FB802417D513ADC967C5CAF77FC2BAC6,MD5=32569E403279B3FD2EDB7EBD036273FA,SHA256=C9A28DC8004C3E043CBF8E3A194FDA2B756CE90740DF2175488337281B485F69,IMPHASH=3A8297483C1777054C7BAFEA5E6A8853",
        "Image":  "C:\\Windows\\System32\\svchost.exe",
        "UtcTime":  "2019-06-03 10:57:56.185",
        "ProcessGuid":  "{AC6A4E42-FD34-5CF4-0000-001057903600}",
        "Company":  "Microsoft Corporation",
        "IntegrityLevel":  "System",
        "EventId":  1,
        "FileVersion":  "10.0.17134.1 (WinBuild.160101.0800)",
        "User":  "NT AUTHORITY\\SYSTEM",
        "RuleName":  null,
        "Product":  "Microsoft? Windows? Operating System",
        "LogonId":  "0x3e7",
        "ProcessId":  "3536",
        "LogonGuid":  "{AC6A4E42-0410-5CF4-0000-0020E7030000}",
        "TerminalSessionId":  "0",
        "ParentProcessGuid":  "{AC6A4E42-0410-5CF4-0000-001002910000}",
        "ParentProcessId":  "572",
        "ParentImage":  "C:\\Windows\\System32\\services.exe"
    },
    {
        "ParentCommandLine":  "C:\\WINDOWS\\system32\\services.exe",
        "Description":  "Host Process for Windows Services",
        "CommandLine":  "C:\\WINDOWS\\System32\\svchost.exe -k wsappx -p",
        "CurrentDirectory":  "C:\\WINDOWS\\system32\\",
        "Hashes":  "SHA1=660B76B6FB802417D513ADC967C5CAF77FC2BAC6,MD5=32569E403279B3FD2EDB7EBD036273FA,SHA256=C9A28DC8004C3E043CBF8E3A194FDA2B756CE90740DF2175488337281B485F69,IMPHASH=3A8297483C1777054C7BAFEA5E6A8853",
        "Image":  "C:\\Windows\\System32\\svchost.exe",
        "UtcTime":  "2019-06-03 11:04:14.484",
        "ProcessGuid":  "{AC6A4E42-FEAE-5CF4-0000-001030323700}",
        "Company":  "Microsoft Corporation",
        "IntegrityLevel":  "System",
        "EventId":  1,
        "FileVersion":  "10.0.17134.1 (WinBuild.160101.0800)",
        "User":  "NT AUTHORITY\\SYSTEM",
        "RuleName":  null,
        "Product":  "Microsoft? Windows? Operating System",
        "LogonId":  "0x3e7",
        "ProcessId":  "5000",
        "LogonGuid":  "{AC6A4E42-0410-5CF4-0000-0020E7030000}",
        "TerminalSessionId":  "0",
        "ParentProcessGuid":  "{AC6A4E42-0410-5CF4-0000-001002910000}",
        "ParentProcessId":  "572",
        "ParentImage":  "C:\\Windows\\System32\\services.exe"
    },
    {
        "ParentCommandLine":  "C:\\WINDOWS\\system32\\svchost.exe -k netsvcs -p",
        "Description":  "Microsoft Feeds Synchronization",
        "CommandLine":  "C:\\Windows\\system32\\msfeedssync.exe sync",
        "CurrentDirectory":  "C:\\WINDOWS\\system32\\",
        "Hashes":  "SHA1=036CAB158CD45F9155DAF85B8D847BF5B13099A2,MD5=CDC89D5CEA5B1CEB0A8F34D030CCB7D1,SHA256=2DE228CAD2E542B2AF2554D61FAB5463ECBBA3FF8349BA88C3E48637ED8086E9,IMPHASH=E22B4193AC1639CCDCA0DCF2C8C3F735",
        "Image":  "C:\\Windows\\System32\\msfeedssync.exe",
        "UtcTime":  "2019-06-03 11:04:57.014",
        "ProcessGuid":  "{AC6A4E42-FED9-5CF4-0000-0010DE5D3700}",
        "Company":  "Microsoft Corporation",
        "IntegrityLevel":  "Medium",
        "EventId":  1,
        "FileVersion":  "11.00.17134.1 (WinBuild.160101.0800)",
        "User":  "SEC504STUDENT\\Sec504",
        "RuleName":  null,
        "Product":  "Internet Explorer",
        "LogonId":  "0x2c0d8",
        "ProcessId":  "3112",
        "LogonGuid":  "{AC6A4E42-0419-5CF4-0000-0020D8C00200}",
        "TerminalSessionId":  "1",
        "ParentProcessGuid":  "{AC6A4E42-0412-5CF4-0000-0010590A0100}",
        "ParentProcessId":  "988",
        "ParentImage":  "C:\\Windows\\System32\\svchost.exe"
    },
    {
        "ParentCommandLine":  "C:\\WINDOWS\\system32\\svchost.exe -k netsvcs -p",
        "Description":  "Google Installer",
        "CommandLine":  "\"C:\\Program Files (x86)\\Google\\Update\\GoogleUpdate.exe\" /ua /installsource scheduler",
        "CurrentDirectory":  "C:\\WINDOWS\\system32\\",
        "Hashes":  "SHA1=618FCF728B67FE5C89C9502BBCBC02D6B4551DB3,MD5=A8FD9222E4D72596BB37DA8BE95C0BA4,SHA256=52FC3AA9F704300041E486E57FE863218E4CDF4C8EEE05CA6B99A296EFEE5737,IMPHASH=7DF1816239C5BC855600D41210406C5B",
        "Image":  "C:\\Program Files (x86)\\Google\\Update\\GoogleUpdate.exe",
        "UtcTime":  "2019-06-03 11:08:25.514",
        "ProcessGuid":  "{AC6A4E42-FFA9-5CF4-0000-0010C1973700}",
        "Company":  "Google Inc.",
        "IntegrityLevel":  "System",
        "EventId":  1,
        "FileVersion":  "1.3.31.5",
        "User":  "NT AUTHORITY\\SYSTEM",
        "RuleName":  null,
        "Product":  "Google Update",
        "LogonId":  "0x3e7",
        "ProcessId":  "4944",
        "LogonGuid":  "{AC6A4E42-0410-5CF4-0000-0020E7030000}",
        "TerminalSessionId":  "0",
        "ParentProcessGuid":  "{AC6A4E42-0412-5CF4-0000-0010590A0100}",
        "ParentProcessId":  "988",
        "ParentImage":  "C:\\Windows\\System32\\svchost.exe"
    },
    {
        "ParentCommandLine":  "C:\\WINDOWS\\system32\\services.exe",
        "Description":  "Google Installer",
        "CommandLine":  "\"C:\\Program Files (x86)\\Google\\Update\\GoogleUpdate.exe\" /svc",
        "CurrentDirectory":  "C:\\WINDOWS\\system32\\",
        "Hashes":  "SHA1=618FCF728B67FE5C89C9502BBCBC02D6B4551DB3,MD5=A8FD9222E4D72596BB37DA8BE95C0BA4,SHA256=52FC3AA9F704300041E486E57FE863218E4CDF4C8EEE05CA6B99A296EFEE5737,IMPHASH=7DF1816239C5BC855600D41210406C5B",
        "Image":  "C:\\Program Files (x86)\\Google\\Update\\GoogleUpdate.exe",
        "UtcTime":  "2019-06-03 11:09:05.340",
        "ProcessGuid":  "{AC6A4E42-FFD1-5CF4-0000-001077AB3700}",
        "Company":  "Google Inc.",
        "IntegrityLevel":  "System",
        "EventId":  1,
        "FileVersion":  "1.3.31.5",
        "User":  "NT AUTHORITY\\SYSTEM",
        "RuleName":  null,
        "Product":  "Google Update",
        "LogonId":  "0x3e7",
        "ProcessId":  "5980",
        "LogonGuid":  "{AC6A4E42-0410-5CF4-0000-0020E7030000}",
        "TerminalSessionId":  "0",
        "ParentProcessGuid":  "{AC6A4E42-0410-5CF4-0000-001002910000}",
        "ParentProcessId":  "572",
        "ParentImage":  "C:\\Windows\\System32\\services.exe"
    },
    {
        "ParentCommandLine":  "C:\\WINDOWS\\system32\\services.exe",
        "Description":  "Host Process for Windows Services",
        "CommandLine":  "C:\\WINDOWS\\System32\\svchost.exe -k wsappx -p",
        "CurrentDirectory":  "C:\\WINDOWS\\system32\\",
        "Hashes":  "SHA1=660B76B6FB802417D513ADC967C5CAF77FC2BAC6,MD5=32569E403279B3FD2EDB7EBD036273FA,SHA256=C9A28DC8004C3E043CBF8E3A194FDA2B756CE90740DF2175488337281B485F69,IMPHASH=3A8297483C1777054C7BAFEA5E6A8853",
        "Image":  "C:\\Windows\\System32\\svchost.exe",
        "UtcTime":  "2019-06-03 11:19:14.748",
        "ProcessGuid":  "{AC6A4E42-0232-5CF5-0000-00103E313800}",
        "Company":  "Microsoft Corporation",
        "IntegrityLevel":  "System",
        "EventId":  1,
        "FileVersion":  "10.0.17134.1 (WinBuild.160101.0800)",
        "User":  "NT AUTHORITY\\SYSTEM",
        "RuleName":  null,
        "Product":  "Microsoft? Windows? Operating System",
        "LogonId":  "0x3e7",
        "ProcessId":  "332",
        "LogonGuid":  "{AC6A4E42-0410-5CF4-0000-0020E7030000}",
        "TerminalSessionId":  "0",
        "ParentProcessGuid":  "{AC6A4E42-0410-5CF4-0000-001002910000}",
        "ParentProcessId":  "572",
        "ParentImage":  "C:\\Windows\\System32\\services.exe"
    },
    {
        "ParentCommandLine":  "C:\\WINDOWS\\system32\\svchost.exe -k netsvcs -p",
        "Description":  "Microsoft Feeds Synchronization",
        "CommandLine":  "C:\\Windows\\system32\\msfeedssync.exe sync",
        "CurrentDirectory":  "C:\\WINDOWS\\system32\\",
        "Hashes":  "SHA1=036CAB158CD45F9155DAF85B8D847BF5B13099A2,MD5=CDC89D5CEA5B1CEB0A8F34D030CCB7D1,SHA256=2DE228CAD2E542B2AF2554D61FAB5463ECBBA3FF8349BA88C3E48637ED8086E9,IMPHASH=E22B4193AC1639CCDCA0DCF2C8C3F735",
        "Image":  "C:\\Windows\\System32\\msfeedssync.exe",
        "UtcTime":  "2019-06-03 11:20:28.018",
        "ProcessGuid":  "{AC6A4E42-027C-5CF5-0000-00105C5E3800}",
        "Company":  "Microsoft Corporation",
        "IntegrityLevel":  "Medium",
        "EventId":  1,
        "FileVersion":  "11.00.17134.1 (WinBuild.160101.0800)",
        "User":  "SEC504STUDENT\\Sec504",
        "RuleName":  null,
        "Product":  "Internet Explorer",
        "LogonId":  "0x2c0d8",
        "ProcessId":  "5196",
        "LogonGuid":  "{AC6A4E42-0419-5CF4-0000-0020D8C00200}",
        "TerminalSessionId":  "1",
        "ParentProcessGuid":  "{AC6A4E42-0412-5CF4-0000-0010590A0100}",
        "ParentProcessId":  "988",
        "ParentImage":  "C:\\Windows\\System32\\svchost.exe"
    },
