    {
        "ParentCommandLine":  "\"C:\\WINDOWS\\system32\\cmd.exe\" ",
        "Description":  "System activity monitor",
        "CommandLine":  "sysmon  --help",
        "CurrentDirectory":  "C:\\Tools\\sysinternals\\",
        "Hashes":  "SHA1=FF1C037123276983C785F6CDF7EDA5A2FAB06D4A,MD5=0E8BD626DE4F8E5FDDCE72F35461720A,SHA256=F4981FF476063E86549C5E755DA2D4A80BB1A271D2EC9BB3A35582B4D35924DA,IMPHASH=19539B1E1269C5FA9FB00F437EF261CE",
        "Image":  "C:\\Tools\\sysinternals\\Sysmon.exe",
        "UtcTime":  "2019-06-04 10:22:42.543",
        "ProcessGuid":  "{AC6A4E42-4672-5CF6-0000-001001356C00}",
        "Company":  "Sysinternals - www.sysinternals.com",
        "IntegrityLevel":  "High",
        "EventId":  1,
        "FileVersion":  "9.01",
        "User":  "SEC504STUDENT\\Sec504",
        "RuleName":  null,
        "Product":  "Sysinternals Sysmon",
        "LogonId":  "0x2c0a4",
        "ProcessId":  "4960",
        "LogonGuid":  "{AC6A4E42-0419-5CF4-0000-0020A4C00200}",
        "TerminalSessionId":  "1",
        "ParentProcessGuid":  "{AC6A4E42-0468-5CF4-0000-00100FBC0B00}",
        "ParentProcessId":  "4508",
        "ParentImage":  "C:\\Windows\\System32\\cmd.exe"
    },
    {
        "ParentCommandLine":  "sysmon  --help",
        "Description":  "System activity monitor",
        "CommandLine":  "sysmon  --help",
        "CurrentDirectory":  "C:\\Tools\\sysinternals\\",
        "Hashes":  "SHA1=AC93C3B38E57A2715572933DBCB2A1C2892DBC5E,MD5=094394805942D929C90D4985D63F8ECA,SHA256=B9657FD24E47A2D0025AE2B8FE169A4CAF248C85CC1A11DC25241B6F61E44D55,IMPHASH=5C9D0BDBCD838D2AD6D0A60D4F943B60",
        "Image":  "C:\\Users\\Sec504\\AppData\\Local\\Temp\\Sysmon.exe",
        "UtcTime":  "2019-06-04 10:22:42.585",
        "ProcessGuid":  "{AC6A4E42-4672-5CF6-0000-0010593A6C00}",
        "Company":  "Sysinternals - www.sysinternals.com",
        "IntegrityLevel":  "High",
        "EventId":  1,
        "FileVersion":  "9.01",
        "User":  "SEC504STUDENT\\Sec504",
        "RuleName":  null,
        "Product":  "Sysinternals Sysmon",
        "LogonId":  "0x2c0a4",
        "ProcessId":  "4088",
        "LogonGuid":  "{AC6A4E42-0419-5CF4-0000-0020A4C00200}",
        "TerminalSessionId":  "1",
        "ParentProcessGuid":  "{AC6A4E42-4672-5CF6-0000-001001356C00}",
        "ParentProcessId":  "4960",
        "ParentImage":  "C:\\Tools\\sysinternals\\Sysmon.exe"
    },
    {
        "ParentCommandLine":  "C:\\WINDOWS\\system32\\svchost.exe -k DcomLaunch -p",
        "Description":  "Windows Defender SmartScreen",
        "CommandLine":  "C:\\Windows\\System32\\smartscreen.exe -Embedding",
        "CurrentDirectory":  "C:\\WINDOWS\\system32\\",
        "Hashes":  "SHA1=514D4BA9F281606B08E172C68FB429257BEDE361,MD5=ECD6F6120A4A1903508D24F9B1F10505,SHA256=91F643B84062091BF62DD25BEFD6B79B4E3351F385655D0F447424EBC72D18E5,IMPHASH=60648B2317542350930F5E43FEF135FC",
        "Image":  "C:\\Windows\\System32\\smartscreen.exe",
        "UtcTime":  "2019-06-04 10:23:26.031",
        "ProcessGuid":  "{AC6A4E42-469E-5CF6-0000-0010006F6C00}",
        "Company":  "Microsoft Corporation",
        "IntegrityLevel":  "Medium",
        "EventId":  1,
        "FileVersion":  "10.0.17134.1 (WinBuild.160101.0800)",
        "User":  "SEC504STUDENT\\Sec504",
        "RuleName":  null,
        "Product":  "Microsoft? Windows? Operating System",
        "LogonId":  "0x2c0d8",
        "ProcessId":  "5360",
        "LogonGuid":  "{AC6A4E42-0419-5CF4-0000-0020D8C00200}",
        "TerminalSessionId":  "1",
        "ParentProcessGuid":  "{AC6A4E42-0411-5CF4-0000-00108EA50000}",
        "ParentProcessId":  "716",
        "ParentImage":  "C:\\Windows\\System32\\svchost.exe"
    },
    {
        "ParentCommandLine":  "C:\\WINDOWS\\system32\\services.exe",
        "Description":  "Host Process for Windows Services",
        "CommandLine":  "C:\\WINDOWS\\System32\\svchost.exe -k wsappx -p",
        "CurrentDirectory":  "C:\\WINDOWS\\system32\\",
        "Hashes":  "SHA1=660B76B6FB802417D513ADC967C5CAF77FC2BAC6,MD5=32569E403279B3FD2EDB7EBD036273FA,SHA256=C9A28DC8004C3E043CBF8E3A194FDA2B756CE90740DF2175488337281B485F69,IMPHASH=3A8297483C1777054C7BAFEA5E6A8853",
        "Image":  "C:\\Windows\\System32\\svchost.exe",
        "UtcTime":  "2019-06-04 10:23:26.950",
        "ProcessGuid":  "{AC6A4E42-469E-5CF6-0000-0010F7796C00}",
        "Company":  "Microsoft Corporation",
        "IntegrityLevel":  "System",
        "EventId":  1,
        "FileVersion":  "10.0.17134.1 (WinBuild.160101.0800)",
        "User":  "NT AUTHORITY\\SYSTEM",
        "RuleName":  null,
        "Product":  "Microsoft? Windows? Operating System",
        "LogonId":  "0x3e7",
        "ProcessId":  "3136",
        "LogonGuid":  "{AC6A4E42-0410-5CF4-0000-0020E7030000}",
        "TerminalSessionId":  "0",
        "ParentProcessGuid":  "{AC6A4E42-0410-5CF4-0000-001002910000}",
        "ParentProcessId":  "572",
        "ParentImage":  "C:\\Windows\\System32\\services.exe"
    },
    {
        "ParentCommandLine":  "C:\\WINDOWS\\Explorer.EXE",
        "Description":  "Wireshark",
        "CommandLine":  "\"C:\\Program Files\\Wireshark\\Wireshark.exe\" ",
        "CurrentDirectory":  "C:\\Program Files\\Wireshark\\",
        "Hashes":  "SHA1=44248771FD19DFCDD2E7206EA136474597AAE39F,MD5=A2E0B40DDB02146E33623941C81FC79C,SHA256=ACAF12F850C9E6196DE66A528A45099A9FEF21795726B4963D584198E956FF6C,IMPHASH=B4594A5285675280490FCA416F436CDC",
        "Image":  "C:\\Program Files\\Wireshark\\Wireshark.exe",
        "UtcTime":  "2019-06-04 10:23:26.436",
        "ProcessGuid":  "{AC6A4E42-469E-5CF6-0000-001078766C00}",
        "Company":  "The Wireshark developer community, http://www.wireshark.org/",
        "IntegrityLevel":  "Medium",
        "EventId":  1,
        "FileVersion":  "2.2.3",
        "User":  "SEC504STUDENT\\Sec504",
        "RuleName":  null,
        "Product":  "Wireshark",
        "LogonId":  "0x2c0d8",
        "ProcessId":  "5248",
        "LogonGuid":  "{AC6A4E42-0419-5CF4-0000-0020D8C00200}",
        "TerminalSessionId":  "1",
        "ParentProcessGuid":  "{AC6A4E42-041B-5CF4-0000-0010B3310300}",
        "ParentProcessId":  "3504",
        "ParentImage":  "C:\\Windows\\explorer.exe"
    },
    {
        "ParentCommandLine":  "C:\\WINDOWS\\Explorer.EXE",
        "Description":  "?",
        "CommandLine":  "\"C:\\Program Files\\OpenVPN\\bin\\openvpn-gui.exe\" ",
        "CurrentDirectory":  "C:\\Program Files\\OpenVPN\\bin\\",
        "Hashes":  "SHA1=9371F2EB5F835228A1CB8700A56088E020E1EE62,MD5=855799AD5CB42800687CF60FDE4441A8,SHA256=C4301E5B76C6A05C19C47FBFCE48AFF982F6A2801947E721D34B562E08414947,IMPHASH=037F52374915B5A5E39AD40041162661",
        "Image":  "C:\\Program Files\\OpenVPN\\bin\\openvpn-gui.exe",
        "UtcTime":  "2019-06-04 10:23:32.841",
        "ProcessGuid":  "{AC6A4E42-46A4-5CF6-0000-0010ADF46C00}",
        "Company":  "?",
        "IntegrityLevel":  "Medium",
        "EventId":  1,
        "FileVersion":  "?",
        "User":  "SEC504STUDENT\\Sec504",
        "RuleName":  null,
        "Product":  "?",
        "LogonId":  "0x2c0d8",
        "ProcessId":  "3208",
        "LogonGuid":  "{AC6A4E42-0419-5CF4-0000-0020D8C00200}",
        "TerminalSessionId":  "1",
        "ParentProcessGuid":  "{AC6A4E42-041B-5CF4-0000-0010B3310300}",
        "ParentProcessId":  "3504",
        "ParentImage":  "C:\\Windows\\explorer.exe"
    },
    {
        "ParentCommandLine":  "\"C:\\Program Files\\OpenVPN\\bin\\openvpn-gui.exe\" ",
        "Description":  "OpenVPN Daemon",
        "CommandLine":  "openvpn --version",
        "CurrentDirectory":  "C:\\Program Files\\OpenVPN\\bin\\",
        "Hashes":  "SHA1=A99437E9210A34010D84C76FB293F1BB3759DF23,MD5=2607F2DB16D54213F4971FCF990048A2,SHA256=95736A81F920D8754930DA3ABC05F9201210FFB64D147C92597FE1BA4E7399E6,IMPHASH=D84488732E41A2A51934E05D5E22BBDB",
        "Image":  "C:\\Program Files\\OpenVPN\\bin\\openvpn.exe",
        "UtcTime":  "2019-06-04 10:23:34.115",
        "ProcessGuid":  "{AC6A4E42-46A6-5CF6-0000-0010C0FF6C00}",
        "Company":  "The OpenVPN Project",
        "IntegrityLevel":  "Medium",
        "EventId":  1,
        "FileVersion":  "2.4.6.0",
        "User":  "SEC504STUDENT\\Sec504",
        "RuleName":  null,
        "Product":  "OpenVPN",
        "LogonId":  "0x2c0d8",
        "ProcessId":  "1908",
        "LogonGuid":  "{AC6A4E42-0419-5CF4-0000-0020D8C00200}",
        "TerminalSessionId":  "1",
        "ParentProcessGuid":  "{AC6A4E42-46A4-5CF6-0000-0010ADF46C00}",
        "ParentProcessId":  "3208",
        "ParentImage":  "C:\\Program Files\\OpenVPN\\bin\\openvpn-gui.exe"
    },
    {
        "ParentCommandLine":  "openvpn --version",
        "Description":  "Console Window Host",
        "CommandLine":  "\\??\\C:\\WINDOWS\\system32\\conhost.exe 0xffffffff -ForceV1",
        "CurrentDirectory":  "C:\\WINDOWS",
        "Hashes":  "SHA1=8F9BC1B7D65188D0ADBDF74CCCE4EED78BF4C129,MD5=EA777DEEA782E8B4D7C7C33BBF8A4496,SHA256=04B6A35BC504401989B9E674C57C9E84D0CBDBBD9D8CE0CE83D7CECA0B7175ED,IMPHASH=63E065B05DF33ACB4D95B3DD04670B8F",
        "Image":  "C:\\Windows\\System32\\conhost.exe",
        "UtcTime":  "2019-06-04 10:23:34.538",
        "ProcessGuid":  "{AC6A4E42-46A6-5CF6-0000-001091076D00}",
        "Company":  "Microsoft Corporation",
        "IntegrityLevel":  "Medium",
        "EventId":  1,
        "FileVersion":  "10.0.17134.1 (WinBuild.160101.0800)",
        "User":  "SEC504STUDENT\\Sec504",
        "RuleName":  null,
        "Product":  "Microsoft? Windows? Operating System",
        "LogonId":  "0x2c0d8",
        "ProcessId":  "4600",
        "LogonGuid":  "{AC6A4E42-0419-5CF4-0000-0020D8C00200}",
        "TerminalSessionId":  "1",
        "ParentProcessGuid":  "{AC6A4E42-46A6-5CF6-0000-0010C0FF6C00}",
        "ParentProcessId":  "1908",
        "ParentImage":  "C:\\Program Files\\OpenVPN\\bin\\openvpn.exe"
    },
    {
        "ParentCommandLine":  "\"C:\\Program Files\\Wireshark\\Wireshark.exe\" ",
        "Description":  "?",
        "CommandLine":  "\"C:\\\\Program Files\\\\Wireshark\\\\extcap\\\\androiddump.exe\" --extcap-interfaces",
        "CurrentDirectory":  "C:\\Program Files\\Wireshark\\",
        "Hashes":  "SHA1=5D54AB3ACBE859FFAB4C045B32AC0A7FE97D6669,MD5=9F56A2018C8C3D862328143A46964D3B,SHA256=FD5630D86C4E1241CB84C9A9D553384AC1F067F015208FE8FB495B697F7F966D,IMPHASH=65E8E98826EE67B3E02F9BD400700B65",
        "Image":  "C:\\Program Files\\Wireshark\\extcap\\androiddump.exe",
        "UtcTime":  "2019-06-04 10:23:51.087",
        "ProcessGuid":  "{AC6A4E42-46B7-5CF6-0000-0010F93A6D00}",
        "Company":  "?",
        "IntegrityLevel":  "Medium",
        "EventId":  1,
        "FileVersion":  "?",
        "User":  "SEC504STUDENT\\Sec504",
        "RuleName":  null,
        "Product":  "?",
        "LogonId":  "0x2c0d8",
        "ProcessId":  "884",
        "LogonGuid":  "{AC6A4E42-0419-5CF4-0000-0020D8C00200}",
        "TerminalSessionId":  "1",
        "ParentProcessGuid":  "{AC6A4E42-469E-5CF6-0000-001078766C00}",
        "ParentProcessId":  "5248",
        "ParentImage":  "C:\\Program Files\\Wireshark\\Wireshark.exe"
    },
    {
        "ParentCommandLine":  "\"C:\\Program Files\\Wireshark\\Wireshark.exe\" ",
        "Description":  "?",
        "CommandLine":  "\"C:\\\\Program Files\\\\Wireshark\\\\extcap\\\\ciscodump.exe\" --extcap-interfaces",
        "CurrentDirectory":  "C:\\Program Files\\Wireshark\\",
        "Hashes":  "SHA1=47517FCA9446A90D70152E2E05CB4ED3C97D27EF,MD5=5E1ADCA7CD21B6F147A5015136408F82,SHA256=72ABED0209D89788750B74626FB9C44C1CFA6B4B13EBAF971ED9766B3973B68B,IMPHASH=CC4F29E4D38F150B49D9AB8B92868713",
        "Image":  "C:\\Program Files\\Wireshark\\extcap\\ciscodump.exe",
        "UtcTime":  "2019-06-04 10:23:52.341",
        "ProcessGuid":  "{AC6A4E42-46B8-5CF6-0000-001072426D00}",
        "Company":  "?",
        "IntegrityLevel":  "Medium",
        "EventId":  1,
        "FileVersion":  "?",
        "User":  "SEC504STUDENT\\Sec504",
        "RuleName":  null,
        "Product":  "?",
        "LogonId":  "0x2c0d8",
        "ProcessId":  "5484",
        "LogonGuid":  "{AC6A4E42-0419-5CF4-0000-0020D8C00200}",
        "TerminalSessionId":  "1",
        "ParentProcessGuid":  "{AC6A4E42-469E-5CF6-0000-001078766C00}",
        "ParentProcessId":  "5248",
        "ParentImage":  "C:\\Program Files\\Wireshark\\Wireshark.exe"
    },
    {
        "ParentCommandLine":  "\"C:\\Program Files\\Wireshark\\Wireshark.exe\" ",
        "Description":  "?",
        "CommandLine":  "\"C:\\\\Program Files\\\\Wireshark\\\\extcap\\\\randpktdump.exe\" --extcap-interfaces",
        "CurrentDirectory":  "C:\\Program Files\\Wireshark\\",
        "Hashes":  "SHA1=E6BD069A53DE3B64F8525661619D14243ECC1C42,MD5=124B4B1A04294C388C9E397EB4197D29,SHA256=68C6276FF47963DF881A58F54771716F5540ED239865898C5A2103F908577D13,IMPHASH=592E5E030A6FA790FBEA5AE698B81FC8",
        "Image":  "C:\\Program Files\\Wireshark\\extcap\\randpktdump.exe",
        "UtcTime":  "2019-06-04 10:23:52.487",
        "ProcessGuid":  "{AC6A4E42-46B8-5CF6-0000-0010E6496D00}",
        "Company":  "?",
        "IntegrityLevel":  "Medium",
        "EventId":  1,
        "FileVersion":  "?",
        "User":  "SEC504STUDENT\\Sec504",
        "RuleName":  null,
        "Product":  "?",
        "LogonId":  "0x2c0d8",
        "ProcessId":  "5612",
        "LogonGuid":  "{AC6A4E42-0419-5CF4-0000-0020D8C00200}",
        "TerminalSessionId":  "1",
        "ParentProcessGuid":  "{AC6A4E42-469E-5CF6-0000-001078766C00}",
        "ParentProcessId":  "5248",
        "ParentImage":  "C:\\Program Files\\Wireshark\\Wireshark.exe"
    },
    {
        "ParentCommandLine":  "\"C:\\Program Files\\Wireshark\\Wireshark.exe\" ",
        "Description":  "?",
        "CommandLine":  "\"C:\\\\Program Files\\\\Wireshark\\\\extcap\\\\sshdump.exe\" --extcap-interfaces",
        "CurrentDirectory":  "C:\\Program Files\\Wireshark\\",
        "Hashes":  "SHA1=1E599D5FF429B5D54B823A308C279000997C70B4,MD5=407CE06208573572BA8DC4A3BD61D09C,SHA256=215DC6139DA1CBA4D540AEA2A5F5B712B82FE1F802F88D13BFC235F51E80ED1D,IMPHASH=B314AB248FEA833807CE5FE2D04C50A2",
        "Image":  "C:\\Program Files\\Wireshark\\extcap\\sshdump.exe",
        "UtcTime":  "2019-06-04 10:23:52.611",
        "ProcessGuid":  "{AC6A4E42-46B8-5CF6-0000-0010B44F6D00}",
        "Company":  "?",
        "IntegrityLevel":  "Medium",
        "EventId":  1,
        "FileVersion":  "?",
        "User":  "SEC504STUDENT\\Sec504",
        "RuleName":  null,
        "Product":  "?",
        "LogonId":  "0x2c0d8",
        "ProcessId":  "4496",
        "LogonGuid":  "{AC6A4E42-0419-5CF4-0000-0020D8C00200}",
        "TerminalSessionId":  "1",
        "ParentProcessGuid":  "{AC6A4E42-469E-5CF6-0000-001078766C00}",
        "ParentProcessId":  "5248",
        "ParentImage":  "C:\\Program Files\\Wireshark\\Wireshark.exe"
    },
    {
        "ParentCommandLine":  "\"C:\\Program Files\\Wireshark\\Wireshark.exe\" ",
        "Description":  "?",
        "CommandLine":  "\"C:\\\\Program Files\\\\Wireshark\\\\extcap\\\\USBPcapCMD.exe\" --extcap-interfaces",
        "CurrentDirectory":  "C:\\Program Files\\Wireshark\\",
        "Hashes":  "SHA1=5B8D34DD58C7034FE50063C6E815EADED6A481F2,MD5=1F8E178FF6763150CF2C36C6B7C125A7,SHA256=E0725E75FABBB5734DCC33B69D1016D5907F77803AE6C9D53BC42FC23ED0A9D9,IMPHASH=DC70CEDCCFA33B5ACC16191D314A16D0",
        "Image":  "C:\\Program Files\\Wireshark\\extcap\\USBPcapCMD.exe",
        "UtcTime":  "2019-06-04 10:23:52.685",
        "ProcessGuid":  "{AC6A4E42-46B8-5CF6-0000-00103B566D00}",
        "Company":  "?",
        "IntegrityLevel":  "Medium",
        "EventId":  1,
        "FileVersion":  "?",
        "User":  "SEC504STUDENT\\Sec504",
        "RuleName":  null,
        "Product":  "?",
        "LogonId":  "0x2c0d8",
        "ProcessId":  "5112",
        "LogonGuid":  "{AC6A4E42-0419-5CF4-0000-0020D8C00200}",
        "TerminalSessionId":  "1",
        "ParentProcessGuid":  "{AC6A4E42-469E-5CF6-0000-001078766C00}",
        "ParentProcessId":  "5248",
        "ParentImage":  "C:\\Program Files\\Wireshark\\Wireshark.exe"
    },
    {
        "ParentCommandLine":  "\"C:\\Program Files\\Wireshark\\Wireshark.exe\" ",
        "Description":  "?",
        "CommandLine":  "\"C:\\\\Program Files\\\\Wireshark\\\\extcap\\\\USBPcapCMD.exe\" --extcap-config --extcap-interface \\\\.\\USBPcap3",
        "CurrentDirectory":  "C:\\Program Files\\Wireshark\\",
        "Hashes":  "SHA1=5B8D34DD58C7034FE50063C6E815EADED6A481F2,MD5=1F8E178FF6763150CF2C36C6B7C125A7,SHA256=E0725E75FABBB5734DCC33B69D1016D5907F77803AE6C9D53BC42FC23ED0A9D9,IMPHASH=DC70CEDCCFA33B5ACC16191D314A16D0",
        "Image":  "C:\\Program Files\\Wireshark\\extcap\\USBPcapCMD.exe",
        "UtcTime":  "2019-06-04 10:23:52.764",
        "ProcessGuid":  "{AC6A4E42-46B8-5CF6-0000-0010CA5A6D00}",
        "Company":  "?",
        "IntegrityLevel":  "Medium",
        "EventId":  1,
        "FileVersion":  "?",
        "User":  "SEC504STUDENT\\Sec504",
        "RuleName":  null,
        "Product":  "?",
        "LogonId":  "0x2c0d8",
        "ProcessId":  "5196",
        "LogonGuid":  "{AC6A4E42-0419-5CF4-0000-0020D8C00200}",
        "TerminalSessionId":  "1",
        "ParentProcessGuid":  "{AC6A4E42-469E-5CF6-0000-001078766C00}",
        "ParentProcessId":  "5248",
        "ParentImage":  "C:\\Program Files\\Wireshark\\Wireshark.exe"
    },
    {
        "ParentCommandLine":  "\"C:\\Program Files\\Wireshark\\Wireshark.exe\" ",
        "Description":  "?",
        "CommandLine":  "\"C:\\\\Program Files\\\\Wireshark\\\\extcap\\\\USBPcapCMD.exe\" --extcap-config --extcap-interface \\\\.\\USBPcap2",
        "CurrentDirectory":  "C:\\Program Files\\Wireshark\\",
        "Hashes":  "SHA1=5B8D34DD58C7034FE50063C6E815EADED6A481F2,MD5=1F8E178FF6763150CF2C36C6B7C125A7,SHA256=E0725E75FABBB5734DCC33B69D1016D5907F77803AE6C9D53BC42FC23ED0A9D9,IMPHASH=DC70CEDCCFA33B5ACC16191D314A16D0",
        "Image":  "C:\\Program Files\\Wireshark\\extcap\\USBPcapCMD.exe",
        "UtcTime":  "2019-06-04 10:23:52.995",
        "ProcessGuid":  "{AC6A4E42-46B8-5CF6-0000-001007606D00}",
        "Company":  "?",
        "IntegrityLevel":  "Medium",
        "EventId":  1,
        "FileVersion":  "?",
        "User":  "SEC504STUDENT\\Sec504",
        "RuleName":  null,
        "Product":  "?",
        "LogonId":  "0x2c0d8",
        "ProcessId":  "256",
        "LogonGuid":  "{AC6A4E42-0419-5CF4-0000-0020D8C00200}",
        "TerminalSessionId":  "1",
        "ParentProcessGuid":  "{AC6A4E42-469E-5CF6-0000-001078766C00}",
        "ParentProcessId":  "5248",
        "ParentImage":  "C:\\Program Files\\Wireshark\\Wireshark.exe"
    },
    {
        "ParentCommandLine":  "\"C:\\Program Files\\Wireshark\\Wireshark.exe\" ",
        "Description":  "?",
        "CommandLine":  "\"C:\\\\Program Files\\\\Wireshark\\\\extcap\\\\ciscodump.exe\" --extcap-config --extcap-interface cisco",
        "CurrentDirectory":  "C:\\Program Files\\Wireshark\\",
        "Hashes":  "SHA1=47517FCA9446A90D70152E2E05CB4ED3C97D27EF,MD5=5E1ADCA7CD21B6F147A5015136408F82,SHA256=72ABED0209D89788750B74626FB9C44C1CFA6B4B13EBAF971ED9766B3973B68B,IMPHASH=CC4F29E4D38F150B49D9AB8B92868713",
        "Image":  "C:\\Program Files\\Wireshark\\extcap\\ciscodump.exe",
        "UtcTime":  "2019-06-04 10:23:53.065",
        "ProcessGuid":  "{AC6A4E42-46B9-5CF6-0000-0010EA626D00}",
        "Company":  "?",
        "IntegrityLevel":  "Medium",
        "EventId":  1,
        "FileVersion":  "?",
        "User":  "SEC504STUDENT\\Sec504",
        "RuleName":  null,
        "Product":  "?",
        "LogonId":  "0x2c0d8",
        "ProcessId":  "1444",
        "LogonGuid":  "{AC6A4E42-0419-5CF4-0000-0020D8C00200}",
        "TerminalSessionId":  "1",
        "ParentProcessGuid":  "{AC6A4E42-469E-5CF6-0000-001078766C00}",
        "ParentProcessId":  "5248",
        "ParentImage":  "C:\\Program Files\\Wireshark\\Wireshark.exe"
    },
    {
        "ParentCommandLine":  "\"C:\\Program Files\\Wireshark\\Wireshark.exe\" ",
        "Description":  "?",
        "CommandLine":  "\"C:\\\\Program Files\\\\Wireshark\\\\extcap\\\\USBPcapCMD.exe\" --extcap-config --extcap-interface \\\\.\\USBPcap1",
        "CurrentDirectory":  "C:\\Program Files\\Wireshark\\",
        "Hashes":  "SHA1=5B8D34DD58C7034FE50063C6E815EADED6A481F2,MD5=1F8E178FF6763150CF2C36C6B7C125A7,SHA256=E0725E75FABBB5734DCC33B69D1016D5907F77803AE6C9D53BC42FC23ED0A9D9,IMPHASH=DC70CEDCCFA33B5ACC16191D314A16D0",
        "Image":  "C:\\Program Files\\Wireshark\\extcap\\USBPcapCMD.exe",
        "UtcTime":  "2019-06-04 10:23:53.142",
        "ProcessGuid":  "{AC6A4E42-46B9-5CF6-0000-0010F3676D00}",
        "Company":  "?",
        "IntegrityLevel":  "Medium",
        "EventId":  1,
        "FileVersion":  "?",
        "User":  "SEC504STUDENT\\Sec504",
        "RuleName":  null,
        "Product":  "?",
        "LogonId":  "0x2c0d8",
        "ProcessId":  "312",
        "LogonGuid":  "{AC6A4E42-0419-5CF4-0000-0020D8C00200}",
        "TerminalSessionId":  "1",
        "ParentProcessGuid":  "{AC6A4E42-469E-5CF6-0000-001078766C00}",
        "ParentProcessId":  "5248",
        "ParentImage":  "C:\\Program Files\\Wireshark\\Wireshark.exe"
    },
    {
        "ParentCommandLine":  "\"C:\\Program Files\\Wireshark\\Wireshark.exe\" ",
        "Description":  "?",
        "CommandLine":  "\"C:\\\\Program Files\\\\Wireshark\\\\extcap\\\\randpktdump.exe\" --extcap-config --extcap-interface randpkt",
        "CurrentDirectory":  "C:\\Program Files\\Wireshark\\",
        "Hashes":  "SHA1=E6BD069A53DE3B64F8525661619D14243ECC1C42,MD5=124B4B1A04294C388C9E397EB4197D29,SHA256=68C6276FF47963DF881A58F54771716F5540ED239865898C5A2103F908577D13,IMPHASH=592E5E030A6FA790FBEA5AE698B81FC8",
        "Image":  "C:\\Program Files\\Wireshark\\extcap\\randpktdump.exe",
        "UtcTime":  "2019-06-04 10:23:53.197",
        "ProcessGuid":  "{AC6A4E42-46B9-5CF6-0000-0010B56A6D00}",
        "Company":  "?",
        "IntegrityLevel":  "Medium",
        "EventId":  1,
        "FileVersion":  "?",
        "User":  "SEC504STUDENT\\Sec504",
        "RuleName":  null,
        "Product":  "?",
        "LogonId":  "0x2c0d8",
        "ProcessId":  "4816",
        "LogonGuid":  "{AC6A4E42-0419-5CF4-0000-0020D8C00200}",
        "TerminalSessionId":  "1",
        "ParentProcessGuid":  "{AC6A4E42-469E-5CF6-0000-001078766C00}",
        "ParentProcessId":  "5248",
        "ParentImage":  "C:\\Program Files\\Wireshark\\Wireshark.exe"
    },
    {
        "ParentCommandLine":  "\"C:\\Program Files\\Wireshark\\Wireshark.exe\" ",
        "Description":  "?",
        "CommandLine":  "\"C:\\\\Program Files\\\\Wireshark\\\\extcap\\\\sshdump.exe\" --extcap-config --extcap-interface ssh",
        "CurrentDirectory":  "C:\\Program Files\\Wireshark\\",
        "Hashes":  "SHA1=1E599D5FF429B5D54B823A308C279000997C70B4,MD5=407CE06208573572BA8DC4A3BD61D09C,SHA256=215DC6139DA1CBA4D540AEA2A5F5B712B82FE1F802F88D13BFC235F51E80ED1D,IMPHASH=B314AB248FEA833807CE5FE2D04C50A2",
        "Image":  "C:\\Program Files\\Wireshark\\extcap\\sshdump.exe",
        "UtcTime":  "2019-06-04 10:23:53.233",
        "ProcessGuid":  "{AC6A4E42-46B9-5CF6-0000-0010686F6D00}",
        "Company":  "?",
        "IntegrityLevel":  "Medium",
        "EventId":  1,
        "FileVersion":  "?",
        "User":  "SEC504STUDENT\\Sec504",
        "RuleName":  null,
        "Product":  "?",
        "LogonId":  "0x2c0d8",
        "ProcessId":  "5172",
        "LogonGuid":  "{AC6A4E42-0419-5CF4-0000-0020D8C00200}",
        "TerminalSessionId":  "1",
        "ParentProcessGuid":  "{AC6A4E42-469E-5CF6-0000-001078766C00}",
        "ParentProcessId":  "5248",
        "ParentImage":  "C:\\Program Files\\Wireshark\\Wireshark.exe"
    },
    {
        "ParentCommandLine":  "\"C:\\Program Files\\Wireshark\\Wireshark.exe\" ",
        "Description":  "Dumpcap",
        "CommandLine":  "\"C:\\Program Files\\Wireshark\\dumpcap.exe\" -D -Z none",
        "CurrentDirectory":  "C:\\Program Files\\Wireshark\\",
        "Hashes":  "SHA1=9AE11406407699C016132633C4464EEB1B85F640,MD5=28869D1C0F3C57B3A12B1ACC758BFD3D,SHA256=F282900DF73E74D727580A88ECD6A4A2D2942FBB980D66009C6C85DDD8B31D9D,IMPHASH=BA28212C31A1C7FA632746E6F19EF3B4",
        "Image":  "C:\\Program Files\\Wireshark\\dumpcap.exe",
        "UtcTime":  "2019-06-04 10:23:53.284",
        "ProcessGuid":  "{AC6A4E42-46B9-5CF6-0000-0010BA746D00}",
        "Company":  "The Wireshark developer community",
        "IntegrityLevel":  "Medium",
        "EventId":  1,
        "FileVersion":  "2.2.3",
        "User":  "SEC504STUDENT\\Sec504",
        "RuleName":  null,
        "Product":  "Dumpcap",
        "LogonId":  "0x2c0d8",
        "ProcessId":  "1152",
        "LogonGuid":  "{AC6A4E42-0419-5CF4-0000-0020D8C00200}",
        "TerminalSessionId":  "1",
        "ParentProcessGuid":  "{AC6A4E42-469E-5CF6-0000-001078766C00}",
        "ParentProcessId":  "5248",
        "ParentImage":  "C:\\Program Files\\Wireshark\\Wireshark.exe"
    },
    {
        "ParentCommandLine":  "\"C:\\Program Files\\Wireshark\\dumpcap.exe\" -D -Z none",
        "Description":  "Console Window Host",
        "CommandLine":  "\\??\\C:\\WINDOWS\\system32\\conhost.exe 0xffffffff -ForceV1",
        "CurrentDirectory":  "C:\\WINDOWS",
        "Hashes":  "SHA1=8F9BC1B7D65188D0ADBDF74CCCE4EED78BF4C129,MD5=EA777DEEA782E8B4D7C7C33BBF8A4496,SHA256=04B6A35BC504401989B9E674C57C9E84D0CBDBBD9D8CE0CE83D7CECA0B7175ED,IMPHASH=63E065B05DF33ACB4D95B3DD04670B8F",
        "Image":  "C:\\Windows\\System32\\conhost.exe",
        "UtcTime":  "2019-06-04 10:23:53.304",
        "ProcessGuid":  "{AC6A4E42-46B9-5CF6-0000-0010BF756D00}",
        "Company":  "Microsoft Corporation",
        "IntegrityLevel":  "Medium",
        "EventId":  1,
        "FileVersion":  "10.0.17134.1 (WinBuild.160101.0800)",
        "User":  "SEC504STUDENT\\Sec504",
        "RuleName":  null,
        "Product":  "Microsoft? Windows? Operating System",
        "LogonId":  "0x2c0d8",
        "ProcessId":  "5096",
        "LogonGuid":  "{AC6A4E42-0419-5CF4-0000-0020D8C00200}",
        "TerminalSessionId":  "1",
        "ParentProcessGuid":  "{AC6A4E42-46B9-5CF6-0000-0010BA746D00}",
        "ParentProcessId":  "1152",
        "ParentImage":  "C:\\Program Files\\Wireshark\\dumpcap.exe"
    },
    {
        "ParentCommandLine":  "\"C:\\Program Files\\Wireshark\\Wireshark.exe\" ",
        "Description":  "?",
        "CommandLine":  "\"C:\\\\Program Files\\\\Wireshark\\\\extcap\\\\androiddump.exe\" --extcap-interfaces",
        "CurrentDirectory":  "C:\\Program Files\\Wireshark\\",
        "Hashes":  "SHA1=5D54AB3ACBE859FFAB4C045B32AC0A7FE97D6669,MD5=9F56A2018C8C3D862328143A46964D3B,SHA256=FD5630D86C4E1241CB84C9A9D553384AC1F067F015208FE8FB495B697F7F966D,IMPHASH=65E8E98826EE67B3E02F9BD400700B65",
        "Image":  "C:\\Program Files\\Wireshark\\extcap\\androiddump.exe",
        "UtcTime":  "2019-06-04 10:23:53.550",
        "ProcessGuid":  "{AC6A4E42-46B9-5CF6-0000-001013806D00}",
        "Company":  "?",
        "IntegrityLevel":  "Medium",
        "EventId":  1,
        "FileVersion":  "?",
        "User":  "SEC504STUDENT\\Sec504",
        "RuleName":  null,
        "Product":  "?",
        "LogonId":  "0x2c0d8",
        "ProcessId":  "2296",
        "LogonGuid":  "{AC6A4E42-0419-5CF4-0000-0020D8C00200}",
        "TerminalSessionId":  "1",
        "ParentProcessGuid":  "{AC6A4E42-469E-5CF6-0000-001078766C00}",
        "ParentProcessId":  "5248",
        "ParentImage":  "C:\\Program Files\\Wireshark\\Wireshark.exe"
    },
    {
        "ParentCommandLine":  "\"C:\\Program Files\\Wireshark\\Wireshark.exe\" ",
        "Description":  "?",
        "CommandLine":  "\"C:\\\\Program Files\\\\Wireshark\\\\extcap\\\\ciscodump.exe\" --extcap-interfaces",
        "CurrentDirectory":  "C:\\Program Files\\Wireshark\\",
        "Hashes":  "SHA1=47517FCA9446A90D70152E2E05CB4ED3C97D27EF,MD5=5E1ADCA7CD21B6F147A5015136408F82,SHA256=72ABED0209D89788750B74626FB9C44C1CFA6B4B13EBAF971ED9766B3973B68B,IMPHASH=CC4F29E4D38F150B49D9AB8B92868713",
        "Image":  "C:\\Program Files\\Wireshark\\extcap\\ciscodump.exe",
        "UtcTime":  "2019-06-04 10:23:54.605",
        "ProcessGuid":  "{AC6A4E42-46BA-5CF6-0000-00104C856D00}",
        "Company":  "?",
        "IntegrityLevel":  "Medium",
        "EventId":  1,
        "FileVersion":  "?",
        "User":  "SEC504STUDENT\\Sec504",
        "RuleName":  null,
        "Product":  "?",
        "LogonId":  "0x2c0d8",
        "ProcessId":  "6024",
        "LogonGuid":  "{AC6A4E42-0419-5CF4-0000-0020D8C00200}",
        "TerminalSessionId":  "1",
        "ParentProcessGuid":  "{AC6A4E42-469E-5CF6-0000-001078766C00}",
        "ParentProcessId":  "5248",
        "ParentImage":  "C:\\Program Files\\Wireshark\\Wireshark.exe"
    },
    {
        "ParentCommandLine":  "\"C:\\Program Files\\Wireshark\\Wireshark.exe\" ",
        "Description":  "?",
        "CommandLine":  "\"C:\\\\Program Files\\\\Wireshark\\\\extcap\\\\randpktdump.exe\" --extcap-interfaces",
        "CurrentDirectory":  "C:\\Program Files\\Wireshark\\",
        "Hashes":  "SHA1=E6BD069A53DE3B64F8525661619D14243ECC1C42,MD5=124B4B1A04294C388C9E397EB4197D29,SHA256=68C6276FF47963DF881A58F54771716F5540ED239865898C5A2103F908577D13,IMPHASH=592E5E030A6FA790FBEA5AE698B81FC8",
        "Image":  "C:\\Program Files\\Wireshark\\extcap\\randpktdump.exe",
        "UtcTime":  "2019-06-04 10:23:54.633",
        "ProcessGuid":  "{AC6A4E42-46BA-5CF6-0000-001080896D00}",
        "Company":  "?",
        "IntegrityLevel":  "Medium",
        "EventId":  1,
        "FileVersion":  "?",
        "User":  "SEC504STUDENT\\Sec504",
        "RuleName":  null,
        "Product":  "?",
        "LogonId":  "0x2c0d8",
        "ProcessId":  "4392",
        "LogonGuid":  "{AC6A4E42-0419-5CF4-0000-0020D8C00200}",
        "TerminalSessionId":  "1",
        "ParentProcessGuid":  "{AC6A4E42-469E-5CF6-0000-001078766C00}",
        "ParentProcessId":  "5248",
        "ParentImage":  "C:\\Program Files\\Wireshark\\Wireshark.exe"
    },
    {
        "ParentCommandLine":  "\"C:\\Program Files\\Wireshark\\Wireshark.exe\" ",
        "Description":  "?",
        "CommandLine":  "\"C:\\\\Program Files\\\\Wireshark\\\\extcap\\\\sshdump.exe\" --extcap-interfaces",
        "CurrentDirectory":  "C:\\Program Files\\Wireshark\\",
        "Hashes":  "SHA1=1E599D5FF429B5D54B823A308C279000997C70B4,MD5=407CE06208573572BA8DC4A3BD61D09C,SHA256=215DC6139DA1CBA4D540AEA2A5F5B712B82FE1F802F88D13BFC235F51E80ED1D,IMPHASH=B314AB248FEA833807CE5FE2D04C50A2",
        "Image":  "C:\\Program Files\\Wireshark\\extcap\\sshdump.exe",
        "UtcTime":  "2019-06-04 10:23:54.664",
        "ProcessGuid":  "{AC6A4E42-46BA-5CF6-0000-0010E28D6D00}",
        "Company":  "?",
        "IntegrityLevel":  "Medium",
        "EventId":  1,
        "FileVersion":  "?",
        "User":  "SEC504STUDENT\\Sec504",
        "RuleName":  null,
        "Product":  "?",
        "LogonId":  "0x2c0d8",
        "ProcessId":  "3456",
        "LogonGuid":  "{AC6A4E42-0419-5CF4-0000-0020D8C00200}",
        "TerminalSessionId":  "1",
        "ParentProcessGuid":  "{AC6A4E42-469E-5CF6-0000-001078766C00}",
        "ParentProcessId":  "5248",
        "ParentImage":  "C:\\Program Files\\Wireshark\\Wireshark.exe"
    },
    {
        "ParentCommandLine":  "\"C:\\Program Files\\Wireshark\\Wireshark.exe\" ",
        "Description":  "?",
        "CommandLine":  "\"C:\\\\Program Files\\\\Wireshark\\\\extcap\\\\USBPcapCMD.exe\" --extcap-interfaces",
        "CurrentDirectory":  "C:\\Program Files\\Wireshark\\",
        "Hashes":  "SHA1=5B8D34DD58C7034FE50063C6E815EADED6A481F2,MD5=1F8E178FF6763150CF2C36C6B7C125A7,SHA256=E0725E75FABBB5734DCC33B69D1016D5907F77803AE6C9D53BC42FC23ED0A9D9,IMPHASH=DC70CEDCCFA33B5ACC16191D314A16D0",
        "Image":  "C:\\Program Files\\Wireshark\\extcap\\USBPcapCMD.exe",
        "UtcTime":  "2019-06-04 10:23:54.689",
        "ProcessGuid":  "{AC6A4E42-46BA-5CF6-0000-00103D926D00}",
        "Company":  "?",
        "IntegrityLevel":  "Medium",
        "EventId":  1,
        "FileVersion":  "?",
        "User":  "SEC504STUDENT\\Sec504",
        "RuleName":  null,
        "Product":  "?",
        "LogonId":  "0x2c0d8",
        "ProcessId":  "5152",
        "LogonGuid":  "{AC6A4E42-0419-5CF4-0000-0020D8C00200}",
        "TerminalSessionId":  "1",
        "ParentProcessGuid":  "{AC6A4E42-469E-5CF6-0000-001078766C00}",
        "ParentProcessId":  "5248",
        "ParentImage":  "C:\\Program Files\\Wireshark\\Wireshark.exe"
    },
    {
        "ParentCommandLine":  "\"C:\\Program Files\\Wireshark\\Wireshark.exe\" ",
        "Description":  "?",
        "CommandLine":  "\"C:\\\\Program Files\\\\Wireshark\\\\extcap\\\\USBPcapCMD.exe\" --extcap-dlts --extcap-interface \\\\.\\USBPcap1",
        "CurrentDirectory":  "C:\\Program Files\\Wireshark\\",
        "Hashes":  "SHA1=5B8D34DD58C7034FE50063C6E815EADED6A481F2,MD5=1F8E178FF6763150CF2C36C6B7C125A7,SHA256=E0725E75FABBB5734DCC33B69D1016D5907F77803AE6C9D53BC42FC23ED0A9D9,IMPHASH=DC70CEDCCFA33B5ACC16191D314A16D0",
        "Image":  "C:\\Program Files\\Wireshark\\extcap\\USBPcapCMD.exe",
        "UtcTime":  "2019-06-04 10:23:54.720",
        "ProcessGuid":  "{AC6A4E42-46BA-5CF6-0000-00100E956D00}",
        "Company":  "?",
        "IntegrityLevel":  "Medium",
        "EventId":  1,
        "FileVersion":  "?",
        "User":  "SEC504STUDENT\\Sec504",
        "RuleName":  null,
        "Product":  "?",
        "LogonId":  "0x2c0d8",
        "ProcessId":  "2380",
        "LogonGuid":  "{AC6A4E42-0419-5CF4-0000-0020D8C00200}",
        "TerminalSessionId":  "1",
        "ParentProcessGuid":  "{AC6A4E42-469E-5CF6-0000-001078766C00}",
        "ParentProcessId":  "5248",
        "ParentImage":  "C:\\Program Files\\Wireshark\\Wireshark.exe"
    },
    {
        "ParentCommandLine":  "\"C:\\Program Files\\Wireshark\\Wireshark.exe\" ",
        "Description":  "?",
        "CommandLine":  "\"C:\\\\Program Files\\\\Wireshark\\\\extcap\\\\USBPcapCMD.exe\" --extcap-dlts --extcap-interface \\\\.\\USBPcap2",
        "CurrentDirectory":  "C:\\Program Files\\Wireshark\\",
        "Hashes":  "SHA1=5B8D34DD58C7034FE50063C6E815EADED6A481F2,MD5=1F8E178FF6763150CF2C36C6B7C125A7,SHA256=E0725E75FABBB5734DCC33B69D1016D5907F77803AE6C9D53BC42FC23ED0A9D9,IMPHASH=DC70CEDCCFA33B5ACC16191D314A16D0",
        "Image":  "C:\\Program Files\\Wireshark\\extcap\\USBPcapCMD.exe",
        "UtcTime":  "2019-06-04 10:23:54.742",
        "ProcessGuid":  "{AC6A4E42-46BA-5CF6-0000-0010CF976D00}",
        "Company":  "?",
        "IntegrityLevel":  "Medium",
        "EventId":  1,
        "FileVersion":  "?",
        "User":  "SEC504STUDENT\\Sec504",
        "RuleName":  null,
        "Product":  "?",
        "LogonId":  "0x2c0d8",
        "ProcessId":  "3516",
        "LogonGuid":  "{AC6A4E42-0419-5CF4-0000-0020D8C00200}",
        "TerminalSessionId":  "1",
        "ParentProcessGuid":  "{AC6A4E42-469E-5CF6-0000-001078766C00}",
        "ParentProcessId":  "5248",
        "ParentImage":  "C:\\Program Files\\Wireshark\\Wireshark.exe"
    },
    {
        "ParentCommandLine":  "\"C:\\Program Files\\Wireshark\\Wireshark.exe\" ",
        "Description":  "?",
        "CommandLine":  "\"C:\\\\Program Files\\\\Wireshark\\\\extcap\\\\USBPcapCMD.exe\" --extcap-dlts --extcap-interface \\\\.\\USBPcap3",
        "CurrentDirectory":  "C:\\Program Files\\Wireshark\\",
        "Hashes":  "SHA1=5B8D34DD58C7034FE50063C6E815EADED6A481F2,MD5=1F8E178FF6763150CF2C36C6B7C125A7,SHA256=E0725E75FABBB5734DCC33B69D1016D5907F77803AE6C9D53BC42FC23ED0A9D9,IMPHASH=DC70CEDCCFA33B5ACC16191D314A16D0",
        "Image":  "C:\\Program Files\\Wireshark\\extcap\\USBPcapCMD.exe",
        "UtcTime":  "2019-06-04 10:23:54.767",
        "ProcessGuid":  "{AC6A4E42-46BA-5CF6-0000-00108C9A6D00}",
        "Company":  "?",
        "IntegrityLevel":  "Medium",
        "EventId":  1,
        "FileVersion":  "?",
        "User":  "SEC504STUDENT\\Sec504",
        "RuleName":  null,
        "Product":  "?",
        "LogonId":  "0x2c0d8",
        "ProcessId":  "2928",
        "LogonGuid":  "{AC6A4E42-0419-5CF4-0000-0020D8C00200}",
        "TerminalSessionId":  "1",
        "ParentProcessGuid":  "{AC6A4E42-469E-5CF6-0000-001078766C00}",
        "ParentProcessId":  "5248",
        "ParentImage":  "C:\\Program Files\\Wireshark\\Wireshark.exe"
    },
    {
        "ParentCommandLine":  "\"C:\\Program Files\\Wireshark\\Wireshark.exe\" ",
        "Description":  "?",
        "CommandLine":  "\"C:\\\\Program Files\\\\Wireshark\\\\extcap\\\\ciscodump.exe\" --extcap-dlts --extcap-interface cisco",
        "CurrentDirectory":  "C:\\Program Files\\Wireshark\\",
        "Hashes":  "SHA1=47517FCA9446A90D70152E2E05CB4ED3C97D27EF,MD5=5E1ADCA7CD21B6F147A5015136408F82,SHA256=72ABED0209D89788750B74626FB9C44C1CFA6B4B13EBAF971ED9766B3973B68B,IMPHASH=CC4F29E4D38F150B49D9AB8B92868713",
        "Image":  "C:\\Program Files\\Wireshark\\extcap\\ciscodump.exe",
        "UtcTime":  "2019-06-04 10:23:54.788",
        "ProcessGuid":  "{AC6A4E42-46BA-5CF6-0000-0010499D6D00}",
        "Company":  "?",
        "IntegrityLevel":  "Medium",
        "EventId":  1,
        "FileVersion":  "?",
        "User":  "SEC504STUDENT\\Sec504",
        "RuleName":  null,
        "Product":  "?",
        "LogonId":  "0x2c0d8",
        "ProcessId":  "6072",
        "LogonGuid":  "{AC6A4E42-0419-5CF4-0000-0020D8C00200}",
        "TerminalSessionId":  "1",
        "ParentProcessGuid":  "{AC6A4E42-469E-5CF6-0000-001078766C00}",
        "ParentProcessId":  "5248",
        "ParentImage":  "C:\\Program Files\\Wireshark\\Wireshark.exe"
    },
    {
        "ParentCommandLine":  "\"C:\\Program Files\\Wireshark\\Wireshark.exe\" ",
        "Description":  "?",
        "CommandLine":  "\"C:\\\\Program Files\\\\Wireshark\\\\extcap\\\\randpktdump.exe\" --extcap-dlts --extcap-interface randpkt",
        "CurrentDirectory":  "C:\\Program Files\\Wireshark\\",
        "Hashes":  "SHA1=E6BD069A53DE3B64F8525661619D14243ECC1C42,MD5=124B4B1A04294C388C9E397EB4197D29,SHA256=68C6276FF47963DF881A58F54771716F5540ED239865898C5A2103F908577D13,IMPHASH=592E5E030A6FA790FBEA5AE698B81FC8",
        "Image":  "C:\\Program Files\\Wireshark\\extcap\\randpktdump.exe",
        "UtcTime":  "2019-06-04 10:23:54.813",
        "ProcessGuid":  "{AC6A4E42-46BA-5CF6-0000-0010ABA16D00}",
        "Company":  "?",
        "IntegrityLevel":  "Medium",
        "EventId":  1,
        "FileVersion":  "?",
        "User":  "SEC504STUDENT\\Sec504",
        "RuleName":  null,
        "Product":  "?",
        "LogonId":  "0x2c0d8",
        "ProcessId":  "5976",
        "LogonGuid":  "{AC6A4E42-0419-5CF4-0000-0020D8C00200}",
        "TerminalSessionId":  "1",
        "ParentProcessGuid":  "{AC6A4E42-469E-5CF6-0000-001078766C00}",
        "ParentProcessId":  "5248",
        "ParentImage":  "C:\\Program Files\\Wireshark\\Wireshark.exe"
    },
    {
        "ParentCommandLine":  "\"C:\\Program Files\\Wireshark\\Wireshark.exe\" ",
        "Description":  "?",
        "CommandLine":  "\"C:\\\\Program Files\\\\Wireshark\\\\extcap\\\\sshdump.exe\" --extcap-dlts --extcap-interface ssh",
        "CurrentDirectory":  "C:\\Program Files\\Wireshark\\",
        "Hashes":  "SHA1=1E599D5FF429B5D54B823A308C279000997C70B4,MD5=407CE06208573572BA8DC4A3BD61D09C,SHA256=215DC6139DA1CBA4D540AEA2A5F5B712B82FE1F802F88D13BFC235F51E80ED1D,IMPHASH=B314AB248FEA833807CE5FE2D04C50A2",
        "Image":  "C:\\Program Files\\Wireshark\\extcap\\sshdump.exe",
        "UtcTime":  "2019-06-04 10:23:54.844",
        "ProcessGuid":  "{AC6A4E42-46BA-5CF6-0000-001004A66D00}",
        "Company":  "?",
        "IntegrityLevel":  "Medium",
        "EventId":  1,
        "FileVersion":  "?",
        "User":  "SEC504STUDENT\\Sec504",
        "RuleName":  null,
        "Product":  "?",
        "LogonId":  "0x2c0d8",
        "ProcessId":  "4452",
        "LogonGuid":  "{AC6A4E42-0419-5CF4-0000-0020D8C00200}",
        "TerminalSessionId":  "1",
        "ParentProcessGuid":  "{AC6A4E42-469E-5CF6-0000-001078766C00}",
        "ParentProcessId":  "5248",
        "ParentImage":  "C:\\Program Files\\Wireshark\\Wireshark.exe"
    },
    {
        "ParentCommandLine":  "\"C:\\Program Files\\Wireshark\\Wireshark.exe\" ",
        "Description":  "?",
        "CommandLine":  "\"C:\\\\Program Files\\\\Wireshark\\\\extcap\\\\USBPcapCMD.exe\" --extcap-config --extcap-interface \\\\.\\USBPcap1",
        "CurrentDirectory":  "C:\\Program Files\\Wireshark\\",
        "Hashes":  "SHA1=5B8D34DD58C7034FE50063C6E815EADED6A481F2,MD5=1F8E178FF6763150CF2C36C6B7C125A7,SHA256=E0725E75FABBB5734DCC33B69D1016D5907F77803AE6C9D53BC42FC23ED0A9D9,IMPHASH=DC70CEDCCFA33B5ACC16191D314A16D0",
        "Image":  "C:\\Program Files\\Wireshark\\extcap\\USBPcapCMD.exe",
        "UtcTime":  "2019-06-04 10:23:54.880",
        "ProcessGuid":  "{AC6A4E42-46BA-5CF6-0000-00104EAA6D00}",
        "Company":  "?",
        "IntegrityLevel":  "Medium",
        "EventId":  1,
        "FileVersion":  "?",
        "User":  "SEC504STUDENT\\Sec504",
        "RuleName":  null,
        "Product":  "?",
        "LogonId":  "0x2c0d8",
        "ProcessId":  "320",
        "LogonGuid":  "{AC6A4E42-0419-5CF4-0000-0020D8C00200}",
        "TerminalSessionId":  "1",
        "ParentProcessGuid":  "{AC6A4E42-469E-5CF6-0000-001078766C00}",
        "ParentProcessId":  "5248",
        "ParentImage":  "C:\\Program Files\\Wireshark\\Wireshark.exe"
    },
    {
        "ParentCommandLine":  "\"C:\\Program Files\\Wireshark\\Wireshark.exe\" ",
        "Description":  "?",
        "CommandLine":  "\"C:\\\\Program Files\\\\Wireshark\\\\extcap\\\\USBPcapCMD.exe\" --extcap-config --extcap-interface \\\\.\\USBPcap2",
        "CurrentDirectory":  "C:\\Program Files\\Wireshark\\",
        "Hashes":  "SHA1=5B8D34DD58C7034FE50063C6E815EADED6A481F2,MD5=1F8E178FF6763150CF2C36C6B7C125A7,SHA256=E0725E75FABBB5734DCC33B69D1016D5907F77803AE6C9D53BC42FC23ED0A9D9,IMPHASH=DC70CEDCCFA33B5ACC16191D314A16D0",
        "Image":  "C:\\Program Files\\Wireshark\\extcap\\USBPcapCMD.exe",
        "UtcTime":  "2019-06-04 10:23:54.929",
        "ProcessGuid":  "{AC6A4E42-46BA-5CF6-0000-00100FAD6D00}",
        "Company":  "?",
        "IntegrityLevel":  "Medium",
        "EventId":  1,
        "FileVersion":  "?",
        "User":  "SEC504STUDENT\\Sec504",
        "RuleName":  null,
        "Product":  "?",
        "LogonId":  "0x2c0d8",
        "ProcessId":  "1104",
        "LogonGuid":  "{AC6A4E42-0419-5CF4-0000-0020D8C00200}",
        "TerminalSessionId":  "1",
        "ParentProcessGuid":  "{AC6A4E42-469E-5CF6-0000-001078766C00}",
        "ParentProcessId":  "5248",
        "ParentImage":  "C:\\Program Files\\Wireshark\\Wireshark.exe"
    },
    {
        "ParentCommandLine":  "\"C:\\Program Files\\Wireshark\\Wireshark.exe\" ",
        "Description":  "?",
        "CommandLine":  "\"C:\\\\Program Files\\\\Wireshark\\\\extcap\\\\USBPcapCMD.exe\" --extcap-config --extcap-interface \\\\.\\USBPcap3",
        "CurrentDirectory":  "C:\\Program Files\\Wireshark\\",
        "Hashes":  "SHA1=5B8D34DD58C7034FE50063C6E815EADED6A481F2,MD5=1F8E178FF6763150CF2C36C6B7C125A7,SHA256=E0725E75FABBB5734DCC33B69D1016D5907F77803AE6C9D53BC42FC23ED0A9D9,IMPHASH=DC70CEDCCFA33B5ACC16191D314A16D0",
        "Image":  "C:\\Program Files\\Wireshark\\extcap\\USBPcapCMD.exe",
        "UtcTime":  "2019-06-04 10:23:54.951",
        "ProcessGuid":  "{AC6A4E42-46BA-5CF6-0000-0010D0AF6D00}",
        "Company":  "?",
        "IntegrityLevel":  "Medium",
        "EventId":  1,
        "FileVersion":  "?",
        "User":  "SEC504STUDENT\\Sec504",
        "RuleName":  null,
        "Product":  "?",
        "LogonId":  "0x2c0d8",
        "ProcessId":  "4564",
        "LogonGuid":  "{AC6A4E42-0419-5CF4-0000-0020D8C00200}",
        "TerminalSessionId":  "1",
        "ParentProcessGuid":  "{AC6A4E42-469E-5CF6-0000-001078766C00}",
        "ParentProcessId":  "5248",
        "ParentImage":  "C:\\Program Files\\Wireshark\\Wireshark.exe"
    },
    {
        "ParentCommandLine":  "\"C:\\Program Files\\Wireshark\\Wireshark.exe\" ",
        "Description":  "?",
        "CommandLine":  "\"C:\\\\Program Files\\\\Wireshark\\\\extcap\\\\ciscodump.exe\" --extcap-config --extcap-interface cisco",
        "CurrentDirectory":  "C:\\Program Files\\Wireshark\\",
        "Hashes":  "SHA1=47517FCA9446A90D70152E2E05CB4ED3C97D27EF,MD5=5E1ADCA7CD21B6F147A5015136408F82,SHA256=72ABED0209D89788750B74626FB9C44C1CFA6B4B13EBAF971ED9766B3973B68B,IMPHASH=CC4F29E4D38F150B49D9AB8B92868713",
        "Image":  "C:\\Program Files\\Wireshark\\extcap\\ciscodump.exe",
        "UtcTime":  "2019-06-04 10:23:54.981",
        "ProcessGuid":  "{AC6A4E42-46BA-5CF6-0000-001009B56D00}",
        "Company":  "?",
        "IntegrityLevel":  "Medium",
        "EventId":  1,
        "FileVersion":  "?",
        "User":  "SEC504STUDENT\\Sec504",
        "RuleName":  null,
        "Product":  "?",
        "LogonId":  "0x2c0d8",
        "ProcessId":  "6120",
        "LogonGuid":  "{AC6A4E42-0419-5CF4-0000-0020D8C00200}",
        "TerminalSessionId":  "1",
        "ParentProcessGuid":  "{AC6A4E42-469E-5CF6-0000-001078766C00}",
        "ParentProcessId":  "5248",
        "ParentImage":  "C:\\Program Files\\Wireshark\\Wireshark.exe"
    },
    {
        "ParentCommandLine":  "\"C:\\Program Files\\Wireshark\\Wireshark.exe\" ",
        "Description":  "?",
        "CommandLine":  "\"C:\\\\Program Files\\\\Wireshark\\\\extcap\\\\randpktdump.exe\" --extcap-config --extcap-interface randpkt",
        "CurrentDirectory":  "C:\\Program Files\\Wireshark\\",
        "Hashes":  "SHA1=E6BD069A53DE3B64F8525661619D14243ECC1C42,MD5=124B4B1A04294C388C9E397EB4197D29,SHA256=68C6276FF47963DF881A58F54771716F5540ED239865898C5A2103F908577D13,IMPHASH=592E5E030A6FA790FBEA5AE698B81FC8",
        "Image":  "C:\\Program Files\\Wireshark\\extcap\\randpktdump.exe",
        "UtcTime":  "2019-06-04 10:23:55.009",
        "ProcessGuid":  "{AC6A4E42-46BB-5CF6-0000-00108FB96D00}",
        "Company":  "?",
        "IntegrityLevel":  "Medium",
        "EventId":  1,
        "FileVersion":  "?",
        "User":  "SEC504STUDENT\\Sec504",
        "RuleName":  null,
        "Product":  "?",
        "LogonId":  "0x2c0d8",
        "ProcessId":  "5320",
        "LogonGuid":  "{AC6A4E42-0419-5CF4-0000-0020D8C00200}",
        "TerminalSessionId":  "1",
        "ParentProcessGuid":  "{AC6A4E42-469E-5CF6-0000-001078766C00}",
        "ParentProcessId":  "5248",
        "ParentImage":  "C:\\Program Files\\Wireshark\\Wireshark.exe"
    },
    {
        "ParentCommandLine":  "\"C:\\Program Files\\Wireshark\\Wireshark.exe\" ",
        "Description":  "?",
        "CommandLine":  "\"C:\\\\Program Files\\\\Wireshark\\\\extcap\\\\sshdump.exe\" --extcap-config --extcap-interface ssh",
        "CurrentDirectory":  "C:\\Program Files\\Wireshark\\",
        "Hashes":  "SHA1=1E599D5FF429B5D54B823A308C279000997C70B4,MD5=407CE06208573572BA8DC4A3BD61D09C,SHA256=215DC6139DA1CBA4D540AEA2A5F5B712B82FE1F802F88D13BFC235F51E80ED1D,IMPHASH=B314AB248FEA833807CE5FE2D04C50A2",
        "Image":  "C:\\Program Files\\Wireshark\\extcap\\sshdump.exe",
        "UtcTime":  "2019-06-04 10:23:55.036",
        "ProcessGuid":  "{AC6A4E42-46BB-5CF6-0000-0010D7BD6D00}",
        "Company":  "?",
        "IntegrityLevel":  "Medium",
        "EventId":  1,
        "FileVersion":  "?",
        "User":  "SEC504STUDENT\\Sec504",
        "RuleName":  null,
        "Product":  "?",
        "LogonId":  "0x2c0d8",
        "ProcessId":  "4188",
        "LogonGuid":  "{AC6A4E42-0419-5CF4-0000-0020D8C00200}",
        "TerminalSessionId":  "1",
        "ParentProcessGuid":  "{AC6A4E42-469E-5CF6-0000-001078766C00}",
        "ParentProcessId":  "5248",
        "ParentImage":  "C:\\Program Files\\Wireshark\\Wireshark.exe"
    },
    {
        "ParentCommandLine":  "\"C:\\Program Files\\Wireshark\\Wireshark.exe\" ",
        "Description":  "Dumpcap",
        "CommandLine":  "\"C:\\Program Files\\Wireshark\\dumpcap.exe\" -S -Z 5248.dummy",
        "CurrentDirectory":  "C:\\Program Files\\Wireshark\\",
        "Hashes":  "SHA1=9AE11406407699C016132633C4464EEB1B85F640,MD5=28869D1C0F3C57B3A12B1ACC758BFD3D,SHA256=F282900DF73E74D727580A88ECD6A4A2D2942FBB980D66009C6C85DDD8B31D9D,IMPHASH=BA28212C31A1C7FA632746E6F19EF3B4",
        "Image":  "C:\\Program Files\\Wireshark\\dumpcap.exe",
        "UtcTime":  "2019-06-04 10:23:55.095",
        "ProcessGuid":  "{AC6A4E42-46BB-5CF6-0000-001058C26D00}",
        "Company":  "The Wireshark developer community",
        "IntegrityLevel":  "Medium",
        "EventId":  1,
        "FileVersion":  "2.2.3",
        "User":  "SEC504STUDENT\\Sec504",
        "RuleName":  null,
        "Product":  "Dumpcap",
        "LogonId":  "0x2c0d8",
        "ProcessId":  "3164",
        "LogonGuid":  "{AC6A4E42-0419-5CF4-0000-0020D8C00200}",
        "TerminalSessionId":  "1",
        "ParentProcessGuid":  "{AC6A4E42-469E-5CF6-0000-001078766C00}",
        "ParentProcessId":  "5248",
        "ParentImage":  "C:\\Program Files\\Wireshark\\Wireshark.exe"
    },
