    {
        "ParentCommandLine":  "C:\\WINDOWS\\system32\\svchost.exe -k netsvcs -p",
        "Description":  "Windows Problem Reporting",
        "CommandLine":  "C:\\WINDOWS\\system32\\wermgr.exe -upload",
        "CurrentDirectory":  "C:\\WINDOWS\\system32\\",
        "Hashes":  "SHA1=1ED4AE92D235497F62610078D51105C4634AFADE,MD5=FF214585BF10206E21EA8EBA202FACFD,SHA256=C48C430EB07ACC2FF8BDDD6057F5C9F72C2E83F67478F1E4A1792AF866711538,IMPHASH=978FE06ED1813DC665ECDD672FEFCA83",
        "Image":  "C:\\Windows\\System32\\wermgr.exe",
        "UtcTime":  "2019-06-03 22:51:51.010",
        "ProcessGuid":  "{AC6A4E42-A487-5CF5-0000-0010BDFC5E00}",
        "Company":  "Microsoft Corporation",
        "IntegrityLevel":  "System",
        "EventId":  1,
        "FileVersion":  "10.0.17134.1 (WinBuild.160101.0800)",
        "User":  "NT AUTHORITY\\SYSTEM",
        "RuleName":  null,
        "Product":  "Microsoft? Windows? Operating System",
        "LogonId":  "0x3e7",
        "ProcessId":  "192",
        "LogonGuid":  "{AC6A4E42-0410-5CF4-0000-0020E7030000}",
        "TerminalSessionId":  "0",
        "ParentProcessGuid":  "{AC6A4E42-0412-5CF4-0000-0010590A0100}",
        "ParentProcessId":  "988",
        "ParentImage":  "C:\\Windows\\System32\\svchost.exe"
    },
    {
        "ParentCommandLine":  "C:\\WINDOWS\\system32\\services.exe",
        "Description":  "Host Process for Windows Services",
        "CommandLine":  "C:\\WINDOWS\\System32\\svchost.exe -k wsappx -p",
        "CurrentDirectory":  "C:\\WINDOWS\\system32\\",
        "Hashes":  "SHA1=660B76B6FB802417D513ADC967C5CAF77FC2BAC6,MD5=32569E403279B3FD2EDB7EBD036273FA,SHA256=C9A28DC8004C3E043CBF8E3A194FDA2B756CE90740DF2175488337281B485F69,IMPHASH=3A8297483C1777054C7BAFEA5E6A8853",
        "Image":  "C:\\Windows\\System32\\svchost.exe",
        "UtcTime":  "2019-06-03 22:51:51.119",
        "ProcessGuid":  "{AC6A4E42-A487-5CF5-0000-00107C065F00}",
        "Company":  "Microsoft Corporation",
        "IntegrityLevel":  "System",
        "EventId":  1,
        "FileVersion":  "10.0.17134.1 (WinBuild.160101.0800)",
        "User":  "NT AUTHORITY\\SYSTEM",
        "RuleName":  null,
        "Product":  "Microsoft? Windows? Operating System",
        "LogonId":  "0x3e7",
        "ProcessId":  "728",
        "LogonGuid":  "{AC6A4E42-0410-5CF4-0000-0020E7030000}",
        "TerminalSessionId":  "0",
        "ParentProcessGuid":  "{AC6A4E42-0410-5CF4-0000-001002910000}",
        "ParentProcessId":  "572",
        "ParentImage":  "C:\\Windows\\System32\\services.exe"
    },
    {
        "ParentCommandLine":  "C:\\WINDOWS\\system32\\svchost.exe -k DcomLaunch -p",
        "Description":  "Background Task Host",
        "CommandLine":  "\"C:\\WINDOWS\\system32\\backgroundTaskHost.exe\" -ServerName:App.AppXmtcan0h2tfbfy7k9kn8hbxb6dmzz1zh0.mca",
        "CurrentDirectory":  "C:\\Windows\\SystemApps\\Microsoft.Windows.ContentDeliveryManager_cw5n1h2txyewy\\",
        "Hashes":  "SHA1=EA114FDE884B16817A7D348660EA6FA1C217D315,MD5=B7FC4A29431D4F795BBAB1FB182B759A,SHA256=48B9EB1E31B0C2418742CE07675D58C974DD9F03007988C90C1E38F217F5C65B,IMPHASH=D2ACF1CBC4A6DB14A34C687B9362D66B",
        "Image":  "C:\\Windows\\System32\\backgroundTaskHost.exe",
        "UtcTime":  "2019-06-03 22:53:03.410",
        "ProcessGuid":  "{AC6A4E42-A4CF-5CF5-0000-0010DB785F00}",
        "Company":  "Microsoft Corporation",
        "IntegrityLevel":  "AppContainer",
        "EventId":  1,
        "FileVersion":  "10.0.17134.1 (WinBuild.160101.0800)",
        "User":  "SEC504STUDENT\\Sec504",
        "RuleName":  null,
        "Product":  "Microsoft? Windows? Operating System",
        "LogonId":  "0x2c0d8",
        "ProcessId":  "5484",
        "LogonGuid":  "{AC6A4E42-0419-5CF4-0000-0020D8C00200}",
        "TerminalSessionId":  "1",
        "ParentProcessGuid":  "{AC6A4E42-0411-5CF4-0000-00108EA50000}",
        "ParentProcessId":  "716",
        "ParentImage":  "C:\\Windows\\System32\\svchost.exe"
    },
    {
        "ParentCommandLine":  "C:\\WINDOWS\\system32\\svchost.exe -k DcomLaunch -p",
        "Description":  "Background Task Host",
        "CommandLine":  "\"C:\\WINDOWS\\system32\\backgroundTaskHost.exe\" -ServerName:App.AppXmtcan0h2tfbfy7k9kn8hbxb6dmzz1zh0.mca",
        "CurrentDirectory":  "C:\\Windows\\SystemApps\\Microsoft.Windows.ContentDeliveryManager_cw5n1h2txyewy\\",
        "Hashes":  "SHA1=EA114FDE884B16817A7D348660EA6FA1C217D315,MD5=B7FC4A29431D4F795BBAB1FB182B759A,SHA256=48B9EB1E31B0C2418742CE07675D58C974DD9F03007988C90C1E38F217F5C65B,IMPHASH=D2ACF1CBC4A6DB14A34C687B9362D66B",
        "Image":  "C:\\Windows\\System32\\backgroundTaskHost.exe",
        "UtcTime":  "2019-06-03 22:58:33.502",
        "ProcessGuid":  "{AC6A4E42-A619-5CF5-0000-0010AEDA5F00}",
        "Company":  "Microsoft Corporation",
        "IntegrityLevel":  "AppContainer",
        "EventId":  1,
        "FileVersion":  "10.0.17134.1 (WinBuild.160101.0800)",
        "User":  "SEC504STUDENT\\Sec504",
        "RuleName":  null,
        "Product":  "Microsoft? Windows? Operating System",
        "LogonId":  "0x2c0d8",
        "ProcessId":  "5940",
        "LogonGuid":  "{AC6A4E42-0419-5CF4-0000-0020D8C00200}",
        "TerminalSessionId":  "1",
        "ParentProcessGuid":  "{AC6A4E42-0411-5CF4-0000-00108EA50000}",
        "ParentProcessId":  "716",
        "ParentImage":  "C:\\Windows\\System32\\svchost.exe"
    },
    {
        "ParentCommandLine":  "C:\\WINDOWS\\system32\\svchost.exe -k netsvcs -p",
        "Description":  "Microsoft Feeds Synchronization",
        "CommandLine":  "C:\\Windows\\system32\\msfeedssync.exe sync",
        "CurrentDirectory":  "C:\\WINDOWS\\system32\\",
        "Hashes":  "SHA1=036CAB158CD45F9155DAF85B8D847BF5B13099A2,MD5=CDC89D5CEA5B1CEB0A8F34D030CCB7D1,SHA256=2DE228CAD2E542B2AF2554D61FAB5463ECBBA3FF8349BA88C3E48637ED8086E9,IMPHASH=E22B4193AC1639CCDCA0DCF2C8C3F735",
        "Image":  "C:\\Windows\\System32\\msfeedssync.exe",
        "UtcTime":  "2019-06-03 23:00:43.010",
        "ProcessGuid":  "{AC6A4E42-A69B-5CF5-0000-00104BFC5F00}",
        "Company":  "Microsoft Corporation",
        "IntegrityLevel":  "Medium",
        "EventId":  1,
        "FileVersion":  "11.00.17134.1 (WinBuild.160101.0800)",
        "User":  "SEC504STUDENT\\Sec504",
        "RuleName":  null,
        "Product":  "Internet Explorer",
        "LogonId":  "0x2c0d8",
        "ProcessId":  "3128",
        "LogonGuid":  "{AC6A4E42-0419-5CF4-0000-0020D8C00200}",
        "TerminalSessionId":  "1",
        "ParentProcessGuid":  "{AC6A4E42-0412-5CF4-0000-0010590A0100}",
        "ParentProcessId":  "988",
        "ParentImage":  "C:\\Windows\\System32\\svchost.exe"
    },
    {
        "ParentCommandLine":  "C:\\WINDOWS\\system32\\svchost.exe -k DcomLaunch -p",
        "Description":  "Background Task Host",
        "CommandLine":  "\"C:\\WINDOWS\\system32\\backgroundTaskHost.exe\" -ServerName:App.AppXmtcan0h2tfbfy7k9kn8hbxb6dmzz1zh0.mca",
        "CurrentDirectory":  "C:\\Windows\\SystemApps\\Microsoft.Windows.ContentDeliveryManager_cw5n1h2txyewy\\",
        "Hashes":  "SHA1=EA114FDE884B16817A7D348660EA6FA1C217D315,MD5=B7FC4A29431D4F795BBAB1FB182B759A,SHA256=48B9EB1E31B0C2418742CE07675D58C974DD9F03007988C90C1E38F217F5C65B,IMPHASH=D2ACF1CBC4A6DB14A34C687B9362D66B",
        "Image":  "C:\\Windows\\System32\\backgroundTaskHost.exe",
        "UtcTime":  "2019-06-03 23:04:03.578",
        "ProcessGuid":  "{AC6A4E42-A763-5CF5-0000-0010E2356000}",
        "Company":  "Microsoft Corporation",
        "IntegrityLevel":  "AppContainer",
        "EventId":  1,
        "FileVersion":  "10.0.17134.1 (WinBuild.160101.0800)",
        "User":  "SEC504STUDENT\\Sec504",
        "RuleName":  null,
        "Product":  "Microsoft? Windows? Operating System",
        "LogonId":  "0x2c0d8",
        "ProcessId":  "6136",
        "LogonGuid":  "{AC6A4E42-0419-5CF4-0000-0020D8C00200}",
        "TerminalSessionId":  "1",
        "ParentProcessGuid":  "{AC6A4E42-0411-5CF4-0000-00108EA50000}",
        "ParentProcessId":  "716",
        "ParentImage":  "C:\\Windows\\System32\\svchost.exe"
    },
    {
        "ParentCommandLine":  "C:\\WINDOWS\\system32\\svchost.exe -k netsvcs -p",
        "Description":  "Google Installer",
        "CommandLine":  "\"C:\\Program Files (x86)\\Google\\Update\\GoogleUpdate.exe\" /ua /installsource scheduler",
        "CurrentDirectory":  "C:\\WINDOWS\\system32\\",
        "Hashes":  "SHA1=618FCF728B67FE5C89C9502BBCBC02D6B4551DB3,MD5=A8FD9222E4D72596BB37DA8BE95C0BA4,SHA256=52FC3AA9F704300041E486E57FE863218E4CDF4C8EEE05CA6B99A296EFEE5737,IMPHASH=7DF1816239C5BC855600D41210406C5B",
        "Image":  "C:\\Program Files (x86)\\Google\\Update\\GoogleUpdate.exe",
        "UtcTime":  "2019-06-03 23:08:25.508",
        "ProcessGuid":  "{AC6A4E42-A869-5CF5-0000-0010AD6B6000}",
        "Company":  "Google Inc.",
        "IntegrityLevel":  "System",
        "EventId":  1,
        "FileVersion":  "1.3.31.5",
        "User":  "NT AUTHORITY\\SYSTEM",
        "RuleName":  null,
        "Product":  "Google Update",
        "LogonId":  "0x3e7",
        "ProcessId":  "2836",
        "LogonGuid":  "{AC6A4E42-0410-5CF4-0000-0020E7030000}",
        "TerminalSessionId":  "0",
        "ParentProcessGuid":  "{AC6A4E42-0412-5CF4-0000-0010590A0100}",
        "ParentProcessId":  "988",
        "ParentImage":  "C:\\Windows\\System32\\svchost.exe"
    },
    {
        "ParentCommandLine":  "C:\\WINDOWS\\system32\\services.exe",
        "Description":  "Google Installer",
        "CommandLine":  "\"C:\\Program Files (x86)\\Google\\Update\\GoogleUpdate.exe\" /svc",
        "CurrentDirectory":  "C:\\WINDOWS\\system32\\",
        "Hashes":  "SHA1=618FCF728B67FE5C89C9502BBCBC02D6B4551DB3,MD5=A8FD9222E4D72596BB37DA8BE95C0BA4,SHA256=52FC3AA9F704300041E486E57FE863218E4CDF4C8EEE05CA6B99A296EFEE5737,IMPHASH=7DF1816239C5BC855600D41210406C5B",
        "Image":  "C:\\Program Files (x86)\\Google\\Update\\GoogleUpdate.exe",
        "UtcTime":  "2019-06-03 23:08:59.955",
        "ProcessGuid":  "{AC6A4E42-A88B-5CF5-0000-001091786000}",
        "Company":  "Google Inc.",
        "IntegrityLevel":  "System",
        "EventId":  1,
        "FileVersion":  "1.3.31.5",
        "User":  "NT AUTHORITY\\SYSTEM",
        "RuleName":  null,
        "Product":  "Google Update",
        "LogonId":  "0x3e7",
        "ProcessId":  "4860",
        "LogonGuid":  "{AC6A4E42-0410-5CF4-0000-0020E7030000}",
        "TerminalSessionId":  "0",
        "ParentProcessGuid":  "{AC6A4E42-0410-5CF4-0000-001002910000}",
        "ParentProcessId":  "572",
        "ParentImage":  "C:\\Windows\\System32\\services.exe"
    },
    {
        "ParentCommandLine":  "C:\\WINDOWS\\system32\\svchost.exe -k DcomLaunch -p",
        "Description":  "Background Task Host",
        "CommandLine":  "\"C:\\WINDOWS\\system32\\backgroundTaskHost.exe\" -ServerName:App.AppXmtcan0h2tfbfy7k9kn8hbxb6dmzz1zh0.mca",
        "CurrentDirectory":  "C:\\Windows\\SystemApps\\Microsoft.Windows.ContentDeliveryManager_cw5n1h2txyewy\\",
        "Hashes":  "SHA1=EA114FDE884B16817A7D348660EA6FA1C217D315,MD5=B7FC4A29431D4F795BBAB1FB182B759A,SHA256=48B9EB1E31B0C2418742CE07675D58C974DD9F03007988C90C1E38F217F5C65B,IMPHASH=D2ACF1CBC4A6DB14A34C687B9362D66B",
        "Image":  "C:\\Windows\\System32\\backgroundTaskHost.exe",
        "UtcTime":  "2019-06-03 23:09:33.671",
        "ProcessGuid":  "{AC6A4E42-A8AD-5CF5-0000-001040926000}",
        "Company":  "Microsoft Corporation",
        "IntegrityLevel":  "AppContainer",
        "EventId":  1,
        "FileVersion":  "10.0.17134.1 (WinBuild.160101.0800)",
        "User":  "SEC504STUDENT\\Sec504",
        "RuleName":  null,
        "Product":  "Microsoft? Windows? Operating System",
        "LogonId":  "0x2c0d8",
        "ProcessId":  "852",
        "LogonGuid":  "{AC6A4E42-0419-5CF4-0000-0020D8C00200}",
        "TerminalSessionId":  "1",
        "ParentProcessGuid":  "{AC6A4E42-0411-5CF4-0000-00108EA50000}",
        "ParentProcessId":  "716",
        "ParentImage":  "C:\\Windows\\System32\\svchost.exe"
    },
    {
        "ParentCommandLine":  "C:\\WINDOWS\\system32\\svchost.exe -k netsvcs -p",
        "Description":  "Google Installer",
        "CommandLine":  "\"C:\\Program Files (x86)\\Google\\Update\\GoogleUpdate.exe\" /ua /installsource scheduler",
        "CurrentDirectory":  "C:\\WINDOWS\\system32\\",
        "Hashes":  "SHA1=618FCF728B67FE5C89C9502BBCBC02D6B4551DB3,MD5=A8FD9222E4D72596BB37DA8BE95C0BA4,SHA256=52FC3AA9F704300041E486E57FE863218E4CDF4C8EEE05CA6B99A296EFEE5737,IMPHASH=7DF1816239C5BC855600D41210406C5B",
        "Image":  "C:\\Program Files (x86)\\Google\\Update\\GoogleUpdate.exe",
        "UtcTime":  "2019-06-03 23:10:19.102",
        "ProcessGuid":  "{AC6A4E42-A8DB-5CF5-0000-001032A46000}",
        "Company":  "Google Inc.",
        "IntegrityLevel":  "System",
        "EventId":  1,
        "FileVersion":  "1.3.31.5",
        "User":  "NT AUTHORITY\\SYSTEM",
        "RuleName":  null,
        "Product":  "Google Update",
        "LogonId":  "0x3e7",
        "ProcessId":  "1248",
        "LogonGuid":  "{AC6A4E42-0410-5CF4-0000-0020E7030000}",
        "TerminalSessionId":  "0",
        "ParentProcessGuid":  "{AC6A4E42-0412-5CF4-0000-0010590A0100}",
        "ParentProcessId":  "988",
        "ParentImage":  "C:\\Windows\\System32\\svchost.exe"
    },
    {
        "ParentCommandLine":  "C:\\WINDOWS\\system32\\services.exe",
        "Description":  "Host Process for Windows Services",
        "CommandLine":  "C:\\WINDOWS\\System32\\svchost.exe -k wsappx -p",
        "CurrentDirectory":  "C:\\WINDOWS\\system32\\",
        "Hashes":  "SHA1=660B76B6FB802417D513ADC967C5CAF77FC2BAC6,MD5=32569E403279B3FD2EDB7EBD036273FA,SHA256=C9A28DC8004C3E043CBF8E3A194FDA2B756CE90740DF2175488337281B485F69,IMPHASH=3A8297483C1777054C7BAFEA5E6A8853",
        "Image":  "C:\\Windows\\System32\\svchost.exe",
        "UtcTime":  "2019-06-03 23:10:43.788",
        "ProcessGuid":  "{AC6A4E42-A8F3-5CF5-0000-00104BBC6000}",
        "Company":  "Microsoft Corporation",
        "IntegrityLevel":  "System",
        "EventId":  1,
        "FileVersion":  "10.0.17134.1 (WinBuild.160101.0800)",
        "User":  "NT AUTHORITY\\SYSTEM",
        "RuleName":  null,
        "Product":  "Microsoft? Windows? Operating System",
        "LogonId":  "0x3e7",
        "ProcessId":  "324",
        "LogonGuid":  "{AC6A4E42-0410-5CF4-0000-0020E7030000}",
        "TerminalSessionId":  "0",
        "ParentProcessGuid":  "{AC6A4E42-0410-5CF4-0000-001002910000}",
        "ParentProcessId":  "572",
        "ParentImage":  "C:\\Windows\\System32\\services.exe"
    },
    {
        "ParentCommandLine":  "C:\\WINDOWS\\system32\\services.exe",
        "Description":  "Google Installer",
        "CommandLine":  "\"C:\\Program Files (x86)\\Google\\Update\\GoogleUpdate.exe\" /svc",
        "CurrentDirectory":  "C:\\WINDOWS\\system32\\",
        "Hashes":  "SHA1=618FCF728B67FE5C89C9502BBCBC02D6B4551DB3,MD5=A8FD9222E4D72596BB37DA8BE95C0BA4,SHA256=52FC3AA9F704300041E486E57FE863218E4CDF4C8EEE05CA6B99A296EFEE5737,IMPHASH=7DF1816239C5BC855600D41210406C5B",
        "Image":  "C:\\Program Files (x86)\\Google\\Update\\GoogleUpdate.exe",
        "UtcTime":  "2019-06-03 23:10:52.052",
        "ProcessGuid":  "{AC6A4E42-A8FC-5CF5-0000-0010EFDF6000}",
        "Company":  "Google Inc.",
        "IntegrityLevel":  "System",
        "EventId":  1,
        "FileVersion":  "1.3.31.5",
        "User":  "NT AUTHORITY\\SYSTEM",
        "RuleName":  null,
        "Product":  "Google Update",
        "LogonId":  "0x3e7",
        "ProcessId":  "3292",
        "LogonGuid":  "{AC6A4E42-0410-5CF4-0000-0020E7030000}",
        "TerminalSessionId":  "0",
        "ParentProcessGuid":  "{AC6A4E42-0410-5CF4-0000-001002910000}",
        "ParentProcessId":  "572",
        "ParentImage":  "C:\\Windows\\System32\\services.exe"
    },
    {
        "ParentCommandLine":  "C:\\WINDOWS\\system32\\svchost.exe -k DcomLaunch -p",
        "Description":  "Background Task Host",
        "CommandLine":  "\"C:\\WINDOWS\\system32\\backgroundTaskHost.exe\" -ServerName:App.AppXmtcan0h2tfbfy7k9kn8hbxb6dmzz1zh0.mca",
        "CurrentDirectory":  "C:\\Windows\\SystemApps\\Microsoft.Windows.ContentDeliveryManager_cw5n1h2txyewy\\",
        "Hashes":  "SHA1=EA114FDE884B16817A7D348660EA6FA1C217D315,MD5=B7FC4A29431D4F795BBAB1FB182B759A,SHA256=48B9EB1E31B0C2418742CE07675D58C974DD9F03007988C90C1E38F217F5C65B,IMPHASH=D2ACF1CBC4A6DB14A34C687B9362D66B",
        "Image":  "C:\\Windows\\System32\\backgroundTaskHost.exe",
        "UtcTime":  "2019-06-03 23:15:03.761",
        "ProcessGuid":  "{AC6A4E42-A9F7-5CF5-0000-0010641F6100}",
        "Company":  "Microsoft Corporation",
        "IntegrityLevel":  "AppContainer",
        "EventId":  1,
        "FileVersion":  "10.0.17134.1 (WinBuild.160101.0800)",
        "User":  "SEC504STUDENT\\Sec504",
        "RuleName":  null,
        "Product":  "Microsoft? Windows? Operating System",
        "LogonId":  "0x2c0d8",
        "ProcessId":  "1364",
        "LogonGuid":  "{AC6A4E42-0419-5CF4-0000-0020D8C00200}",
        "TerminalSessionId":  "1",
        "ParentProcessGuid":  "{AC6A4E42-0411-5CF4-0000-00108EA50000}",
        "ParentProcessId":  "716",
        "ParentImage":  "C:\\Windows\\System32\\svchost.exe"
    },
    {
        "ParentCommandLine":  "C:\\WINDOWS\\system32\\svchost.exe -k netsvcs -p",
        "Description":  "Microsoft Feeds Synchronization",
        "CommandLine":  "C:\\Windows\\system32\\msfeedssync.exe sync",
        "CurrentDirectory":  "C:\\WINDOWS\\system32\\",
        "Hashes":  "SHA1=036CAB158CD45F9155DAF85B8D847BF5B13099A2,MD5=CDC89D5CEA5B1CEB0A8F34D030CCB7D1,SHA256=2DE228CAD2E542B2AF2554D61FAB5463ECBBA3FF8349BA88C3E48637ED8086E9,IMPHASH=E22B4193AC1639CCDCA0DCF2C8C3F735",
        "Image":  "C:\\Windows\\System32\\msfeedssync.exe",
        "UtcTime":  "2019-06-03 23:15:50.009",
        "ProcessGuid":  "{AC6A4E42-AA26-5CF5-0000-0010E9356100}",
        "Company":  "Microsoft Corporation",
        "IntegrityLevel":  "Medium",
        "EventId":  1,
        "FileVersion":  "11.00.17134.1 (WinBuild.160101.0800)",
        "User":  "SEC504STUDENT\\Sec504",
        "RuleName":  null,
        "Product":  "Internet Explorer",
        "LogonId":  "0x2c0d8",
        "ProcessId":  "4996",
        "LogonGuid":  "{AC6A4E42-0419-5CF4-0000-0020D8C00200}",
        "TerminalSessionId":  "1",
        "ParentProcessGuid":  "{AC6A4E42-0412-5CF4-0000-0010590A0100}",
        "ParentProcessId":  "988",
        "ParentImage":  "C:\\Windows\\System32\\svchost.exe"
    },
    {
        "ParentCommandLine":  "C:\\WINDOWS\\system32\\svchost.exe -k netsvcs -p",
        "Description":  "Windows Problem Reporting",
        "CommandLine":  "C:\\WINDOWS\\system32\\wermgr.exe -upload",
        "CurrentDirectory":  "C:\\WINDOWS\\system32\\",
        "Hashes":  "SHA1=1ED4AE92D235497F62610078D51105C4634AFADE,MD5=FF214585BF10206E21EA8EBA202FACFD,SHA256=C48C430EB07ACC2FF8BDDD6057F5C9F72C2E83F67478F1E4A1792AF866711538,IMPHASH=978FE06ED1813DC665ECDD672FEFCA83",
        "Image":  "C:\\Windows\\System32\\wermgr.exe",
        "UtcTime":  "2019-06-03 23:17:56.008",
        "ProcessGuid":  "{AC6A4E42-AAA4-5CF5-0000-0010E95E6100}",
        "Company":  "Microsoft Corporation",
        "IntegrityLevel":  "System",
        "EventId":  1,
        "FileVersion":  "10.0.17134.1 (WinBuild.160101.0800)",
        "User":  "NT AUTHORITY\\SYSTEM",
        "RuleName":  null,
        "Product":  "Microsoft? Windows? Operating System",
        "LogonId":  "0x3e7",
        "ProcessId":  "916",
        "LogonGuid":  "{AC6A4E42-0410-5CF4-0000-0020E7030000}",
        "TerminalSessionId":  "0",
        "ParentProcessGuid":  "{AC6A4E42-0412-5CF4-0000-0010590A0100}",
        "ParentProcessId":  "988",
        "ParentImage":  "C:\\Windows\\System32\\svchost.exe"
    },
    {
        "ParentCommandLine":  "C:\\WINDOWS\\system32\\services.exe",
        "Description":  "Host Process for Windows Services",
        "CommandLine":  "C:\\WINDOWS\\System32\\svchost.exe -k wsappx -p",
        "CurrentDirectory":  "C:\\WINDOWS\\system32\\",
        "Hashes":  "SHA1=660B76B6FB802417D513ADC967C5CAF77FC2BAC6,MD5=32569E403279B3FD2EDB7EBD036273FA,SHA256=C9A28DC8004C3E043CBF8E3A194FDA2B756CE90740DF2175488337281B485F69,IMPHASH=3A8297483C1777054C7BAFEA5E6A8853",
        "Image":  "C:\\Windows\\System32\\svchost.exe",
        "UtcTime":  "2019-06-03 23:17:56.132",
        "ProcessGuid":  "{AC6A4E42-AAA4-5CF5-0000-001088686100}",
        "Company":  "Microsoft Corporation",
        "IntegrityLevel":  "System",
        "EventId":  1,
        "FileVersion":  "10.0.17134.1 (WinBuild.160101.0800)",
        "User":  "NT AUTHORITY\\SYSTEM",
        "RuleName":  null,
        "Product":  "Microsoft? Windows? Operating System",
        "LogonId":  "0x3e7",
        "ProcessId":  "5048",
        "LogonGuid":  "{AC6A4E42-0410-5CF4-0000-0020E7030000}",
        "TerminalSessionId":  "0",
        "ParentProcessGuid":  "{AC6A4E42-0410-5CF4-0000-001002910000}",
        "ParentProcessId":  "572",
        "ParentImage":  "C:\\Windows\\System32\\services.exe"
    },
    {
        "ParentCommandLine":  "C:\\WINDOWS\\system32\\svchost.exe -k DcomLaunch -p",
        "Description":  "Background Task Host",
        "CommandLine":  "\"C:\\WINDOWS\\system32\\backgroundTaskHost.exe\" -ServerName:App.AppXmtcan0h2tfbfy7k9kn8hbxb6dmzz1zh0.mca",
        "CurrentDirectory":  "C:\\Windows\\SystemApps\\Microsoft.Windows.ContentDeliveryManager_cw5n1h2txyewy\\",
        "Hashes":  "SHA1=EA114FDE884B16817A7D348660EA6FA1C217D315,MD5=B7FC4A29431D4F795BBAB1FB182B759A,SHA256=48B9EB1E31B0C2418742CE07675D58C974DD9F03007988C90C1E38F217F5C65B,IMPHASH=D2ACF1CBC4A6DB14A34C687B9362D66B",
        "Image":  "C:\\Windows\\System32\\backgroundTaskHost.exe",
        "UtcTime":  "2019-06-03 23:20:33.862",
        "ProcessGuid":  "{AC6A4E42-AB41-5CF5-0000-001062E66100}",
        "Company":  "Microsoft Corporation",
        "IntegrityLevel":  "AppContainer",
        "EventId":  1,
        "FileVersion":  "10.0.17134.1 (WinBuild.160101.0800)",
        "User":  "SEC504STUDENT\\Sec504",
        "RuleName":  null,
        "Product":  "Microsoft? Windows? Operating System",
        "LogonId":  "0x2c0d8",
        "ProcessId":  "3108",
        "LogonGuid":  "{AC6A4E42-0419-5CF4-0000-0020D8C00200}",
        "TerminalSessionId":  "1",
        "ParentProcessGuid":  "{AC6A4E42-0411-5CF4-0000-00108EA50000}",
        "ParentProcessId":  "716",
        "ParentImage":  "C:\\Windows\\System32\\svchost.exe"
    },
    {
        "ParentCommandLine":  "\"C:\\Program Files (x86)\\Google\\Update\\GoogleUpdate.exe\" /c",
        "Description":  "Google Installer",
        "CommandLine":  "\"C:\\Program Files (x86)\\Google\\Update\\GoogleUpdate.exe\" /ua /installsource core",
        "CurrentDirectory":  "C:\\Program Files (x86)\\Google\\Update\\1.3.34.7\\",
        "Hashes":  "SHA1=618FCF728B67FE5C89C9502BBCBC02D6B4551DB3,MD5=A8FD9222E4D72596BB37DA8BE95C0BA4,SHA256=52FC3AA9F704300041E486E57FE863218E4CDF4C8EEE05CA6B99A296EFEE5737,IMPHASH=7DF1816239C5BC855600D41210406C5B",
        "Image":  "C:\\Program Files (x86)\\Google\\Update\\GoogleUpdate.exe",
        "UtcTime":  "2019-06-03 23:21:54.221",
        "ProcessGuid":  "{AC6A4E42-AB92-5CF5-0000-001061006200}",
        "Company":  "Google Inc.",
        "IntegrityLevel":  "System",
        "EventId":  1,
        "FileVersion":  "1.3.31.5",
        "User":  "NT AUTHORITY\\SYSTEM",
        "RuleName":  null,
        "Product":  "Google Update",
        "LogonId":  "0x3e7",
        "ProcessId":  "1184",
        "LogonGuid":  "{AC6A4E42-0410-5CF4-0000-0020E7030000}",
        "TerminalSessionId":  "0",
        "ParentProcessGuid":  "{AC6A4E42-0419-5CF4-0000-001028E10200}",
        "ParentProcessId":  "3196",
        "ParentImage":  "C:\\Program Files (x86)\\Google\\Update\\GoogleUpdate.exe"
    },
    {
        "ParentCommandLine":  "C:\\WINDOWS\\system32\\services.exe",
        "Description":  "Google Installer",
        "CommandLine":  "\"C:\\Program Files (x86)\\Google\\Update\\GoogleUpdate.exe\" /svc",
        "CurrentDirectory":  "C:\\WINDOWS\\system32\\",
        "Hashes":  "SHA1=618FCF728B67FE5C89C9502BBCBC02D6B4551DB3,MD5=A8FD9222E4D72596BB37DA8BE95C0BA4,SHA256=52FC3AA9F704300041E486E57FE863218E4CDF4C8EEE05CA6B99A296EFEE5737,IMPHASH=7DF1816239C5BC855600D41210406C5B",
        "Image":  "C:\\Program Files (x86)\\Google\\Update\\GoogleUpdate.exe",
        "UtcTime":  "2019-06-03 23:22:10.750",
        "ProcessGuid":  "{AC6A4E42-ABA2-5CF5-0000-0010930A6200}",
        "Company":  "Google Inc.",
        "IntegrityLevel":  "System",
        "EventId":  1,
        "FileVersion":  "1.3.31.5",
        "User":  "NT AUTHORITY\\SYSTEM",
        "RuleName":  null,
        "Product":  "Google Update",
        "LogonId":  "0x3e7",
        "ProcessId":  "3456",
        "LogonGuid":  "{AC6A4E42-0410-5CF4-0000-0020E7030000}",
        "TerminalSessionId":  "0",
        "ParentProcessGuid":  "{AC6A4E42-0410-5CF4-0000-001002910000}",
        "ParentProcessId":  "572",
        "ParentImage":  "C:\\Windows\\System32\\services.exe"
    },
    {
        "ParentCommandLine":  "C:\\WINDOWS\\system32\\svchost.exe -k netsvcs -p",
        "Description":  "Google Installer",
        "CommandLine":  "\"C:\\Program Files (x86)\\Google\\Update\\GoogleUpdate.exe\" /ua /installsource scheduler",
        "CurrentDirectory":  "C:\\WINDOWS\\system32\\",
        "Hashes":  "SHA1=618FCF728B67FE5C89C9502BBCBC02D6B4551DB3,MD5=A8FD9222E4D72596BB37DA8BE95C0BA4,SHA256=52FC3AA9F704300041E486E57FE863218E4CDF4C8EEE05CA6B99A296EFEE5737,IMPHASH=7DF1816239C5BC855600D41210406C5B",
        "Image":  "C:\\Program Files (x86)\\Google\\Update\\GoogleUpdate.exe",
        "UtcTime":  "2019-06-03 23:23:59.615",
        "ProcessGuid":  "{AC6A4E42-AC0F-5CF5-0000-001021326200}",
        "Company":  "Google Inc.",
        "IntegrityLevel":  "System",
        "EventId":  1,
        "FileVersion":  "1.3.31.5",
        "User":  "NT AUTHORITY\\SYSTEM",
        "RuleName":  null,
        "Product":  "Google Update",
        "LogonId":  "0x3e7",
        "ProcessId":  "5464",
        "LogonGuid":  "{AC6A4E42-0410-5CF4-0000-0020E7030000}",
        "TerminalSessionId":  "0",
        "ParentProcessGuid":  "{AC6A4E42-0412-5CF4-0000-0010590A0100}",
        "ParentProcessId":  "988",
        "ParentImage":  "C:\\Windows\\System32\\svchost.exe"
    },
    {
        "ParentCommandLine":  "C:\\WINDOWS\\system32\\services.exe",
        "Description":  "Google Installer",
        "CommandLine":  "\"C:\\Program Files (x86)\\Google\\Update\\GoogleUpdate.exe\" /svc",
        "CurrentDirectory":  "C:\\WINDOWS\\system32\\",
        "Hashes":  "SHA1=618FCF728B67FE5C89C9502BBCBC02D6B4551DB3,MD5=A8FD9222E4D72596BB37DA8BE95C0BA4,SHA256=52FC3AA9F704300041E486E57FE863218E4CDF4C8EEE05CA6B99A296EFEE5737,IMPHASH=7DF1816239C5BC855600D41210406C5B",
        "Image":  "C:\\Program Files (x86)\\Google\\Update\\GoogleUpdate.exe",
        "UtcTime":  "2019-06-03 23:24:02.305",
        "ProcessGuid":  "{AC6A4E42-AC12-5CF5-0000-0010D4396200}",
        "Company":  "Google Inc.",
        "IntegrityLevel":  "System",
        "EventId":  1,
        "FileVersion":  "1.3.31.5",
        "User":  "NT AUTHORITY\\SYSTEM",
        "RuleName":  null,
        "Product":  "Google Update",
        "LogonId":  "0x3e7",
        "ProcessId":  "2304",
        "LogonGuid":  "{AC6A4E42-0410-5CF4-0000-0020E7030000}",
        "TerminalSessionId":  "0",
        "ParentProcessGuid":  "{AC6A4E42-0410-5CF4-0000-001002910000}",
        "ParentProcessId":  "572",
        "ParentImage":  "C:\\Windows\\System32\\services.exe"
    },
    {
        "ParentCommandLine":  "C:\\WINDOWS\\system32\\svchost.exe -k DcomLaunch -p",
        "Description":  "Background Task Host",
        "CommandLine":  "\"C:\\WINDOWS\\system32\\backgroundTaskHost.exe\" -ServerName:App.AppXmtcan0h2tfbfy7k9kn8hbxb6dmzz1zh0.mca",
        "CurrentDirectory":  "C:\\Windows\\SystemApps\\Microsoft.Windows.ContentDeliveryManager_cw5n1h2txyewy\\",
        "Hashes":  "SHA1=EA114FDE884B16817A7D348660EA6FA1C217D315,MD5=B7FC4A29431D4F795BBAB1FB182B759A,SHA256=48B9EB1E31B0C2418742CE07675D58C974DD9F03007988C90C1E38F217F5C65B,IMPHASH=D2ACF1CBC4A6DB14A34C687B9362D66B",
        "Image":  "C:\\Windows\\System32\\backgroundTaskHost.exe",
        "UtcTime":  "2019-06-03 23:25:33.030",
        "ProcessGuid":  "{AC6A4E42-AC6D-5CF5-0000-0010365C6200}",
        "Company":  "Microsoft Corporation",
        "IntegrityLevel":  "AppContainer",
        "EventId":  1,
        "FileVersion":  "10.0.17134.1 (WinBuild.160101.0800)",
        "User":  "SEC504STUDENT\\Sec504",
        "RuleName":  null,
        "Product":  "Microsoft? Windows? Operating System",
        "LogonId":  "0x2c0d8",
        "ProcessId":  "2164",
        "LogonGuid":  "{AC6A4E42-0419-5CF4-0000-0020D8C00200}",
        "TerminalSessionId":  "1",
        "ParentProcessGuid":  "{AC6A4E42-0411-5CF4-0000-00108EA50000}",
        "ParentProcessId":  "716",
        "ParentImage":  "C:\\Windows\\System32\\svchost.exe"
    },
    {
        "ParentCommandLine":  "C:\\WINDOWS\\system32\\services.exe",
        "Description":  "Host Process for Windows Services",
        "CommandLine":  "C:\\WINDOWS\\System32\\svchost.exe -k wsappx -p",
        "CurrentDirectory":  "C:\\WINDOWS\\system32\\",
        "Hashes":  "SHA1=660B76B6FB802417D513ADC967C5CAF77FC2BAC6,MD5=32569E403279B3FD2EDB7EBD036273FA,SHA256=C9A28DC8004C3E043CBF8E3A194FDA2B756CE90740DF2175488337281B485F69,IMPHASH=3A8297483C1777054C7BAFEA5E6A8853",
        "Image":  "C:\\Windows\\System32\\svchost.exe",
        "UtcTime":  "2019-06-03 23:25:44.022",
        "ProcessGuid":  "{AC6A4E42-AC78-5CF5-0000-0010366F6200}",
        "Company":  "Microsoft Corporation",
        "IntegrityLevel":  "System",
        "EventId":  1,
        "FileVersion":  "10.0.17134.1 (WinBuild.160101.0800)",
        "User":  "NT AUTHORITY\\SYSTEM",
        "RuleName":  null,
        "Product":  "Microsoft? Windows? Operating System",
        "LogonId":  "0x3e7",
        "ProcessId":  "1252",
        "LogonGuid":  "{AC6A4E42-0410-5CF4-0000-0020E7030000}",
        "TerminalSessionId":  "0",
        "ParentProcessGuid":  "{AC6A4E42-0410-5CF4-0000-001002910000}",
        "ParentProcessId":  "572",
        "ParentImage":  "C:\\Windows\\System32\\services.exe"
    },
    {
        "ParentCommandLine":  "C:\\WINDOWS\\system32\\svchost.exe -k netsvcs -p",
        "Description":  "Microsoft Feeds Synchronization",
        "CommandLine":  "C:\\Windows\\system32\\msfeedssync.exe sync",
        "CurrentDirectory":  "C:\\WINDOWS\\system32\\",
        "Hashes":  "SHA1=036CAB158CD45F9155DAF85B8D847BF5B13099A2,MD5=CDC89D5CEA5B1CEB0A8F34D030CCB7D1,SHA256=2DE228CAD2E542B2AF2554D61FAB5463ECBBA3FF8349BA88C3E48637ED8086E9,IMPHASH=E22B4193AC1639CCDCA0DCF2C8C3F735",
        "Image":  "C:\\Windows\\System32\\msfeedssync.exe",
        "UtcTime":  "2019-06-03 23:31:00.006",
        "ProcessGuid":  "{AC6A4E42-ADB4-5CF5-0000-0010D2C56200}",
        "Company":  "Microsoft Corporation",
        "IntegrityLevel":  "Medium",
        "EventId":  1,
        "FileVersion":  "11.00.17134.1 (WinBuild.160101.0800)",
        "User":  "SEC504STUDENT\\Sec504",
        "RuleName":  null,
        "Product":  "Internet Explorer",
        "LogonId":  "0x2c0d8",
        "ProcessId":  "3068",
        "LogonGuid":  "{AC6A4E42-0419-5CF4-0000-0020D8C00200}",
        "TerminalSessionId":  "1",
        "ParentProcessGuid":  "{AC6A4E42-0412-5CF4-0000-0010590A0100}",
        "ParentProcessId":  "988",
        "ParentImage":  "C:\\Windows\\System32\\svchost.exe"
    },
    {
        "ParentCommandLine":  "C:\\WINDOWS\\system32\\svchost.exe -k DcomLaunch -p",
        "Description":  "Background Task Host",
        "CommandLine":  "\"C:\\WINDOWS\\system32\\backgroundTaskHost.exe\" -ServerName:App.AppXmtcan0h2tfbfy7k9kn8hbxb6dmzz1zh0.mca",
        "CurrentDirectory":  "C:\\Windows\\SystemApps\\Microsoft.Windows.ContentDeliveryManager_cw5n1h2txyewy\\",
        "Hashes":  "SHA1=EA114FDE884B16817A7D348660EA6FA1C217D315,MD5=B7FC4A29431D4F795BBAB1FB182B759A,SHA256=48B9EB1E31B0C2418742CE07675D58C974DD9F03007988C90C1E38F217F5C65B,IMPHASH=D2ACF1CBC4A6DB14A34C687B9362D66B",
        "Image":  "C:\\Windows\\System32\\backgroundTaskHost.exe",
        "UtcTime":  "2019-06-03 23:31:03.110",
        "ProcessGuid":  "{AC6A4E42-ADB7-5CF5-0000-0010D3CC6200}",
        "Company":  "Microsoft Corporation",
        "IntegrityLevel":  "AppContainer",
        "EventId":  1,
        "FileVersion":  "10.0.17134.1 (WinBuild.160101.0800)",
        "User":  "SEC504STUDENT\\Sec504",
        "RuleName":  null,
        "Product":  "Microsoft? Windows? Operating System",
        "LogonId":  "0x2c0d8",
        "ProcessId":  "4848",
        "LogonGuid":  "{AC6A4E42-0419-5CF4-0000-0020D8C00200}",
        "TerminalSessionId":  "1",
        "ParentProcessGuid":  "{AC6A4E42-0411-5CF4-0000-00108EA50000}",
        "ParentProcessId":  "716",
        "ParentImage":  "C:\\Windows\\System32\\svchost.exe"
    },
    {
        "ParentCommandLine":  "C:\\WINDOWS\\system32\\svchost.exe -k netsvcs -p",
        "Description":  "Windows Problem Reporting",
        "CommandLine":  "C:\\WINDOWS\\system32\\wermgr.exe -upload",
        "CurrentDirectory":  "C:\\WINDOWS\\system32\\",
        "Hashes":  "SHA1=1ED4AE92D235497F62610078D51105C4634AFADE,MD5=FF214585BF10206E21EA8EBA202FACFD,SHA256=C48C430EB07ACC2FF8BDDD6057F5C9F72C2E83F67478F1E4A1792AF866711538,IMPHASH=978FE06ED1813DC665ECDD672FEFCA83",
        "Image":  "C:\\Windows\\System32\\wermgr.exe",
        "UtcTime":  "2019-06-03 23:33:31.007",
        "ProcessGuid":  "{AC6A4E42-AE4B-5CF5-0000-00102C026300}",
        "Company":  "Microsoft Corporation",
        "IntegrityLevel":  "System",
        "EventId":  1,
        "FileVersion":  "10.0.17134.1 (WinBuild.160101.0800)",
        "User":  "NT AUTHORITY\\SYSTEM",
        "RuleName":  null,
        "Product":  "Microsoft? Windows? Operating System",
        "LogonId":  "0x3e7",
        "ProcessId":  "1584",
        "LogonGuid":  "{AC6A4E42-0410-5CF4-0000-0020E7030000}",
        "TerminalSessionId":  "0",
        "ParentProcessGuid":  "{AC6A4E42-0412-5CF4-0000-0010590A0100}",
        "ParentProcessId":  "988",
        "ParentImage":  "C:\\Windows\\System32\\svchost.exe"
    },
    {
        "ParentCommandLine":  "C:\\WINDOWS\\system32\\services.exe",
        "Description":  "Host Process for Windows Services",
        "CommandLine":  "C:\\WINDOWS\\System32\\svchost.exe -k wsappx -p",
        "CurrentDirectory":  "C:\\WINDOWS\\system32\\",
        "Hashes":  "SHA1=660B76B6FB802417D513ADC967C5CAF77FC2BAC6,MD5=32569E403279B3FD2EDB7EBD036273FA,SHA256=C9A28DC8004C3E043CBF8E3A194FDA2B756CE90740DF2175488337281B485F69,IMPHASH=3A8297483C1777054C7BAFEA5E6A8853",
        "Image":  "C:\\Windows\\System32\\svchost.exe",
        "UtcTime":  "2019-06-03 23:33:31.131",
        "ProcessGuid":  "{AC6A4E42-AE4B-5CF5-0000-0010CE0B6300}",
        "Company":  "Microsoft Corporation",
        "IntegrityLevel":  "System",
        "EventId":  1,
        "FileVersion":  "10.0.17134.1 (WinBuild.160101.0800)",
        "User":  "NT AUTHORITY\\SYSTEM",
        "RuleName":  null,
        "Product":  "Microsoft? Windows? Operating System",
        "LogonId":  "0x3e7",
        "ProcessId":  "5352",
        "LogonGuid":  "{AC6A4E42-0410-5CF4-0000-0020E7030000}",
        "TerminalSessionId":  "0",
        "ParentProcessGuid":  "{AC6A4E42-0410-5CF4-0000-001002910000}",
        "ParentProcessId":  "572",
        "ParentImage":  "C:\\Windows\\System32\\services.exe"
    },
    {
        "ParentCommandLine":  "C:\\WINDOWS\\system32\\svchost.exe -k DcomLaunch -p",
        "Description":  "Background Task Host",
        "CommandLine":  "\"C:\\WINDOWS\\system32\\backgroundTaskHost.exe\" -ServerName:App.AppXmtcan0h2tfbfy7k9kn8hbxb6dmzz1zh0.mca",
        "CurrentDirectory":  "C:\\Windows\\SystemApps\\Microsoft.Windows.ContentDeliveryManager_cw5n1h2txyewy\\",
        "Hashes":  "SHA1=EA114FDE884B16817A7D348660EA6FA1C217D315,MD5=B7FC4A29431D4F795BBAB1FB182B759A,SHA256=48B9EB1E31B0C2418742CE07675D58C974DD9F03007988C90C1E38F217F5C65B,IMPHASH=D2ACF1CBC4A6DB14A34C687B9362D66B",
        "Image":  "C:\\Windows\\System32\\backgroundTaskHost.exe",
        "UtcTime":  "2019-06-03 23:36:33.205",
        "ProcessGuid":  "{AC6A4E42-AF01-5CF5-0000-00107F8E6300}",
        "Company":  "Microsoft Corporation",
        "IntegrityLevel":  "AppContainer",
        "EventId":  1,
        "FileVersion":  "10.0.17134.1 (WinBuild.160101.0800)",
        "User":  "SEC504STUDENT\\Sec504",
        "RuleName":  null,
        "Product":  "Microsoft? Windows? Operating System",
        "LogonId":  "0x2c0d8",
        "ProcessId":  "388",
        "LogonGuid":  "{AC6A4E42-0419-5CF4-0000-0020D8C00200}",
        "TerminalSessionId":  "1",
        "ParentProcessGuid":  "{AC6A4E42-0411-5CF4-0000-00108EA50000}",
        "ParentProcessId":  "716",
        "ParentImage":  "C:\\Windows\\System32\\svchost.exe"
    },
    {
        "ParentCommandLine":  "C:\\WINDOWS\\system32\\services.exe",
        "Description":  "Host Process for Windows Services",
        "CommandLine":  "C:\\WINDOWS\\System32\\svchost.exe -k wsappx -p",
        "CurrentDirectory":  "C:\\WINDOWS\\system32\\",
        "Hashes":  "SHA1=660B76B6FB802417D513ADC967C5CAF77FC2BAC6,MD5=32569E403279B3FD2EDB7EBD036273FA,SHA256=C9A28DC8004C3E043CBF8E3A194FDA2B756CE90740DF2175488337281B485F69,IMPHASH=3A8297483C1777054C7BAFEA5E6A8853",
        "Image":  "C:\\Windows\\System32\\svchost.exe",
        "UtcTime":  "2019-06-03 23:40:44.292",
        "ProcessGuid":  "{AC6A4E42-AFFC-5CF5-0000-0010D8CE6300}",
        "Company":  "Microsoft Corporation",
        "IntegrityLevel":  "System",
        "EventId":  1,
        "FileVersion":  "10.0.17134.1 (WinBuild.160101.0800)",
        "User":  "NT AUTHORITY\\SYSTEM",
        "RuleName":  null,
        "Product":  "Microsoft? Windows? Operating System",
        "LogonId":  "0x3e7",
        "ProcessId":  "4480",
        "LogonGuid":  "{AC6A4E42-0410-5CF4-0000-0020E7030000}",
        "TerminalSessionId":  "0",
        "ParentProcessGuid":  "{AC6A4E42-0410-5CF4-0000-001002910000}",
        "ParentProcessId":  "572",
        "ParentImage":  "C:\\Windows\\System32\\services.exe"
    },
    {
        "ParentCommandLine":  "C:\\WINDOWS\\system32\\svchost.exe -k DcomLaunch -p",
        "Description":  "Background Task Host",
        "CommandLine":  "\"C:\\WINDOWS\\system32\\backgroundTaskHost.exe\" -ServerName:App.AppXmtcan0h2tfbfy7k9kn8hbxb6dmzz1zh0.mca",
        "CurrentDirectory":  "C:\\Windows\\SystemApps\\Microsoft.Windows.ContentDeliveryManager_cw5n1h2txyewy\\",
        "Hashes":  "SHA1=EA114FDE884B16817A7D348660EA6FA1C217D315,MD5=B7FC4A29431D4F795BBAB1FB182B759A,SHA256=48B9EB1E31B0C2418742CE07675D58C974DD9F03007988C90C1E38F217F5C65B,IMPHASH=D2ACF1CBC4A6DB14A34C687B9362D66B",
        "Image":  "C:\\Windows\\System32\\backgroundTaskHost.exe",
        "UtcTime":  "2019-06-03 23:42:03.313",
        "ProcessGuid":  "{AC6A4E42-B04B-5CF5-0000-0010AB006400}",
        "Company":  "Microsoft Corporation",
        "IntegrityLevel":  "AppContainer",
        "EventId":  1,
        "FileVersion":  "10.0.17134.1 (WinBuild.160101.0800)",
        "User":  "SEC504STUDENT\\Sec504",
        "RuleName":  null,
        "Product":  "Microsoft? Windows? Operating System",
        "LogonId":  "0x2c0d8",
        "ProcessId":  "2932",
        "LogonGuid":  "{AC6A4E42-0419-5CF4-0000-0020D8C00200}",
        "TerminalSessionId":  "1",
        "ParentProcessGuid":  "{AC6A4E42-0411-5CF4-0000-00108EA50000}",
        "ParentProcessId":  "716",
        "ParentImage":  "C:\\Windows\\System32\\svchost.exe"
    },
    {
        "ParentCommandLine":  "C:\\WINDOWS\\system32\\svchost.exe -k netsvcs -p",
        "Description":  "Windows Problem Reporting",
        "CommandLine":  "C:\\WINDOWS\\system32\\wermgr.exe -upload",
        "CurrentDirectory":  "C:\\WINDOWS\\system32\\",
        "Hashes":  "SHA1=1ED4AE92D235497F62610078D51105C4634AFADE,MD5=FF214585BF10206E21EA8EBA202FACFD,SHA256=C48C430EB07ACC2FF8BDDD6057F5C9F72C2E83F67478F1E4A1792AF866711538,IMPHASH=978FE06ED1813DC665ECDD672FEFCA83",
        "Image":  "C:\\Windows\\System32\\wermgr.exe",
        "UtcTime":  "2019-06-03 23:44:40.006",
        "ProcessGuid":  "{AC6A4E42-B0E8-5CF5-0000-001072246400}",
        "Company":  "Microsoft Corporation",
        "IntegrityLevel":  "System",
        "EventId":  1,
        "FileVersion":  "10.0.17134.1 (WinBuild.160101.0800)",
        "User":  "NT AUTHORITY\\SYSTEM",
        "RuleName":  null,
        "Product":  "Microsoft? Windows? Operating System",
        "LogonId":  "0x3e7",
        "ProcessId":  "3956",
        "LogonGuid":  "{AC6A4E42-0410-5CF4-0000-0020E7030000}",
        "TerminalSessionId":  "0",
        "ParentProcessGuid":  "{AC6A4E42-0412-5CF4-0000-0010590A0100}",
        "ParentProcessId":  "988",
        "ParentImage":  "C:\\Windows\\System32\\svchost.exe"
    },
    {
        "ParentCommandLine":  "C:\\WINDOWS\\system32\\svchost.exe -k netsvcs -p",
        "Description":  "Microsoft Feeds Synchronization",
        "CommandLine":  "C:\\Windows\\system32\\msfeedssync.exe sync",
        "CurrentDirectory":  "C:\\WINDOWS\\system32\\",
        "Hashes":  "SHA1=036CAB158CD45F9155DAF85B8D847BF5B13099A2,MD5=CDC89D5CEA5B1CEB0A8F34D030CCB7D1,SHA256=2DE228CAD2E542B2AF2554D61FAB5463ECBBA3FF8349BA88C3E48637ED8086E9,IMPHASH=E22B4193AC1639CCDCA0DCF2C8C3F735",
        "Image":  "C:\\Windows\\System32\\msfeedssync.exe",
        "UtcTime":  "2019-06-03 23:46:13.005",
        "ProcessGuid":  "{AC6A4E42-B145-5CF5-0000-001077996400}",
        "Company":  "Microsoft Corporation",
        "IntegrityLevel":  "Medium",
        "EventId":  1,
        "FileVersion":  "11.00.17134.1 (WinBuild.160101.0800)",
        "User":  "SEC504STUDENT\\Sec504",
        "RuleName":  null,
        "Product":  "Internet Explorer",
        "LogonId":  "0x2c0d8",
        "ProcessId":  "5088",
        "LogonGuid":  "{AC6A4E42-0419-5CF4-0000-0020D8C00200}",
        "TerminalSessionId":  "1",
        "ParentProcessGuid":  "{AC6A4E42-0412-5CF4-0000-0010590A0100}",
        "ParentProcessId":  "988",
        "ParentImage":  "C:\\Windows\\System32\\svchost.exe"
    },
    {
        "ParentCommandLine":  "C:\\WINDOWS\\system32\\svchost.exe -k DcomLaunch -p",
        "Description":  "Background Task Host",
        "CommandLine":  "\"C:\\WINDOWS\\system32\\backgroundTaskHost.exe\" -ServerName:App.AppXmtcan0h2tfbfy7k9kn8hbxb6dmzz1zh0.mca",
        "CurrentDirectory":  "C:\\Windows\\SystemApps\\Microsoft.Windows.ContentDeliveryManager_cw5n1h2txyewy\\",
        "Hashes":  "SHA1=EA114FDE884B16817A7D348660EA6FA1C217D315,MD5=B7FC4A29431D4F795BBAB1FB182B759A,SHA256=48B9EB1E31B0C2418742CE07675D58C974DD9F03007988C90C1E38F217F5C65B,IMPHASH=D2ACF1CBC4A6DB14A34C687B9362D66B",
        "Image":  "C:\\Windows\\System32\\backgroundTaskHost.exe",
        "UtcTime":  "2019-06-03 23:47:33.405",
        "ProcessGuid":  "{AC6A4E42-B195-5CF5-0000-001048BE6400}",
        "Company":  "Microsoft Corporation",
        "IntegrityLevel":  "AppContainer",
        "EventId":  1,
        "FileVersion":  "10.0.17134.1 (WinBuild.160101.0800)",
        "User":  "SEC504STUDENT\\Sec504",
        "RuleName":  null,
        "Product":  "Microsoft? Windows? Operating System",
        "LogonId":  "0x2c0d8",
        "ProcessId":  "5168",
        "LogonGuid":  "{AC6A4E42-0419-5CF4-0000-0020D8C00200}",
        "TerminalSessionId":  "1",
        "ParentProcessGuid":  "{AC6A4E42-0411-5CF4-0000-00108EA50000}",
        "ParentProcessId":  "716",
        "ParentImage":  "C:\\Windows\\System32\\svchost.exe"
    },
    {
        "ParentCommandLine":  "C:\\WINDOWS\\system32\\svchost.exe -k netsvcs -p",
        "Description":  "Windows Problem Reporting",
        "CommandLine":  "C:\\WINDOWS\\system32\\wermgr.exe -upload",
        "CurrentDirectory":  "C:\\WINDOWS\\system32\\",
        "Hashes":  "SHA1=1ED4AE92D235497F62610078D51105C4634AFADE,MD5=FF214585BF10206E21EA8EBA202FACFD,SHA256=C48C430EB07ACC2FF8BDDD6057F5C9F72C2E83F67478F1E4A1792AF866711538,IMPHASH=978FE06ED1813DC665ECDD672FEFCA83",
        "Image":  "C:\\Windows\\System32\\wermgr.exe",
        "UtcTime":  "2019-06-03 23:49:54.007",
        "ProcessGuid":  "{AC6A4E42-B222-5CF5-0000-0010F9E06400}",
        "Company":  "Microsoft Corporation",
        "IntegrityLevel":  "System",
        "EventId":  1,
        "FileVersion":  "10.0.17134.1 (WinBuild.160101.0800)",
        "User":  "NT AUTHORITY\\SYSTEM",
        "RuleName":  null,
        "Product":  "Microsoft? Windows? Operating System",
        "LogonId":  "0x3e7",
        "ProcessId":  "5848",
        "LogonGuid":  "{AC6A4E42-0410-5CF4-0000-0020E7030000}",
        "TerminalSessionId":  "0",
        "ParentProcessGuid":  "{AC6A4E42-0412-5CF4-0000-0010590A0100}",
        "ParentProcessId":  "988",
        "ParentImage":  "C:\\Windows\\System32\\svchost.exe"
    },
    {
        "ParentCommandLine":  "C:\\WINDOWS\\system32\\services.exe",
        "Description":  "Host Process for Windows Services",
        "CommandLine":  "C:\\WINDOWS\\System32\\svchost.exe -k wsappx -p",
        "CurrentDirectory":  "C:\\WINDOWS\\system32\\",
        "Hashes":  "SHA1=660B76B6FB802417D513ADC967C5CAF77FC2BAC6,MD5=32569E403279B3FD2EDB7EBD036273FA,SHA256=C9A28DC8004C3E043CBF8E3A194FDA2B756CE90740DF2175488337281B485F69,IMPHASH=3A8297483C1777054C7BAFEA5E6A8853",
        "Image":  "C:\\Windows\\System32\\svchost.exe",
        "UtcTime":  "2019-06-03 23:49:54.131",
        "ProcessGuid":  "{AC6A4E42-B222-5CF5-0000-00109BEA6400}",
        "Company":  "Microsoft Corporation",
        "IntegrityLevel":  "System",
        "EventId":  1,
        "FileVersion":  "10.0.17134.1 (WinBuild.160101.0800)",
        "User":  "NT AUTHORITY\\SYSTEM",
        "RuleName":  null,
        "Product":  "Microsoft? Windows? Operating System",
        "LogonId":  "0x3e7",
        "ProcessId":  "3340",
        "LogonGuid":  "{AC6A4E42-0410-5CF4-0000-0020E7030000}",
        "TerminalSessionId":  "0",
        "ParentProcessGuid":  "{AC6A4E42-0410-5CF4-0000-001002910000}",
        "ParentProcessId":  "572",
        "ParentImage":  "C:\\Windows\\System32\\services.exe"
    },
    {
        "ParentCommandLine":  "C:\\WINDOWS\\system32\\svchost.exe -k netsvcs -p",
        "Description":  "Windows Problem Reporting",
        "CommandLine":  "C:\\WINDOWS\\system32\\wermgr.exe -upload",
        "CurrentDirectory":  "C:\\WINDOWS\\system32\\",
        "Hashes":  "SHA1=1ED4AE92D235497F62610078D51105C4634AFADE,MD5=FF214585BF10206E21EA8EBA202FACFD,SHA256=C48C430EB07ACC2FF8BDDD6057F5C9F72C2E83F67478F1E4A1792AF866711538,IMPHASH=978FE06ED1813DC665ECDD672FEFCA83",
        "Image":  "C:\\Windows\\System32\\wermgr.exe",
        "UtcTime":  "2019-06-03 23:50:29.006",
        "ProcessGuid":  "{AC6A4E42-B245-5CF5-0000-0010DB526500}",
        "Company":  "Microsoft Corporation",
        "IntegrityLevel":  "System",
        "EventId":  1,
        "FileVersion":  "10.0.17134.1 (WinBuild.160101.0800)",
        "User":  "NT AUTHORITY\\SYSTEM",
        "RuleName":  null,
        "Product":  "Microsoft? Windows? Operating System",
        "LogonId":  "0x3e7",
        "ProcessId":  "4204",
        "LogonGuid":  "{AC6A4E42-0410-5CF4-0000-0020E7030000}",
        "TerminalSessionId":  "0",
        "ParentProcessGuid":  "{AC6A4E42-0412-5CF4-0000-0010590A0100}",
        "ParentProcessId":  "988",
        "ParentImage":  "C:\\Windows\\System32\\svchost.exe"
    },
    {
        "ParentCommandLine":  "C:\\WINDOWS\\system32\\svchost.exe -k DcomLaunch -p",
        "Description":  "Background Task Host",
        "CommandLine":  "\"C:\\WINDOWS\\system32\\backgroundTaskHost.exe\" -ServerName:App.AppXmtcan0h2tfbfy7k9kn8hbxb6dmzz1zh0.mca",
        "CurrentDirectory":  "C:\\Windows\\SystemApps\\Microsoft.Windows.ContentDeliveryManager_cw5n1h2txyewy\\",
        "Hashes":  "SHA1=EA114FDE884B16817A7D348660EA6FA1C217D315,MD5=B7FC4A29431D4F795BBAB1FB182B759A,SHA256=48B9EB1E31B0C2418742CE07675D58C974DD9F03007988C90C1E38F217F5C65B,IMPHASH=D2ACF1CBC4A6DB14A34C687B9362D66B",
        "Image":  "C:\\Windows\\System32\\backgroundTaskHost.exe",
        "UtcTime":  "2019-06-03 23:53:03.503",
        "ProcessGuid":  "{AC6A4E42-B2DF-5CF5-0000-0010BFC26500}",
        "Company":  "Microsoft Corporation",
        "IntegrityLevel":  "AppContainer",
        "EventId":  1,
        "FileVersion":  "10.0.17134.1 (WinBuild.160101.0800)",
        "User":  "SEC504STUDENT\\Sec504",
        "RuleName":  null,
        "Product":  "Microsoft? Windows? Operating System",
        "LogonId":  "0x2c0d8",
        "ProcessId":  "5388",
        "LogonGuid":  "{AC6A4E42-0419-5CF4-0000-0020D8C00200}",
        "TerminalSessionId":  "1",
        "ParentProcessGuid":  "{AC6A4E42-0411-5CF4-0000-00108EA50000}",
        "ParentProcessId":  "716",
        "ParentImage":  "C:\\Windows\\System32\\svchost.exe"
    },
