    {
        "ParentCommandLine":  "\"C:\\Windows\\Microsoft.NET\\Framework64\\v4.0.30319\\NGenTask.exe\" /RuntimeWide /StopEvent:1076",
        "Description":  "Microsoft Common Language Runtime native compiler",
        "CommandLine":  "\"C:\\Windows\\Microsoft.NET\\Framework64\\v4.0.30319\\ngen.exe\" uninstall \"C:\\WINDOWS\\assembly\\NativeImages_v2.0.50727_64\\System.DirectorySer#\\76f55546ef752157886f635005493a8e\\System.DirectoryServices.ni.dll\" /noroot /LegacyServiceBehavior",
        "CurrentDirectory":  "C:\\WINDOWS\\system32\\",
        "Hashes":  "SHA1=AFAEE76E6FEA9614CC1C88A4488AA719920ED1F9,MD5=FBA5E8D94C9EADC279BC06B9CF041A9A,SHA256=404546D457AF97DB97D728E848E1544E351C07A9946710C0DF3DB1899E0908A8,IMPHASH=6C889A541B155E63FAE2CE0264E80BD6",
        "Image":  "C:\\Windows\\Microsoft.NET\\Framework64\\v4.0.30319\\ngen.exe",
        "UtcTime":  "2019-06-03 10:34:17.363",
        "ProcessGuid":  "{AC6A4E42-F7A9-5CF4-0000-0010496E3200}",
        "Company":  "Microsoft Corporation",
        "IntegrityLevel":  "System",
        "EventId":  1,
        "FileVersion":  "4.7.3056.0 built by: NET472REL1",
        "User":  "NT AUTHORITY\\SYSTEM",
        "RuleName":  null,
        "Product":  "Microsoft? .NET Framework",
        "LogonId":  "0x3e7",
        "ProcessId":  "2020",
        "LogonGuid":  "{AC6A4E42-0410-5CF4-0000-0020E7030000}",
        "TerminalSessionId":  "0",
        "ParentProcessGuid":  "{AC6A4E42-F79D-5CF4-0000-0010ACB12D00}",
        "ParentProcessId":  "5700",
        "ParentImage":  "C:\\Windows\\Microsoft.NET\\Framework64\\v4.0.30319\\ngentask.exe"
    },
    {
        "ParentCommandLine":  "\"C:\\Windows\\Microsoft.NET\\Framework64\\v4.0.30319\\NGenTask.exe\" /RuntimeWide /StopEvent:1076",
        "Description":  "Microsoft Common Language Runtime native compiler",
        "CommandLine":  "\"C:\\Windows\\Microsoft.NET\\Framework64\\v4.0.30319\\ngen.exe\" uninstall \"C:\\WINDOWS\\assembly\\NativeImages_v2.0.50727_64\\System.Drawing\\b12bbcf27f41d96fe44360ae0b566f9b\\System.Drawing.ni.dll\" /noroot /LegacyServiceBehavior",
        "CurrentDirectory":  "C:\\WINDOWS\\system32\\",
        "Hashes":  "SHA1=AFAEE76E6FEA9614CC1C88A4488AA719920ED1F9,MD5=FBA5E8D94C9EADC279BC06B9CF041A9A,SHA256=404546D457AF97DB97D728E848E1544E351C07A9946710C0DF3DB1899E0908A8,IMPHASH=6C889A541B155E63FAE2CE0264E80BD6",
        "Image":  "C:\\Windows\\Microsoft.NET\\Framework64\\v4.0.30319\\ngen.exe",
        "UtcTime":  "2019-06-03 10:34:17.423",
        "ProcessGuid":  "{AC6A4E42-F7A9-5CF4-0000-001062773200}",
        "Company":  "Microsoft Corporation",
        "IntegrityLevel":  "System",
        "EventId":  1,
        "FileVersion":  "4.7.3056.0 built by: NET472REL1",
        "User":  "NT AUTHORITY\\SYSTEM",
        "RuleName":  null,
        "Product":  "Microsoft? .NET Framework",
        "LogonId":  "0x3e7",
        "ProcessId":  "3736",
        "LogonGuid":  "{AC6A4E42-0410-5CF4-0000-0020E7030000}",
        "TerminalSessionId":  "0",
        "ParentProcessGuid":  "{AC6A4E42-F79D-5CF4-0000-0010ACB12D00}",
        "ParentProcessId":  "5700",
        "ParentImage":  "C:\\Windows\\Microsoft.NET\\Framework64\\v4.0.30319\\ngentask.exe"
    },
    {
        "ParentCommandLine":  "\"C:\\Windows\\Microsoft.NET\\Framework\\v4.0.30319\\NGenTask.exe\" /RuntimeWide /StopEvent:1280",
        "Description":  "Microsoft Common Language Runtime native compiler",
        "CommandLine":  "\"C:\\Windows\\Microsoft.NET\\Framework\\v4.0.30319\\ngen.exe\" uninstall \"C:\\WINDOWS\\assembly\\NativeImages_v2.0.50727_32\\CustomMarshalers\\6e9bdd78f7a8bb20d228fefdaa957d00\\CustomMarshalers.ni.dll\" /noroot /LegacyServiceBehavior",
        "CurrentDirectory":  "C:\\WINDOWS\\system32\\",
        "Hashes":  "SHA1=FFD7991F422F82331827FB3C244B4AA93C67F28F,MD5=F3BB8D838D986786B6E4D6934673DAF1,SHA256=5568EE9750FF50F79EB2C647AE6847E33CE8FDBCB43281766C162D06CD9940A2,IMPHASH=324D9AAE78DFEF9C5B1789F66416E2FB",
        "Image":  "C:\\Windows\\Microsoft.NET\\Framework\\v4.0.30319\\ngen.exe",
        "UtcTime":  "2019-06-03 10:34:17.424",
        "ProcessGuid":  "{AC6A4E42-F7A9-5CF4-0000-001079773200}",
        "Company":  "Microsoft Corporation",
        "IntegrityLevel":  "System",
        "EventId":  1,
        "FileVersion":  "4.7.3056.0 built by: NET472REL1",
        "User":  "NT AUTHORITY\\SYSTEM",
        "RuleName":  null,
        "Product":  "Microsoft? .NET Framework",
        "LogonId":  "0x3e7",
        "ProcessId":  "5288",
        "LogonGuid":  "{AC6A4E42-0410-5CF4-0000-0020E7030000}",
        "TerminalSessionId":  "0",
        "ParentProcessGuid":  "{AC6A4E42-F79E-5CF4-0000-001096412E00}",
        "ParentProcessId":  "4784",
        "ParentImage":  "C:\\Windows\\Microsoft.NET\\Framework\\v4.0.30319\\ngentask.exe"
    },
    {
        "ParentCommandLine":  "\"C:\\Windows\\Microsoft.NET\\Framework64\\v4.0.30319\\NGenTask.exe\" /RuntimeWide /StopEvent:1076",
        "Description":  "Microsoft Common Language Runtime native compiler",
        "CommandLine":  "\"C:\\Windows\\Microsoft.NET\\Framework64\\v4.0.30319\\ngen.exe\" uninstall \"C:\\WINDOWS\\assembly\\NativeImages_v2.0.50727_64\\System.Management\\ae8d6eb6689c9ca2facd0d2924080164\\System.Management.ni.dll\" /noroot /LegacyServiceBehavior",
        "CurrentDirectory":  "C:\\WINDOWS\\system32\\",
        "Hashes":  "SHA1=AFAEE76E6FEA9614CC1C88A4488AA719920ED1F9,MD5=FBA5E8D94C9EADC279BC06B9CF041A9A,SHA256=404546D457AF97DB97D728E848E1544E351C07A9946710C0DF3DB1899E0908A8,IMPHASH=6C889A541B155E63FAE2CE0264E80BD6",
        "Image":  "C:\\Windows\\Microsoft.NET\\Framework64\\v4.0.30319\\ngen.exe",
        "UtcTime":  "2019-06-03 10:34:17.472",
        "ProcessGuid":  "{AC6A4E42-F7A9-5CF4-0000-001035803200}",
        "Company":  "Microsoft Corporation",
        "IntegrityLevel":  "System",
        "EventId":  1,
        "FileVersion":  "4.7.3056.0 built by: NET472REL1",
        "User":  "NT AUTHORITY\\SYSTEM",
        "RuleName":  null,
        "Product":  "Microsoft? .NET Framework",
        "LogonId":  "0x3e7",
        "ProcessId":  "1016",
        "LogonGuid":  "{AC6A4E42-0410-5CF4-0000-0020E7030000}",
        "TerminalSessionId":  "0",
        "ParentProcessGuid":  "{AC6A4E42-F79D-5CF4-0000-0010ACB12D00}",
        "ParentProcessId":  "5700",
        "ParentImage":  "C:\\Windows\\Microsoft.NET\\Framework64\\v4.0.30319\\ngentask.exe"
    },
    {
        "ParentCommandLine":  "\"C:\\Windows\\Microsoft.NET\\Framework\\v4.0.30319\\NGenTask.exe\" /RuntimeWide /StopEvent:1280",
        "Description":  "Microsoft Common Language Runtime native compiler",
        "CommandLine":  "\"C:\\Windows\\Microsoft.NET\\Framework\\v4.0.30319\\ngen.exe\" uninstall \"C:\\WINDOWS\\assembly\\NativeImages_v2.0.50727_32\\Microsoft.Ink\\f6b51154e1ec8665a2232ac563725231\\Microsoft.Ink.ni.dll\" /noroot /LegacyServiceBehavior",
        "CurrentDirectory":  "C:\\WINDOWS\\system32\\",
        "Hashes":  "SHA1=FFD7991F422F82331827FB3C244B4AA93C67F28F,MD5=F3BB8D838D986786B6E4D6934673DAF1,SHA256=5568EE9750FF50F79EB2C647AE6847E33CE8FDBCB43281766C162D06CD9940A2,IMPHASH=324D9AAE78DFEF9C5B1789F66416E2FB",
        "Image":  "C:\\Windows\\Microsoft.NET\\Framework\\v4.0.30319\\ngen.exe",
        "UtcTime":  "2019-06-03 10:34:17.500",
        "ProcessGuid":  "{AC6A4E42-F7A9-5CF4-0000-001086833200}",
        "Company":  "Microsoft Corporation",
        "IntegrityLevel":  "System",
        "EventId":  1,
        "FileVersion":  "4.7.3056.0 built by: NET472REL1",
        "User":  "NT AUTHORITY\\SYSTEM",
        "RuleName":  null,
        "Product":  "Microsoft? .NET Framework",
        "LogonId":  "0x3e7",
        "ProcessId":  "5620",
        "LogonGuid":  "{AC6A4E42-0410-5CF4-0000-0020E7030000}",
        "TerminalSessionId":  "0",
        "ParentProcessGuid":  "{AC6A4E42-F79E-5CF4-0000-001096412E00}",
        "ParentProcessId":  "4784",
        "ParentImage":  "C:\\Windows\\Microsoft.NET\\Framework\\v4.0.30319\\ngentask.exe"
    },
    {
        "ParentCommandLine":  "\"C:\\Windows\\Microsoft.NET\\Framework64\\v4.0.30319\\NGenTask.exe\" /RuntimeWide /StopEvent:1076",
        "Description":  "Microsoft Common Language Runtime native compiler",
        "CommandLine":  "\"C:\\Windows\\Microsoft.NET\\Framework64\\v4.0.30319\\ngen.exe\" uninstall \"C:\\WINDOWS\\assembly\\NativeImages_v2.0.50727_64\\System.Management.A#\\9af710e58daa858e714165f1047cca4d\\System.Management.Automation.ni.dll\" /noroot /LegacyServiceBehavior",
        "CurrentDirectory":  "C:\\WINDOWS\\system32\\",
        "Hashes":  "SHA1=AFAEE76E6FEA9614CC1C88A4488AA719920ED1F9,MD5=FBA5E8D94C9EADC279BC06B9CF041A9A,SHA256=404546D457AF97DB97D728E848E1544E351C07A9946710C0DF3DB1899E0908A8,IMPHASH=6C889A541B155E63FAE2CE0264E80BD6",
        "Image":  "C:\\Windows\\Microsoft.NET\\Framework64\\v4.0.30319\\ngen.exe",
        "UtcTime":  "2019-06-03 10:34:17.527",
        "ProcessGuid":  "{AC6A4E42-F7A9-5CF4-0000-0010D1883200}",
        "Company":  "Microsoft Corporation",
        "IntegrityLevel":  "System",
        "EventId":  1,
        "FileVersion":  "4.7.3056.0 built by: NET472REL1",
        "User":  "NT AUTHORITY\\SYSTEM",
        "RuleName":  null,
        "Product":  "Microsoft? .NET Framework",
        "LogonId":  "0x3e7",
        "ProcessId":  "5440",
        "LogonGuid":  "{AC6A4E42-0410-5CF4-0000-0020E7030000}",
        "TerminalSessionId":  "0",
        "ParentProcessGuid":  "{AC6A4E42-F79D-5CF4-0000-0010ACB12D00}",
        "ParentProcessId":  "5700",
        "ParentImage":  "C:\\Windows\\Microsoft.NET\\Framework64\\v4.0.30319\\ngentask.exe"
    },
    {
        "ParentCommandLine":  "\"C:\\Windows\\Microsoft.NET\\Framework\\v4.0.30319\\NGenTask.exe\" /RuntimeWide /StopEvent:1280",
        "Description":  "Microsoft Common Language Runtime native compiler",
        "CommandLine":  "\"C:\\Windows\\Microsoft.NET\\Framework\\v4.0.30319\\ngen.exe\" uninstall \"C:\\WINDOWS\\assembly\\NativeImages_v2.0.50727_32\\Microsoft.PowerShel#\\275db6479090936fd64ae7171b3defa1\\Microsoft.PowerShell.Commands.Diagnostics.ni.dll\" /noroot /LegacyServiceBehavior",
        "CurrentDirectory":  "C:\\WINDOWS\\system32\\",
        "Hashes":  "SHA1=FFD7991F422F82331827FB3C244B4AA93C67F28F,MD5=F3BB8D838D986786B6E4D6934673DAF1,SHA256=5568EE9750FF50F79EB2C647AE6847E33CE8FDBCB43281766C162D06CD9940A2,IMPHASH=324D9AAE78DFEF9C5B1789F66416E2FB",
        "Image":  "C:\\Windows\\Microsoft.NET\\Framework\\v4.0.30319\\ngen.exe",
        "UtcTime":  "2019-06-03 10:34:17.549",
        "ProcessGuid":  "{AC6A4E42-F7A9-5CF4-0000-00102F8D3200}",
        "Company":  "Microsoft Corporation",
        "IntegrityLevel":  "System",
        "EventId":  1,
        "FileVersion":  "4.7.3056.0 built by: NET472REL1",
        "User":  "NT AUTHORITY\\SYSTEM",
        "RuleName":  null,
        "Product":  "Microsoft? .NET Framework",
        "LogonId":  "0x3e7",
        "ProcessId":  "5456",
        "LogonGuid":  "{AC6A4E42-0410-5CF4-0000-0020E7030000}",
        "TerminalSessionId":  "0",
        "ParentProcessGuid":  "{AC6A4E42-F79E-5CF4-0000-001096412E00}",
        "ParentProcessId":  "4784",
        "ParentImage":  "C:\\Windows\\Microsoft.NET\\Framework\\v4.0.30319\\ngentask.exe"
    },
    {
        "ParentCommandLine":  "\"C:\\Windows\\Microsoft.NET\\Framework64\\v4.0.30319\\NGenTask.exe\" /RuntimeWide /StopEvent:1076",
        "Description":  "Microsoft Common Language Runtime native compiler",
        "CommandLine":  "\"C:\\Windows\\Microsoft.NET\\Framework64\\v4.0.30319\\ngen.exe\" uninstall \"C:\\WINDOWS\\assembly\\NativeImages_v2.0.50727_64\\System.Runtime.Remo#\\bc6a0a01a7bd9d05ca132f229184fce6\\System.Runtime.Remoting.ni.dll\" /noroot /LegacyServiceBehavior",
        "CurrentDirectory":  "C:\\WINDOWS\\system32\\",
        "Hashes":  "SHA1=AFAEE76E6FEA9614CC1C88A4488AA719920ED1F9,MD5=FBA5E8D94C9EADC279BC06B9CF041A9A,SHA256=404546D457AF97DB97D728E848E1544E351C07A9946710C0DF3DB1899E0908A8,IMPHASH=6C889A541B155E63FAE2CE0264E80BD6",
        "Image":  "C:\\Windows\\Microsoft.NET\\Framework64\\v4.0.30319\\ngen.exe",
        "UtcTime":  "2019-06-03 10:34:17.569",
        "ProcessGuid":  "{AC6A4E42-F7A9-5CF4-0000-00100D903200}",
        "Company":  "Microsoft Corporation",
        "IntegrityLevel":  "System",
        "EventId":  1,
        "FileVersion":  "4.7.3056.0 built by: NET472REL1",
        "User":  "NT AUTHORITY\\SYSTEM",
        "RuleName":  null,
        "Product":  "Microsoft? .NET Framework",
        "LogonId":  "0x3e7",
        "ProcessId":  "4812",
        "LogonGuid":  "{AC6A4E42-0410-5CF4-0000-0020E7030000}",
        "TerminalSessionId":  "0",
        "ParentProcessGuid":  "{AC6A4E42-F79D-5CF4-0000-0010ACB12D00}",
        "ParentProcessId":  "5700",
        "ParentImage":  "C:\\Windows\\Microsoft.NET\\Framework64\\v4.0.30319\\ngentask.exe"
    },
    {
        "ParentCommandLine":  "\"C:\\Windows\\Microsoft.NET\\Framework64\\v4.0.30319\\NGenTask.exe\" /RuntimeWide /StopEvent:1076",
        "Description":  "Microsoft Common Language Runtime native compiler",
        "CommandLine":  "\"C:\\Windows\\Microsoft.NET\\Framework64\\v4.0.30319\\ngen.exe\" uninstall \"C:\\WINDOWS\\assembly\\NativeImages_v2.0.50727_64\\System.ServiceProce#\\5e91b88ac0255894c4e0248b14fc4649\\System.ServiceProcess.ni.dll\" /noroot /LegacyServiceBehavior",
        "CurrentDirectory":  "C:\\WINDOWS\\system32\\",
        "Hashes":  "SHA1=AFAEE76E6FEA9614CC1C88A4488AA719920ED1F9,MD5=FBA5E8D94C9EADC279BC06B9CF041A9A,SHA256=404546D457AF97DB97D728E848E1544E351C07A9946710C0DF3DB1899E0908A8,IMPHASH=6C889A541B155E63FAE2CE0264E80BD6",
        "Image":  "C:\\Windows\\Microsoft.NET\\Framework64\\v4.0.30319\\ngen.exe",
        "UtcTime":  "2019-06-03 10:34:17.602",
        "ProcessGuid":  "{AC6A4E42-F7A9-5CF4-0000-0010FF963200}",
        "Company":  "Microsoft Corporation",
        "IntegrityLevel":  "System",
        "EventId":  1,
        "FileVersion":  "4.7.3056.0 built by: NET472REL1",
        "User":  "NT AUTHORITY\\SYSTEM",
        "RuleName":  null,
        "Product":  "Microsoft? .NET Framework",
        "LogonId":  "0x3e7",
        "ProcessId":  "1352",
        "LogonGuid":  "{AC6A4E42-0410-5CF4-0000-0020E7030000}",
        "TerminalSessionId":  "0",
        "ParentProcessGuid":  "{AC6A4E42-F79D-5CF4-0000-0010ACB12D00}",
        "ParentProcessId":  "5700",
        "ParentImage":  "C:\\Windows\\Microsoft.NET\\Framework64\\v4.0.30319\\ngentask.exe"
    },
    {
        "ParentCommandLine":  "\"C:\\Windows\\Microsoft.NET\\Framework\\v4.0.30319\\NGenTask.exe\" /RuntimeWide /StopEvent:1280",
        "Description":  "Microsoft Common Language Runtime native compiler",
        "CommandLine":  "\"C:\\Windows\\Microsoft.NET\\Framework\\v4.0.30319\\ngen.exe\" uninstall \"C:\\WINDOWS\\assembly\\NativeImages_v2.0.50727_32\\Microsoft.PowerShel#\\49e279133dde7779d51228edd695ff6e\\Microsoft.PowerShell.Security.ni.dll\" /noroot /LegacyServiceBehavior",
        "CurrentDirectory":  "C:\\WINDOWS\\system32\\",
        "Hashes":  "SHA1=FFD7991F422F82331827FB3C244B4AA93C67F28F,MD5=F3BB8D838D986786B6E4D6934673DAF1,SHA256=5568EE9750FF50F79EB2C647AE6847E33CE8FDBCB43281766C162D06CD9940A2,IMPHASH=324D9AAE78DFEF9C5B1789F66416E2FB",
        "Image":  "C:\\Windows\\Microsoft.NET\\Framework\\v4.0.30319\\ngen.exe",
        "UtcTime":  "2019-06-03 10:34:17.603",
        "ProcessGuid":  "{AC6A4E42-F7A9-5CF4-0000-001004973200}",
        "Company":  "Microsoft Corporation",
        "IntegrityLevel":  "System",
        "EventId":  1,
        "FileVersion":  "4.7.3056.0 built by: NET472REL1",
        "User":  "NT AUTHORITY\\SYSTEM",
        "RuleName":  null,
        "Product":  "Microsoft? .NET Framework",
        "LogonId":  "0x3e7",
        "ProcessId":  "5348",
        "LogonGuid":  "{AC6A4E42-0410-5CF4-0000-0020E7030000}",
        "TerminalSessionId":  "0",
        "ParentProcessGuid":  "{AC6A4E42-F79E-5CF4-0000-001096412E00}",
        "ParentProcessId":  "4784",
        "ParentImage":  "C:\\Windows\\Microsoft.NET\\Framework\\v4.0.30319\\ngentask.exe"
    },
    {
        "ParentCommandLine":  "\"C:\\Windows\\Microsoft.NET\\Framework64\\v4.0.30319\\NGenTask.exe\" /RuntimeWide /StopEvent:1076",
        "Description":  "Microsoft Common Language Runtime native compiler",
        "CommandLine":  "\"C:\\Windows\\Microsoft.NET\\Framework64\\v4.0.30319\\ngen.exe\" uninstall \"C:\\WINDOWS\\assembly\\NativeImages_v2.0.50727_64\\System.Transactions\\5e843e60a5835cc0c7d774899c79ac72\\System.Transactions.ni.dll\" /noroot /LegacyServiceBehavior",
        "CurrentDirectory":  "C:\\WINDOWS\\system32\\",
        "Hashes":  "SHA1=AFAEE76E6FEA9614CC1C88A4488AA719920ED1F9,MD5=FBA5E8D94C9EADC279BC06B9CF041A9A,SHA256=404546D457AF97DB97D728E848E1544E351C07A9946710C0DF3DB1899E0908A8,IMPHASH=6C889A541B155E63FAE2CE0264E80BD6",
        "Image":  "C:\\Windows\\Microsoft.NET\\Framework64\\v4.0.30319\\ngen.exe",
        "UtcTime":  "2019-06-03 10:34:17.651",
        "ProcessGuid":  "{AC6A4E42-F7A9-5CF4-0000-0010899F3200}",
        "Company":  "Microsoft Corporation",
        "IntegrityLevel":  "System",
        "EventId":  1,
        "FileVersion":  "4.7.3056.0 built by: NET472REL1",
        "User":  "NT AUTHORITY\\SYSTEM",
        "RuleName":  null,
        "Product":  "Microsoft? .NET Framework",
        "LogonId":  "0x3e7",
        "ProcessId":  "3984",
        "LogonGuid":  "{AC6A4E42-0410-5CF4-0000-0020E7030000}",
        "TerminalSessionId":  "0",
        "ParentProcessGuid":  "{AC6A4E42-F79D-5CF4-0000-0010ACB12D00}",
        "ParentProcessId":  "5700",
        "ParentImage":  "C:\\Windows\\Microsoft.NET\\Framework64\\v4.0.30319\\ngentask.exe"
    },
    {
        "ParentCommandLine":  "\"C:\\Windows\\Microsoft.NET\\Framework\\v4.0.30319\\NGenTask.exe\" /RuntimeWide /StopEvent:1280",
        "Description":  "Microsoft Common Language Runtime native compiler",
        "CommandLine":  "\"C:\\Windows\\Microsoft.NET\\Framework\\v4.0.30319\\ngen.exe\" uninstall \"C:\\WINDOWS\\assembly\\NativeImages_v2.0.50727_32\\Microsoft.PowerShel#\\6cf2b8f42186d7ec93e607d72f0102d9\\Microsoft.PowerShell.ConsoleHost.ni.dll\" /noroot /LegacyServiceBehavior",
        "CurrentDirectory":  "C:\\WINDOWS\\system32\\",
        "Hashes":  "SHA1=FFD7991F422F82331827FB3C244B4AA93C67F28F,MD5=F3BB8D838D986786B6E4D6934673DAF1,SHA256=5568EE9750FF50F79EB2C647AE6847E33CE8FDBCB43281766C162D06CD9940A2,IMPHASH=324D9AAE78DFEF9C5B1789F66416E2FB",
        "Image":  "C:\\Windows\\Microsoft.NET\\Framework\\v4.0.30319\\ngen.exe",
        "UtcTime":  "2019-06-03 10:34:17.664",
        "ProcessGuid":  "{AC6A4E42-F7A9-5CF4-0000-001055A23200}",
        "Company":  "Microsoft Corporation",
        "IntegrityLevel":  "System",
        "EventId":  1,
        "FileVersion":  "4.7.3056.0 built by: NET472REL1",
        "User":  "NT AUTHORITY\\SYSTEM",
        "RuleName":  null,
        "Product":  "Microsoft? .NET Framework",
        "LogonId":  "0x3e7",
        "ProcessId":  "1608",
        "LogonGuid":  "{AC6A4E42-0410-5CF4-0000-0020E7030000}",
        "TerminalSessionId":  "0",
        "ParentProcessGuid":  "{AC6A4E42-F79E-5CF4-0000-001096412E00}",
        "ParentProcessId":  "4784",
        "ParentImage":  "C:\\Windows\\Microsoft.NET\\Framework\\v4.0.30319\\ngentask.exe"
    },
    {
        "ParentCommandLine":  "\"C:\\Windows\\Microsoft.NET\\Framework64\\v4.0.30319\\NGenTask.exe\" /RuntimeWide /StopEvent:1076",
        "Description":  "Microsoft Common Language Runtime native compiler",
        "CommandLine":  "\"C:\\Windows\\Microsoft.NET\\Framework64\\v4.0.30319\\ngen.exe\" uninstall \"C:\\WINDOWS\\assembly\\NativeImages_v2.0.50727_64\\System.Web\\d28dd5759c381a719c70c5a501489e29\\System.Web.ni.dll\" /noroot /LegacyServiceBehavior",
        "CurrentDirectory":  "C:\\WINDOWS\\system32\\",
        "Hashes":  "SHA1=AFAEE76E6FEA9614CC1C88A4488AA719920ED1F9,MD5=FBA5E8D94C9EADC279BC06B9CF041A9A,SHA256=404546D457AF97DB97D728E848E1544E351C07A9946710C0DF3DB1899E0908A8,IMPHASH=6C889A541B155E63FAE2CE0264E80BD6",
        "Image":  "C:\\Windows\\Microsoft.NET\\Framework64\\v4.0.30319\\ngen.exe",
        "UtcTime":  "2019-06-03 10:34:17.694",
        "ProcessGuid":  "{AC6A4E42-F7A9-5CF4-0000-001022A73200}",
        "Company":  "Microsoft Corporation",
        "IntegrityLevel":  "System",
        "EventId":  1,
        "FileVersion":  "4.7.3056.0 built by: NET472REL1",
        "User":  "NT AUTHORITY\\SYSTEM",
        "RuleName":  null,
        "Product":  "Microsoft? .NET Framework",
        "LogonId":  "0x3e7",
        "ProcessId":  "4892",
        "LogonGuid":  "{AC6A4E42-0410-5CF4-0000-0020E7030000}",
        "TerminalSessionId":  "0",
        "ParentProcessGuid":  "{AC6A4E42-F79D-5CF4-0000-0010ACB12D00}",
        "ParentProcessId":  "5700",
        "ParentImage":  "C:\\Windows\\Microsoft.NET\\Framework64\\v4.0.30319\\ngentask.exe"
    },
    {
        "ParentCommandLine":  "\"C:\\Windows\\Microsoft.NET\\Framework\\v4.0.30319\\NGenTask.exe\" /RuntimeWide /StopEvent:1280",
        "Description":  "Microsoft Common Language Runtime native compiler",
        "CommandLine":  "\"C:\\Windows\\Microsoft.NET\\Framework\\v4.0.30319\\ngen.exe\" uninstall \"C:\\WINDOWS\\assembly\\NativeImages_v2.0.50727_32\\Microsoft.PowerShel#\\c0da20557f15a9a3a0a7071b8c848aed\\Microsoft.PowerShell.Commands.Management.ni.dll\" /noroot /LegacyServiceBehavior",
        "CurrentDirectory":  "C:\\WINDOWS\\system32\\",
        "Hashes":  "SHA1=FFD7991F422F82331827FB3C244B4AA93C67F28F,MD5=F3BB8D838D986786B6E4D6934673DAF1,SHA256=5568EE9750FF50F79EB2C647AE6847E33CE8FDBCB43281766C162D06CD9940A2,IMPHASH=324D9AAE78DFEF9C5B1789F66416E2FB",
        "Image":  "C:\\Windows\\Microsoft.NET\\Framework\\v4.0.30319\\ngen.exe",
        "UtcTime":  "2019-06-03 10:34:17.737",
        "ProcessGuid":  "{AC6A4E42-F7A9-5CF4-0000-001011AD3200}",
        "Company":  "Microsoft Corporation",
        "IntegrityLevel":  "System",
        "EventId":  1,
        "FileVersion":  "4.7.3056.0 built by: NET472REL1",
        "User":  "NT AUTHORITY\\SYSTEM",
        "RuleName":  null,
        "Product":  "Microsoft? .NET Framework",
        "LogonId":  "0x3e7",
        "ProcessId":  "2468",
        "LogonGuid":  "{AC6A4E42-0410-5CF4-0000-0020E7030000}",
        "TerminalSessionId":  "0",
        "ParentProcessGuid":  "{AC6A4E42-F79E-5CF4-0000-001096412E00}",
        "ParentProcessId":  "4784",
        "ParentImage":  "C:\\Windows\\Microsoft.NET\\Framework\\v4.0.30319\\ngentask.exe"
    },
    {
        "ParentCommandLine":  "\"C:\\Windows\\Microsoft.NET\\Framework64\\v4.0.30319\\NGenTask.exe\" /RuntimeWide /StopEvent:1076",
        "Description":  "Microsoft Common Language Runtime native compiler",
        "CommandLine":  "\"C:\\Windows\\Microsoft.NET\\Framework64\\v4.0.30319\\ngen.exe\" uninstall \"C:\\WINDOWS\\assembly\\NativeImages_v2.0.50727_64\\System.Web.Services\\f00a57bcc08adb8596e27d23a7f472b8\\System.Web.Services.ni.dll\" /noroot /LegacyServiceBehavior",
        "CurrentDirectory":  "C:\\WINDOWS\\system32\\",
        "Hashes":  "SHA1=AFAEE76E6FEA9614CC1C88A4488AA719920ED1F9,MD5=FBA5E8D94C9EADC279BC06B9CF041A9A,SHA256=404546D457AF97DB97D728E848E1544E351C07A9946710C0DF3DB1899E0908A8,IMPHASH=6C889A541B155E63FAE2CE0264E80BD6",
        "Image":  "C:\\Windows\\Microsoft.NET\\Framework64\\v4.0.30319\\ngen.exe",
        "UtcTime":  "2019-06-03 10:34:17.751",
        "ProcessGuid":  "{AC6A4E42-F7A9-5CF4-0000-001043B03200}",
        "Company":  "Microsoft Corporation",
        "IntegrityLevel":  "System",
        "EventId":  1,
        "FileVersion":  "4.7.3056.0 built by: NET472REL1",
        "User":  "NT AUTHORITY\\SYSTEM",
        "RuleName":  null,
        "Product":  "Microsoft? .NET Framework",
        "LogonId":  "0x3e7",
        "ProcessId":  "2168",
        "LogonGuid":  "{AC6A4E42-0410-5CF4-0000-0020E7030000}",
        "TerminalSessionId":  "0",
        "ParentProcessGuid":  "{AC6A4E42-F79D-5CF4-0000-0010ACB12D00}",
        "ParentProcessId":  "5700",
        "ParentImage":  "C:\\Windows\\Microsoft.NET\\Framework64\\v4.0.30319\\ngentask.exe"
    },
    {
        "ParentCommandLine":  "\"C:\\Windows\\Microsoft.NET\\Framework\\v4.0.30319\\NGenTask.exe\" /RuntimeWide /StopEvent:1280",
        "Description":  "Microsoft Common Language Runtime native compiler",
        "CommandLine":  "\"C:\\Windows\\Microsoft.NET\\Framework\\v4.0.30319\\ngen.exe\" uninstall \"C:\\WINDOWS\\assembly\\NativeImages_v2.0.50727_32\\Microsoft.PowerShel#\\cb026ebc106313b79b5ef7b497f4a385\\Microsoft.PowerShell.Commands.Utility.ni.dll\" /noroot /LegacyServiceBehavior",
        "CurrentDirectory":  "C:\\WINDOWS\\system32\\",
        "Hashes":  "SHA1=FFD7991F422F82331827FB3C244B4AA93C67F28F,MD5=F3BB8D838D986786B6E4D6934673DAF1,SHA256=5568EE9750FF50F79EB2C647AE6847E33CE8FDBCB43281766C162D06CD9940A2,IMPHASH=324D9AAE78DFEF9C5B1789F66416E2FB",
        "Image":  "C:\\Windows\\Microsoft.NET\\Framework\\v4.0.30319\\ngen.exe",
        "UtcTime":  "2019-06-03 10:34:17.787",
        "ProcessGuid":  "{AC6A4E42-F7A9-5CF4-0000-00108AB63200}",
        "Company":  "Microsoft Corporation",
        "IntegrityLevel":  "System",
        "EventId":  1,
        "FileVersion":  "4.7.3056.0 built by: NET472REL1",
        "User":  "NT AUTHORITY\\SYSTEM",
        "RuleName":  null,
        "Product":  "Microsoft? .NET Framework",
        "LogonId":  "0x3e7",
        "ProcessId":  "3572",
        "LogonGuid":  "{AC6A4E42-0410-5CF4-0000-0020E7030000}",
        "TerminalSessionId":  "0",
        "ParentProcessGuid":  "{AC6A4E42-F79E-5CF4-0000-001096412E00}",
        "ParentProcessId":  "4784",
        "ParentImage":  "C:\\Windows\\Microsoft.NET\\Framework\\v4.0.30319\\ngentask.exe"
    },
    {
        "ParentCommandLine":  "\"C:\\Windows\\Microsoft.NET\\Framework64\\v4.0.30319\\NGenTask.exe\" /RuntimeWide /StopEvent:1076",
        "Description":  "Microsoft Common Language Runtime native compiler",
        "CommandLine":  "\"C:\\Windows\\Microsoft.NET\\Framework64\\v4.0.30319\\ngen.exe\" uninstall \"C:\\WINDOWS\\assembly\\NativeImages_v2.0.50727_64\\System.Windows.Forms\\454c09ea87bde1d5f545d60232083b79\\System.Windows.Forms.ni.dll\" /noroot /LegacyServiceBehavior",
        "CurrentDirectory":  "C:\\WINDOWS\\system32\\",
        "Hashes":  "SHA1=AFAEE76E6FEA9614CC1C88A4488AA719920ED1F9,MD5=FBA5E8D94C9EADC279BC06B9CF041A9A,SHA256=404546D457AF97DB97D728E848E1544E351C07A9946710C0DF3DB1899E0908A8,IMPHASH=6C889A541B155E63FAE2CE0264E80BD6",
        "Image":  "C:\\Windows\\Microsoft.NET\\Framework64\\v4.0.30319\\ngen.exe",
        "UtcTime":  "2019-06-03 10:34:17.788",
        "ProcessGuid":  "{AC6A4E42-F7A9-5CF4-0000-0010B8B63200}",
        "Company":  "Microsoft Corporation",
        "IntegrityLevel":  "System",
        "EventId":  1,
        "FileVersion":  "4.7.3056.0 built by: NET472REL1",
        "User":  "NT AUTHORITY\\SYSTEM",
        "RuleName":  null,
        "Product":  "Microsoft? .NET Framework",
        "LogonId":  "0x3e7",
        "ProcessId":  "4920",
        "LogonGuid":  "{AC6A4E42-0410-5CF4-0000-0020E7030000}",
        "TerminalSessionId":  "0",
        "ParentProcessGuid":  "{AC6A4E42-F79D-5CF4-0000-0010ACB12D00}",
        "ParentProcessId":  "5700",
        "ParentImage":  "C:\\Windows\\Microsoft.NET\\Framework64\\v4.0.30319\\ngentask.exe"
    },
    {
        "ParentCommandLine":  "\"C:\\Windows\\Microsoft.NET\\Framework\\v4.0.30319\\NGenTask.exe\" /RuntimeWide /StopEvent:1280",
        "Description":  "Microsoft Common Language Runtime native compiler",
        "CommandLine":  "\"C:\\Windows\\Microsoft.NET\\Framework\\v4.0.30319\\ngen.exe\" uninstall \"C:\\WINDOWS\\assembly\\NativeImages_v2.0.50727_32\\Microsoft.VisualBas#\\cd7c74fce2a0eab72cd25cbe4bb61614\\Microsoft.VisualBasic.ni.dll\" /noroot /LegacyServiceBehavior",
        "CurrentDirectory":  "C:\\WINDOWS\\system32\\",
        "Hashes":  "SHA1=FFD7991F422F82331827FB3C244B4AA93C67F28F,MD5=F3BB8D838D986786B6E4D6934673DAF1,SHA256=5568EE9750FF50F79EB2C647AE6847E33CE8FDBCB43281766C162D06CD9940A2,IMPHASH=324D9AAE78DFEF9C5B1789F66416E2FB",
        "Image":  "C:\\Windows\\Microsoft.NET\\Framework\\v4.0.30319\\ngen.exe",
        "UtcTime":  "2019-06-03 10:34:17.853",
        "ProcessGuid":  "{AC6A4E42-F7A9-5CF4-0000-0010F5BE3200}",
        "Company":  "Microsoft Corporation",
        "IntegrityLevel":  "System",
        "EventId":  1,
        "FileVersion":  "4.7.3056.0 built by: NET472REL1",
        "User":  "NT AUTHORITY\\SYSTEM",
        "RuleName":  null,
        "Product":  "Microsoft? .NET Framework",
        "LogonId":  "0x3e7",
        "ProcessId":  "5536",
        "LogonGuid":  "{AC6A4E42-0410-5CF4-0000-0020E7030000}",
        "TerminalSessionId":  "0",
        "ParentProcessGuid":  "{AC6A4E42-F79E-5CF4-0000-001096412E00}",
        "ParentProcessId":  "4784",
        "ParentImage":  "C:\\Windows\\Microsoft.NET\\Framework\\v4.0.30319\\ngentask.exe"
    },
    {
        "ParentCommandLine":  "\"C:\\Windows\\Microsoft.NET\\Framework64\\v4.0.30319\\NGenTask.exe\" /RuntimeWide /StopEvent:1076",
        "Description":  "Microsoft Common Language Runtime native compiler",
        "CommandLine":  "\"C:\\Windows\\Microsoft.NET\\Framework64\\v4.0.30319\\ngen.exe\" uninstall \"C:\\WINDOWS\\assembly\\NativeImages_v2.0.50727_64\\System.Xml\\e681e359556f0991834c31646ebd5526\\System.Xml.ni.dll\" /noroot /LegacyServiceBehavior",
        "CurrentDirectory":  "C:\\WINDOWS\\system32\\",
        "Hashes":  "SHA1=AFAEE76E6FEA9614CC1C88A4488AA719920ED1F9,MD5=FBA5E8D94C9EADC279BC06B9CF041A9A,SHA256=404546D457AF97DB97D728E848E1544E351C07A9946710C0DF3DB1899E0908A8,IMPHASH=6C889A541B155E63FAE2CE0264E80BD6",
        "Image":  "C:\\Windows\\Microsoft.NET\\Framework64\\v4.0.30319\\ngen.exe",
        "UtcTime":  "2019-06-03 10:34:17.881",
        "ProcessGuid":  "{AC6A4E42-F7A9-5CF4-0000-001016C43200}",
        "Company":  "Microsoft Corporation",
        "IntegrityLevel":  "System",
        "EventId":  1,
        "FileVersion":  "4.7.3056.0 built by: NET472REL1",
        "User":  "NT AUTHORITY\\SYSTEM",
        "RuleName":  null,
        "Product":  "Microsoft? .NET Framework",
        "LogonId":  "0x3e7",
        "ProcessId":  "3664",
        "LogonGuid":  "{AC6A4E42-0410-5CF4-0000-0020E7030000}",
        "TerminalSessionId":  "0",
        "ParentProcessGuid":  "{AC6A4E42-F79D-5CF4-0000-0010ACB12D00}",
        "ParentProcessId":  "5700",
        "ParentImage":  "C:\\Windows\\Microsoft.NET\\Framework64\\v4.0.30319\\ngentask.exe"
    },
    {
        "ParentCommandLine":  "\"C:\\Windows\\Microsoft.NET\\Framework\\v4.0.30319\\NGenTask.exe\" /RuntimeWide /StopEvent:1280",
        "Description":  "Microsoft Common Language Runtime native compiler",
        "CommandLine":  "\"C:\\Windows\\Microsoft.NET\\Framework\\v4.0.30319\\ngen.exe\" uninstall \"C:\\WINDOWS\\assembly\\NativeImages_v2.0.50727_32\\Microsoft.WSMan.Man#\\43738387cd872625bc86bcc469e703bf\\Microsoft.WSMan.Management.ni.dll\" /noroot /LegacyServiceBehavior",
        "CurrentDirectory":  "C:\\WINDOWS\\system32\\",
        "Hashes":  "SHA1=FFD7991F422F82331827FB3C244B4AA93C67F28F,MD5=F3BB8D838D986786B6E4D6934673DAF1,SHA256=5568EE9750FF50F79EB2C647AE6847E33CE8FDBCB43281766C162D06CD9940A2,IMPHASH=324D9AAE78DFEF9C5B1789F66416E2FB",
        "Image":  "C:\\Windows\\Microsoft.NET\\Framework\\v4.0.30319\\ngen.exe",
        "UtcTime":  "2019-06-03 10:34:17.899",
        "ProcessGuid":  "{AC6A4E42-F7A9-5CF4-0000-00109FC73200}",
        "Company":  "Microsoft Corporation",
        "IntegrityLevel":  "System",
        "EventId":  1,
        "FileVersion":  "4.7.3056.0 built by: NET472REL1",
        "User":  "NT AUTHORITY\\SYSTEM",
        "RuleName":  null,
        "Product":  "Microsoft? .NET Framework",
        "LogonId":  "0x3e7",
        "ProcessId":  "5044",
        "LogonGuid":  "{AC6A4E42-0410-5CF4-0000-0020E7030000}",
        "TerminalSessionId":  "0",
        "ParentProcessGuid":  "{AC6A4E42-F79E-5CF4-0000-001096412E00}",
        "ParentProcessId":  "4784",
        "ParentImage":  "C:\\Windows\\Microsoft.NET\\Framework\\v4.0.30319\\ngentask.exe"
    },
    {
        "ParentCommandLine":  "\"C:\\Windows\\Microsoft.NET\\Framework64\\v4.0.30319\\NGenTask.exe\" /RuntimeWide /StopEvent:1076",
        "Description":  "Microsoft Common Language Runtime native compiler",
        "CommandLine":  "\"C:\\Windows\\Microsoft.NET\\Framework64\\v4.0.30319\\ngen.exe\" uninstall \"C:\\WINDOWS\\assembly\\NativeImages_v2.0.50727_64\\WindowsBase\\af34fa807530f3f8fca73730b8603206\\WindowsBase.ni.dll\" /noroot /LegacyServiceBehavior",
        "CurrentDirectory":  "C:\\WINDOWS\\system32\\",
        "Hashes":  "SHA1=AFAEE76E6FEA9614CC1C88A4488AA719920ED1F9,MD5=FBA5E8D94C9EADC279BC06B9CF041A9A,SHA256=404546D457AF97DB97D728E848E1544E351C07A9946710C0DF3DB1899E0908A8,IMPHASH=6C889A541B155E63FAE2CE0264E80BD6",
        "Image":  "C:\\Windows\\Microsoft.NET\\Framework64\\v4.0.30319\\ngen.exe",
        "UtcTime":  "2019-06-03 10:34:17.924",
        "ProcessGuid":  "{AC6A4E42-F7A9-5CF4-0000-00102DCC3200}",
        "Company":  "Microsoft Corporation",
        "IntegrityLevel":  "System",
        "EventId":  1,
        "FileVersion":  "4.7.3056.0 built by: NET472REL1",
        "User":  "NT AUTHORITY\\SYSTEM",
        "RuleName":  null,
        "Product":  "Microsoft? .NET Framework",
        "LogonId":  "0x3e7",
        "ProcessId":  "3904",
        "LogonGuid":  "{AC6A4E42-0410-5CF4-0000-0020E7030000}",
        "TerminalSessionId":  "0",
        "ParentProcessGuid":  "{AC6A4E42-F79D-5CF4-0000-0010ACB12D00}",
        "ParentProcessId":  "5700",
        "ParentImage":  "C:\\Windows\\Microsoft.NET\\Framework64\\v4.0.30319\\ngentask.exe"
    },
    {
        "ParentCommandLine":  "\"C:\\Windows\\Microsoft.NET\\Framework\\v4.0.30319\\NGenTask.exe\" /RuntimeWide /StopEvent:1280",
        "Description":  "Microsoft Common Language Runtime native compiler",
        "CommandLine":  "\"C:\\Windows\\Microsoft.NET\\Framework\\v4.0.30319\\ngen.exe\" uninstall \"C:\\WINDOWS\\assembly\\NativeImages_v2.0.50727_32\\Microsoft.WSMan.Run#\\a5d16e162fcb4061e7f3992e73c0a8e3\\Microsoft.WSMan.Runtime.ni.dll\" /noroot /LegacyServiceBehavior",
        "CurrentDirectory":  "C:\\WINDOWS\\system32\\",
        "Hashes":  "SHA1=FFD7991F422F82331827FB3C244B4AA93C67F28F,MD5=F3BB8D838D986786B6E4D6934673DAF1,SHA256=5568EE9750FF50F79EB2C647AE6847E33CE8FDBCB43281766C162D06CD9940A2,IMPHASH=324D9AAE78DFEF9C5B1789F66416E2FB",
        "Image":  "C:\\Windows\\Microsoft.NET\\Framework\\v4.0.30319\\ngen.exe",
        "UtcTime":  "2019-06-03 10:34:17.957",
        "ProcessGuid":  "{AC6A4E42-F7A9-5CF4-0000-0010FED13200}",
        "Company":  "Microsoft Corporation",
        "IntegrityLevel":  "System",
        "EventId":  1,
        "FileVersion":  "4.7.3056.0 built by: NET472REL1",
        "User":  "NT AUTHORITY\\SYSTEM",
        "RuleName":  null,
        "Product":  "Microsoft? .NET Framework",
        "LogonId":  "0x3e7",
        "ProcessId":  "1952",
        "LogonGuid":  "{AC6A4E42-0410-5CF4-0000-0020E7030000}",
        "TerminalSessionId":  "0",
        "ParentProcessGuid":  "{AC6A4E42-F79E-5CF4-0000-001096412E00}",
        "ParentProcessId":  "4784",
        "ParentImage":  "C:\\Windows\\Microsoft.NET\\Framework\\v4.0.30319\\ngentask.exe"
    },
    {
        "ParentCommandLine":  "\"C:\\Windows\\Microsoft.NET\\Framework64\\v4.0.30319\\NGenTask.exe\" /RuntimeWide /StopEvent:1076",
        "Description":  "Microsoft .NET Framework optimization service",
        "CommandLine":  "\"C:\\Windows\\Microsoft.NET\\Framework64\\v4.0.30319\\NGenTask.exe\" /StopEvent:1300",
        "CurrentDirectory":  "C:\\WINDOWS\\system32\\",
        "Hashes":  "SHA1=86DD2A5845C2EF0960A704B71A4926041F5080BD,MD5=AA98E294A0210BDA5F79A7288F91B78C,SHA256=36576DB25877FA5ECBF8E1C91D640A45ED5E66F42BE3EB1DF31453810966EA9D,IMPHASH=00000000000000000000000000000000",
        "Image":  "C:\\Windows\\Microsoft.NET\\Framework64\\v4.0.30319\\ngentask.exe",
        "UtcTime":  "2019-06-03 10:34:17.996",
        "ProcessGuid":  "{AC6A4E42-F7A9-5CF4-0000-0010A4D63200}",
        "Company":  "Microsoft Corporation",
        "IntegrityLevel":  "Medium",
        "EventId":  1,
        "FileVersion":  "4.7.3056.0 built by: NET472REL1",
        "User":  "SEC504STUDENT\\Sec504",
        "RuleName":  null,
        "Product":  "Microsoft? .NET Framework",
        "LogonId":  "0x2c0d8",
        "ProcessId":  "1924",
        "LogonGuid":  "{AC6A4E42-0419-5CF4-0000-0020D8C00200}",
        "TerminalSessionId":  "1",
        "ParentProcessGuid":  "{AC6A4E42-F79D-5CF4-0000-0010ACB12D00}",
        "ParentProcessId":  "5700",
        "ParentImage":  "C:\\Windows\\Microsoft.NET\\Framework64\\v4.0.30319\\ngentask.exe"
    },
    {
        "ParentCommandLine":  "\"C:\\Windows\\Microsoft.NET\\Framework64\\v4.0.30319\\NGenTask.exe\" /StopEvent:1300",
        "Description":  "Console Window Host",
        "CommandLine":  "\\??\\C:\\WINDOWS\\system32\\conhost.exe 0xffffffff -ForceV1",
        "CurrentDirectory":  "C:\\WINDOWS",
        "Hashes":  "SHA1=8F9BC1B7D65188D0ADBDF74CCCE4EED78BF4C129,MD5=EA777DEEA782E8B4D7C7C33BBF8A4496,SHA256=04B6A35BC504401989B9E674C57C9E84D0CBDBBD9D8CE0CE83D7CECA0B7175ED,IMPHASH=63E065B05DF33ACB4D95B3DD04670B8F",
        "Image":  "C:\\Windows\\System32\\conhost.exe",
        "UtcTime":  "2019-06-03 10:34:18.007",
        "ProcessGuid":  "{AC6A4E42-F7AA-5CF4-0000-00101DD83200}",
        "Company":  "Microsoft Corporation",
        "IntegrityLevel":  "Medium",
        "EventId":  1,
        "FileVersion":  "10.0.17134.1 (WinBuild.160101.0800)",
        "User":  "SEC504STUDENT\\Sec504",
        "RuleName":  null,
        "Product":  "Microsoft? Windows? Operating System",
        "LogonId":  "0x2c0d8",
        "ProcessId":  "5508",
        "LogonGuid":  "{AC6A4E42-0419-5CF4-0000-0020D8C00200}",
        "TerminalSessionId":  "1",
        "ParentProcessGuid":  "{AC6A4E42-F7A9-5CF4-0000-0010A4D63200}",
        "ParentProcessId":  "1924",
        "ParentImage":  "C:\\Windows\\Microsoft.NET\\Framework64\\v4.0.30319\\ngentask.exe"
    },
    {
        "ParentCommandLine":  "\"C:\\Windows\\Microsoft.NET\\Framework\\v4.0.30319\\NGenTask.exe\" /RuntimeWide /StopEvent:1280",
        "Description":  "Microsoft Common Language Runtime native compiler",
        "CommandLine":  "\"C:\\Windows\\Microsoft.NET\\Framework\\v4.0.30319\\ngen.exe\" uninstall \"C:\\WINDOWS\\assembly\\NativeImages_v2.0.50727_32\\mscorlib\\9603718106bd57ecfbb18fefd769cab4\\mscorlib.ni.dll\" /noroot /LegacyServiceBehavior",
        "CurrentDirectory":  "C:\\WINDOWS\\system32\\",
        "Hashes":  "SHA1=FFD7991F422F82331827FB3C244B4AA93C67F28F,MD5=F3BB8D838D986786B6E4D6934673DAF1,SHA256=5568EE9750FF50F79EB2C647AE6847E33CE8FDBCB43281766C162D06CD9940A2,IMPHASH=324D9AAE78DFEF9C5B1789F66416E2FB",
        "Image":  "C:\\Windows\\Microsoft.NET\\Framework\\v4.0.30319\\ngen.exe",
        "UtcTime":  "2019-06-03 10:34:18.027",
        "ProcessGuid":  "{AC6A4E42-F7AA-5CF4-0000-0010E4DA3200}",
        "Company":  "Microsoft Corporation",
        "IntegrityLevel":  "System",
        "EventId":  1,
        "FileVersion":  "4.7.3056.0 built by: NET472REL1",
        "User":  "NT AUTHORITY\\SYSTEM",
        "RuleName":  null,
        "Product":  "Microsoft? .NET Framework",
        "LogonId":  "0x3e7",
        "ProcessId":  "2552",
        "LogonGuid":  "{AC6A4E42-0410-5CF4-0000-0020E7030000}",
        "TerminalSessionId":  "0",
        "ParentProcessGuid":  "{AC6A4E42-F79E-5CF4-0000-001096412E00}",
        "ParentProcessId":  "4784",
        "ParentImage":  "C:\\Windows\\Microsoft.NET\\Framework\\v4.0.30319\\ngentask.exe"
    },
    {
        "ParentCommandLine":  "\"C:\\Windows\\Microsoft.NET\\Framework\\v4.0.30319\\NGenTask.exe\" /RuntimeWide /StopEvent:1280",
        "Description":  "Microsoft Common Language Runtime native compiler",
        "CommandLine":  "\"C:\\Windows\\Microsoft.NET\\Framework\\v4.0.30319\\ngen.exe\" uninstall \"C:\\WINDOWS\\assembly\\NativeImages_v2.0.50727_32\\PresentationCore\\d6d1b6f35a5430cae8cd4f0964f414c8\\PresentationCore.ni.dll\" /noroot /LegacyServiceBehavior",
        "CurrentDirectory":  "C:\\WINDOWS\\system32\\",
        "Hashes":  "SHA1=FFD7991F422F82331827FB3C244B4AA93C67F28F,MD5=F3BB8D838D986786B6E4D6934673DAF1,SHA256=5568EE9750FF50F79EB2C647AE6847E33CE8FDBCB43281766C162D06CD9940A2,IMPHASH=324D9AAE78DFEF9C5B1789F66416E2FB",
        "Image":  "C:\\Windows\\Microsoft.NET\\Framework\\v4.0.30319\\ngen.exe",
        "UtcTime":  "2019-06-03 10:34:18.158",
        "ProcessGuid":  "{AC6A4E42-F7AA-5CF4-0000-0010E5DF3200}",
        "Company":  "Microsoft Corporation",
        "IntegrityLevel":  "System",
        "EventId":  1,
        "FileVersion":  "4.7.3056.0 built by: NET472REL1",
        "User":  "NT AUTHORITY\\SYSTEM",
        "RuleName":  null,
        "Product":  "Microsoft? .NET Framework",
        "LogonId":  "0x3e7",
        "ProcessId":  "1192",
        "LogonGuid":  "{AC6A4E42-0410-5CF4-0000-0020E7030000}",
        "TerminalSessionId":  "0",
        "ParentProcessGuid":  "{AC6A4E42-F79E-5CF4-0000-001096412E00}",
        "ParentProcessId":  "4784",
        "ParentImage":  "C:\\Windows\\Microsoft.NET\\Framework\\v4.0.30319\\ngentask.exe"
    },
    {
        "ParentCommandLine":  "\"C:\\Windows\\Microsoft.NET\\Framework\\v4.0.30319\\NGenTask.exe\" /RuntimeWide /StopEvent:1280",
        "Description":  "Microsoft Common Language Runtime native compiler",
        "CommandLine":  "\"C:\\Windows\\Microsoft.NET\\Framework\\v4.0.30319\\ngen.exe\" uninstall \"C:\\WINDOWS\\assembly\\NativeImages_v2.0.50727_32\\PresentationFramewo#\\4e99c37bc880f8088dd7490db2034e84\\PresentationFramework.ni.dll\" /noroot /LegacyServiceBehavior",
        "CurrentDirectory":  "C:\\WINDOWS\\system32\\",
        "Hashes":  "SHA1=FFD7991F422F82331827FB3C244B4AA93C67F28F,MD5=F3BB8D838D986786B6E4D6934673DAF1,SHA256=5568EE9750FF50F79EB2C647AE6847E33CE8FDBCB43281766C162D06CD9940A2,IMPHASH=324D9AAE78DFEF9C5B1789F66416E2FB",
        "Image":  "C:\\Windows\\Microsoft.NET\\Framework\\v4.0.30319\\ngen.exe",
        "UtcTime":  "2019-06-03 10:34:18.233",
        "ProcessGuid":  "{AC6A4E42-F7AA-5CF4-0000-00100AE53200}",
        "Company":  "Microsoft Corporation",
        "IntegrityLevel":  "System",
        "EventId":  1,
        "FileVersion":  "4.7.3056.0 built by: NET472REL1",
        "User":  "NT AUTHORITY\\SYSTEM",
        "RuleName":  null,
        "Product":  "Microsoft? .NET Framework",
        "LogonId":  "0x3e7",
        "ProcessId":  "4748",
        "LogonGuid":  "{AC6A4E42-0410-5CF4-0000-0020E7030000}",
        "TerminalSessionId":  "0",
        "ParentProcessGuid":  "{AC6A4E42-F79E-5CF4-0000-001096412E00}",
        "ParentProcessId":  "4784",
        "ParentImage":  "C:\\Windows\\Microsoft.NET\\Framework\\v4.0.30319\\ngentask.exe"
    },
    {
        "ParentCommandLine":  "\"C:\\Windows\\Microsoft.NET\\Framework\\v4.0.30319\\NGenTask.exe\" /RuntimeWide /StopEvent:1280",
        "Description":  "Microsoft Common Language Runtime native compiler",
        "CommandLine":  "\"C:\\Windows\\Microsoft.NET\\Framework\\v4.0.30319\\ngen.exe\" uninstall \"C:\\WINDOWS\\assembly\\NativeImages_v2.0.50727_32\\PresentationFramewo#\\d8d0d3b1c434969ee7bbbd813e8c7c9c\\PresentationFramework.Aero.ni.dll\" /noroot /LegacyServiceBehavior",
        "CurrentDirectory":  "C:\\WINDOWS\\system32\\",
        "Hashes":  "SHA1=FFD7991F422F82331827FB3C244B4AA93C67F28F,MD5=F3BB8D838D986786B6E4D6934673DAF1,SHA256=5568EE9750FF50F79EB2C647AE6847E33CE8FDBCB43281766C162D06CD9940A2,IMPHASH=324D9AAE78DFEF9C5B1789F66416E2FB",
        "Image":  "C:\\Windows\\Microsoft.NET\\Framework\\v4.0.30319\\ngen.exe",
        "UtcTime":  "2019-06-03 10:34:18.318",
        "ProcessGuid":  "{AC6A4E42-F7AA-5CF4-0000-001078ED3200}",
        "Company":  "Microsoft Corporation",
        "IntegrityLevel":  "System",
        "EventId":  1,
        "FileVersion":  "4.7.3056.0 built by: NET472REL1",
        "User":  "NT AUTHORITY\\SYSTEM",
        "RuleName":  null,
        "Product":  "Microsoft? .NET Framework",
        "LogonId":  "0x3e7",
        "ProcessId":  "5056",
        "LogonGuid":  "{AC6A4E42-0410-5CF4-0000-0020E7030000}",
        "TerminalSessionId":  "0",
        "ParentProcessGuid":  "{AC6A4E42-F79E-5CF4-0000-001096412E00}",
        "ParentProcessId":  "4784",
        "ParentImage":  "C:\\Windows\\Microsoft.NET\\Framework\\v4.0.30319\\ngentask.exe"
    },
    {
        "ParentCommandLine":  "\"C:\\Windows\\Microsoft.NET\\Framework\\v4.0.30319\\NGenTask.exe\" /RuntimeWide /StopEvent:1280",
        "Description":  "Microsoft Common Language Runtime native compiler",
        "CommandLine":  "\"C:\\Windows\\Microsoft.NET\\Framework\\v4.0.30319\\ngen.exe\" uninstall \"C:\\WINDOWS\\assembly\\NativeImages_v2.0.50727_32\\srmlib\\8970f6890eb571b473fca5c8bd6cdcf0\\srmlib.ni.dll\" /noroot /LegacyServiceBehavior",
        "CurrentDirectory":  "C:\\WINDOWS\\system32\\",
        "Hashes":  "SHA1=FFD7991F422F82331827FB3C244B4AA93C67F28F,MD5=F3BB8D838D986786B6E4D6934673DAF1,SHA256=5568EE9750FF50F79EB2C647AE6847E33CE8FDBCB43281766C162D06CD9940A2,IMPHASH=324D9AAE78DFEF9C5B1789F66416E2FB",
        "Image":  "C:\\Windows\\Microsoft.NET\\Framework\\v4.0.30319\\ngen.exe",
        "UtcTime":  "2019-06-03 10:34:18.368",
        "ProcessGuid":  "{AC6A4E42-F7AA-5CF4-0000-0010FFF33200}",
        "Company":  "Microsoft Corporation",
        "IntegrityLevel":  "System",
        "EventId":  1,
        "FileVersion":  "4.7.3056.0 built by: NET472REL1",
        "User":  "NT AUTHORITY\\SYSTEM",
        "RuleName":  null,
        "Product":  "Microsoft? .NET Framework",
        "LogonId":  "0x3e7",
        "ProcessId":  "4904",
        "LogonGuid":  "{AC6A4E42-0410-5CF4-0000-0020E7030000}",
        "TerminalSessionId":  "0",
        "ParentProcessGuid":  "{AC6A4E42-F79E-5CF4-0000-001096412E00}",
        "ParentProcessId":  "4784",
        "ParentImage":  "C:\\Windows\\Microsoft.NET\\Framework\\v4.0.30319\\ngentask.exe"
    },
    {
        "ParentCommandLine":  "\"C:\\Windows\\Microsoft.NET\\Framework\\v4.0.30319\\NGenTask.exe\" /RuntimeWide /StopEvent:1280",
        "Description":  "Microsoft Common Language Runtime native compiler",
        "CommandLine":  "\"C:\\Windows\\Microsoft.NET\\Framework\\v4.0.30319\\ngen.exe\" uninstall \"C:\\WINDOWS\\assembly\\NativeImages_v2.0.50727_32\\System\\1ffc437de59fb69ba2b865ffdc98ffd1\\System.ni.dll\" /noroot /LegacyServiceBehavior",
        "CurrentDirectory":  "C:\\WINDOWS\\system32\\",
        "Hashes":  "SHA1=FFD7991F422F82331827FB3C244B4AA93C67F28F,MD5=F3BB8D838D986786B6E4D6934673DAF1,SHA256=5568EE9750FF50F79EB2C647AE6847E33CE8FDBCB43281766C162D06CD9940A2,IMPHASH=324D9AAE78DFEF9C5B1789F66416E2FB",
        "Image":  "C:\\Windows\\Microsoft.NET\\Framework\\v4.0.30319\\ngen.exe",
        "UtcTime":  "2019-06-03 10:34:18.428",
        "ProcessGuid":  "{AC6A4E42-F7AA-5CF4-0000-001013FA3200}",
        "Company":  "Microsoft Corporation",
        "IntegrityLevel":  "System",
        "EventId":  1,
        "FileVersion":  "4.7.3056.0 built by: NET472REL1",
        "User":  "NT AUTHORITY\\SYSTEM",
        "RuleName":  null,
        "Product":  "Microsoft? .NET Framework",
        "LogonId":  "0x3e7",
        "ProcessId":  "2276",
        "LogonGuid":  "{AC6A4E42-0410-5CF4-0000-0020E7030000}",
        "TerminalSessionId":  "0",
        "ParentProcessGuid":  "{AC6A4E42-F79E-5CF4-0000-001096412E00}",
        "ParentProcessId":  "4784",
        "ParentImage":  "C:\\Windows\\Microsoft.NET\\Framework\\v4.0.30319\\ngentask.exe"
    },
    {
        "ParentCommandLine":  "\"C:\\Windows\\Microsoft.NET\\Framework\\v4.0.30319\\NGenTask.exe\" /RuntimeWide /StopEvent:1280",
        "Description":  "Microsoft Common Language Runtime native compiler",
        "CommandLine":  "\"C:\\Windows\\Microsoft.NET\\Framework\\v4.0.30319\\ngen.exe\" uninstall \"C:\\WINDOWS\\assembly\\NativeImages_v2.0.50727_32\\System.Configuratio#\\301a120a3ff5ca231e489009a91288a7\\System.Configuration.Install.ni.dll\" /noroot /LegacyServiceBehavior",
        "CurrentDirectory":  "C:\\WINDOWS\\system32\\",
        "Hashes":  "SHA1=FFD7991F422F82331827FB3C244B4AA93C67F28F,MD5=F3BB8D838D986786B6E4D6934673DAF1,SHA256=5568EE9750FF50F79EB2C647AE6847E33CE8FDBCB43281766C162D06CD9940A2,IMPHASH=324D9AAE78DFEF9C5B1789F66416E2FB",
        "Image":  "C:\\Windows\\Microsoft.NET\\Framework\\v4.0.30319\\ngen.exe",
        "UtcTime":  "2019-06-03 10:34:18.482",
        "ProcessGuid":  "{AC6A4E42-F7AA-5CF4-0000-001059003300}",
        "Company":  "Microsoft Corporation",
        "IntegrityLevel":  "System",
        "EventId":  1,
        "FileVersion":  "4.7.3056.0 built by: NET472REL1",
        "User":  "NT AUTHORITY\\SYSTEM",
        "RuleName":  null,
        "Product":  "Microsoft? .NET Framework",
        "LogonId":  "0x3e7",
        "ProcessId":  "1444",
        "LogonGuid":  "{AC6A4E42-0410-5CF4-0000-0020E7030000}",
        "TerminalSessionId":  "0",
        "ParentProcessGuid":  "{AC6A4E42-F79E-5CF4-0000-001096412E00}",
        "ParentProcessId":  "4784",
        "ParentImage":  "C:\\Windows\\Microsoft.NET\\Framework\\v4.0.30319\\ngentask.exe"
    },
