    {
        "ParentCommandLine":  "\"C:\\Program Files\\Wireshark\\dumpcap.exe\" -S -Z 5248.dummy",
        "Description":  "Console Window Host",
        "CommandLine":  "\\??\\C:\\WINDOWS\\system32\\conhost.exe 0xffffffff -ForceV1",
        "CurrentDirectory":  "C:\\WINDOWS",
        "Hashes":  "SHA1=8F9BC1B7D65188D0ADBDF74CCCE4EED78BF4C129,MD5=EA777DEEA782E8B4D7C7C33BBF8A4496,SHA256=04B6A35BC504401989B9E674C57C9E84D0CBDBBD9D8CE0CE83D7CECA0B7175ED,IMPHASH=63E065B05DF33ACB4D95B3DD04670B8F",
        "Image":  "C:\\Windows\\System32\\conhost.exe",
        "UtcTime":  "2019-06-04 10:25:58.791",
        "ProcessGuid":  "{AC6A4E42-4736-5CF6-0000-0010E4AB7200}",
        "Company":  "Microsoft Corporation",
        "IntegrityLevel":  "Medium",
        "EventId":  1,
        "FileVersion":  "10.0.17134.1 (WinBuild.160101.0800)",
        "User":  "SEC504STUDENT\\Sec504",
        "RuleName":  null,
        "Product":  "Microsoft? Windows? Operating System",
        "LogonId":  "0x2c0d8",
        "ProcessId":  "5716",
        "LogonGuid":  "{AC6A4E42-0419-5CF4-0000-0020D8C00200}",
        "TerminalSessionId":  "1",
        "ParentProcessGuid":  "{AC6A4E42-4736-5CF6-0000-001062AB7200}",
        "ParentProcessId":  "6084",
        "ParentImage":  "C:\\Program Files\\Wireshark\\dumpcap.exe"
    },
    {
        "ParentCommandLine":  "\"C:\\Program Files\\Wireshark\\Wireshark.exe\" ",
        "Description":  "Dumpcap",
        "CommandLine":  "\"C:\\Program Files\\Wireshark\\dumpcap.exe\" -S -Z 5248.dummy",
        "CurrentDirectory":  "C:\\Program Files\\Wireshark\\",
        "Hashes":  "SHA1=9AE11406407699C016132633C4464EEB1B85F640,MD5=28869D1C0F3C57B3A12B1ACC758BFD3D,SHA256=F282900DF73E74D727580A88ECD6A4A2D2942FBB980D66009C6C85DDD8B31D9D,IMPHASH=BA28212C31A1C7FA632746E6F19EF3B4",
        "Image":  "C:\\Program Files\\Wireshark\\dumpcap.exe",
        "UtcTime":  "2019-06-04 10:25:59.789",
        "ProcessGuid":  "{AC6A4E42-4737-5CF6-0000-001092BA7200}",
        "Company":  "The Wireshark developer community",
        "IntegrityLevel":  "Medium",
        "EventId":  1,
        "FileVersion":  "2.2.3",
        "User":  "SEC504STUDENT\\Sec504",
        "RuleName":  null,
        "Product":  "Dumpcap",
        "LogonId":  "0x2c0d8",
        "ProcessId":  "4400",
        "LogonGuid":  "{AC6A4E42-0419-5CF4-0000-0020D8C00200}",
        "TerminalSessionId":  "1",
        "ParentProcessGuid":  "{AC6A4E42-469E-5CF6-0000-001078766C00}",
        "ParentProcessId":  "5248",
        "ParentImage":  "C:\\Program Files\\Wireshark\\Wireshark.exe"
    },
    {
        "ParentCommandLine":  "\"C:\\Program Files\\Wireshark\\dumpcap.exe\" -S -Z 5248.dummy",
        "Description":  "Console Window Host",
        "CommandLine":  "\\??\\C:\\WINDOWS\\system32\\conhost.exe 0xffffffff -ForceV1",
        "CurrentDirectory":  "C:\\WINDOWS",
        "Hashes":  "SHA1=8F9BC1B7D65188D0ADBDF74CCCE4EED78BF4C129,MD5=EA777DEEA782E8B4D7C7C33BBF8A4496,SHA256=04B6A35BC504401989B9E674C57C9E84D0CBDBBD9D8CE0CE83D7CECA0B7175ED,IMPHASH=63E065B05DF33ACB4D95B3DD04670B8F",
        "Image":  "C:\\Windows\\System32\\conhost.exe",
        "UtcTime":  "2019-06-04 10:25:59.795",
        "ProcessGuid":  "{AC6A4E42-4737-5CF6-0000-001013BB7200}",
        "Company":  "Microsoft Corporation",
        "IntegrityLevel":  "Medium",
        "EventId":  1,
        "FileVersion":  "10.0.17134.1 (WinBuild.160101.0800)",
        "User":  "SEC504STUDENT\\Sec504",
        "RuleName":  null,
        "Product":  "Microsoft? Windows? Operating System",
        "LogonId":  "0x2c0d8",
        "ProcessId":  "4428",
        "LogonGuid":  "{AC6A4E42-0419-5CF4-0000-0020D8C00200}",
        "TerminalSessionId":  "1",
        "ParentProcessGuid":  "{AC6A4E42-4737-5CF6-0000-001092BA7200}",
        "ParentProcessId":  "4400",
        "ParentImage":  "C:\\Program Files\\Wireshark\\dumpcap.exe"
    },
    {
        "ParentCommandLine":  "\"C:\\Program Files\\Wireshark\\Wireshark.exe\" ",
        "Description":  "Dumpcap",
        "CommandLine":  "\"C:\\Program Files\\Wireshark\\dumpcap.exe\" -S -Z 5248.dummy",
        "CurrentDirectory":  "C:\\Program Files\\Wireshark\\",
        "Hashes":  "SHA1=9AE11406407699C016132633C4464EEB1B85F640,MD5=28869D1C0F3C57B3A12B1ACC758BFD3D,SHA256=F282900DF73E74D727580A88ECD6A4A2D2942FBB980D66009C6C85DDD8B31D9D,IMPHASH=BA28212C31A1C7FA632746E6F19EF3B4",
        "Image":  "C:\\Program Files\\Wireshark\\dumpcap.exe",
        "UtcTime":  "2019-06-04 10:26:00.786",
        "ProcessGuid":  "{AC6A4E42-4738-5CF6-0000-0010CBC77200}",
        "Company":  "The Wireshark developer community",
        "IntegrityLevel":  "Medium",
        "EventId":  1,
        "FileVersion":  "2.2.3",
        "User":  "SEC504STUDENT\\Sec504",
        "RuleName":  null,
        "Product":  "Dumpcap",
        "LogonId":  "0x2c0d8",
        "ProcessId":  "1948",
        "LogonGuid":  "{AC6A4E42-0419-5CF4-0000-0020D8C00200}",
        "TerminalSessionId":  "1",
        "ParentProcessGuid":  "{AC6A4E42-469E-5CF6-0000-001078766C00}",
        "ParentProcessId":  "5248",
        "ParentImage":  "C:\\Program Files\\Wireshark\\Wireshark.exe"
    },
    {
        "ParentCommandLine":  "\"C:\\Program Files\\Wireshark\\dumpcap.exe\" -S -Z 5248.dummy",
        "Description":  "Console Window Host",
        "CommandLine":  "\\??\\C:\\WINDOWS\\system32\\conhost.exe 0xffffffff -ForceV1",
        "CurrentDirectory":  "C:\\WINDOWS",
        "Hashes":  "SHA1=8F9BC1B7D65188D0ADBDF74CCCE4EED78BF4C129,MD5=EA777DEEA782E8B4D7C7C33BBF8A4496,SHA256=04B6A35BC504401989B9E674C57C9E84D0CBDBBD9D8CE0CE83D7CECA0B7175ED,IMPHASH=63E065B05DF33ACB4D95B3DD04670B8F",
        "Image":  "C:\\Windows\\System32\\conhost.exe",
        "UtcTime":  "2019-06-04 10:26:00.792",
        "ProcessGuid":  "{AC6A4E42-4738-5CF6-0000-00104EC87200}",
        "Company":  "Microsoft Corporation",
        "IntegrityLevel":  "Medium",
        "EventId":  1,
        "FileVersion":  "10.0.17134.1 (WinBuild.160101.0800)",
        "User":  "SEC504STUDENT\\Sec504",
        "RuleName":  null,
        "Product":  "Microsoft? Windows? Operating System",
        "LogonId":  "0x2c0d8",
        "ProcessId":  "3972",
        "LogonGuid":  "{AC6A4E42-0419-5CF4-0000-0020D8C00200}",
        "TerminalSessionId":  "1",
        "ParentProcessGuid":  "{AC6A4E42-4738-5CF6-0000-0010CBC77200}",
        "ParentProcessId":  "1948",
        "ParentImage":  "C:\\Program Files\\Wireshark\\dumpcap.exe"
    },
    {
        "ParentCommandLine":  "\"C:\\Program Files\\Wireshark\\Wireshark.exe\" ",
        "Description":  "Dumpcap",
        "CommandLine":  "\"C:\\Program Files\\Wireshark\\dumpcap.exe\" -S -Z 5248.dummy",
        "CurrentDirectory":  "C:\\Program Files\\Wireshark\\",
        "Hashes":  "SHA1=9AE11406407699C016132633C4464EEB1B85F640,MD5=28869D1C0F3C57B3A12B1ACC758BFD3D,SHA256=F282900DF73E74D727580A88ECD6A4A2D2942FBB980D66009C6C85DDD8B31D9D,IMPHASH=BA28212C31A1C7FA632746E6F19EF3B4",
        "Image":  "C:\\Program Files\\Wireshark\\dumpcap.exe",
        "UtcTime":  "2019-06-04 10:26:01.786",
        "ProcessGuid":  "{AC6A4E42-4739-5CF6-0000-0010AFD87200}",
        "Company":  "The Wireshark developer community",
        "IntegrityLevel":  "Medium",
        "EventId":  1,
        "FileVersion":  "2.2.3",
        "User":  "SEC504STUDENT\\Sec504",
        "RuleName":  null,
        "Product":  "Dumpcap",
        "LogonId":  "0x2c0d8",
        "ProcessId":  "3116",
        "LogonGuid":  "{AC6A4E42-0419-5CF4-0000-0020D8C00200}",
        "TerminalSessionId":  "1",
        "ParentProcessGuid":  "{AC6A4E42-469E-5CF6-0000-001078766C00}",
        "ParentProcessId":  "5248",
        "ParentImage":  "C:\\Program Files\\Wireshark\\Wireshark.exe"
    },
    {
        "ParentCommandLine":  "\"C:\\Program Files\\Wireshark\\dumpcap.exe\" -S -Z 5248.dummy",
        "Description":  "Console Window Host",
        "CommandLine":  "\\??\\C:\\WINDOWS\\system32\\conhost.exe 0xffffffff -ForceV1",
        "CurrentDirectory":  "C:\\WINDOWS",
        "Hashes":  "SHA1=8F9BC1B7D65188D0ADBDF74CCCE4EED78BF4C129,MD5=EA777DEEA782E8B4D7C7C33BBF8A4496,SHA256=04B6A35BC504401989B9E674C57C9E84D0CBDBBD9D8CE0CE83D7CECA0B7175ED,IMPHASH=63E065B05DF33ACB4D95B3DD04670B8F",
        "Image":  "C:\\Windows\\System32\\conhost.exe",
        "UtcTime":  "2019-06-04 10:26:01.789",
        "ProcessGuid":  "{AC6A4E42-4739-5CF6-0000-001034D97200}",
        "Company":  "Microsoft Corporation",
        "IntegrityLevel":  "Medium",
        "EventId":  1,
        "FileVersion":  "10.0.17134.1 (WinBuild.160101.0800)",
        "User":  "SEC504STUDENT\\Sec504",
        "RuleName":  null,
        "Product":  "Microsoft? Windows? Operating System",
        "LogonId":  "0x2c0d8",
        "ProcessId":  "1248",
        "LogonGuid":  "{AC6A4E42-0419-5CF4-0000-0020D8C00200}",
        "TerminalSessionId":  "1",
        "ParentProcessGuid":  "{AC6A4E42-4739-5CF6-0000-0010AFD87200}",
        "ParentProcessId":  "3116",
        "ParentImage":  "C:\\Program Files\\Wireshark\\dumpcap.exe"
    },
    {
        "ParentCommandLine":  "\"C:\\Program Files\\Wireshark\\Wireshark.exe\" ",
        "Description":  "Dumpcap",
        "CommandLine":  "\"C:\\Program Files\\Wireshark\\dumpcap.exe\" -S -Z 5248.dummy",
        "CurrentDirectory":  "C:\\Program Files\\Wireshark\\",
        "Hashes":  "SHA1=9AE11406407699C016132633C4464EEB1B85F640,MD5=28869D1C0F3C57B3A12B1ACC758BFD3D,SHA256=F282900DF73E74D727580A88ECD6A4A2D2942FBB980D66009C6C85DDD8B31D9D,IMPHASH=BA28212C31A1C7FA632746E6F19EF3B4",
        "Image":  "C:\\Program Files\\Wireshark\\dumpcap.exe",
        "UtcTime":  "2019-06-04 10:26:02.786",
        "ProcessGuid":  "{AC6A4E42-473A-5CF6-0000-0010FBE57200}",
        "Company":  "The Wireshark developer community",
        "IntegrityLevel":  "Medium",
        "EventId":  1,
        "FileVersion":  "2.2.3",
        "User":  "SEC504STUDENT\\Sec504",
        "RuleName":  null,
        "Product":  "Dumpcap",
        "LogonId":  "0x2c0d8",
        "ProcessId":  "3164",
        "LogonGuid":  "{AC6A4E42-0419-5CF4-0000-0020D8C00200}",
        "TerminalSessionId":  "1",
        "ParentProcessGuid":  "{AC6A4E42-469E-5CF6-0000-001078766C00}",
        "ParentProcessId":  "5248",
        "ParentImage":  "C:\\Program Files\\Wireshark\\Wireshark.exe"
    },
    {
        "ParentCommandLine":  "\"C:\\Program Files\\Wireshark\\dumpcap.exe\" -S -Z 5248.dummy",
        "Description":  "Console Window Host",
        "CommandLine":  "\\??\\C:\\WINDOWS\\system32\\conhost.exe 0xffffffff -ForceV1",
        "CurrentDirectory":  "C:\\WINDOWS",
        "Hashes":  "SHA1=8F9BC1B7D65188D0ADBDF74CCCE4EED78BF4C129,MD5=EA777DEEA782E8B4D7C7C33BBF8A4496,SHA256=04B6A35BC504401989B9E674C57C9E84D0CBDBBD9D8CE0CE83D7CECA0B7175ED,IMPHASH=63E065B05DF33ACB4D95B3DD04670B8F",
        "Image":  "C:\\Windows\\System32\\conhost.exe",
        "UtcTime":  "2019-06-04 10:26:02.791",
        "ProcessGuid":  "{AC6A4E42-473A-5CF6-0000-00107EE67200}",
        "Company":  "Microsoft Corporation",
        "IntegrityLevel":  "Medium",
        "EventId":  1,
        "FileVersion":  "10.0.17134.1 (WinBuild.160101.0800)",
        "User":  "SEC504STUDENT\\Sec504",
        "RuleName":  null,
        "Product":  "Microsoft? Windows? Operating System",
        "LogonId":  "0x2c0d8",
        "ProcessId":  "4848",
        "LogonGuid":  "{AC6A4E42-0419-5CF4-0000-0020D8C00200}",
        "TerminalSessionId":  "1",
        "ParentProcessGuid":  "{AC6A4E42-473A-5CF6-0000-0010FBE57200}",
        "ParentProcessId":  "3164",
        "ParentImage":  "C:\\Program Files\\Wireshark\\dumpcap.exe"
    },
    {
        "ParentCommandLine":  "\"C:\\Program Files\\Wireshark\\Wireshark.exe\" ",
        "Description":  "Dumpcap",
        "CommandLine":  "\"C:\\Program Files\\Wireshark\\dumpcap.exe\" -S -Z 5248.dummy",
        "CurrentDirectory":  "C:\\Program Files\\Wireshark\\",
        "Hashes":  "SHA1=9AE11406407699C016132633C4464EEB1B85F640,MD5=28869D1C0F3C57B3A12B1ACC758BFD3D,SHA256=F282900DF73E74D727580A88ECD6A4A2D2942FBB980D66009C6C85DDD8B31D9D,IMPHASH=BA28212C31A1C7FA632746E6F19EF3B4",
        "Image":  "C:\\Program Files\\Wireshark\\dumpcap.exe",
        "UtcTime":  "2019-06-04 10:26:03.785",
        "ProcessGuid":  "{AC6A4E42-473B-5CF6-0000-00109CF47200}",
        "Company":  "The Wireshark developer community",
        "IntegrityLevel":  "Medium",
        "EventId":  1,
        "FileVersion":  "2.2.3",
        "User":  "SEC504STUDENT\\Sec504",
        "RuleName":  null,
        "Product":  "Dumpcap",
        "LogonId":  "0x2c0d8",
        "ProcessId":  "3244",
        "LogonGuid":  "{AC6A4E42-0419-5CF4-0000-0020D8C00200}",
        "TerminalSessionId":  "1",
        "ParentProcessGuid":  "{AC6A4E42-469E-5CF6-0000-001078766C00}",
        "ParentProcessId":  "5248",
        "ParentImage":  "C:\\Program Files\\Wireshark\\Wireshark.exe"
    },
    {
        "ParentCommandLine":  "\"C:\\Program Files\\Wireshark\\dumpcap.exe\" -S -Z 5248.dummy",
        "Description":  "Console Window Host",
        "CommandLine":  "\\??\\C:\\WINDOWS\\system32\\conhost.exe 0xffffffff -ForceV1",
        "CurrentDirectory":  "C:\\WINDOWS",
        "Hashes":  "SHA1=8F9BC1B7D65188D0ADBDF74CCCE4EED78BF4C129,MD5=EA777DEEA782E8B4D7C7C33BBF8A4496,SHA256=04B6A35BC504401989B9E674C57C9E84D0CBDBBD9D8CE0CE83D7CECA0B7175ED,IMPHASH=63E065B05DF33ACB4D95B3DD04670B8F",
        "Image":  "C:\\Windows\\System32\\conhost.exe",
        "UtcTime":  "2019-06-04 10:26:03.788",
        "ProcessGuid":  "{AC6A4E42-473B-5CF6-0000-001021F57200}",
        "Company":  "Microsoft Corporation",
        "IntegrityLevel":  "Medium",
        "EventId":  1,
        "FileVersion":  "10.0.17134.1 (WinBuild.160101.0800)",
        "User":  "SEC504STUDENT\\Sec504",
        "RuleName":  null,
        "Product":  "Microsoft? Windows? Operating System",
        "LogonId":  "0x2c0d8",
        "ProcessId":  "5272",
        "LogonGuid":  "{AC6A4E42-0419-5CF4-0000-0020D8C00200}",
        "TerminalSessionId":  "1",
        "ParentProcessGuid":  "{AC6A4E42-473B-5CF6-0000-00109CF47200}",
        "ParentProcessId":  "3244",
        "ParentImage":  "C:\\Program Files\\Wireshark\\dumpcap.exe"
    },
    {
        "ParentCommandLine":  "\"C:\\Program Files\\Wireshark\\Wireshark.exe\" ",
        "Description":  "Dumpcap",
        "CommandLine":  "\"C:\\Program Files\\Wireshark\\dumpcap.exe\" -S -Z 5248.dummy",
        "CurrentDirectory":  "C:\\Program Files\\Wireshark\\",
        "Hashes":  "SHA1=9AE11406407699C016132633C4464EEB1B85F640,MD5=28869D1C0F3C57B3A12B1ACC758BFD3D,SHA256=F282900DF73E74D727580A88ECD6A4A2D2942FBB980D66009C6C85DDD8B31D9D,IMPHASH=BA28212C31A1C7FA632746E6F19EF3B4",
        "Image":  "C:\\Program Files\\Wireshark\\dumpcap.exe",
        "UtcTime":  "2019-06-04 10:26:04.786",
        "ProcessGuid":  "{AC6A4E42-473C-5CF6-0000-001050047300}",
        "Company":  "The Wireshark developer community",
        "IntegrityLevel":  "Medium",
        "EventId":  1,
        "FileVersion":  "2.2.3",
        "User":  "SEC504STUDENT\\Sec504",
        "RuleName":  null,
        "Product":  "Dumpcap",
        "LogonId":  "0x2c0d8",
        "ProcessId":  "5052",
        "LogonGuid":  "{AC6A4E42-0419-5CF4-0000-0020D8C00200}",
        "TerminalSessionId":  "1",
        "ParentProcessGuid":  "{AC6A4E42-469E-5CF6-0000-001078766C00}",
        "ParentProcessId":  "5248",
        "ParentImage":  "C:\\Program Files\\Wireshark\\Wireshark.exe"
    },
    {
        "ParentCommandLine":  "\"C:\\Program Files\\Wireshark\\dumpcap.exe\" -S -Z 5248.dummy",
        "Description":  "Console Window Host",
        "CommandLine":  "\\??\\C:\\WINDOWS\\system32\\conhost.exe 0xffffffff -ForceV1",
        "CurrentDirectory":  "C:\\WINDOWS",
        "Hashes":  "SHA1=8F9BC1B7D65188D0ADBDF74CCCE4EED78BF4C129,MD5=EA777DEEA782E8B4D7C7C33BBF8A4496,SHA256=04B6A35BC504401989B9E674C57C9E84D0CBDBBD9D8CE0CE83D7CECA0B7175ED,IMPHASH=63E065B05DF33ACB4D95B3DD04670B8F",
        "Image":  "C:\\Windows\\System32\\conhost.exe",
        "UtcTime":  "2019-06-04 10:26:04.790",
        "ProcessGuid":  "{AC6A4E42-473C-5CF6-0000-0010D5047300}",
        "Company":  "Microsoft Corporation",
        "IntegrityLevel":  "Medium",
        "EventId":  1,
        "FileVersion":  "10.0.17134.1 (WinBuild.160101.0800)",
        "User":  "SEC504STUDENT\\Sec504",
        "RuleName":  null,
        "Product":  "Microsoft? Windows? Operating System",
        "LogonId":  "0x2c0d8",
        "ProcessId":  "3524",
        "LogonGuid":  "{AC6A4E42-0419-5CF4-0000-0020D8C00200}",
        "TerminalSessionId":  "1",
        "ParentProcessGuid":  "{AC6A4E42-473C-5CF6-0000-001050047300}",
        "ParentProcessId":  "5052",
        "ParentImage":  "C:\\Program Files\\Wireshark\\dumpcap.exe"
    },
    {
        "ParentCommandLine":  "\"C:\\Program Files\\Wireshark\\Wireshark.exe\" ",
        "Description":  "Dumpcap",
        "CommandLine":  "\"C:\\Program Files\\Wireshark\\dumpcap.exe\" -S -Z 5248.dummy",
        "CurrentDirectory":  "C:\\Program Files\\Wireshark\\",
        "Hashes":  "SHA1=9AE11406407699C016132633C4464EEB1B85F640,MD5=28869D1C0F3C57B3A12B1ACC758BFD3D,SHA256=F282900DF73E74D727580A88ECD6A4A2D2942FBB980D66009C6C85DDD8B31D9D,IMPHASH=BA28212C31A1C7FA632746E6F19EF3B4",
        "Image":  "C:\\Program Files\\Wireshark\\dumpcap.exe",
        "UtcTime":  "2019-06-04 10:26:05.785",
        "ProcessGuid":  "{AC6A4E42-473D-5CF6-0000-0010FD147300}",
        "Company":  "The Wireshark developer community",
        "IntegrityLevel":  "Medium",
        "EventId":  1,
        "FileVersion":  "2.2.3",
        "User":  "SEC504STUDENT\\Sec504",
        "RuleName":  null,
        "Product":  "Dumpcap",
        "LogonId":  "0x2c0d8",
        "ProcessId":  "4448",
        "LogonGuid":  "{AC6A4E42-0419-5CF4-0000-0020D8C00200}",
        "TerminalSessionId":  "1",
        "ParentProcessGuid":  "{AC6A4E42-469E-5CF6-0000-001078766C00}",
        "ParentProcessId":  "5248",
        "ParentImage":  "C:\\Program Files\\Wireshark\\Wireshark.exe"
    },
    {
        "ParentCommandLine":  "\"C:\\Program Files\\Wireshark\\dumpcap.exe\" -S -Z 5248.dummy",
        "Description":  "Console Window Host",
        "CommandLine":  "\\??\\C:\\WINDOWS\\system32\\conhost.exe 0xffffffff -ForceV1",
        "CurrentDirectory":  "C:\\WINDOWS",
        "Hashes":  "SHA1=8F9BC1B7D65188D0ADBDF74CCCE4EED78BF4C129,MD5=EA777DEEA782E8B4D7C7C33BBF8A4496,SHA256=04B6A35BC504401989B9E674C57C9E84D0CBDBBD9D8CE0CE83D7CECA0B7175ED,IMPHASH=63E065B05DF33ACB4D95B3DD04670B8F",
        "Image":  "C:\\Windows\\System32\\conhost.exe",
        "UtcTime":  "2019-06-04 10:26:05.788",
        "ProcessGuid":  "{AC6A4E42-473D-5CF6-0000-001072157300}",
        "Company":  "Microsoft Corporation",
        "IntegrityLevel":  "Medium",
        "EventId":  1,
        "FileVersion":  "10.0.17134.1 (WinBuild.160101.0800)",
        "User":  "SEC504STUDENT\\Sec504",
        "RuleName":  null,
        "Product":  "Microsoft? Windows? Operating System",
        "LogonId":  "0x2c0d8",
        "ProcessId":  "2056",
        "LogonGuid":  "{AC6A4E42-0419-5CF4-0000-0020D8C00200}",
        "TerminalSessionId":  "1",
        "ParentProcessGuid":  "{AC6A4E42-473D-5CF6-0000-0010FD147300}",
        "ParentProcessId":  "4448",
        "ParentImage":  "C:\\Program Files\\Wireshark\\dumpcap.exe"
    },
    {
        "ParentCommandLine":  "\"C:\\Program Files\\Wireshark\\Wireshark.exe\" ",
        "Description":  "Dumpcap",
        "CommandLine":  "\"C:\\Program Files\\Wireshark\\dumpcap.exe\" -S -Z 5248.dummy",
        "CurrentDirectory":  "C:\\Program Files\\Wireshark\\",
        "Hashes":  "SHA1=9AE11406407699C016132633C4464EEB1B85F640,MD5=28869D1C0F3C57B3A12B1ACC758BFD3D,SHA256=F282900DF73E74D727580A88ECD6A4A2D2942FBB980D66009C6C85DDD8B31D9D,IMPHASH=BA28212C31A1C7FA632746E6F19EF3B4",
        "Image":  "C:\\Program Files\\Wireshark\\dumpcap.exe",
        "UtcTime":  "2019-06-04 10:26:06.785",
        "ProcessGuid":  "{AC6A4E42-473E-5CF6-0000-001064277300}",
        "Company":  "The Wireshark developer community",
        "IntegrityLevel":  "Medium",
        "EventId":  1,
        "FileVersion":  "2.2.3",
        "User":  "SEC504STUDENT\\Sec504",
        "RuleName":  null,
        "Product":  "Dumpcap",
        "LogonId":  "0x2c0d8",
        "ProcessId":  "5792",
        "LogonGuid":  "{AC6A4E42-0419-5CF4-0000-0020D8C00200}",
        "TerminalSessionId":  "1",
        "ParentProcessGuid":  "{AC6A4E42-469E-5CF6-0000-001078766C00}",
        "ParentProcessId":  "5248",
        "ParentImage":  "C:\\Program Files\\Wireshark\\Wireshark.exe"
    },
    {
        "ParentCommandLine":  "\"C:\\Program Files\\Wireshark\\dumpcap.exe\" -S -Z 5248.dummy",
        "Description":  "Console Window Host",
        "CommandLine":  "\\??\\C:\\WINDOWS\\system32\\conhost.exe 0xffffffff -ForceV1",
        "CurrentDirectory":  "C:\\WINDOWS",
        "Hashes":  "SHA1=8F9BC1B7D65188D0ADBDF74CCCE4EED78BF4C129,MD5=EA777DEEA782E8B4D7C7C33BBF8A4496,SHA256=04B6A35BC504401989B9E674C57C9E84D0CBDBBD9D8CE0CE83D7CECA0B7175ED,IMPHASH=63E065B05DF33ACB4D95B3DD04670B8F",
        "Image":  "C:\\Windows\\System32\\conhost.exe",
        "UtcTime":  "2019-06-04 10:26:06.788",
        "ProcessGuid":  "{AC6A4E42-473E-5CF6-0000-0010EB277300}",
        "Company":  "Microsoft Corporation",
        "IntegrityLevel":  "Medium",
        "EventId":  1,
        "FileVersion":  "10.0.17134.1 (WinBuild.160101.0800)",
        "User":  "SEC504STUDENT\\Sec504",
        "RuleName":  null,
        "Product":  "Microsoft? Windows? Operating System",
        "LogonId":  "0x2c0d8",
        "ProcessId":  "4924",
        "LogonGuid":  "{AC6A4E42-0419-5CF4-0000-0020D8C00200}",
        "TerminalSessionId":  "1",
        "ParentProcessGuid":  "{AC6A4E42-473E-5CF6-0000-001064277300}",
        "ParentProcessId":  "5792",
        "ParentImage":  "C:\\Program Files\\Wireshark\\dumpcap.exe"
    },
    {
        "ParentCommandLine":  "\"C:\\Program Files\\Wireshark\\Wireshark.exe\" ",
        "Description":  "Dumpcap",
        "CommandLine":  "\"C:\\Program Files\\Wireshark\\dumpcap.exe\" -S -Z 5248.dummy",
        "CurrentDirectory":  "C:\\Program Files\\Wireshark\\",
        "Hashes":  "SHA1=9AE11406407699C016132633C4464EEB1B85F640,MD5=28869D1C0F3C57B3A12B1ACC758BFD3D,SHA256=F282900DF73E74D727580A88ECD6A4A2D2942FBB980D66009C6C85DDD8B31D9D,IMPHASH=BA28212C31A1C7FA632746E6F19EF3B4",
        "Image":  "C:\\Program Files\\Wireshark\\dumpcap.exe",
        "UtcTime":  "2019-06-04 10:26:07.785",
        "ProcessGuid":  "{AC6A4E42-473F-5CF6-0000-001066387300}",
        "Company":  "The Wireshark developer community",
        "IntegrityLevel":  "Medium",
        "EventId":  1,
        "FileVersion":  "2.2.3",
        "User":  "SEC504STUDENT\\Sec504",
        "RuleName":  null,
        "Product":  "Dumpcap",
        "LogonId":  "0x2c0d8",
        "ProcessId":  "192",
        "LogonGuid":  "{AC6A4E42-0419-5CF4-0000-0020D8C00200}",
        "TerminalSessionId":  "1",
        "ParentProcessGuid":  "{AC6A4E42-469E-5CF6-0000-001078766C00}",
        "ParentProcessId":  "5248",
        "ParentImage":  "C:\\Program Files\\Wireshark\\Wireshark.exe"
    },
    {
        "ParentCommandLine":  "\"C:\\Program Files\\Wireshark\\dumpcap.exe\" -S -Z 5248.dummy",
        "Description":  "Console Window Host",
        "CommandLine":  "\\??\\C:\\WINDOWS\\system32\\conhost.exe 0xffffffff -ForceV1",
        "CurrentDirectory":  "C:\\WINDOWS",
        "Hashes":  "SHA1=8F9BC1B7D65188D0ADBDF74CCCE4EED78BF4C129,MD5=EA777DEEA782E8B4D7C7C33BBF8A4496,SHA256=04B6A35BC504401989B9E674C57C9E84D0CBDBBD9D8CE0CE83D7CECA0B7175ED,IMPHASH=63E065B05DF33ACB4D95B3DD04670B8F",
        "Image":  "C:\\Windows\\System32\\conhost.exe",
        "UtcTime":  "2019-06-04 10:26:07.789",
        "ProcessGuid":  "{AC6A4E42-473F-5CF6-0000-0010EE387300}",
        "Company":  "Microsoft Corporation",
        "IntegrityLevel":  "Medium",
        "EventId":  1,
        "FileVersion":  "10.0.17134.1 (WinBuild.160101.0800)",
        "User":  "SEC504STUDENT\\Sec504",
        "RuleName":  null,
        "Product":  "Microsoft? Windows? Operating System",
        "LogonId":  "0x2c0d8",
        "ProcessId":  "2900",
        "LogonGuid":  "{AC6A4E42-0419-5CF4-0000-0020D8C00200}",
        "TerminalSessionId":  "1",
        "ParentProcessGuid":  "{AC6A4E42-473F-5CF6-0000-001066387300}",
        "ParentProcessId":  "192",
        "ParentImage":  "C:\\Program Files\\Wireshark\\dumpcap.exe"
    },
    {
        "ParentCommandLine":  "\"C:\\Program Files\\Wireshark\\Wireshark.exe\" ",
        "Description":  "Dumpcap",
        "CommandLine":  "\"C:\\Program Files\\Wireshark\\dumpcap.exe\" -S -Z 5248.dummy",
        "CurrentDirectory":  "C:\\Program Files\\Wireshark\\",
        "Hashes":  "SHA1=9AE11406407699C016132633C4464EEB1B85F640,MD5=28869D1C0F3C57B3A12B1ACC758BFD3D,SHA256=F282900DF73E74D727580A88ECD6A4A2D2942FBB980D66009C6C85DDD8B31D9D,IMPHASH=BA28212C31A1C7FA632746E6F19EF3B4",
        "Image":  "C:\\Program Files\\Wireshark\\dumpcap.exe",
        "UtcTime":  "2019-06-04 10:26:08.785",
        "ProcessGuid":  "{AC6A4E42-4740-5CF6-0000-001009497300}",
        "Company":  "The Wireshark developer community",
        "IntegrityLevel":  "Medium",
        "EventId":  1,
        "FileVersion":  "2.2.3",
        "User":  "SEC504STUDENT\\Sec504",
        "RuleName":  null,
        "Product":  "Dumpcap",
        "LogonId":  "0x2c0d8",
        "ProcessId":  "3104",
        "LogonGuid":  "{AC6A4E42-0419-5CF4-0000-0020D8C00200}",
        "TerminalSessionId":  "1",
        "ParentProcessGuid":  "{AC6A4E42-469E-5CF6-0000-001078766C00}",
        "ParentProcessId":  "5248",
        "ParentImage":  "C:\\Program Files\\Wireshark\\Wireshark.exe"
    },
    {
        "ParentCommandLine":  "\"C:\\Program Files\\Wireshark\\dumpcap.exe\" -S -Z 5248.dummy",
        "Description":  "Console Window Host",
        "CommandLine":  "\\??\\C:\\WINDOWS\\system32\\conhost.exe 0xffffffff -ForceV1",
        "CurrentDirectory":  "C:\\WINDOWS",
        "Hashes":  "SHA1=8F9BC1B7D65188D0ADBDF74CCCE4EED78BF4C129,MD5=EA777DEEA782E8B4D7C7C33BBF8A4496,SHA256=04B6A35BC504401989B9E674C57C9E84D0CBDBBD9D8CE0CE83D7CECA0B7175ED,IMPHASH=63E065B05DF33ACB4D95B3DD04670B8F",
        "Image":  "C:\\Windows\\System32\\conhost.exe",
        "UtcTime":  "2019-06-04 10:26:08.788",
        "ProcessGuid":  "{AC6A4E42-4740-5CF6-0000-00108F497300}",
        "Company":  "Microsoft Corporation",
        "IntegrityLevel":  "Medium",
        "EventId":  1,
        "FileVersion":  "10.0.17134.1 (WinBuild.160101.0800)",
        "User":  "SEC504STUDENT\\Sec504",
        "RuleName":  null,
        "Product":  "Microsoft? Windows? Operating System",
        "LogonId":  "0x2c0d8",
        "ProcessId":  "5844",
        "LogonGuid":  "{AC6A4E42-0419-5CF4-0000-0020D8C00200}",
        "TerminalSessionId":  "1",
        "ParentProcessGuid":  "{AC6A4E42-4740-5CF6-0000-001009497300}",
        "ParentProcessId":  "3104",
        "ParentImage":  "C:\\Program Files\\Wireshark\\dumpcap.exe"
    },
    {
        "ParentCommandLine":  "\"C:\\Program Files\\Wireshark\\Wireshark.exe\" ",
        "Description":  "Dumpcap",
        "CommandLine":  "\"C:\\Program Files\\Wireshark\\dumpcap.exe\" -S -Z 5248.dummy",
        "CurrentDirectory":  "C:\\Program Files\\Wireshark\\",
        "Hashes":  "SHA1=9AE11406407699C016132633C4464EEB1B85F640,MD5=28869D1C0F3C57B3A12B1ACC758BFD3D,SHA256=F282900DF73E74D727580A88ECD6A4A2D2942FBB980D66009C6C85DDD8B31D9D,IMPHASH=BA28212C31A1C7FA632746E6F19EF3B4",
        "Image":  "C:\\Program Files\\Wireshark\\dumpcap.exe",
        "UtcTime":  "2019-06-04 10:26:09.785",
        "ProcessGuid":  "{AC6A4E42-4741-5CF6-0000-00108D5B7300}",
        "Company":  "The Wireshark developer community",
        "IntegrityLevel":  "Medium",
        "EventId":  1,
        "FileVersion":  "2.2.3",
        "User":  "SEC504STUDENT\\Sec504",
        "RuleName":  null,
        "Product":  "Dumpcap",
        "LogonId":  "0x2c0d8",
        "ProcessId":  "2464",
        "LogonGuid":  "{AC6A4E42-0419-5CF4-0000-0020D8C00200}",
        "TerminalSessionId":  "1",
        "ParentProcessGuid":  "{AC6A4E42-469E-5CF6-0000-001078766C00}",
        "ParentProcessId":  "5248",
        "ParentImage":  "C:\\Program Files\\Wireshark\\Wireshark.exe"
    },
    {
        "ParentCommandLine":  "\"C:\\Program Files\\Wireshark\\dumpcap.exe\" -S -Z 5248.dummy",
        "Description":  "Console Window Host",
        "CommandLine":  "\\??\\C:\\WINDOWS\\system32\\conhost.exe 0xffffffff -ForceV1",
        "CurrentDirectory":  "C:\\WINDOWS",
        "Hashes":  "SHA1=8F9BC1B7D65188D0ADBDF74CCCE4EED78BF4C129,MD5=EA777DEEA782E8B4D7C7C33BBF8A4496,SHA256=04B6A35BC504401989B9E674C57C9E84D0CBDBBD9D8CE0CE83D7CECA0B7175ED,IMPHASH=63E065B05DF33ACB4D95B3DD04670B8F",
        "Image":  "C:\\Windows\\System32\\conhost.exe",
        "UtcTime":  "2019-06-04 10:26:09.788",
        "ProcessGuid":  "{AC6A4E42-4741-5CF6-0000-0010135C7300}",
        "Company":  "Microsoft Corporation",
        "IntegrityLevel":  "Medium",
        "EventId":  1,
        "FileVersion":  "10.0.17134.1 (WinBuild.160101.0800)",
        "User":  "SEC504STUDENT\\Sec504",
        "RuleName":  null,
        "Product":  "Microsoft? Windows? Operating System",
        "LogonId":  "0x2c0d8",
        "ProcessId":  "5692",
        "LogonGuid":  "{AC6A4E42-0419-5CF4-0000-0020D8C00200}",
        "TerminalSessionId":  "1",
        "ParentProcessGuid":  "{AC6A4E42-4741-5CF6-0000-00108D5B7300}",
        "ParentProcessId":  "2464",
        "ParentImage":  "C:\\Program Files\\Wireshark\\dumpcap.exe"
    },
    {
        "ParentCommandLine":  "\"C:\\Program Files\\Wireshark\\Wireshark.exe\" ",
        "Description":  "Dumpcap",
        "CommandLine":  "\"C:\\Program Files\\Wireshark\\dumpcap.exe\" -S -Z 5248.dummy",
        "CurrentDirectory":  "C:\\Program Files\\Wireshark\\",
        "Hashes":  "SHA1=9AE11406407699C016132633C4464EEB1B85F640,MD5=28869D1C0F3C57B3A12B1ACC758BFD3D,SHA256=F282900DF73E74D727580A88ECD6A4A2D2942FBB980D66009C6C85DDD8B31D9D,IMPHASH=BA28212C31A1C7FA632746E6F19EF3B4",
        "Image":  "C:\\Program Files\\Wireshark\\dumpcap.exe",
        "UtcTime":  "2019-06-04 10:26:10.785",
        "ProcessGuid":  "{AC6A4E42-4742-5CF6-0000-00104D6E7300}",
        "Company":  "The Wireshark developer community",
        "IntegrityLevel":  "Medium",
        "EventId":  1,
        "FileVersion":  "2.2.3",
        "User":  "SEC504STUDENT\\Sec504",
        "RuleName":  null,
        "Product":  "Dumpcap",
        "LogonId":  "0x2c0d8",
        "ProcessId":  "5700",
        "LogonGuid":  "{AC6A4E42-0419-5CF4-0000-0020D8C00200}",
        "TerminalSessionId":  "1",
        "ParentProcessGuid":  "{AC6A4E42-469E-5CF6-0000-001078766C00}",
        "ParentProcessId":  "5248",
        "ParentImage":  "C:\\Program Files\\Wireshark\\Wireshark.exe"
    },
    {
        "ParentCommandLine":  "\"C:\\Program Files\\Wireshark\\dumpcap.exe\" -S -Z 5248.dummy",
        "Description":  "Console Window Host",
        "CommandLine":  "\\??\\C:\\WINDOWS\\system32\\conhost.exe 0xffffffff -ForceV1",
        "CurrentDirectory":  "C:\\WINDOWS",
        "Hashes":  "SHA1=8F9BC1B7D65188D0ADBDF74CCCE4EED78BF4C129,MD5=EA777DEEA782E8B4D7C7C33BBF8A4496,SHA256=04B6A35BC504401989B9E674C57C9E84D0CBDBBD9D8CE0CE83D7CECA0B7175ED,IMPHASH=63E065B05DF33ACB4D95B3DD04670B8F",
        "Image":  "C:\\Windows\\System32\\conhost.exe",
        "UtcTime":  "2019-06-04 10:26:10.789",
        "ProcessGuid":  "{AC6A4E42-4742-5CF6-0000-0010D66E7300}",
        "Company":  "Microsoft Corporation",
        "IntegrityLevel":  "Medium",
        "EventId":  1,
        "FileVersion":  "10.0.17134.1 (WinBuild.160101.0800)",
        "User":  "SEC504STUDENT\\Sec504",
        "RuleName":  null,
        "Product":  "Microsoft? Windows? Operating System",
        "LogonId":  "0x2c0d8",
        "ProcessId":  "248",
        "LogonGuid":  "{AC6A4E42-0419-5CF4-0000-0020D8C00200}",
        "TerminalSessionId":  "1",
        "ParentProcessGuid":  "{AC6A4E42-4742-5CF6-0000-00104D6E7300}",
        "ParentProcessId":  "5700",
        "ParentImage":  "C:\\Program Files\\Wireshark\\dumpcap.exe"
    },
    {
        "ParentCommandLine":  "\"C:\\Program Files\\Wireshark\\Wireshark.exe\" ",
        "Description":  "Dumpcap",
        "CommandLine":  "\"C:\\Program Files\\Wireshark\\dumpcap.exe\" -S -Z 5248.dummy",
        "CurrentDirectory":  "C:\\Program Files\\Wireshark\\",
        "Hashes":  "SHA1=9AE11406407699C016132633C4464EEB1B85F640,MD5=28869D1C0F3C57B3A12B1ACC758BFD3D,SHA256=F282900DF73E74D727580A88ECD6A4A2D2942FBB980D66009C6C85DDD8B31D9D,IMPHASH=BA28212C31A1C7FA632746E6F19EF3B4",
        "Image":  "C:\\Program Files\\Wireshark\\dumpcap.exe",
        "UtcTime":  "2019-06-04 10:26:11.785",
        "ProcessGuid":  "{AC6A4E42-4743-5CF6-0000-0010477E7300}",
        "Company":  "The Wireshark developer community",
        "IntegrityLevel":  "Medium",
        "EventId":  1,
        "FileVersion":  "2.2.3",
        "User":  "SEC504STUDENT\\Sec504",
        "RuleName":  null,
        "Product":  "Dumpcap",
        "LogonId":  "0x2c0d8",
        "ProcessId":  "3304",
        "LogonGuid":  "{AC6A4E42-0419-5CF4-0000-0020D8C00200}",
        "TerminalSessionId":  "1",
        "ParentProcessGuid":  "{AC6A4E42-469E-5CF6-0000-001078766C00}",
        "ParentProcessId":  "5248",
        "ParentImage":  "C:\\Program Files\\Wireshark\\Wireshark.exe"
    },
    {
        "ParentCommandLine":  "\"C:\\Program Files\\Wireshark\\dumpcap.exe\" -S -Z 5248.dummy",
        "Description":  "Console Window Host",
        "CommandLine":  "\\??\\C:\\WINDOWS\\system32\\conhost.exe 0xffffffff -ForceV1",
        "CurrentDirectory":  "C:\\WINDOWS",
        "Hashes":  "SHA1=8F9BC1B7D65188D0ADBDF74CCCE4EED78BF4C129,MD5=EA777DEEA782E8B4D7C7C33BBF8A4496,SHA256=04B6A35BC504401989B9E674C57C9E84D0CBDBBD9D8CE0CE83D7CECA0B7175ED,IMPHASH=63E065B05DF33ACB4D95B3DD04670B8F",
        "Image":  "C:\\Windows\\System32\\conhost.exe",
        "UtcTime":  "2019-06-04 10:26:11.789",
        "ProcessGuid":  "{AC6A4E42-4743-5CF6-0000-0010C97E7300}",
        "Company":  "Microsoft Corporation",
        "IntegrityLevel":  "Medium",
        "EventId":  1,
        "FileVersion":  "10.0.17134.1 (WinBuild.160101.0800)",
        "User":  "SEC504STUDENT\\Sec504",
        "RuleName":  null,
        "Product":  "Microsoft? Windows? Operating System",
        "LogonId":  "0x2c0d8",
        "ProcessId":  "4304",
        "LogonGuid":  "{AC6A4E42-0419-5CF4-0000-0020D8C00200}",
        "TerminalSessionId":  "1",
        "ParentProcessGuid":  "{AC6A4E42-4743-5CF6-0000-0010477E7300}",
        "ParentProcessId":  "3304",
        "ParentImage":  "C:\\Program Files\\Wireshark\\dumpcap.exe"
    },
    {
        "ParentCommandLine":  "\"C:\\Program Files\\Wireshark\\Wireshark.exe\" ",
        "Description":  "Dumpcap",
        "CommandLine":  "\"C:\\Program Files\\Wireshark\\dumpcap.exe\" -S -Z 5248.dummy",
        "CurrentDirectory":  "C:\\Program Files\\Wireshark\\",
        "Hashes":  "SHA1=9AE11406407699C016132633C4464EEB1B85F640,MD5=28869D1C0F3C57B3A12B1ACC758BFD3D,SHA256=F282900DF73E74D727580A88ECD6A4A2D2942FBB980D66009C6C85DDD8B31D9D,IMPHASH=BA28212C31A1C7FA632746E6F19EF3B4",
        "Image":  "C:\\Program Files\\Wireshark\\dumpcap.exe",
        "UtcTime":  "2019-06-04 10:26:12.785",
        "ProcessGuid":  "{AC6A4E42-4744-5CF6-0000-00109A8E7300}",
        "Company":  "The Wireshark developer community",
        "IntegrityLevel":  "Medium",
        "EventId":  1,
        "FileVersion":  "2.2.3",
        "User":  "SEC504STUDENT\\Sec504",
        "RuleName":  null,
        "Product":  "Dumpcap",
        "LogonId":  "0x2c0d8",
        "ProcessId":  "2528",
        "LogonGuid":  "{AC6A4E42-0419-5CF4-0000-0020D8C00200}",
        "TerminalSessionId":  "1",
        "ParentProcessGuid":  "{AC6A4E42-469E-5CF6-0000-001078766C00}",
        "ParentProcessId":  "5248",
        "ParentImage":  "C:\\Program Files\\Wireshark\\Wireshark.exe"
    },
    {
        "ParentCommandLine":  "\"C:\\Program Files\\Wireshark\\dumpcap.exe\" -S -Z 5248.dummy",
        "Description":  "Console Window Host",
        "CommandLine":  "\\??\\C:\\WINDOWS\\system32\\conhost.exe 0xffffffff -ForceV1",
        "CurrentDirectory":  "C:\\WINDOWS",
        "Hashes":  "SHA1=8F9BC1B7D65188D0ADBDF74CCCE4EED78BF4C129,MD5=EA777DEEA782E8B4D7C7C33BBF8A4496,SHA256=04B6A35BC504401989B9E674C57C9E84D0CBDBBD9D8CE0CE83D7CECA0B7175ED,IMPHASH=63E065B05DF33ACB4D95B3DD04670B8F",
        "Image":  "C:\\Windows\\System32\\conhost.exe",
        "UtcTime":  "2019-06-04 10:26:12.788",
        "ProcessGuid":  "{AC6A4E42-4744-5CF6-0000-00101E8F7300}",
        "Company":  "Microsoft Corporation",
        "IntegrityLevel":  "Medium",
        "EventId":  1,
        "FileVersion":  "10.0.17134.1 (WinBuild.160101.0800)",
        "User":  "SEC504STUDENT\\Sec504",
        "RuleName":  null,
        "Product":  "Microsoft? Windows? Operating System",
        "LogonId":  "0x2c0d8",
        "ProcessId":  "6004",
        "LogonGuid":  "{AC6A4E42-0419-5CF4-0000-0020D8C00200}",
        "TerminalSessionId":  "1",
        "ParentProcessGuid":  "{AC6A4E42-4744-5CF6-0000-00109A8E7300}",
        "ParentProcessId":  "2528",
        "ParentImage":  "C:\\Program Files\\Wireshark\\dumpcap.exe"
    },
    {
        "ParentCommandLine":  "\"C:\\Program Files\\Wireshark\\Wireshark.exe\" ",
        "Description":  "Dumpcap",
        "CommandLine":  "\"C:\\Program Files\\Wireshark\\dumpcap.exe\" -S -Z 5248.dummy",
        "CurrentDirectory":  "C:\\Program Files\\Wireshark\\",
        "Hashes":  "SHA1=9AE11406407699C016132633C4464EEB1B85F640,MD5=28869D1C0F3C57B3A12B1ACC758BFD3D,SHA256=F282900DF73E74D727580A88ECD6A4A2D2942FBB980D66009C6C85DDD8B31D9D,IMPHASH=BA28212C31A1C7FA632746E6F19EF3B4",
        "Image":  "C:\\Program Files\\Wireshark\\dumpcap.exe",
        "UtcTime":  "2019-06-04 10:26:13.785",
        "ProcessGuid":  "{AC6A4E42-4745-5CF6-0000-0010F89E7300}",
        "Company":  "The Wireshark developer community",
        "IntegrityLevel":  "Medium",
        "EventId":  1,
        "FileVersion":  "2.2.3",
        "User":  "SEC504STUDENT\\Sec504",
        "RuleName":  null,
        "Product":  "Dumpcap",
        "LogonId":  "0x2c0d8",
        "ProcessId":  "5632",
        "LogonGuid":  "{AC6A4E42-0419-5CF4-0000-0020D8C00200}",
        "TerminalSessionId":  "1",
        "ParentProcessGuid":  "{AC6A4E42-469E-5CF6-0000-001078766C00}",
        "ParentProcessId":  "5248",
        "ParentImage":  "C:\\Program Files\\Wireshark\\Wireshark.exe"
    },
    {
        "ParentCommandLine":  "\"C:\\Program Files\\Wireshark\\dumpcap.exe\" -S -Z 5248.dummy",
        "Description":  "Console Window Host",
        "CommandLine":  "\\??\\C:\\WINDOWS\\system32\\conhost.exe 0xffffffff -ForceV1",
        "CurrentDirectory":  "C:\\WINDOWS",
        "Hashes":  "SHA1=8F9BC1B7D65188D0ADBDF74CCCE4EED78BF4C129,MD5=EA777DEEA782E8B4D7C7C33BBF8A4496,SHA256=04B6A35BC504401989B9E674C57C9E84D0CBDBBD9D8CE0CE83D7CECA0B7175ED,IMPHASH=63E065B05DF33ACB4D95B3DD04670B8F",
        "Image":  "C:\\Windows\\System32\\conhost.exe",
        "UtcTime":  "2019-06-04 10:26:13.789",
        "ProcessGuid":  "{AC6A4E42-4745-5CF6-0000-00107F9F7300}",
        "Company":  "Microsoft Corporation",
        "IntegrityLevel":  "Medium",
        "EventId":  1,
        "FileVersion":  "10.0.17134.1 (WinBuild.160101.0800)",
        "User":  "SEC504STUDENT\\Sec504",
        "RuleName":  null,
        "Product":  "Microsoft? Windows? Operating System",
        "LogonId":  "0x2c0d8",
        "ProcessId":  "1040",
        "LogonGuid":  "{AC6A4E42-0419-5CF4-0000-0020D8C00200}",
        "TerminalSessionId":  "1",
        "ParentProcessGuid":  "{AC6A4E42-4745-5CF6-0000-0010F89E7300}",
        "ParentProcessId":  "5632",
        "ParentImage":  "C:\\Program Files\\Wireshark\\dumpcap.exe"
    },
    {
        "ParentCommandLine":  "\"C:\\Program Files\\Wireshark\\Wireshark.exe\" ",
        "Description":  "Dumpcap",
        "CommandLine":  "\"C:\\Program Files\\Wireshark\\dumpcap.exe\" -S -Z 5248.dummy",
        "CurrentDirectory":  "C:\\Program Files\\Wireshark\\",
        "Hashes":  "SHA1=9AE11406407699C016132633C4464EEB1B85F640,MD5=28869D1C0F3C57B3A12B1ACC758BFD3D,SHA256=F282900DF73E74D727580A88ECD6A4A2D2942FBB980D66009C6C85DDD8B31D9D,IMPHASH=BA28212C31A1C7FA632746E6F19EF3B4",
        "Image":  "C:\\Program Files\\Wireshark\\dumpcap.exe",
        "UtcTime":  "2019-06-04 10:26:14.785",
        "ProcessGuid":  "{AC6A4E42-4746-5CF6-0000-0010A2B07300}",
        "Company":  "The Wireshark developer community",
        "IntegrityLevel":  "Medium",
        "EventId":  1,
        "FileVersion":  "2.2.3",
        "User":  "SEC504STUDENT\\Sec504",
        "RuleName":  null,
        "Product":  "Dumpcap",
        "LogonId":  "0x2c0d8",
        "ProcessId":  "5344",
        "LogonGuid":  "{AC6A4E42-0419-5CF4-0000-0020D8C00200}",
        "TerminalSessionId":  "1",
        "ParentProcessGuid":  "{AC6A4E42-469E-5CF6-0000-001078766C00}",
        "ParentProcessId":  "5248",
        "ParentImage":  "C:\\Program Files\\Wireshark\\Wireshark.exe"
    },
    {
        "ParentCommandLine":  "\"C:\\Program Files\\Wireshark\\dumpcap.exe\" -S -Z 5248.dummy",
        "Description":  "Console Window Host",
        "CommandLine":  "\\??\\C:\\WINDOWS\\system32\\conhost.exe 0xffffffff -ForceV1",
        "CurrentDirectory":  "C:\\WINDOWS",
        "Hashes":  "SHA1=8F9BC1B7D65188D0ADBDF74CCCE4EED78BF4C129,MD5=EA777DEEA782E8B4D7C7C33BBF8A4496,SHA256=04B6A35BC504401989B9E674C57C9E84D0CBDBBD9D8CE0CE83D7CECA0B7175ED,IMPHASH=63E065B05DF33ACB4D95B3DD04670B8F",
        "Image":  "C:\\Windows\\System32\\conhost.exe",
        "UtcTime":  "2019-06-04 10:26:14.788",
        "ProcessGuid":  "{AC6A4E42-4746-5CF6-0000-001029B17300}",
        "Company":  "Microsoft Corporation",
        "IntegrityLevel":  "Medium",
        "EventId":  1,
        "FileVersion":  "10.0.17134.1 (WinBuild.160101.0800)",
        "User":  "SEC504STUDENT\\Sec504",
        "RuleName":  null,
        "Product":  "Microsoft? Windows? Operating System",
        "LogonId":  "0x2c0d8",
        "ProcessId":  "1152",
        "LogonGuid":  "{AC6A4E42-0419-5CF4-0000-0020D8C00200}",
        "TerminalSessionId":  "1",
        "ParentProcessGuid":  "{AC6A4E42-4746-5CF6-0000-0010A2B07300}",
        "ParentProcessId":  "5344",
        "ParentImage":  "C:\\Program Files\\Wireshark\\dumpcap.exe"
    },
    {
        "ParentCommandLine":  "\"C:\\Program Files\\Wireshark\\Wireshark.exe\" ",
        "Description":  "Dumpcap",
        "CommandLine":  "\"C:\\Program Files\\Wireshark\\dumpcap.exe\" -S -Z 5248.dummy",
        "CurrentDirectory":  "C:\\Program Files\\Wireshark\\",
        "Hashes":  "SHA1=9AE11406407699C016132633C4464EEB1B85F640,MD5=28869D1C0F3C57B3A12B1ACC758BFD3D,SHA256=F282900DF73E74D727580A88ECD6A4A2D2942FBB980D66009C6C85DDD8B31D9D,IMPHASH=BA28212C31A1C7FA632746E6F19EF3B4",
        "Image":  "C:\\Program Files\\Wireshark\\dumpcap.exe",
        "UtcTime":  "2019-06-04 10:26:15.785",
        "ProcessGuid":  "{AC6A4E42-4747-5CF6-0000-0010C8C27300}",
        "Company":  "The Wireshark developer community",
        "IntegrityLevel":  "Medium",
        "EventId":  1,
        "FileVersion":  "2.2.3",
        "User":  "SEC504STUDENT\\Sec504",
        "RuleName":  null,
        "Product":  "Dumpcap",
        "LogonId":  "0x2c0d8",
        "ProcessId":  "4608",
        "LogonGuid":  "{AC6A4E42-0419-5CF4-0000-0020D8C00200}",
        "TerminalSessionId":  "1",
        "ParentProcessGuid":  "{AC6A4E42-469E-5CF6-0000-001078766C00}",
        "ParentProcessId":  "5248",
        "ParentImage":  "C:\\Program Files\\Wireshark\\Wireshark.exe"
    },
    {
        "ParentCommandLine":  "\"C:\\Program Files\\Wireshark\\dumpcap.exe\" -S -Z 5248.dummy",
        "Description":  "Console Window Host",
        "CommandLine":  "\\??\\C:\\WINDOWS\\system32\\conhost.exe 0xffffffff -ForceV1",
        "CurrentDirectory":  "C:\\WINDOWS",
        "Hashes":  "SHA1=8F9BC1B7D65188D0ADBDF74CCCE4EED78BF4C129,MD5=EA777DEEA782E8B4D7C7C33BBF8A4496,SHA256=04B6A35BC504401989B9E674C57C9E84D0CBDBBD9D8CE0CE83D7CECA0B7175ED,IMPHASH=63E065B05DF33ACB4D95B3DD04670B8F",
        "Image":  "C:\\Windows\\System32\\conhost.exe",
        "UtcTime":  "2019-06-04 10:26:15.788",
        "ProcessGuid":  "{AC6A4E42-4747-5CF6-0000-00104FC37300}",
        "Company":  "Microsoft Corporation",
        "IntegrityLevel":  "Medium",
        "EventId":  1,
        "FileVersion":  "10.0.17134.1 (WinBuild.160101.0800)",
        "User":  "SEC504STUDENT\\Sec504",
        "RuleName":  null,
        "Product":  "Microsoft? Windows? Operating System",
        "LogonId":  "0x2c0d8",
        "ProcessId":  "468",
        "LogonGuid":  "{AC6A4E42-0419-5CF4-0000-0020D8C00200}",
        "TerminalSessionId":  "1",
        "ParentProcessGuid":  "{AC6A4E42-4747-5CF6-0000-0010C8C27300}",
        "ParentProcessId":  "4608",
        "ParentImage":  "C:\\Program Files\\Wireshark\\dumpcap.exe"
    },
    {
        "ParentCommandLine":  "\"C:\\Program Files\\Wireshark\\Wireshark.exe\" ",
        "Description":  "Dumpcap",
        "CommandLine":  "\"C:\\Program Files\\Wireshark\\dumpcap.exe\" -S -Z 5248.dummy",
        "CurrentDirectory":  "C:\\Program Files\\Wireshark\\",
        "Hashes":  "SHA1=9AE11406407699C016132633C4464EEB1B85F640,MD5=28869D1C0F3C57B3A12B1ACC758BFD3D,SHA256=F282900DF73E74D727580A88ECD6A4A2D2942FBB980D66009C6C85DDD8B31D9D,IMPHASH=BA28212C31A1C7FA632746E6F19EF3B4",
        "Image":  "C:\\Program Files\\Wireshark\\dumpcap.exe",
        "UtcTime":  "2019-06-04 10:26:16.785",
        "ProcessGuid":  "{AC6A4E42-4748-5CF6-0000-001090D47300}",
        "Company":  "The Wireshark developer community",
        "IntegrityLevel":  "Medium",
        "EventId":  1,
        "FileVersion":  "2.2.3",
        "User":  "SEC504STUDENT\\Sec504",
        "RuleName":  null,
        "Product":  "Dumpcap",
        "LogonId":  "0x2c0d8",
        "ProcessId":  "6112",
        "LogonGuid":  "{AC6A4E42-0419-5CF4-0000-0020D8C00200}",
        "TerminalSessionId":  "1",
        "ParentProcessGuid":  "{AC6A4E42-469E-5CF6-0000-001078766C00}",
        "ParentProcessId":  "5248",
        "ParentImage":  "C:\\Program Files\\Wireshark\\Wireshark.exe"
    },
    {
        "ParentCommandLine":  "\"C:\\Program Files\\Wireshark\\dumpcap.exe\" -S -Z 5248.dummy",
        "Description":  "Console Window Host",
        "CommandLine":  "\\??\\C:\\WINDOWS\\system32\\conhost.exe 0xffffffff -ForceV1",
        "CurrentDirectory":  "C:\\WINDOWS",
        "Hashes":  "SHA1=8F9BC1B7D65188D0ADBDF74CCCE4EED78BF4C129,MD5=EA777DEEA782E8B4D7C7C33BBF8A4496,SHA256=04B6A35BC504401989B9E674C57C9E84D0CBDBBD9D8CE0CE83D7CECA0B7175ED,IMPHASH=63E065B05DF33ACB4D95B3DD04670B8F",
        "Image":  "C:\\Windows\\System32\\conhost.exe",
        "UtcTime":  "2019-06-04 10:26:16.789",
        "ProcessGuid":  "{AC6A4E42-4748-5CF6-0000-001012D57300}",
        "Company":  "Microsoft Corporation",
        "IntegrityLevel":  "Medium",
        "EventId":  1,
        "FileVersion":  "10.0.17134.1 (WinBuild.160101.0800)",
        "User":  "SEC504STUDENT\\Sec504",
        "RuleName":  null,
        "Product":  "Microsoft? Windows? Operating System",
        "LogonId":  "0x2c0d8",
        "ProcessId":  "4792",
        "LogonGuid":  "{AC6A4E42-0419-5CF4-0000-0020D8C00200}",
        "TerminalSessionId":  "1",
        "ParentProcessGuid":  "{AC6A4E42-4748-5CF6-0000-001090D47300}",
        "ParentProcessId":  "6112",
        "ParentImage":  "C:\\Program Files\\Wireshark\\dumpcap.exe"
    },
    {
        "ParentCommandLine":  "\"C:\\Program Files\\Wireshark\\Wireshark.exe\" ",
        "Description":  "Dumpcap",
        "CommandLine":  "\"C:\\Program Files\\Wireshark\\dumpcap.exe\" -S -Z 5248.dummy",
        "CurrentDirectory":  "C:\\Program Files\\Wireshark\\",
        "Hashes":  "SHA1=9AE11406407699C016132633C4464EEB1B85F640,MD5=28869D1C0F3C57B3A12B1ACC758BFD3D,SHA256=F282900DF73E74D727580A88ECD6A4A2D2942FBB980D66009C6C85DDD8B31D9D,IMPHASH=BA28212C31A1C7FA632746E6F19EF3B4",
        "Image":  "C:\\Program Files\\Wireshark\\dumpcap.exe",
        "UtcTime":  "2019-06-04 10:26:17.785",
        "ProcessGuid":  "{AC6A4E42-4749-5CF6-0000-00104AE57300}",
        "Company":  "The Wireshark developer community",
        "IntegrityLevel":  "Medium",
        "EventId":  1,
        "FileVersion":  "2.2.3",
        "User":  "SEC504STUDENT\\Sec504",
        "RuleName":  null,
        "Product":  "Dumpcap",
        "LogonId":  "0x2c0d8",
        "ProcessId":  "2316",
        "LogonGuid":  "{AC6A4E42-0419-5CF4-0000-0020D8C00200}",
        "TerminalSessionId":  "1",
        "ParentProcessGuid":  "{AC6A4E42-469E-5CF6-0000-001078766C00}",
        "ParentProcessId":  "5248",
        "ParentImage":  "C:\\Program Files\\Wireshark\\Wireshark.exe"
    },
