    {
        "ParentCommandLine":  "\"C:\\Program Files\\Wireshark\\Wireshark.exe\" ",
        "Description":  "Dumpcap",
        "CommandLine":  "\"C:\\Program Files\\Wireshark\\dumpcap.exe\" -S -Z 5248.dummy",
        "CurrentDirectory":  "C:\\Program Files\\Wireshark\\",
        "Hashes":  "SHA1=9AE11406407699C016132633C4464EEB1B85F640,MD5=28869D1C0F3C57B3A12B1ACC758BFD3D,SHA256=F282900DF73E74D727580A88ECD6A4A2D2942FBB980D66009C6C85DDD8B31D9D,IMPHASH=BA28212C31A1C7FA632746E6F19EF3B4",
        "Image":  "C:\\Program Files\\Wireshark\\dumpcap.exe",
        "UtcTime":  "2019-06-04 10:26:55.918",
        "ProcessGuid":  "{AC6A4E42-476F-5CF6-0000-0010449C7600}",
        "Company":  "The Wireshark developer community",
        "IntegrityLevel":  "Medium",
        "EventId":  1,
        "FileVersion":  "2.2.3",
        "User":  "SEC504STUDENT\\Sec504",
        "RuleName":  null,
        "Product":  "Dumpcap",
        "LogonId":  "0x2c0d8",
        "ProcessId":  "3672",
        "LogonGuid":  "{AC6A4E42-0419-5CF4-0000-0020D8C00200}",
        "TerminalSessionId":  "1",
        "ParentProcessGuid":  "{AC6A4E42-469E-5CF6-0000-001078766C00}",
        "ParentProcessId":  "5248",
        "ParentImage":  "C:\\Program Files\\Wireshark\\Wireshark.exe"
    },
    {
        "ParentCommandLine":  "\"C:\\Program Files\\Wireshark\\dumpcap.exe\" -S -Z 5248.dummy",
        "Description":  "Console Window Host",
        "CommandLine":  "\\??\\C:\\WINDOWS\\system32\\conhost.exe 0xffffffff -ForceV1",
        "CurrentDirectory":  "C:\\WINDOWS",
        "Hashes":  "SHA1=8F9BC1B7D65188D0ADBDF74CCCE4EED78BF4C129,MD5=EA777DEEA782E8B4D7C7C33BBF8A4496,SHA256=04B6A35BC504401989B9E674C57C9E84D0CBDBBD9D8CE0CE83D7CECA0B7175ED,IMPHASH=63E065B05DF33ACB4D95B3DD04670B8F",
        "Image":  "C:\\Windows\\System32\\conhost.exe",
        "UtcTime":  "2019-06-04 10:26:55.928",
        "ProcessGuid":  "{AC6A4E42-476F-5CF6-0000-0010C39C7600}",
        "Company":  "Microsoft Corporation",
        "IntegrityLevel":  "Medium",
        "EventId":  1,
        "FileVersion":  "10.0.17134.1 (WinBuild.160101.0800)",
        "User":  "SEC504STUDENT\\Sec504",
        "RuleName":  null,
        "Product":  "Microsoft? Windows? Operating System",
        "LogonId":  "0x2c0d8",
        "ProcessId":  "5156",
        "LogonGuid":  "{AC6A4E42-0419-5CF4-0000-0020D8C00200}",
        "TerminalSessionId":  "1",
        "ParentProcessGuid":  "{AC6A4E42-476F-5CF6-0000-0010449C7600}",
        "ParentProcessId":  "3672",
        "ParentImage":  "C:\\Program Files\\Wireshark\\dumpcap.exe"
    },
    {
        "ParentCommandLine":  "\"C:\\Program Files\\Wireshark\\Wireshark.exe\" ",
        "Description":  "Dumpcap",
        "CommandLine":  "\"C:\\Program Files\\Wireshark\\dumpcap.exe\" -S -Z 5248.dummy",
        "CurrentDirectory":  "C:\\Program Files\\Wireshark\\",
        "Hashes":  "SHA1=9AE11406407699C016132633C4464EEB1B85F640,MD5=28869D1C0F3C57B3A12B1ACC758BFD3D,SHA256=F282900DF73E74D727580A88ECD6A4A2D2942FBB980D66009C6C85DDD8B31D9D,IMPHASH=BA28212C31A1C7FA632746E6F19EF3B4",
        "Image":  "C:\\Program Files\\Wireshark\\dumpcap.exe",
        "UtcTime":  "2019-06-04 10:26:56.916",
        "ProcessGuid":  "{AC6A4E42-4770-5CF6-0000-00108CB37600}",
        "Company":  "The Wireshark developer community",
        "IntegrityLevel":  "Medium",
        "EventId":  1,
        "FileVersion":  "2.2.3",
        "User":  "SEC504STUDENT\\Sec504",
        "RuleName":  null,
        "Product":  "Dumpcap",
        "LogonId":  "0x2c0d8",
        "ProcessId":  "4460",
        "LogonGuid":  "{AC6A4E42-0419-5CF4-0000-0020D8C00200}",
        "TerminalSessionId":  "1",
        "ParentProcessGuid":  "{AC6A4E42-469E-5CF6-0000-001078766C00}",
        "ParentProcessId":  "5248",
        "ParentImage":  "C:\\Program Files\\Wireshark\\Wireshark.exe"
    },
    {
        "ParentCommandLine":  "\"C:\\Program Files\\Wireshark\\dumpcap.exe\" -S -Z 5248.dummy",
        "Description":  "Console Window Host",
        "CommandLine":  "\\??\\C:\\WINDOWS\\system32\\conhost.exe 0xffffffff -ForceV1",
        "CurrentDirectory":  "C:\\WINDOWS",
        "Hashes":  "SHA1=8F9BC1B7D65188D0ADBDF74CCCE4EED78BF4C129,MD5=EA777DEEA782E8B4D7C7C33BBF8A4496,SHA256=04B6A35BC504401989B9E674C57C9E84D0CBDBBD9D8CE0CE83D7CECA0B7175ED,IMPHASH=63E065B05DF33ACB4D95B3DD04670B8F",
        "Image":  "C:\\Windows\\System32\\conhost.exe",
        "UtcTime":  "2019-06-04 10:26:56.922",
        "ProcessGuid":  "{AC6A4E42-4770-5CF6-0000-00100BB47600}",
        "Company":  "Microsoft Corporation",
        "IntegrityLevel":  "Medium",
        "EventId":  1,
        "FileVersion":  "10.0.17134.1 (WinBuild.160101.0800)",
        "User":  "SEC504STUDENT\\Sec504",
        "RuleName":  null,
        "Product":  "Microsoft? Windows? Operating System",
        "LogonId":  "0x2c0d8",
        "ProcessId":  "4520",
        "LogonGuid":  "{AC6A4E42-0419-5CF4-0000-0020D8C00200}",
        "TerminalSessionId":  "1",
        "ParentProcessGuid":  "{AC6A4E42-4770-5CF6-0000-00108CB37600}",
        "ParentProcessId":  "4460",
        "ParentImage":  "C:\\Program Files\\Wireshark\\dumpcap.exe"
    },
    {
        "ParentCommandLine":  "\"C:\\Program Files\\Wireshark\\Wireshark.exe\" ",
        "Description":  "Dumpcap",
        "CommandLine":  "\"C:\\Program Files\\Wireshark\\dumpcap.exe\" -S -Z 5248.dummy",
        "CurrentDirectory":  "C:\\Program Files\\Wireshark\\",
        "Hashes":  "SHA1=9AE11406407699C016132633C4464EEB1B85F640,MD5=28869D1C0F3C57B3A12B1ACC758BFD3D,SHA256=F282900DF73E74D727580A88ECD6A4A2D2942FBB980D66009C6C85DDD8B31D9D,IMPHASH=BA28212C31A1C7FA632746E6F19EF3B4",
        "Image":  "C:\\Program Files\\Wireshark\\dumpcap.exe",
        "UtcTime":  "2019-06-04 10:26:57.916",
        "ProcessGuid":  "{AC6A4E42-4771-5CF6-0000-00105ECD7600}",
        "Company":  "The Wireshark developer community",
        "IntegrityLevel":  "Medium",
        "EventId":  1,
        "FileVersion":  "2.2.3",
        "User":  "SEC504STUDENT\\Sec504",
        "RuleName":  null,
        "Product":  "Dumpcap",
        "LogonId":  "0x2c0d8",
        "ProcessId":  "2488",
        "LogonGuid":  "{AC6A4E42-0419-5CF4-0000-0020D8C00200}",
        "TerminalSessionId":  "1",
        "ParentProcessGuid":  "{AC6A4E42-469E-5CF6-0000-001078766C00}",
        "ParentProcessId":  "5248",
        "ParentImage":  "C:\\Program Files\\Wireshark\\Wireshark.exe"
    },
    {
        "ParentCommandLine":  "\"C:\\Program Files\\Wireshark\\dumpcap.exe\" -S -Z 5248.dummy",
        "Description":  "Console Window Host",
        "CommandLine":  "\\??\\C:\\WINDOWS\\system32\\conhost.exe 0xffffffff -ForceV1",
        "CurrentDirectory":  "C:\\WINDOWS",
        "Hashes":  "SHA1=8F9BC1B7D65188D0ADBDF74CCCE4EED78BF4C129,MD5=EA777DEEA782E8B4D7C7C33BBF8A4496,SHA256=04B6A35BC504401989B9E674C57C9E84D0CBDBBD9D8CE0CE83D7CECA0B7175ED,IMPHASH=63E065B05DF33ACB4D95B3DD04670B8F",
        "Image":  "C:\\Windows\\System32\\conhost.exe",
        "UtcTime":  "2019-06-04 10:26:57.922",
        "ProcessGuid":  "{AC6A4E42-4771-5CF6-0000-0010D4CD7600}",
        "Company":  "Microsoft Corporation",
        "IntegrityLevel":  "Medium",
        "EventId":  1,
        "FileVersion":  "10.0.17134.1 (WinBuild.160101.0800)",
        "User":  "SEC504STUDENT\\Sec504",
        "RuleName":  null,
        "Product":  "Microsoft? Windows? Operating System",
        "LogonId":  "0x2c0d8",
        "ProcessId":  "4988",
        "LogonGuid":  "{AC6A4E42-0419-5CF4-0000-0020D8C00200}",
        "TerminalSessionId":  "1",
        "ParentProcessGuid":  "{AC6A4E42-4771-5CF6-0000-00105ECD7600}",
        "ParentProcessId":  "2488",
        "ParentImage":  "C:\\Program Files\\Wireshark\\dumpcap.exe"
    },
    {
        "ParentCommandLine":  "\"C:\\Program Files\\Wireshark\\Wireshark.exe\" ",
        "Description":  "Dumpcap",
        "CommandLine":  "\"C:\\Program Files\\Wireshark\\dumpcap.exe\" -S -Z 5248.dummy",
        "CurrentDirectory":  "C:\\Program Files\\Wireshark\\",
        "Hashes":  "SHA1=9AE11406407699C016132633C4464EEB1B85F640,MD5=28869D1C0F3C57B3A12B1ACC758BFD3D,SHA256=F282900DF73E74D727580A88ECD6A4A2D2942FBB980D66009C6C85DDD8B31D9D,IMPHASH=BA28212C31A1C7FA632746E6F19EF3B4",
        "Image":  "C:\\Program Files\\Wireshark\\dumpcap.exe",
        "UtcTime":  "2019-06-04 10:26:58.916",
        "ProcessGuid":  "{AC6A4E42-4772-5CF6-0000-0010C9E57600}",
        "Company":  "The Wireshark developer community",
        "IntegrityLevel":  "Medium",
        "EventId":  1,
        "FileVersion":  "2.2.3",
        "User":  "SEC504STUDENT\\Sec504",
        "RuleName":  null,
        "Product":  "Dumpcap",
        "LogonId":  "0x2c0d8",
        "ProcessId":  "3236",
        "LogonGuid":  "{AC6A4E42-0419-5CF4-0000-0020D8C00200}",
        "TerminalSessionId":  "1",
        "ParentProcessGuid":  "{AC6A4E42-469E-5CF6-0000-001078766C00}",
        "ParentProcessId":  "5248",
        "ParentImage":  "C:\\Program Files\\Wireshark\\Wireshark.exe"
    },
    {
        "ParentCommandLine":  "\"C:\\Program Files\\Wireshark\\dumpcap.exe\" -S -Z 5248.dummy",
        "Description":  "Console Window Host",
        "CommandLine":  "\\??\\C:\\WINDOWS\\system32\\conhost.exe 0xffffffff -ForceV1",
        "CurrentDirectory":  "C:\\WINDOWS",
        "Hashes":  "SHA1=8F9BC1B7D65188D0ADBDF74CCCE4EED78BF4C129,MD5=EA777DEEA782E8B4D7C7C33BBF8A4496,SHA256=04B6A35BC504401989B9E674C57C9E84D0CBDBBD9D8CE0CE83D7CECA0B7175ED,IMPHASH=63E065B05DF33ACB4D95B3DD04670B8F",
        "Image":  "C:\\Windows\\System32\\conhost.exe",
        "UtcTime":  "2019-06-04 10:26:58.920",
        "ProcessGuid":  "{AC6A4E42-4772-5CF6-0000-001048E67600}",
        "Company":  "Microsoft Corporation",
        "IntegrityLevel":  "Medium",
        "EventId":  1,
        "FileVersion":  "10.0.17134.1 (WinBuild.160101.0800)",
        "User":  "SEC504STUDENT\\Sec504",
        "RuleName":  null,
        "Product":  "Microsoft? Windows? Operating System",
        "LogonId":  "0x2c0d8",
        "ProcessId":  "5908",
        "LogonGuid":  "{AC6A4E42-0419-5CF4-0000-0020D8C00200}",
        "TerminalSessionId":  "1",
        "ParentProcessGuid":  "{AC6A4E42-4772-5CF6-0000-0010C9E57600}",
        "ParentProcessId":  "3236",
        "ParentImage":  "C:\\Program Files\\Wireshark\\dumpcap.exe"
    },
    {
        "ParentCommandLine":  "\"C:\\Program Files\\Wireshark\\Wireshark.exe\" ",
        "Description":  "Dumpcap",
        "CommandLine":  "\"C:\\Program Files\\Wireshark\\dumpcap.exe\" -S -Z 5248.dummy",
        "CurrentDirectory":  "C:\\Program Files\\Wireshark\\",
        "Hashes":  "SHA1=9AE11406407699C016132633C4464EEB1B85F640,MD5=28869D1C0F3C57B3A12B1ACC758BFD3D,SHA256=F282900DF73E74D727580A88ECD6A4A2D2942FBB980D66009C6C85DDD8B31D9D,IMPHASH=BA28212C31A1C7FA632746E6F19EF3B4",
        "Image":  "C:\\Program Files\\Wireshark\\dumpcap.exe",
        "UtcTime":  "2019-06-04 10:26:59.916",
        "ProcessGuid":  "{AC6A4E42-4773-5CF6-0000-00102FFC7600}",
        "Company":  "The Wireshark developer community",
        "IntegrityLevel":  "Medium",
        "EventId":  1,
        "FileVersion":  "2.2.3",
        "User":  "SEC504STUDENT\\Sec504",
        "RuleName":  null,
        "Product":  "Dumpcap",
        "LogonId":  "0x2c0d8",
        "ProcessId":  "1108",
        "LogonGuid":  "{AC6A4E42-0419-5CF4-0000-0020D8C00200}",
        "TerminalSessionId":  "1",
        "ParentProcessGuid":  "{AC6A4E42-469E-5CF6-0000-001078766C00}",
        "ParentProcessId":  "5248",
        "ParentImage":  "C:\\Program Files\\Wireshark\\Wireshark.exe"
    },
    {
        "ParentCommandLine":  "\"C:\\Program Files\\Wireshark\\dumpcap.exe\" -S -Z 5248.dummy",
        "Description":  "Console Window Host",
        "CommandLine":  "\\??\\C:\\WINDOWS\\system32\\conhost.exe 0xffffffff -ForceV1",
        "CurrentDirectory":  "C:\\WINDOWS",
        "Hashes":  "SHA1=8F9BC1B7D65188D0ADBDF74CCCE4EED78BF4C129,MD5=EA777DEEA782E8B4D7C7C33BBF8A4496,SHA256=04B6A35BC504401989B9E674C57C9E84D0CBDBBD9D8CE0CE83D7CECA0B7175ED,IMPHASH=63E065B05DF33ACB4D95B3DD04670B8F",
        "Image":  "C:\\Windows\\System32\\conhost.exe",
        "UtcTime":  "2019-06-04 10:26:59.921",
        "ProcessGuid":  "{AC6A4E42-4773-5CF6-0000-0010AFFC7600}",
        "Company":  "Microsoft Corporation",
        "IntegrityLevel":  "Medium",
        "EventId":  1,
        "FileVersion":  "10.0.17134.1 (WinBuild.160101.0800)",
        "User":  "SEC504STUDENT\\Sec504",
        "RuleName":  null,
        "Product":  "Microsoft? Windows? Operating System",
        "LogonId":  "0x2c0d8",
        "ProcessId":  "5608",
        "LogonGuid":  "{AC6A4E42-0419-5CF4-0000-0020D8C00200}",
        "TerminalSessionId":  "1",
        "ParentProcessGuid":  "{AC6A4E42-4773-5CF6-0000-00102FFC7600}",
        "ParentProcessId":  "1108",
        "ParentImage":  "C:\\Program Files\\Wireshark\\dumpcap.exe"
    },
    {
        "ParentCommandLine":  "\"C:\\Program Files\\Wireshark\\Wireshark.exe\" ",
        "Description":  "Dumpcap",
        "CommandLine":  "\"C:\\Program Files\\Wireshark\\dumpcap.exe\" -S -Z 5248.dummy",
        "CurrentDirectory":  "C:\\Program Files\\Wireshark\\",
        "Hashes":  "SHA1=9AE11406407699C016132633C4464EEB1B85F640,MD5=28869D1C0F3C57B3A12B1ACC758BFD3D,SHA256=F282900DF73E74D727580A88ECD6A4A2D2942FBB980D66009C6C85DDD8B31D9D,IMPHASH=BA28212C31A1C7FA632746E6F19EF3B4",
        "Image":  "C:\\Program Files\\Wireshark\\dumpcap.exe",
        "UtcTime":  "2019-06-04 10:27:00.916",
        "ProcessGuid":  "{AC6A4E42-4774-5CF6-0000-0010B7167700}",
        "Company":  "The Wireshark developer community",
        "IntegrityLevel":  "Medium",
        "EventId":  1,
        "FileVersion":  "2.2.3",
        "User":  "SEC504STUDENT\\Sec504",
        "RuleName":  null,
        "Product":  "Dumpcap",
        "LogonId":  "0x2c0d8",
        "ProcessId":  "4928",
        "LogonGuid":  "{AC6A4E42-0419-5CF4-0000-0020D8C00200}",
        "TerminalSessionId":  "1",
        "ParentProcessGuid":  "{AC6A4E42-469E-5CF6-0000-001078766C00}",
        "ParentProcessId":  "5248",
        "ParentImage":  "C:\\Program Files\\Wireshark\\Wireshark.exe"
    },
    {
        "ParentCommandLine":  "\"C:\\Program Files\\Wireshark\\dumpcap.exe\" -S -Z 5248.dummy",
        "Description":  "Console Window Host",
        "CommandLine":  "\\??\\C:\\WINDOWS\\system32\\conhost.exe 0xffffffff -ForceV1",
        "CurrentDirectory":  "C:\\WINDOWS",
        "Hashes":  "SHA1=8F9BC1B7D65188D0ADBDF74CCCE4EED78BF4C129,MD5=EA777DEEA782E8B4D7C7C33BBF8A4496,SHA256=04B6A35BC504401989B9E674C57C9E84D0CBDBBD9D8CE0CE83D7CECA0B7175ED,IMPHASH=63E065B05DF33ACB4D95B3DD04670B8F",
        "Image":  "C:\\Windows\\System32\\conhost.exe",
        "UtcTime":  "2019-06-04 10:27:00.922",
        "ProcessGuid":  "{AC6A4E42-4774-5CF6-0000-001041177700}",
        "Company":  "Microsoft Corporation",
        "IntegrityLevel":  "Medium",
        "EventId":  1,
        "FileVersion":  "10.0.17134.1 (WinBuild.160101.0800)",
        "User":  "SEC504STUDENT\\Sec504",
        "RuleName":  null,
        "Product":  "Microsoft? Windows? Operating System",
        "LogonId":  "0x2c0d8",
        "ProcessId":  "3920",
        "LogonGuid":  "{AC6A4E42-0419-5CF4-0000-0020D8C00200}",
        "TerminalSessionId":  "1",
        "ParentProcessGuid":  "{AC6A4E42-4774-5CF6-0000-0010B7167700}",
        "ParentProcessId":  "4928",
        "ParentImage":  "C:\\Program Files\\Wireshark\\dumpcap.exe"
    },
    {
        "ParentCommandLine":  "\"C:\\Program Files\\Wireshark\\Wireshark.exe\" ",
        "Description":  "Dumpcap",
        "CommandLine":  "\"C:\\Program Files\\Wireshark\\dumpcap.exe\" -S -Z 5248.dummy",
        "CurrentDirectory":  "C:\\Program Files\\Wireshark\\",
        "Hashes":  "SHA1=9AE11406407699C016132633C4464EEB1B85F640,MD5=28869D1C0F3C57B3A12B1ACC758BFD3D,SHA256=F282900DF73E74D727580A88ECD6A4A2D2942FBB980D66009C6C85DDD8B31D9D,IMPHASH=BA28212C31A1C7FA632746E6F19EF3B4",
        "Image":  "C:\\Program Files\\Wireshark\\dumpcap.exe",
        "UtcTime":  "2019-06-04 10:27:01.916",
        "ProcessGuid":  "{AC6A4E42-4775-5CF6-0000-00105B317700}",
        "Company":  "The Wireshark developer community",
        "IntegrityLevel":  "Medium",
        "EventId":  1,
        "FileVersion":  "2.2.3",
        "User":  "SEC504STUDENT\\Sec504",
        "RuleName":  null,
        "Product":  "Dumpcap",
        "LogonId":  "0x2c0d8",
        "ProcessId":  "4404",
        "LogonGuid":  "{AC6A4E42-0419-5CF4-0000-0020D8C00200}",
        "TerminalSessionId":  "1",
        "ParentProcessGuid":  "{AC6A4E42-469E-5CF6-0000-001078766C00}",
        "ParentProcessId":  "5248",
        "ParentImage":  "C:\\Program Files\\Wireshark\\Wireshark.exe"
    },
    {
        "ParentCommandLine":  "\"C:\\Program Files\\Wireshark\\dumpcap.exe\" -S -Z 5248.dummy",
        "Description":  "Console Window Host",
        "CommandLine":  "\\??\\C:\\WINDOWS\\system32\\conhost.exe 0xffffffff -ForceV1",
        "CurrentDirectory":  "C:\\WINDOWS",
        "Hashes":  "SHA1=8F9BC1B7D65188D0ADBDF74CCCE4EED78BF4C129,MD5=EA777DEEA782E8B4D7C7C33BBF8A4496,SHA256=04B6A35BC504401989B9E674C57C9E84D0CBDBBD9D8CE0CE83D7CECA0B7175ED,IMPHASH=63E065B05DF33ACB4D95B3DD04670B8F",
        "Image":  "C:\\Windows\\System32\\conhost.exe",
        "UtcTime":  "2019-06-04 10:27:01.920",
        "ProcessGuid":  "{AC6A4E42-4775-5CF6-0000-0010DB317700}",
        "Company":  "Microsoft Corporation",
        "IntegrityLevel":  "Medium",
        "EventId":  1,
        "FileVersion":  "10.0.17134.1 (WinBuild.160101.0800)",
        "User":  "SEC504STUDENT\\Sec504",
        "RuleName":  null,
        "Product":  "Microsoft? Windows? Operating System",
        "LogonId":  "0x2c0d8",
        "ProcessId":  "1720",
        "LogonGuid":  "{AC6A4E42-0419-5CF4-0000-0020D8C00200}",
        "TerminalSessionId":  "1",
        "ParentProcessGuid":  "{AC6A4E42-4775-5CF6-0000-00105B317700}",
        "ParentProcessId":  "4404",
        "ParentImage":  "C:\\Program Files\\Wireshark\\dumpcap.exe"
    },
    {
        "ParentCommandLine":  "\"C:\\Program Files\\Wireshark\\Wireshark.exe\" ",
        "Description":  "Dumpcap",
        "CommandLine":  "\"C:\\Program Files\\Wireshark\\dumpcap.exe\" -S -Z 5248.dummy",
        "CurrentDirectory":  "C:\\Program Files\\Wireshark\\",
        "Hashes":  "SHA1=9AE11406407699C016132633C4464EEB1B85F640,MD5=28869D1C0F3C57B3A12B1ACC758BFD3D,SHA256=F282900DF73E74D727580A88ECD6A4A2D2942FBB980D66009C6C85DDD8B31D9D,IMPHASH=BA28212C31A1C7FA632746E6F19EF3B4",
        "Image":  "C:\\Program Files\\Wireshark\\dumpcap.exe",
        "UtcTime":  "2019-06-04 10:27:02.916",
        "ProcessGuid":  "{AC6A4E42-4776-5CF6-0000-00107E497700}",
        "Company":  "The Wireshark developer community",
        "IntegrityLevel":  "Medium",
        "EventId":  1,
        "FileVersion":  "2.2.3",
        "User":  "SEC504STUDENT\\Sec504",
        "RuleName":  null,
        "Product":  "Dumpcap",
        "LogonId":  "0x2c0d8",
        "ProcessId":  "2568",
        "LogonGuid":  "{AC6A4E42-0419-5CF4-0000-0020D8C00200}",
        "TerminalSessionId":  "1",
        "ParentProcessGuid":  "{AC6A4E42-469E-5CF6-0000-001078766C00}",
        "ParentProcessId":  "5248",
        "ParentImage":  "C:\\Program Files\\Wireshark\\Wireshark.exe"
    },
    {
        "ParentCommandLine":  "\"C:\\Program Files\\Wireshark\\dumpcap.exe\" -S -Z 5248.dummy",
        "Description":  "Console Window Host",
        "CommandLine":  "\\??\\C:\\WINDOWS\\system32\\conhost.exe 0xffffffff -ForceV1",
        "CurrentDirectory":  "C:\\WINDOWS",
        "Hashes":  "SHA1=8F9BC1B7D65188D0ADBDF74CCCE4EED78BF4C129,MD5=EA777DEEA782E8B4D7C7C33BBF8A4496,SHA256=04B6A35BC504401989B9E674C57C9E84D0CBDBBD9D8CE0CE83D7CECA0B7175ED,IMPHASH=63E065B05DF33ACB4D95B3DD04670B8F",
        "Image":  "C:\\Windows\\System32\\conhost.exe",
        "UtcTime":  "2019-06-04 10:27:02.920",
        "ProcessGuid":  "{AC6A4E42-4776-5CF6-0000-0010FD497700}",
        "Company":  "Microsoft Corporation",
        "IntegrityLevel":  "Medium",
        "EventId":  1,
        "FileVersion":  "10.0.17134.1 (WinBuild.160101.0800)",
        "User":  "SEC504STUDENT\\Sec504",
        "RuleName":  null,
        "Product":  "Microsoft? Windows? Operating System",
        "LogonId":  "0x2c0d8",
        "ProcessId":  "5664",
        "LogonGuid":  "{AC6A4E42-0419-5CF4-0000-0020D8C00200}",
        "TerminalSessionId":  "1",
        "ParentProcessGuid":  "{AC6A4E42-4776-5CF6-0000-00107E497700}",
        "ParentProcessId":  "2568",
        "ParentImage":  "C:\\Program Files\\Wireshark\\dumpcap.exe"
    },
    {
        "ParentCommandLine":  "\"C:\\Program Files\\Wireshark\\Wireshark.exe\" ",
        "Description":  "Dumpcap",
        "CommandLine":  "\"C:\\Program Files\\Wireshark\\dumpcap.exe\" -S -Z 5248.dummy",
        "CurrentDirectory":  "C:\\Program Files\\Wireshark\\",
        "Hashes":  "SHA1=9AE11406407699C016132633C4464EEB1B85F640,MD5=28869D1C0F3C57B3A12B1ACC758BFD3D,SHA256=F282900DF73E74D727580A88ECD6A4A2D2942FBB980D66009C6C85DDD8B31D9D,IMPHASH=BA28212C31A1C7FA632746E6F19EF3B4",
        "Image":  "C:\\Program Files\\Wireshark\\dumpcap.exe",
        "UtcTime":  "2019-06-04 10:27:03.932",
        "ProcessGuid":  "{AC6A4E42-4777-5CF6-0000-0010C4637700}",
        "Company":  "The Wireshark developer community",
        "IntegrityLevel":  "Medium",
        "EventId":  1,
        "FileVersion":  "2.2.3",
        "User":  "SEC504STUDENT\\Sec504",
        "RuleName":  null,
        "Product":  "Dumpcap",
        "LogonId":  "0x2c0d8",
        "ProcessId":  "3492",
        "LogonGuid":  "{AC6A4E42-0419-5CF4-0000-0020D8C00200}",
        "TerminalSessionId":  "1",
        "ParentProcessGuid":  "{AC6A4E42-469E-5CF6-0000-001078766C00}",
        "ParentProcessId":  "5248",
        "ParentImage":  "C:\\Program Files\\Wireshark\\Wireshark.exe"
    },
    {
        "ParentCommandLine":  "\"C:\\Program Files\\Wireshark\\dumpcap.exe\" -S -Z 5248.dummy",
        "Description":  "Console Window Host",
        "CommandLine":  "\\??\\C:\\WINDOWS\\system32\\conhost.exe 0xffffffff -ForceV1",
        "CurrentDirectory":  "C:\\WINDOWS",
        "Hashes":  "SHA1=8F9BC1B7D65188D0ADBDF74CCCE4EED78BF4C129,MD5=EA777DEEA782E8B4D7C7C33BBF8A4496,SHA256=04B6A35BC504401989B9E674C57C9E84D0CBDBBD9D8CE0CE83D7CECA0B7175ED,IMPHASH=63E065B05DF33ACB4D95B3DD04670B8F",
        "Image":  "C:\\Windows\\System32\\conhost.exe",
        "UtcTime":  "2019-06-04 10:27:03.936",
        "ProcessGuid":  "{AC6A4E42-4777-5CF6-0000-001043647700}",
        "Company":  "Microsoft Corporation",
        "IntegrityLevel":  "Medium",
        "EventId":  1,
        "FileVersion":  "10.0.17134.1 (WinBuild.160101.0800)",
        "User":  "SEC504STUDENT\\Sec504",
        "RuleName":  null,
        "Product":  "Microsoft? Windows? Operating System",
        "LogonId":  "0x2c0d8",
        "ProcessId":  "3872",
        "LogonGuid":  "{AC6A4E42-0419-5CF4-0000-0020D8C00200}",
        "TerminalSessionId":  "1",
        "ParentProcessGuid":  "{AC6A4E42-4777-5CF6-0000-0010C4637700}",
        "ParentProcessId":  "3492",
        "ParentImage":  "C:\\Program Files\\Wireshark\\dumpcap.exe"
    },
    {
        "ParentCommandLine":  "\"C:\\Program Files\\Wireshark\\Wireshark.exe\" ",
        "Description":  "Dumpcap",
        "CommandLine":  "\"C:\\Program Files\\Wireshark\\dumpcap.exe\" -S -Z 5248.dummy",
        "CurrentDirectory":  "C:\\Program Files\\Wireshark\\",
        "Hashes":  "SHA1=9AE11406407699C016132633C4464EEB1B85F640,MD5=28869D1C0F3C57B3A12B1ACC758BFD3D,SHA256=F282900DF73E74D727580A88ECD6A4A2D2942FBB980D66009C6C85DDD8B31D9D,IMPHASH=BA28212C31A1C7FA632746E6F19EF3B4",
        "Image":  "C:\\Program Files\\Wireshark\\dumpcap.exe",
        "UtcTime":  "2019-06-04 10:27:04.932",
        "ProcessGuid":  "{AC6A4E42-4778-5CF6-0000-00108F797700}",
        "Company":  "The Wireshark developer community",
        "IntegrityLevel":  "Medium",
        "EventId":  1,
        "FileVersion":  "2.2.3",
        "User":  "SEC504STUDENT\\Sec504",
        "RuleName":  null,
        "Product":  "Dumpcap",
        "LogonId":  "0x2c0d8",
        "ProcessId":  "2780",
        "LogonGuid":  "{AC6A4E42-0419-5CF4-0000-0020D8C00200}",
        "TerminalSessionId":  "1",
        "ParentProcessGuid":  "{AC6A4E42-469E-5CF6-0000-001078766C00}",
        "ParentProcessId":  "5248",
        "ParentImage":  "C:\\Program Files\\Wireshark\\Wireshark.exe"
    },
    {
        "ParentCommandLine":  "\"C:\\Program Files\\Wireshark\\dumpcap.exe\" -S -Z 5248.dummy",
        "Description":  "Console Window Host",
        "CommandLine":  "\\??\\C:\\WINDOWS\\system32\\conhost.exe 0xffffffff -ForceV1",
        "CurrentDirectory":  "C:\\WINDOWS",
        "Hashes":  "SHA1=8F9BC1B7D65188D0ADBDF74CCCE4EED78BF4C129,MD5=EA777DEEA782E8B4D7C7C33BBF8A4496,SHA256=04B6A35BC504401989B9E674C57C9E84D0CBDBBD9D8CE0CE83D7CECA0B7175ED,IMPHASH=63E065B05DF33ACB4D95B3DD04670B8F",
        "Image":  "C:\\Windows\\System32\\conhost.exe",
        "UtcTime":  "2019-06-04 10:27:04.936",
        "ProcessGuid":  "{AC6A4E42-4778-5CF6-0000-00100F7A7700}",
        "Company":  "Microsoft Corporation",
        "IntegrityLevel":  "Medium",
        "EventId":  1,
        "FileVersion":  "10.0.17134.1 (WinBuild.160101.0800)",
        "User":  "SEC504STUDENT\\Sec504",
        "RuleName":  null,
        "Product":  "Microsoft? Windows? Operating System",
        "LogonId":  "0x2c0d8",
        "ProcessId":  "4608",
        "LogonGuid":  "{AC6A4E42-0419-5CF4-0000-0020D8C00200}",
        "TerminalSessionId":  "1",
        "ParentProcessGuid":  "{AC6A4E42-4778-5CF6-0000-00108F797700}",
        "ParentProcessId":  "2780",
        "ParentImage":  "C:\\Program Files\\Wireshark\\dumpcap.exe"
    },
    {
        "ParentCommandLine":  "C:\\WINDOWS\\system32\\services.exe",
        "Description":  "WMI Performance Reverse Adapter",
        "CommandLine":  "C:\\WINDOWS\\system32\\wbem\\WmiApSrv.exe",
        "CurrentDirectory":  "C:\\WINDOWS\\system32\\",
        "Hashes":  "SHA1=FC39B19C04EDEA8143B09A9B0B235B57B5223AA1,MD5=ABAC310F5E01CBA9B33AE694F99D0977,SHA256=700CDC85479CDBF765FB1A6A389DC991FC4D2A77851A81FF80BEED921250DBF6,IMPHASH=ABC6B16FB24FF75624E2F3BCD6D1E693",
        "Image":  "C:\\Windows\\System32\\wbem\\WmiApSrv.exe",
        "UtcTime":  "2019-06-04 10:27:05.668",
        "ProcessGuid":  "{AC6A4E42-4779-5CF6-0000-0010899D7700}",
        "Company":  "Microsoft Corporation",
        "IntegrityLevel":  "System",
        "EventId":  1,
        "FileVersion":  "10.0.17134.1 (WinBuild.160101.0800)",
        "User":  "NT AUTHORITY\\SYSTEM",
        "RuleName":  null,
        "Product":  "Microsoft? Windows? Operating System",
        "LogonId":  "0x3e7",
        "ProcessId":  "3324",
        "LogonGuid":  "{AC6A4E42-0410-5CF4-0000-0020E7030000}",
        "TerminalSessionId":  "0",
        "ParentProcessGuid":  "{AC6A4E42-0410-5CF4-0000-001002910000}",
        "ParentProcessId":  "572",
        "ParentImage":  "C:\\Windows\\System32\\services.exe"
    },
    {
        "ParentCommandLine":  "\"C:\\Program Files\\Wireshark\\Wireshark.exe\" ",
        "Description":  "Dumpcap",
        "CommandLine":  "\"C:\\Program Files\\Wireshark\\dumpcap.exe\" -S -Z 5248.dummy",
        "CurrentDirectory":  "C:\\Program Files\\Wireshark\\",
        "Hashes":  "SHA1=9AE11406407699C016132633C4464EEB1B85F640,MD5=28869D1C0F3C57B3A12B1ACC758BFD3D,SHA256=F282900DF73E74D727580A88ECD6A4A2D2942FBB980D66009C6C85DDD8B31D9D,IMPHASH=BA28212C31A1C7FA632746E6F19EF3B4",
        "Image":  "C:\\Program Files\\Wireshark\\dumpcap.exe",
        "UtcTime":  "2019-06-04 10:27:05.932",
        "ProcessGuid":  "{AC6A4E42-4779-5CF6-0000-00102BC07700}",
        "Company":  "The Wireshark developer community",
        "IntegrityLevel":  "Medium",
        "EventId":  1,
        "FileVersion":  "2.2.3",
        "User":  "SEC504STUDENT\\Sec504",
        "RuleName":  null,
        "Product":  "Dumpcap",
        "LogonId":  "0x2c0d8",
        "ProcessId":  "6020",
        "LogonGuid":  "{AC6A4E42-0419-5CF4-0000-0020D8C00200}",
        "TerminalSessionId":  "1",
        "ParentProcessGuid":  "{AC6A4E42-469E-5CF6-0000-001078766C00}",
        "ParentProcessId":  "5248",
        "ParentImage":  "C:\\Program Files\\Wireshark\\Wireshark.exe"
    },
    {
        "ParentCommandLine":  "C:\\WINDOWS\\system32\\services.exe",
        "Description":  "WMI Performance Reverse Adapter",
        "CommandLine":  "C:\\WINDOWS\\system32\\wbem\\WmiApSrv.exe",
        "CurrentDirectory":  "C:\\WINDOWS\\system32\\",
        "Hashes":  "SHA1=FC39B19C04EDEA8143B09A9B0B235B57B5223AA1,MD5=ABAC310F5E01CBA9B33AE694F99D0977,SHA256=700CDC85479CDBF765FB1A6A389DC991FC4D2A77851A81FF80BEED921250DBF6,IMPHASH=ABC6B16FB24FF75624E2F3BCD6D1E693",
        "Image":  "C:\\Windows\\System32\\wbem\\WmiApSrv.exe",
        "UtcTime":  "2019-06-04 10:27:05.937",
        "ProcessGuid":  "{AC6A4E42-4779-5CF6-0000-001049C17700}",
        "Company":  "Microsoft Corporation",
        "IntegrityLevel":  "System",
        "EventId":  1,
        "FileVersion":  "10.0.17134.1 (WinBuild.160101.0800)",
        "User":  "NT AUTHORITY\\SYSTEM",
        "RuleName":  null,
        "Product":  "Microsoft? Windows? Operating System",
        "LogonId":  "0x3e7",
        "ProcessId":  "1872",
        "LogonGuid":  "{AC6A4E42-0410-5CF4-0000-0020E7030000}",
        "TerminalSessionId":  "0",
        "ParentProcessGuid":  "{AC6A4E42-0410-5CF4-0000-001002910000}",
        "ParentProcessId":  "572",
        "ParentImage":  "C:\\Windows\\System32\\services.exe"
    },
    {
        "ParentCommandLine":  "\"C:\\Program Files\\Wireshark\\dumpcap.exe\" -S -Z 5248.dummy",
        "Description":  "Console Window Host",
        "CommandLine":  "\\??\\C:\\WINDOWS\\system32\\conhost.exe 0xffffffff -ForceV1",
        "CurrentDirectory":  "C:\\WINDOWS",
        "Hashes":  "SHA1=8F9BC1B7D65188D0ADBDF74CCCE4EED78BF4C129,MD5=EA777DEEA782E8B4D7C7C33BBF8A4496,SHA256=04B6A35BC504401989B9E674C57C9E84D0CBDBBD9D8CE0CE83D7CECA0B7175ED,IMPHASH=63E065B05DF33ACB4D95B3DD04670B8F",
        "Image":  "C:\\Windows\\System32\\conhost.exe",
        "UtcTime":  "2019-06-04 10:27:05.938",
        "ProcessGuid":  "{AC6A4E42-4779-5CF6-0000-00107EC17700}",
        "Company":  "Microsoft Corporation",
        "IntegrityLevel":  "Medium",
        "EventId":  1,
        "FileVersion":  "10.0.17134.1 (WinBuild.160101.0800)",
        "User":  "SEC504STUDENT\\Sec504",
        "RuleName":  null,
        "Product":  "Microsoft? Windows? Operating System",
        "LogonId":  "0x2c0d8",
        "ProcessId":  "4656",
        "LogonGuid":  "{AC6A4E42-0419-5CF4-0000-0020D8C00200}",
        "TerminalSessionId":  "1",
        "ParentProcessGuid":  "{AC6A4E42-4779-5CF6-0000-00102BC07700}",
        "ParentProcessId":  "6020",
        "ParentImage":  "C:\\Program Files\\Wireshark\\dumpcap.exe"
    },
    {
        "ParentCommandLine":  "\"C:\\Program Files\\Wireshark\\Wireshark.exe\" ",
        "Description":  "Dumpcap",
        "CommandLine":  "\"C:\\Program Files\\Wireshark\\dumpcap.exe\" -S -Z 5248.dummy",
        "CurrentDirectory":  "C:\\Program Files\\Wireshark\\",
        "Hashes":  "SHA1=9AE11406407699C016132633C4464EEB1B85F640,MD5=28869D1C0F3C57B3A12B1ACC758BFD3D,SHA256=F282900DF73E74D727580A88ECD6A4A2D2942FBB980D66009C6C85DDD8B31D9D,IMPHASH=BA28212C31A1C7FA632746E6F19EF3B4",
        "Image":  "C:\\Program Files\\Wireshark\\dumpcap.exe",
        "UtcTime":  "2019-06-04 10:27:06.947",
        "ProcessGuid":  "{AC6A4E42-477A-5CF6-0000-001086DE7700}",
        "Company":  "The Wireshark developer community",
        "IntegrityLevel":  "Medium",
        "EventId":  1,
        "FileVersion":  "2.2.3",
        "User":  "SEC504STUDENT\\Sec504",
        "RuleName":  null,
        "Product":  "Dumpcap",
        "LogonId":  "0x2c0d8",
        "ProcessId":  "4268",
        "LogonGuid":  "{AC6A4E42-0419-5CF4-0000-0020D8C00200}",
        "TerminalSessionId":  "1",
        "ParentProcessGuid":  "{AC6A4E42-469E-5CF6-0000-001078766C00}",
        "ParentProcessId":  "5248",
        "ParentImage":  "C:\\Program Files\\Wireshark\\Wireshark.exe"
    },
    {
        "ParentCommandLine":  "\"C:\\Program Files\\Wireshark\\dumpcap.exe\" -S -Z 5248.dummy",
        "Description":  "Console Window Host",
        "CommandLine":  "\\??\\C:\\WINDOWS\\system32\\conhost.exe 0xffffffff -ForceV1",
        "CurrentDirectory":  "C:\\WINDOWS",
        "Hashes":  "SHA1=8F9BC1B7D65188D0ADBDF74CCCE4EED78BF4C129,MD5=EA777DEEA782E8B4D7C7C33BBF8A4496,SHA256=04B6A35BC504401989B9E674C57C9E84D0CBDBBD9D8CE0CE83D7CECA0B7175ED,IMPHASH=63E065B05DF33ACB4D95B3DD04670B8F",
        "Image":  "C:\\Windows\\System32\\conhost.exe",
        "UtcTime":  "2019-06-04 10:27:06.952",
        "ProcessGuid":  "{AC6A4E42-477A-5CF6-0000-001005DF7700}",
        "Company":  "Microsoft Corporation",
        "IntegrityLevel":  "Medium",
        "EventId":  1,
        "FileVersion":  "10.0.17134.1 (WinBuild.160101.0800)",
        "User":  "SEC504STUDENT\\Sec504",
        "RuleName":  null,
        "Product":  "Microsoft? Windows? Operating System",
        "LogonId":  "0x2c0d8",
        "ProcessId":  "2492",
        "LogonGuid":  "{AC6A4E42-0419-5CF4-0000-0020D8C00200}",
        "TerminalSessionId":  "1",
        "ParentProcessGuid":  "{AC6A4E42-477A-5CF6-0000-001086DE7700}",
        "ParentProcessId":  "4268",
        "ParentImage":  "C:\\Program Files\\Wireshark\\dumpcap.exe"
    },
    {
        "ParentCommandLine":  "\"C:\\Program Files\\Wireshark\\Wireshark.exe\" ",
        "Description":  "Dumpcap",
        "CommandLine":  "\"C:\\Program Files\\Wireshark\\dumpcap.exe\" -S -Z 5248.dummy",
        "CurrentDirectory":  "C:\\Program Files\\Wireshark\\",
        "Hashes":  "SHA1=9AE11406407699C016132633C4464EEB1B85F640,MD5=28869D1C0F3C57B3A12B1ACC758BFD3D,SHA256=F282900DF73E74D727580A88ECD6A4A2D2942FBB980D66009C6C85DDD8B31D9D,IMPHASH=BA28212C31A1C7FA632746E6F19EF3B4",
        "Image":  "C:\\Program Files\\Wireshark\\dumpcap.exe",
        "UtcTime":  "2019-06-04 10:27:07.963",
        "ProcessGuid":  "{AC6A4E42-477B-5CF6-0000-001090FB7700}",
        "Company":  "The Wireshark developer community",
        "IntegrityLevel":  "Medium",
        "EventId":  1,
        "FileVersion":  "2.2.3",
        "User":  "SEC504STUDENT\\Sec504",
        "RuleName":  null,
        "Product":  "Dumpcap",
        "LogonId":  "0x2c0d8",
        "ProcessId":  "2532",
        "LogonGuid":  "{AC6A4E42-0419-5CF4-0000-0020D8C00200}",
        "TerminalSessionId":  "1",
        "ParentProcessGuid":  "{AC6A4E42-469E-5CF6-0000-001078766C00}",
        "ParentProcessId":  "5248",
        "ParentImage":  "C:\\Program Files\\Wireshark\\Wireshark.exe"
    },
    {
        "ParentCommandLine":  "\"C:\\Program Files\\Wireshark\\dumpcap.exe\" -S -Z 5248.dummy",
        "Description":  "Console Window Host",
        "CommandLine":  "\\??\\C:\\WINDOWS\\system32\\conhost.exe 0xffffffff -ForceV1",
        "CurrentDirectory":  "C:\\WINDOWS",
        "Hashes":  "SHA1=8F9BC1B7D65188D0ADBDF74CCCE4EED78BF4C129,MD5=EA777DEEA782E8B4D7C7C33BBF8A4496,SHA256=04B6A35BC504401989B9E674C57C9E84D0CBDBBD9D8CE0CE83D7CECA0B7175ED,IMPHASH=63E065B05DF33ACB4D95B3DD04670B8F",
        "Image":  "C:\\Windows\\System32\\conhost.exe",
        "UtcTime":  "2019-06-04 10:27:07.968",
        "ProcessGuid":  "{AC6A4E42-477B-5CF6-0000-001010FC7700}",
        "Company":  "Microsoft Corporation",
        "IntegrityLevel":  "Medium",
        "EventId":  1,
        "FileVersion":  "10.0.17134.1 (WinBuild.160101.0800)",
        "User":  "SEC504STUDENT\\Sec504",
        "RuleName":  null,
        "Product":  "Microsoft? Windows? Operating System",
        "LogonId":  "0x2c0d8",
        "ProcessId":  "2864",
        "LogonGuid":  "{AC6A4E42-0419-5CF4-0000-0020D8C00200}",
        "TerminalSessionId":  "1",
        "ParentProcessGuid":  "{AC6A4E42-477B-5CF6-0000-001090FB7700}",
        "ParentProcessId":  "2532",
        "ParentImage":  "C:\\Program Files\\Wireshark\\dumpcap.exe"
    },
    {
        "ParentCommandLine":  "\"C:\\Program Files\\Wireshark\\Wireshark.exe\" ",
        "Description":  "Dumpcap",
        "CommandLine":  "\"C:\\Program Files\\Wireshark\\dumpcap.exe\" -S -Z 5248.dummy",
        "CurrentDirectory":  "C:\\Program Files\\Wireshark\\",
        "Hashes":  "SHA1=9AE11406407699C016132633C4464EEB1B85F640,MD5=28869D1C0F3C57B3A12B1ACC758BFD3D,SHA256=F282900DF73E74D727580A88ECD6A4A2D2942FBB980D66009C6C85DDD8B31D9D,IMPHASH=BA28212C31A1C7FA632746E6F19EF3B4",
        "Image":  "C:\\Program Files\\Wireshark\\dumpcap.exe",
        "UtcTime":  "2019-06-04 10:27:08.963",
        "ProcessGuid":  "{AC6A4E42-477C-5CF6-0000-00108C097800}",
        "Company":  "The Wireshark developer community",
        "IntegrityLevel":  "Medium",
        "EventId":  1,
        "FileVersion":  "2.2.3",
        "User":  "SEC504STUDENT\\Sec504",
        "RuleName":  null,
        "Product":  "Dumpcap",
        "LogonId":  "0x2c0d8",
        "ProcessId":  "3972",
        "LogonGuid":  "{AC6A4E42-0419-5CF4-0000-0020D8C00200}",
        "TerminalSessionId":  "1",
        "ParentProcessGuid":  "{AC6A4E42-469E-5CF6-0000-001078766C00}",
        "ParentProcessId":  "5248",
        "ParentImage":  "C:\\Program Files\\Wireshark\\Wireshark.exe"
    },
    {
        "ParentCommandLine":  "\"C:\\Program Files\\Wireshark\\dumpcap.exe\" -S -Z 5248.dummy",
        "Description":  "Console Window Host",
        "CommandLine":  "\\??\\C:\\WINDOWS\\system32\\conhost.exe 0xffffffff -ForceV1",
        "CurrentDirectory":  "C:\\WINDOWS",
        "Hashes":  "SHA1=8F9BC1B7D65188D0ADBDF74CCCE4EED78BF4C129,MD5=EA777DEEA782E8B4D7C7C33BBF8A4496,SHA256=04B6A35BC504401989B9E674C57C9E84D0CBDBBD9D8CE0CE83D7CECA0B7175ED,IMPHASH=63E065B05DF33ACB4D95B3DD04670B8F",
        "Image":  "C:\\Windows\\System32\\conhost.exe",
        "UtcTime":  "2019-06-04 10:27:08.966",
        "ProcessGuid":  "{AC6A4E42-477C-5CF6-0000-00100B0A7800}",
        "Company":  "Microsoft Corporation",
        "IntegrityLevel":  "Medium",
        "EventId":  1,
        "FileVersion":  "10.0.17134.1 (WinBuild.160101.0800)",
        "User":  "SEC504STUDENT\\Sec504",
        "RuleName":  null,
        "Product":  "Microsoft? Windows? Operating System",
        "LogonId":  "0x2c0d8",
        "ProcessId":  "1960",
        "LogonGuid":  "{AC6A4E42-0419-5CF4-0000-0020D8C00200}",
        "TerminalSessionId":  "1",
        "ParentProcessGuid":  "{AC6A4E42-477C-5CF6-0000-00108C097800}",
        "ParentProcessId":  "3972",
        "ParentImage":  "C:\\Program Files\\Wireshark\\dumpcap.exe"
    },
    {
        "ParentCommandLine":  "\"C:\\Program Files\\Wireshark\\Wireshark.exe\" ",
        "Description":  "Dumpcap",
        "CommandLine":  "\"C:\\Program Files\\Wireshark\\dumpcap.exe\" -S -Z 5248.dummy",
        "CurrentDirectory":  "C:\\Program Files\\Wireshark\\",
        "Hashes":  "SHA1=9AE11406407699C016132633C4464EEB1B85F640,MD5=28869D1C0F3C57B3A12B1ACC758BFD3D,SHA256=F282900DF73E74D727580A88ECD6A4A2D2942FBB980D66009C6C85DDD8B31D9D,IMPHASH=BA28212C31A1C7FA632746E6F19EF3B4",
        "Image":  "C:\\Program Files\\Wireshark\\dumpcap.exe",
        "UtcTime":  "2019-06-04 10:27:09.963",
        "ProcessGuid":  "{AC6A4E42-477D-5CF6-0000-0010FD267800}",
        "Company":  "The Wireshark developer community",
        "IntegrityLevel":  "Medium",
        "EventId":  1,
        "FileVersion":  "2.2.3",
        "User":  "SEC504STUDENT\\Sec504",
        "RuleName":  null,
        "Product":  "Dumpcap",
        "LogonId":  "0x2c0d8",
        "ProcessId":  "2884",
        "LogonGuid":  "{AC6A4E42-0419-5CF4-0000-0020D8C00200}",
        "TerminalSessionId":  "1",
        "ParentProcessGuid":  "{AC6A4E42-469E-5CF6-0000-001078766C00}",
        "ParentProcessId":  "5248",
        "ParentImage":  "C:\\Program Files\\Wireshark\\Wireshark.exe"
    },
    {
        "ParentCommandLine":  "\"C:\\Program Files\\Wireshark\\dumpcap.exe\" -S -Z 5248.dummy",
        "Description":  "Console Window Host",
        "CommandLine":  "\\??\\C:\\WINDOWS\\system32\\conhost.exe 0xffffffff -ForceV1",
        "CurrentDirectory":  "C:\\WINDOWS",
        "Hashes":  "SHA1=8F9BC1B7D65188D0ADBDF74CCCE4EED78BF4C129,MD5=EA777DEEA782E8B4D7C7C33BBF8A4496,SHA256=04B6A35BC504401989B9E674C57C9E84D0CBDBBD9D8CE0CE83D7CECA0B7175ED,IMPHASH=63E065B05DF33ACB4D95B3DD04670B8F",
        "Image":  "C:\\Windows\\System32\\conhost.exe",
        "UtcTime":  "2019-06-04 10:27:09.966",
        "ProcessGuid":  "{AC6A4E42-477D-5CF6-0000-001089277800}",
        "Company":  "Microsoft Corporation",
        "IntegrityLevel":  "Medium",
        "EventId":  1,
        "FileVersion":  "10.0.17134.1 (WinBuild.160101.0800)",
        "User":  "SEC504STUDENT\\Sec504",
        "RuleName":  null,
        "Product":  "Microsoft? Windows? Operating System",
        "LogonId":  "0x2c0d8",
        "ProcessId":  "3636",
        "LogonGuid":  "{AC6A4E42-0419-5CF4-0000-0020D8C00200}",
        "TerminalSessionId":  "1",
        "ParentProcessGuid":  "{AC6A4E42-477D-5CF6-0000-0010FD267800}",
        "ParentProcessId":  "2884",
        "ParentImage":  "C:\\Program Files\\Wireshark\\dumpcap.exe"
    },
    {
        "ParentCommandLine":  "\"C:\\Program Files\\Wireshark\\Wireshark.exe\" ",
        "Description":  "Dumpcap",
        "CommandLine":  "\"C:\\Program Files\\Wireshark\\dumpcap.exe\" -S -Z 5248.dummy",
        "CurrentDirectory":  "C:\\Program Files\\Wireshark\\",
        "Hashes":  "SHA1=9AE11406407699C016132633C4464EEB1B85F640,MD5=28869D1C0F3C57B3A12B1ACC758BFD3D,SHA256=F282900DF73E74D727580A88ECD6A4A2D2942FBB980D66009C6C85DDD8B31D9D,IMPHASH=BA28212C31A1C7FA632746E6F19EF3B4",
        "Image":  "C:\\Program Files\\Wireshark\\dumpcap.exe",
        "UtcTime":  "2019-06-04 10:27:10.963",
        "ProcessGuid":  "{AC6A4E42-477E-5CF6-0000-0010933F7800}",
        "Company":  "The Wireshark developer community",
        "IntegrityLevel":  "Medium",
        "EventId":  1,
        "FileVersion":  "2.2.3",
        "User":  "SEC504STUDENT\\Sec504",
        "RuleName":  null,
        "Product":  "Dumpcap",
        "LogonId":  "0x2c0d8",
        "ProcessId":  "5112",
        "LogonGuid":  "{AC6A4E42-0419-5CF4-0000-0020D8C00200}",
        "TerminalSessionId":  "1",
        "ParentProcessGuid":  "{AC6A4E42-469E-5CF6-0000-001078766C00}",
        "ParentProcessId":  "5248",
        "ParentImage":  "C:\\Program Files\\Wireshark\\Wireshark.exe"
    },
    {
        "ParentCommandLine":  "\"C:\\Program Files\\Wireshark\\dumpcap.exe\" -S -Z 5248.dummy",
        "Description":  "Console Window Host",
        "CommandLine":  "\\??\\C:\\WINDOWS\\system32\\conhost.exe 0xffffffff -ForceV1",
        "CurrentDirectory":  "C:\\WINDOWS",
        "Hashes":  "SHA1=8F9BC1B7D65188D0ADBDF74CCCE4EED78BF4C129,MD5=EA777DEEA782E8B4D7C7C33BBF8A4496,SHA256=04B6A35BC504401989B9E674C57C9E84D0CBDBBD9D8CE0CE83D7CECA0B7175ED,IMPHASH=63E065B05DF33ACB4D95B3DD04670B8F",
        "Image":  "C:\\Windows\\System32\\conhost.exe",
        "UtcTime":  "2019-06-04 10:27:10.967",
        "ProcessGuid":  "{AC6A4E42-477E-5CF6-0000-001013407800}",
        "Company":  "Microsoft Corporation",
        "IntegrityLevel":  "Medium",
        "EventId":  1,
        "FileVersion":  "10.0.17134.1 (WinBuild.160101.0800)",
        "User":  "SEC504STUDENT\\Sec504",
        "RuleName":  null,
        "Product":  "Microsoft? Windows? Operating System",
        "LogonId":  "0x2c0d8",
        "ProcessId":  "1596",
        "LogonGuid":  "{AC6A4E42-0419-5CF4-0000-0020D8C00200}",
        "TerminalSessionId":  "1",
        "ParentProcessGuid":  "{AC6A4E42-477E-5CF6-0000-0010933F7800}",
        "ParentProcessId":  "5112",
        "ParentImage":  "C:\\Program Files\\Wireshark\\dumpcap.exe"
    },
    {
        "ParentCommandLine":  "\"C:\\Program Files\\Wireshark\\Wireshark.exe\" ",
        "Description":  "Dumpcap",
        "CommandLine":  "\"C:\\Program Files\\Wireshark\\dumpcap.exe\" -S -Z 5248.dummy",
        "CurrentDirectory":  "C:\\Program Files\\Wireshark\\",
        "Hashes":  "SHA1=9AE11406407699C016132633C4464EEB1B85F640,MD5=28869D1C0F3C57B3A12B1ACC758BFD3D,SHA256=F282900DF73E74D727580A88ECD6A4A2D2942FBB980D66009C6C85DDD8B31D9D,IMPHASH=BA28212C31A1C7FA632746E6F19EF3B4",
        "Image":  "C:\\Program Files\\Wireshark\\dumpcap.exe",
        "UtcTime":  "2019-06-04 10:27:11.963",
        "ProcessGuid":  "{AC6A4E42-477F-5CF6-0000-0010B5557800}",
        "Company":  "The Wireshark developer community",
        "IntegrityLevel":  "Medium",
        "EventId":  1,
        "FileVersion":  "2.2.3",
        "User":  "SEC504STUDENT\\Sec504",
        "RuleName":  null,
        "Product":  "Dumpcap",
        "LogonId":  "0x2c0d8",
        "ProcessId":  "3244",
        "LogonGuid":  "{AC6A4E42-0419-5CF4-0000-0020D8C00200}",
        "TerminalSessionId":  "1",
        "ParentProcessGuid":  "{AC6A4E42-469E-5CF6-0000-001078766C00}",
        "ParentProcessId":  "5248",
        "ParentImage":  "C:\\Program Files\\Wireshark\\Wireshark.exe"
    },
    {
        "ParentCommandLine":  "\"C:\\Program Files\\Wireshark\\dumpcap.exe\" -S -Z 5248.dummy",
        "Description":  "Console Window Host",
        "CommandLine":  "\\??\\C:\\WINDOWS\\system32\\conhost.exe 0xffffffff -ForceV1",
        "CurrentDirectory":  "C:\\WINDOWS",
        "Hashes":  "SHA1=8F9BC1B7D65188D0ADBDF74CCCE4EED78BF4C129,MD5=EA777DEEA782E8B4D7C7C33BBF8A4496,SHA256=04B6A35BC504401989B9E674C57C9E84D0CBDBBD9D8CE0CE83D7CECA0B7175ED,IMPHASH=63E065B05DF33ACB4D95B3DD04670B8F",
        "Image":  "C:\\Windows\\System32\\conhost.exe",
        "UtcTime":  "2019-06-04 10:27:11.967",
        "ProcessGuid":  "{AC6A4E42-477F-5CF6-0000-00103B567800}",
        "Company":  "Microsoft Corporation",
        "IntegrityLevel":  "Medium",
        "EventId":  1,
        "FileVersion":  "10.0.17134.1 (WinBuild.160101.0800)",
        "User":  "SEC504STUDENT\\Sec504",
        "RuleName":  null,
        "Product":  "Microsoft? Windows? Operating System",
        "LogonId":  "0x2c0d8",
        "ProcessId":  "5272",
        "LogonGuid":  "{AC6A4E42-0419-5CF4-0000-0020D8C00200}",
        "TerminalSessionId":  "1",
        "ParentProcessGuid":  "{AC6A4E42-477F-5CF6-0000-0010B5557800}",
        "ParentProcessId":  "3244",
        "ParentImage":  "C:\\Program Files\\Wireshark\\dumpcap.exe"
    },
    {
        "ParentCommandLine":  "\"C:\\Program Files\\Wireshark\\Wireshark.exe\" ",
        "Description":  "Dumpcap",
        "CommandLine":  "\"C:\\Program Files\\Wireshark\\dumpcap.exe\" -S -Z 5248.dummy",
        "CurrentDirectory":  "C:\\Program Files\\Wireshark\\",
        "Hashes":  "SHA1=9AE11406407699C016132633C4464EEB1B85F640,MD5=28869D1C0F3C57B3A12B1ACC758BFD3D,SHA256=F282900DF73E74D727580A88ECD6A4A2D2942FBB980D66009C6C85DDD8B31D9D,IMPHASH=BA28212C31A1C7FA632746E6F19EF3B4",
        "Image":  "C:\\Program Files\\Wireshark\\dumpcap.exe",
        "UtcTime":  "2019-06-04 10:27:12.963",
        "ProcessGuid":  "{AC6A4E42-4780-5CF6-0000-001003677800}",
        "Company":  "The Wireshark developer community",
        "IntegrityLevel":  "Medium",
        "EventId":  1,
        "FileVersion":  "2.2.3",
        "User":  "SEC504STUDENT\\Sec504",
        "RuleName":  null,
        "Product":  "Dumpcap",
        "LogonId":  "0x2c0d8",
        "ProcessId":  "2380",
        "LogonGuid":  "{AC6A4E42-0419-5CF4-0000-0020D8C00200}",
        "TerminalSessionId":  "1",
        "ParentProcessGuid":  "{AC6A4E42-469E-5CF6-0000-001078766C00}",
        "ParentProcessId":  "5248",
        "ParentImage":  "C:\\Program Files\\Wireshark\\Wireshark.exe"
    },
    {
        "ParentCommandLine":  "\"C:\\Program Files\\Wireshark\\dumpcap.exe\" -S -Z 5248.dummy",
        "Description":  "Console Window Host",
        "CommandLine":  "\\??\\C:\\WINDOWS\\system32\\conhost.exe 0xffffffff -ForceV1",
        "CurrentDirectory":  "C:\\WINDOWS",
        "Hashes":  "SHA1=8F9BC1B7D65188D0ADBDF74CCCE4EED78BF4C129,MD5=EA777DEEA782E8B4D7C7C33BBF8A4496,SHA256=04B6A35BC504401989B9E674C57C9E84D0CBDBBD9D8CE0CE83D7CECA0B7175ED,IMPHASH=63E065B05DF33ACB4D95B3DD04670B8F",
        "Image":  "C:\\Windows\\System32\\conhost.exe",
        "UtcTime":  "2019-06-04 10:27:12.966",
        "ProcessGuid":  "{AC6A4E42-4780-5CF6-0000-00108B677800}",
        "Company":  "Microsoft Corporation",
        "IntegrityLevel":  "Medium",
        "EventId":  1,
        "FileVersion":  "10.0.17134.1 (WinBuild.160101.0800)",
        "User":  "SEC504STUDENT\\Sec504",
        "RuleName":  null,
        "Product":  "Microsoft? Windows? Operating System",
        "LogonId":  "0x2c0d8",
        "ProcessId":  "5052",
        "LogonGuid":  "{AC6A4E42-0419-5CF4-0000-0020D8C00200}",
        "TerminalSessionId":  "1",
        "ParentProcessGuid":  "{AC6A4E42-4780-5CF6-0000-001003677800}",
        "ParentProcessId":  "2380",
        "ParentImage":  "C:\\Program Files\\Wireshark\\dumpcap.exe"
    },
