[
    {
        "ParentCommandLine":  "C:\\WINDOWS\\system32\\svchost.exe -k netsvcs -p",
        "Description":  "Host Process for Windows Tasks",
        "CommandLine":  "taskhostw.exe",
        "CurrentDirectory":  "C:\\WINDOWS\\system32\\",
        "Hashes":  "SHA1=2A594345FBCAAD453C72BD0937CBF67FB43A74DF,MD5=CE95E236FC9FE2D6F16C926C75B18BAF,SHA256=740122D338FFD2CBB0877F8AC17B28218EAD02F08A9B28D5266C94E33F938085,IMPHASH=3627BE269990D67CF76A03FA55EF9A08",
        "Image":  "C:\\Windows\\System32\\taskhostw.exe",
        "UtcTime":  "2019-06-03 10:33:54.684",
        "ProcessGuid":  "{AC6A4E42-F792-5CF4-0000-001021CB2A00}",
        "Company":  "Microsoft Corporation",
        "IntegrityLevel":  "Medium",
        "EventId":  1,
        "FileVersion":  "10.0.17134.1 (WinBuild.160101.0800)",
        "User":  "SEC504STUDENT\\Sec504",
        "RuleName":  null,
        "Product":  "Microsoft? Windows? Operating System",
        "LogonId":  "0x2c0d8",
        "ProcessId":  "5064",
        "LogonGuid":  "{AC6A4E42-0419-5CF4-0000-0020D8C00200}",
        "TerminalSessionId":  "1",
        "ParentProcessGuid":  "{AC6A4E42-0412-5CF4-0000-0010590A0100}",
        "ParentProcessId":  "988",
        "ParentImage":  "C:\\Windows\\System32\\svchost.exe"
    },
    {
        "ParentCommandLine":  "C:\\WINDOWS\\system32\\services.exe",
        "Description":  "Host Process for Windows Services",
        "CommandLine":  "C:\\WINDOWS\\system32\\svchost.exe -k netsvcs",
        "CurrentDirectory":  "C:\\WINDOWS\\system32\\",
        "Hashes":  "SHA1=660B76B6FB802417D513ADC967C5CAF77FC2BAC6,MD5=32569E403279B3FD2EDB7EBD036273FA,SHA256=C9A28DC8004C3E043CBF8E3A194FDA2B756CE90740DF2175488337281B485F69,IMPHASH=3A8297483C1777054C7BAFEA5E6A8853",
        "Image":  "C:\\Windows\\System32\\svchost.exe",
        "UtcTime":  "2019-06-03 10:33:55.075",
        "ProcessGuid":  "{AC6A4E42-F793-5CF4-0000-001041D32A00}",
        "Company":  "Microsoft Corporation",
        "IntegrityLevel":  "System",
        "EventId":  1,
        "FileVersion":  "10.0.17134.1 (WinBuild.160101.0800)",
        "User":  "NT AUTHORITY\\SYSTEM",
        "RuleName":  null,
        "Product":  "Microsoft? Windows? Operating System",
        "LogonId":  "0x3e7",
        "ProcessId":  "3040",
        "LogonGuid":  "{AC6A4E42-0410-5CF4-0000-0020E7030000}",
        "TerminalSessionId":  "0",
        "ParentProcessGuid":  "{AC6A4E42-0410-5CF4-0000-001002910000}",
        "ParentProcessId":  "572",
        "ParentImage":  "C:\\Windows\\System32\\services.exe"
    },
    {
        "ParentCommandLine":  "C:\\WINDOWS\\system32\\svchost.exe -k DcomLaunch -p",
        "Description":  "Background Task Host",
        "CommandLine":  "\"C:\\WINDOWS\\system32\\backgroundTaskHost.exe\" -ServerName:App.AppXmtcan0h2tfbfy7k9kn8hbxb6dmzz1zh0.mca",
        "CurrentDirectory":  "C:\\Windows\\SystemApps\\Microsoft.Windows.ContentDeliveryManager_cw5n1h2txyewy\\",
        "Hashes":  "SHA1=EA114FDE884B16817A7D348660EA6FA1C217D315,MD5=B7FC4A29431D4F795BBAB1FB182B759A,SHA256=48B9EB1E31B0C2418742CE07675D58C974DD9F03007988C90C1E38F217F5C65B,IMPHASH=D2ACF1CBC4A6DB14A34C687B9362D66B",
        "Image":  "C:\\Windows\\System32\\backgroundTaskHost.exe",
        "UtcTime":  "2019-06-03 10:33:55.156",
        "ProcessGuid":  "{AC6A4E42-F793-5CF4-0000-001028D42A00}",
        "Company":  "Microsoft Corporation",
        "IntegrityLevel":  "AppContainer",
        "EventId":  1,
        "FileVersion":  "10.0.17134.1 (WinBuild.160101.0800)",
        "User":  "SEC504STUDENT\\Sec504",
        "RuleName":  null,
        "Product":  "Microsoft? Windows? Operating System",
        "LogonId":  "0x2c0d8",
        "ProcessId":  "3288",
        "LogonGuid":  "{AC6A4E42-0419-5CF4-0000-0020D8C00200}",
        "TerminalSessionId":  "1",
        "ParentProcessGuid":  "{AC6A4E42-0411-5CF4-0000-00108EA50000}",
        "ParentProcessId":  "716",
        "ParentImage":  "C:\\Windows\\System32\\svchost.exe"
    },
    {
        "ParentCommandLine":  "C:\\WINDOWS\\system32\\services.exe",
        "Description":  "Windows Modules Installer",
        "CommandLine":  "C:\\WINDOWS\\servicing\\TrustedInstaller.exe",
        "CurrentDirectory":  "C:\\WINDOWS\\system32\\",
        "Hashes":  "SHA1=9BA8C8C69F070F3502ADEB59FDB912B5EFD6517B,MD5=4578046C54A954C917BB393B70BA0AEB,SHA256=2DFE9DE656B415CF7D81F583F33A20A74CD54C07DB8C3196AA2102431F42F74F,IMPHASH=3AEE8CBB2A9EB7D05B439075C03D0514",
        "Image":  "C:\\Windows\\servicing\\TrustedInstaller.exe",
        "UtcTime":  "2019-06-03 10:33:55.443",
        "ProcessGuid":  "{AC6A4E42-F793-5CF4-0000-0010A3EC2A00}",
        "Company":  "Microsoft Corporation",
        "IntegrityLevel":  "System",
        "EventId":  1,
        "FileVersion":  "10.0.17134.1 (WinBuild.160101.0800)",
        "User":  "NT AUTHORITY\\SYSTEM",
        "RuleName":  null,
        "Product":  "Microsoft? Windows? Operating System",
        "LogonId":  "0x3e7",
        "ProcessId":  "6064",
        "LogonGuid":  "{AC6A4E42-0410-5CF4-0000-0020E7030000}",
        "TerminalSessionId":  "0",
        "ParentProcessGuid":  "{AC6A4E42-0410-5CF4-0000-001002910000}",
        "ParentProcessId":  "572",
        "ParentImage":  "C:\\Windows\\System32\\services.exe"
    },
    {
        "ParentCommandLine":  "C:\\WINDOWS\\system32\\svchost.exe -k DcomLaunch -p",
        "Description":  "Windows Modules Installer Worker",
        "CommandLine":  "C:\\WINDOWS\\winsxs\\amd64_microsoft-windows-servicingstack_31bf3856ad364e35_10.0.17134.1_none_eedfeda03074e04e\\TiWorker.exe -Embedding",
        "CurrentDirectory":  "C:\\WINDOWS\\system32\\",
        "Hashes":  "SHA1=8163131B1779B8582096F24F33F84B433BD9845B,MD5=441F44922DCB96355D2AE2F15456A434,SHA256=B2708FBA9E8BBE29059BB34468E3AFE3493E03BE045819AD4AC1647C424E93B9,IMPHASH=14E6191D9AFA4FBA20C78DDA455F29DD",
        "Image":  "C:\\Windows\\WinSxS\\amd64_microsoft-windows-servicingstack_31bf3856ad364e35_10.0.17134.1_none_eedfeda03074e04e\\TiWorker.exe",
        "UtcTime":  "2019-06-03 10:33:55.547",
        "ProcessGuid":  "{AC6A4E42-F793-5CF4-0000-00106FF52A00}",
        "Company":  "Microsoft Corporation",
        "IntegrityLevel":  "System",
        "EventId":  1,
        "FileVersion":  "10.0.17134.1 (WinBuild.160101.0800)",
        "User":  "NT AUTHORITY\\SYSTEM",
        "RuleName":  null,
        "Product":  "Microsoft? Windows? Operating System",
        "LogonId":  "0x3e7",
        "ProcessId":  "4768",
        "LogonGuid":  "{AC6A4E42-0410-5CF4-0000-0020E7030000}",
        "TerminalSessionId":  "0",
        "ParentProcessGuid":  "{AC6A4E42-0411-5CF4-0000-00108EA50000}",
        "ParentProcessId":  "716",
        "ParentImage":  "C:\\Windows\\System32\\svchost.exe"
    },
    {
        "ParentCommandLine":  "C:\\WINDOWS\\system32\\svchost.exe -k netsvcs -p",
        "Description":  "Microsoft Malware Protection Command Line Utility",
        "CommandLine":  "\"C:\\Program Files\\Windows Defender\\MpCmdRun.exe\" -IdleTask -TaskName WdCleanup",
        "CurrentDirectory":  "C:\\WINDOWS\\system32\\",
        "Hashes":  "SHA1=E559E3E5EB167E7103A3D8C540160D9641944829,MD5=A267555174BFA53844371226F482B86B,SHA256=2672316953FAD8886569E092E76C80CB93F46EC901318DCD8F338229D843FE2F,IMPHASH=146E35D71732777AAA971B9C643B1D03",
        "Image":  "C:\\Program Files\\Windows Defender\\MpCmdRun.exe",
        "UtcTime":  "2019-06-03 10:33:55.671",
        "ProcessGuid":  "{AC6A4E42-F793-5CF4-0000-0010F2FF2A00}",
        "Company":  "Microsoft Corporation",
        "IntegrityLevel":  "System",
        "EventId":  1,
        "FileVersion":  "4.13.17134.1 (WinBuild.160101.0800)",
        "User":  "NT AUTHORITY\\SYSTEM",
        "RuleName":  null,
        "Product":  "Microsoft? Windows? Operating System",
        "LogonId":  "0x3e7",
        "ProcessId":  "4864",
        "LogonGuid":  "{AC6A4E42-0410-5CF4-0000-0020E7030000}",
        "TerminalSessionId":  "0",
        "ParentProcessGuid":  "{AC6A4E42-0412-5CF4-0000-0010590A0100}",
        "ParentProcessId":  "988",
        "ParentImage":  "C:\\Windows\\System32\\svchost.exe"
    },
    {
        "ParentCommandLine":  "C:\\WINDOWS\\system32\\svchost.exe -k netsvcs -p",
        "Description":  "Microsoft Malware Protection Command Line Utility",
        "CommandLine":  "\"C:\\Program Files\\Windows Defender\\MpCmdRun.exe\" -IdleTask -TaskName WdVerification",
        "CurrentDirectory":  "C:\\WINDOWS\\system32\\",
        "Hashes":  "SHA1=E559E3E5EB167E7103A3D8C540160D9641944829,MD5=A267555174BFA53844371226F482B86B,SHA256=2672316953FAD8886569E092E76C80CB93F46EC901318DCD8F338229D843FE2F,IMPHASH=146E35D71732777AAA971B9C643B1D03",
        "Image":  "C:\\Program Files\\Windows Defender\\MpCmdRun.exe",
        "UtcTime":  "2019-06-03 10:33:55.686",
        "ProcessGuid":  "{AC6A4E42-F793-5CF4-0000-001016012B00}",
        "Company":  "Microsoft Corporation",
        "IntegrityLevel":  "System",
        "EventId":  1,
        "FileVersion":  "4.13.17134.1 (WinBuild.160101.0800)",
        "User":  "NT AUTHORITY\\SYSTEM",
        "RuleName":  null,
        "Product":  "Microsoft? Windows? Operating System",
        "LogonId":  "0x3e7",
        "ProcessId":  "4184",
        "LogonGuid":  "{AC6A4E42-0410-5CF4-0000-0020E7030000}",
        "TerminalSessionId":  "0",
        "ParentProcessGuid":  "{AC6A4E42-0412-5CF4-0000-0010590A0100}",
        "ParentProcessId":  "988",
        "ParentImage":  "C:\\Windows\\System32\\svchost.exe"
    },
    {
        "ParentCommandLine":  "C:\\WINDOWS\\system32\\svchost.exe -k netsvcs -p",
        "Description":  "App Uri Handlers Registration Verifier",
        "CommandLine":  "C:\\WINDOWS\\system32\\AppHostRegistrationVerifier.exe",
        "CurrentDirectory":  "C:\\WINDOWS\\system32\\",
        "Hashes":  "SHA1=40C717B8EB3D719E82CE620554C2036C0E74EC11,MD5=F200640E4FD26D460B66A08BFE6AE066,SHA256=BE92B2AE2FC00C29E5E653F37950BA771FA4A63A1BCA001AC00A7907FAB2C871,IMPHASH=46F354C0A55200FF7E476BA95DC2673F",
        "Image":  "C:\\Windows\\System32\\AppHostRegistrationVerifier.exe",
        "UtcTime":  "2019-06-03 10:33:55.725",
        "ProcessGuid":  "{AC6A4E42-F793-5CF4-0000-00102F072B00}",
        "Company":  "Microsoft Corporation",
        "IntegrityLevel":  "Medium",
        "EventId":  1,
        "FileVersion":  "10.0.17134.1 (WinBuild.160101.0800)",
        "User":  "SEC504STUDENT\\Sec504",
        "RuleName":  null,
        "Product":  "Microsoft? Windows? Operating System",
        "LogonId":  "0x2c0d8",
        "ProcessId":  "5364",
        "LogonGuid":  "{AC6A4E42-0419-5CF4-0000-0020D8C00200}",
        "TerminalSessionId":  "1",
        "ParentProcessGuid":  "{AC6A4E42-0412-5CF4-0000-0010590A0100}",
        "ParentProcessId":  "988",
        "ParentImage":  "C:\\Windows\\System32\\svchost.exe"
    },
    {
        "ParentCommandLine":  "C:\\WINDOWS\\system32\\svchost.exe -k netsvcs -p",
        "Description":  "Host Process for Windows Tasks",
        "CommandLine":  "taskhostw.exe",
        "CurrentDirectory":  "C:\\WINDOWS\\system32\\",
        "Hashes":  "SHA1=2A594345FBCAAD453C72BD0937CBF67FB43A74DF,MD5=CE95E236FC9FE2D6F16C926C75B18BAF,SHA256=740122D338FFD2CBB0877F8AC17B28218EAD02F08A9B28D5266C94E33F938085,IMPHASH=3627BE269990D67CF76A03FA55EF9A08",
        "Image":  "C:\\Windows\\System32\\taskhostw.exe",
        "UtcTime":  "2019-06-03 10:33:55.735",
        "ProcessGuid":  "{AC6A4E42-F793-5CF4-0000-0010D9082B00}",
        "Company":  "Microsoft Corporation",
        "IntegrityLevel":  "System",
        "EventId":  1,
        "FileVersion":  "10.0.17134.1 (WinBuild.160101.0800)",
        "User":  "NT AUTHORITY\\LOCAL SERVICE",
        "RuleName":  null,
        "Product":  "Microsoft? Windows? Operating System",
        "LogonId":  "0x3e5",
        "ProcessId":  "2680",
        "LogonGuid":  "{AC6A4E42-0412-5CF4-0000-0020E5030000}",
        "TerminalSessionId":  "0",
        "ParentProcessGuid":  "{AC6A4E42-0412-5CF4-0000-0010590A0100}",
        "ParentProcessId":  "988",
        "ParentImage":  "C:\\Windows\\System32\\svchost.exe"
    },
    {
        "ParentCommandLine":  "C:\\WINDOWS\\system32\\svchost.exe -k netsvcs -p",
        "Description":  "Service Control Manager Configuration Tool",
        "CommandLine":  "C:\\WINDOWS\\system32\\sc.exe start w32time task_started",
        "CurrentDirectory":  "C:\\WINDOWS\\system32\\",
        "Hashes":  "SHA1=72785E3068AA52CA223DA466595D3863AB6507AB,MD5=D79784553A9410D15E04766AAAB77CD6,SHA256=AEB241959F4A7B7C29F45D27FD65C5326F9592D25BADD1A7659DE0DA351BF96E,IMPHASH=7D296975925315BE8D57D0C67B133359",
        "Image":  "C:\\Windows\\System32\\sc.exe",
        "UtcTime":  "2019-06-03 10:33:55.759",
        "ProcessGuid":  "{AC6A4E42-F793-5CF4-0000-00108E112B00}",
        "Company":  "Microsoft Corporation",
        "IntegrityLevel":  "System",
        "EventId":  1,
        "FileVersion":  "10.0.17134.1 (WinBuild.160101.0800)",
        "User":  "NT AUTHORITY\\LOCAL SERVICE",
        "RuleName":  null,
        "Product":  "Microsoft? Windows? Operating System",
        "LogonId":  "0x3e5",
        "ProcessId":  "2672",
        "LogonGuid":  "{AC6A4E42-0412-5CF4-0000-0020E5030000}",
        "TerminalSessionId":  "0",
        "ParentProcessGuid":  "{AC6A4E42-0412-5CF4-0000-0010590A0100}",
        "ParentProcessId":  "988",
        "ParentImage":  "C:\\Windows\\System32\\svchost.exe"
    },
    {
        "ParentCommandLine":  "C:\\WINDOWS\\system32\\svchost.exe -k netsvcs -p",
        "Description":  "Host Process for Windows Tasks",
        "CommandLine":  "taskhostw.exe",
        "CurrentDirectory":  "C:\\WINDOWS\\system32\\",
        "Hashes":  "SHA1=2A594345FBCAAD453C72BD0937CBF67FB43A74DF,MD5=CE95E236FC9FE2D6F16C926C75B18BAF,SHA256=740122D338FFD2CBB0877F8AC17B28218EAD02F08A9B28D5266C94E33F938085,IMPHASH=3627BE269990D67CF76A03FA55EF9A08",
        "Image":  "C:\\Windows\\System32\\taskhostw.exe",
        "UtcTime":  "2019-06-03 10:33:55.765",
        "ProcessGuid":  "{AC6A4E42-F793-5CF4-0000-001096132B00}",
        "Company":  "Microsoft Corporation",
        "IntegrityLevel":  "Medium",
        "EventId":  1,
        "FileVersion":  "10.0.17134.1 (WinBuild.160101.0800)",
        "User":  "SEC504STUDENT\\Sec504",
        "RuleName":  null,
        "Product":  "Microsoft? Windows? Operating System",
        "LogonId":  "0x2c0d8",
        "ProcessId":  "5564",
        "LogonGuid":  "{AC6A4E42-0419-5CF4-0000-0020D8C00200}",
        "TerminalSessionId":  "1",
        "ParentProcessGuid":  "{AC6A4E42-0412-5CF4-0000-0010590A0100}",
        "ParentProcessId":  "988",
        "ParentImage":  "C:\\Windows\\System32\\svchost.exe"
    },
    {
        "ParentCommandLine":  "C:\\WINDOWS\\system32\\svchost.exe -k netsvcs -p",
        "Description":  "Host Process for Windows Tasks",
        "CommandLine":  "taskhostw.exe",
        "CurrentDirectory":  "C:\\WINDOWS\\system32\\",
        "Hashes":  "SHA1=2A594345FBCAAD453C72BD0937CBF67FB43A74DF,MD5=CE95E236FC9FE2D6F16C926C75B18BAF,SHA256=740122D338FFD2CBB0877F8AC17B28218EAD02F08A9B28D5266C94E33F938085,IMPHASH=3627BE269990D67CF76A03FA55EF9A08",
        "Image":  "C:\\Windows\\System32\\taskhostw.exe",
        "UtcTime":  "2019-06-03 10:33:55.787",
        "ProcessGuid":  "{AC6A4E42-F793-5CF4-0000-0010881A2B00}",
        "Company":  "Microsoft Corporation",
        "IntegrityLevel":  "High",
        "EventId":  1,
        "FileVersion":  "10.0.17134.1 (WinBuild.160101.0800)",
        "User":  "SEC504STUDENT\\Sec504",
        "RuleName":  null,
        "Product":  "Microsoft? Windows? Operating System",
        "LogonId":  "0x2c0a4",
        "ProcessId":  "2180",
        "LogonGuid":  "{AC6A4E42-0419-5CF4-0000-0020A4C00200}",
        "TerminalSessionId":  "1",
        "ParentProcessGuid":  "{AC6A4E42-0412-5CF4-0000-0010590A0100}",
        "ParentProcessId":  "988",
        "ParentImage":  "C:\\Windows\\System32\\svchost.exe"
    },
    {
        "ParentCommandLine":  "C:\\WINDOWS\\system32\\svchost.exe -k netsvcs -p",
        "Description":  "DiskSnapshot.exe",
        "CommandLine":  "C:\\WINDOWS\\system32\\disksnapshot.exe -z",
        "CurrentDirectory":  "C:\\WINDOWS\\system32\\",
        "Hashes":  "SHA1=50E59C18CD4493E2F15BA7A944E139B87C7DE222,MD5=DCDFA656550EDF320FE9A127739EA645,SHA256=01E0D4FFE6F18299B0F33065DCC4009FD73E357B66B6825EB8338DF9D59F8A32,IMPHASH=96570E42AEC17FEBA9EDFC8E81521DBE",
        "Image":  "C:\\Windows\\System32\\DiskSnapshot.exe",
        "UtcTime":  "2019-06-03 10:33:55.795",
        "ProcessGuid":  "{AC6A4E42-F793-5CF4-0000-0010991B2B00}",
        "Company":  "Microsoft Corporation",
        "IntegrityLevel":  "System",
        "EventId":  1,
        "FileVersion":  "10.0.17134.1 (WinBuild.160101.0800)",
        "User":  "NT AUTHORITY\\SYSTEM",
        "RuleName":  null,
        "Product":  "Microsoft? Windows? Operating System",
        "LogonId":  "0x3e7",
        "ProcessId":  "3404",
        "LogonGuid":  "{AC6A4E42-0410-5CF4-0000-0020E7030000}",
        "TerminalSessionId":  "0",
        "ParentProcessGuid":  "{AC6A4E42-0412-5CF4-0000-0010590A0100}",
        "ParentProcessId":  "988",
        "ParentImage":  "C:\\Windows\\System32\\svchost.exe"
    },
    {
        "ParentCommandLine":  "C:\\WINDOWS\\system32\\svchost.exe -k netsvcs -p",
        "Description":  "Windows host process (Rundll32)",
        "CommandLine":  "C:\\WINDOWS\\system32\\rundll32.exe Startupscan.dll,SusRunTask",
        "CurrentDirectory":  "C:\\WINDOWS\\system32\\",
        "Hashes":  "SHA1=2F34CCFDD8141AEEE2E89FFB070CE239C7D00706,MD5=73C519F050C20580F8A62C849D49215A,SHA256=38847DC4C82C0775E7DAFCBC7FEA50749CDAC7B50AB8602E8FDFAD4401954C87,IMPHASH=F27A7FC3A53E74F45BE370131953896A",
        "Image":  "C:\\Windows\\System32\\rundll32.exe",
        "UtcTime":  "2019-06-03 10:33:55.821",
        "ProcessGuid":  "{AC6A4E42-F793-5CF4-0000-00101A1F2B00}",
        "Company":  "Microsoft Corporation",
        "IntegrityLevel":  "Medium",
        "EventId":  1,
        "FileVersion":  "10.0.17134.1 (WinBuild.160101.0800)",
        "User":  "SEC504STUDENT\\Sec504",
        "RuleName":  null,
        "Product":  "Microsoft? Windows? Operating System",
        "LogonId":  "0x2c0d8",
        "ProcessId":  "5840",
        "LogonGuid":  "{AC6A4E42-0419-5CF4-0000-0020D8C00200}",
        "TerminalSessionId":  "1",
        "ParentProcessGuid":  "{AC6A4E42-0412-5CF4-0000-0010590A0100}",
        "ParentProcessId":  "988",
        "ParentImage":  "C:\\Windows\\System32\\svchost.exe"
    },
    {
        "ParentCommandLine":  "C:\\WINDOWS\\system32\\svchost.exe -k netsvcs -p",
        "Description":  "Data Sharing Service Maintenance Driver",
        "CommandLine":  "C:\\WINDOWS\\system32\\dstokenclean.exe",
        "CurrentDirectory":  "C:\\WINDOWS\\system32\\",
        "Hashes":  "SHA1=B7F90CB9C4FF3D19252DD085E6AE2FABA8C459C3,MD5=9746F6F8866CE90C5186D69EC2A1D0B8,SHA256=45B6AFCD58C1D27F3F09B68F86C68D87658445E931EE5268B57EFFC774D24DDB,IMPHASH=BFA487CBDAFB1535219B044E168D7720",
        "Image":  "C:\\Windows\\System32\\dstokenclean.exe",
        "UtcTime":  "2019-06-03 10:33:55.824",
        "ProcessGuid":  "{AC6A4E42-F793-5CF4-0000-0010A01F2B00}",
        "Company":  "Microsoft Corporation",
        "IntegrityLevel":  "System",
        "EventId":  1,
        "FileVersion":  "10.0.17134.1 (WinBuild.160101.0800)",
        "User":  "NT AUTHORITY\\SYSTEM",
        "RuleName":  null,
        "Product":  "Microsoft? Windows? Operating System",
        "LogonId":  "0x3e7",
        "ProcessId":  "3608",
        "LogonGuid":  "{AC6A4E42-0410-5CF4-0000-0020E7030000}",
        "TerminalSessionId":  "0",
        "ParentProcessGuid":  "{AC6A4E42-0412-5CF4-0000-0010590A0100}",
        "ParentProcessId":  "988",
        "ParentImage":  "C:\\Windows\\System32\\svchost.exe"
    },
    {
        "ParentCommandLine":  "C:\\WINDOWS\\system32\\svchost.exe -k netsvcs -p",
        "Description":  "Microsoft Feedback SIUF Deployment Manager Client",
        "CommandLine":  "C:\\WINDOWS\\system32\\dmclient.exe",
        "CurrentDirectory":  "C:\\WINDOWS\\system32\\",
        "Hashes":  "SHA1=8E7C56EDF5D3A05AE0A441CEF93DF3C72560F56A,MD5=5673166438D9DC7CB7DAD70C3079F06A,SHA256=E94D0444A76DCF3A8D336C176670A59F13139D6C7624BF6DA3D8B442B3B50507,IMPHASH=F779EE3D2552155D55CE391EB6BE6CC3",
        "Image":  "C:\\Windows\\System32\\dmclient.exe",
        "UtcTime":  "2019-06-03 10:33:55.842",
        "ProcessGuid":  "{AC6A4E42-F793-5CF4-0000-00104E212B00}",
        "Company":  "Microsoft Corporation",
        "IntegrityLevel":  "System",
        "EventId":  1,
        "FileVersion":  "10.0.17134.1 (WinBuild.160101.0800)",
        "User":  "NT AUTHORITY\\SYSTEM",
        "RuleName":  null,
        "Product":  "Microsoft? Windows? Operating System",
        "LogonId":  "0x3e7",
        "ProcessId":  "4748",
        "LogonGuid":  "{AC6A4E42-0410-5CF4-0000-0020E7030000}",
        "TerminalSessionId":  "0",
        "ParentProcessGuid":  "{AC6A4E42-0412-5CF4-0000-0010590A0100}",
        "ParentProcessId":  "988",
        "ParentImage":  "C:\\Windows\\System32\\svchost.exe"
    },
    {
        "ParentCommandLine":  "C:\\WINDOWS\\system32\\svchost.exe -k netsvcs -p",
        "Description":  "Microsoft Malware Protection Command Line Utility",
        "CommandLine":  "\"C:\\Program Files\\Windows Defender\\MpCmdRun.exe\" Scan -ScheduleJob",
        "CurrentDirectory":  "C:\\WINDOWS\\system32\\",
        "Hashes":  "SHA1=E559E3E5EB167E7103A3D8C540160D9641944829,MD5=A267555174BFA53844371226F482B86B,SHA256=2672316953FAD8886569E092E76C80CB93F46EC901318DCD8F338229D843FE2F,IMPHASH=146E35D71732777AAA971B9C643B1D03",
        "Image":  "C:\\Program Files\\Windows Defender\\MpCmdRun.exe",
        "UtcTime":  "2019-06-03 10:33:55.849",
        "ProcessGuid":  "{AC6A4E42-F793-5CF4-0000-001017222B00}",
        "Company":  "Microsoft Corporation",
        "IntegrityLevel":  "System",
        "EventId":  1,
        "FileVersion":  "4.13.17134.1 (WinBuild.160101.0800)",
        "User":  "NT AUTHORITY\\SYSTEM",
        "RuleName":  null,
        "Product":  "Microsoft? Windows? Operating System",
        "LogonId":  "0x3e7",
        "ProcessId":  "5132",
        "LogonGuid":  "{AC6A4E42-0410-5CF4-0000-0020E7030000}",
        "TerminalSessionId":  "0",
        "ParentProcessGuid":  "{AC6A4E42-0412-5CF4-0000-0010590A0100}",
        "ParentProcessId":  "988",
        "ParentImage":  "C:\\Windows\\System32\\svchost.exe"
    },
    {
        "ParentCommandLine":  "C:\\WINDOWS\\system32\\svchost.exe -k netsvcs -p",
        "Description":  "Microsoft Malware Protection Command Line Utility",
        "CommandLine":  "\"C:\\Program Files\\Windows Defender\\MpCmdRun.exe\" -IdleTask -TaskName WdCacheMaintenance",
        "CurrentDirectory":  "C:\\WINDOWS\\system32\\",
        "Hashes":  "SHA1=E559E3E5EB167E7103A3D8C540160D9641944829,MD5=A267555174BFA53844371226F482B86B,SHA256=2672316953FAD8886569E092E76C80CB93F46EC901318DCD8F338229D843FE2F,IMPHASH=146E35D71732777AAA971B9C643B1D03",
        "Image":  "C:\\Program Files\\Windows Defender\\MpCmdRun.exe",
        "UtcTime":  "2019-06-03 10:33:55.852",
        "ProcessGuid":  "{AC6A4E42-F793-5CF4-0000-0010EF222B00}",
        "Company":  "Microsoft Corporation",
        "IntegrityLevel":  "System",
        "EventId":  1,
        "FileVersion":  "4.13.17134.1 (WinBuild.160101.0800)",
        "User":  "NT AUTHORITY\\SYSTEM",
        "RuleName":  null,
        "Product":  "Microsoft? Windows? Operating System",
        "LogonId":  "0x3e7",
        "ProcessId":  "4924",
        "LogonGuid":  "{AC6A4E42-0410-5CF4-0000-0020E7030000}",
        "TerminalSessionId":  "0",
        "ParentProcessGuid":  "{AC6A4E42-0412-5CF4-0000-0010590A0100}",
        "ParentProcessId":  "988",
        "ParentImage":  "C:\\Windows\\System32\\svchost.exe"
    },
    {
        "ParentCommandLine":  "C:\\WINDOWS\\system32\\svchost.exe -k netsvcs -p",
        "Description":  "MUI Language pack cleanup",
        "CommandLine":  "C:\\WINDOWS\\system32\\lpremove.exe",
        "CurrentDirectory":  "C:\\WINDOWS\\system32\\",
        "Hashes":  "SHA1=E0E40154866DB67DB4A29898F61584A13B6CB785,MD5=2DB5526A2ABC04BF2DFB02D404DDF5A9,SHA256=9A20DA8A4585F795CC8199501E1517BE39248F9812685D73F1658881342306FB,IMPHASH=B20FE58E81FD4916B317FE241898869F",
        "Image":  "C:\\Windows\\System32\\lpremove.exe",
        "UtcTime":  "2019-06-03 10:33:55.856",
        "ProcessGuid":  "{AC6A4E42-F793-5CF4-0000-001044232B00}",
        "Company":  "Microsoft Corporation",
        "IntegrityLevel":  "System",
        "EventId":  1,
        "FileVersion":  "10.0.17134.1 (WinBuild.160101.0800)",
        "User":  "NT AUTHORITY\\SYSTEM",
        "RuleName":  null,
        "Product":  "Microsoft? Windows? Operating System",
        "LogonId":  "0x3e7",
        "ProcessId":  "2928",
        "LogonGuid":  "{AC6A4E42-0410-5CF4-0000-0020E7030000}",
        "TerminalSessionId":  "0",
        "ParentProcessGuid":  "{AC6A4E42-0412-5CF4-0000-0010590A0100}",
        "ParentProcessId":  "988",
        "ParentImage":  "C:\\Windows\\System32\\svchost.exe"
    },
    {
        "ParentCommandLine":  "C:\\WINDOWS\\system32\\svchost.exe -k netsvcs -p",
        "Description":  "Microsoft Compatibility Telemetry",
        "CommandLine":  "C:\\WINDOWS\\system32\\compattelrunner.exe -maintenance",
        "CurrentDirectory":  "C:\\WINDOWS\\system32\\",
        "Hashes":  "SHA1=087516F64E124B47178812EB5C13DA6E689C9CA6,MD5=7C3B9E879090F58DE81DB1BFDFF1206E,SHA256=F33317CB08C30C78CC1362FB61FE125979B6E12035E2793382D03133D7F17821,IMPHASH=F729F8CAA04F4E4BAD842E0DD0D5562F",
        "Image":  "C:\\Windows\\System32\\CompatTelRunner.exe",
        "UtcTime":  "2019-06-03 10:33:55.861",
        "ProcessGuid":  "{AC6A4E42-F793-5CF4-0000-00109E232B00}",
        "Company":  "Microsoft Corporation",
        "IntegrityLevel":  "System",
        "EventId":  1,
        "FileVersion":  "10.0.17134.1 (WinBuild.160101.0800)",
        "User":  "NT AUTHORITY\\SYSTEM",
        "RuleName":  null,
        "Product":  "Microsoft? Windows? Operating System",
        "LogonId":  "0x3e7",
        "ProcessId":  "5536",
        "LogonGuid":  "{AC6A4E42-0410-5CF4-0000-0020E7030000}",
        "TerminalSessionId":  "0",
        "ParentProcessGuid":  "{AC6A4E42-0412-5CF4-0000-0010590A0100}",
        "ParentProcessId":  "988",
        "ParentImage":  "C:\\Windows\\System32\\svchost.exe"
    },
    {
        "ParentCommandLine":  "C:\\WINDOWS\\system32\\svchost.exe -k netsvcs -p",
        "Description":  "Disk Space Cleanup Manager for Windows",
        "CommandLine":  "C:\\WINDOWS\\system32\\cleanmgr.exe /autoclean /d C:",
        "CurrentDirectory":  "C:\\WINDOWS\\system32\\",
        "Hashes":  "SHA1=2EB39003998F0E518AD937DB120B87E81D5A5893,MD5=062EC57FE7F4463161D9E6EF400B2A3E,SHA256=AA5016A3F28F312E00679BFB9A6B66E4888C9F0C1453FFB69917DF46F65396A7,IMPHASH=7584FA8DCE2F762EE14571E18B3B4F97",
        "Image":  "C:\\Windows\\System32\\cleanmgr.exe",
        "UtcTime":  "2019-06-03 10:33:55.865",
        "ProcessGuid":  "{AC6A4E42-F793-5CF4-0000-001056242B00}",
        "Company":  "Microsoft Corporation",
        "IntegrityLevel":  "High",
        "EventId":  1,
        "FileVersion":  "10.0.17134.1 (WinBuild.160101.0800)",
        "User":  "SEC504STUDENT\\Sec504",
        "RuleName":  null,
        "Product":  "Microsoft? Windows? Operating System",
        "LogonId":  "0x2c0a4",
        "ProcessId":  "3340",
        "LogonGuid":  "{AC6A4E42-0419-5CF4-0000-0020A4C00200}",
        "TerminalSessionId":  "1",
        "ParentProcessGuid":  "{AC6A4E42-0412-5CF4-0000-0010590A0100}",
        "ParentProcessId":  "988",
        "ParentImage":  "C:\\Windows\\System32\\svchost.exe"
    },
    {
        "ParentCommandLine":  "C:\\WINDOWS\\system32\\compattelrunner.exe -maintenance",
        "Description":  "Console Window Host",
        "CommandLine":  "\\??\\C:\\WINDOWS\\system32\\conhost.exe 0xffffffff -ForceV1",
        "CurrentDirectory":  "C:\\WINDOWS",
        "Hashes":  "SHA1=8F9BC1B7D65188D0ADBDF74CCCE4EED78BF4C129,MD5=EA777DEEA782E8B4D7C7C33BBF8A4496,SHA256=04B6A35BC504401989B9E674C57C9E84D0CBDBBD9D8CE0CE83D7CECA0B7175ED,IMPHASH=63E065B05DF33ACB4D95B3DD04670B8F",
        "Image":  "C:\\Windows\\System32\\conhost.exe",
        "UtcTime":  "2019-06-03 10:33:55.953",
        "ProcessGuid":  "{AC6A4E42-F793-5CF4-0000-00107E2F2B00}",
        "Company":  "Microsoft Corporation",
        "IntegrityLevel":  "System",
        "EventId":  1,
        "FileVersion":  "10.0.17134.1 (WinBuild.160101.0800)",
        "User":  "NT AUTHORITY\\SYSTEM",
        "RuleName":  null,
        "Product":  "Microsoft? Windows? Operating System",
        "LogonId":  "0x3e7",
        "ProcessId":  "1016",
        "LogonGuid":  "{AC6A4E42-0410-5CF4-0000-0020E7030000}",
        "TerminalSessionId":  "0",
        "ParentProcessGuid":  "{AC6A4E42-F793-5CF4-0000-00109E232B00}",
        "ParentProcessId":  "5536",
        "ParentImage":  "C:\\Windows\\System32\\CompatTelRunner.exe"
    },
    {
        "ParentCommandLine":  "C:\\WINDOWS\\system32\\services.exe",
        "Description":  "Host Process for Windows Services",
        "CommandLine":  "C:\\WINDOWS\\System32\\svchost.exe -k wsappx -p",
        "CurrentDirectory":  "C:\\WINDOWS\\system32\\",
        "Hashes":  "SHA1=660B76B6FB802417D513ADC967C5CAF77FC2BAC6,MD5=32569E403279B3FD2EDB7EBD036273FA,SHA256=C9A28DC8004C3E043CBF8E3A194FDA2B756CE90740DF2175488337281B485F69,IMPHASH=3A8297483C1777054C7BAFEA5E6A8853",
        "Image":  "C:\\Windows\\System32\\svchost.exe",
        "UtcTime":  "2019-06-03 10:33:55.984",
        "ProcessGuid":  "{AC6A4E42-F793-5CF4-0000-001015322B00}",
        "Company":  "Microsoft Corporation",
        "IntegrityLevel":  "System",
        "EventId":  1,
        "FileVersion":  "10.0.17134.1 (WinBuild.160101.0800)",
        "User":  "NT AUTHORITY\\SYSTEM",
        "RuleName":  null,
        "Product":  "Microsoft? Windows? Operating System",
        "LogonId":  "0x3e7",
        "ProcessId":  "5484",
        "LogonGuid":  "{AC6A4E42-0410-5CF4-0000-0020E7030000}",
        "TerminalSessionId":  "0",
        "ParentProcessGuid":  "{AC6A4E42-0410-5CF4-0000-001002910000}",
        "ParentProcessId":  "572",
        "ParentImage":  "C:\\Windows\\System32\\services.exe"
    },
    {
        "ParentCommandLine":  "C:\\WINDOWS\\system32\\services.exe",
        "Description":  "Host Process for Windows Services",
        "CommandLine":  "C:\\WINDOWS\\System32\\svchost.exe -k netsvcs -p",
        "CurrentDirectory":  "C:\\WINDOWS\\system32\\",
        "Hashes":  "SHA1=660B76B6FB802417D513ADC967C5CAF77FC2BAC6,MD5=32569E403279B3FD2EDB7EBD036273FA,SHA256=C9A28DC8004C3E043CBF8E3A194FDA2B756CE90740DF2175488337281B485F69,IMPHASH=3A8297483C1777054C7BAFEA5E6A8853",
        "Image":  "C:\\Windows\\System32\\svchost.exe",
        "UtcTime":  "2019-06-03 10:33:56.113",
        "ProcessGuid":  "{AC6A4E42-F794-5CF4-0000-0010E2382B00}",
        "Company":  "Microsoft Corporation",
        "IntegrityLevel":  "System",
        "EventId":  1,
        "FileVersion":  "10.0.17134.1 (WinBuild.160101.0800)",
        "User":  "NT AUTHORITY\\SYSTEM",
        "RuleName":  null,
        "Product":  "Microsoft? Windows? Operating System",
        "LogonId":  "0x3e7",
        "ProcessId":  "1256",
        "LogonGuid":  "{AC6A4E42-0410-5CF4-0000-0020E7030000}",
        "TerminalSessionId":  "0",
        "ParentProcessGuid":  "{AC6A4E42-0410-5CF4-0000-001002910000}",
        "ParentProcessId":  "572",
        "ParentImage":  "C:\\Windows\\System32\\services.exe"
    },
    {
        "ParentCommandLine":  "C:\\WINDOWS\\system32\\services.exe",
        "Description":  "Microsoft? Volume Shadow Copy Service",
        "CommandLine":  "C:\\WINDOWS\\system32\\vssvc.exe",
        "CurrentDirectory":  "C:\\WINDOWS\\system32\\",
        "Hashes":  "SHA1=07D46E46E2180693A045D784043E822874ABE2E5,MD5=C7053D974A35EAB81F153FF33C883613,SHA256=9D89DC644971F93931D0E59D42ADE0A4AB49A5490709B46FCBBC309041C5432D,IMPHASH=4B91BB613EC660ED381405F5316CD5F0",
        "Image":  "C:\\Windows\\System32\\VSSVC.exe",
        "UtcTime":  "2019-06-03 10:33:56.514",
        "ProcessGuid":  "{AC6A4E42-F794-5CF4-0000-001080532B00}",
        "Company":  "Microsoft Corporation",
        "IntegrityLevel":  "System",
        "EventId":  1,
        "FileVersion":  "10.0.17134.1 (WinBuild.160101.0800)",
        "User":  "NT AUTHORITY\\SYSTEM",
        "RuleName":  null,
        "Product":  "Microsoft? Windows? Operating System",
        "LogonId":  "0x3e7",
        "ProcessId":  "3056",
        "LogonGuid":  "{AC6A4E42-0410-5CF4-0000-0020E7030000}",
        "TerminalSessionId":  "0",
        "ParentProcessGuid":  "{AC6A4E42-0410-5CF4-0000-001002910000}",
        "ParentProcessId":  "572",
        "ParentImage":  "C:\\Windows\\System32\\services.exe"
    },
    {
        "ParentCommandLine":  "C:\\WINDOWS\\system32\\svchost.exe -k DcomLaunch -p",
        "Description":  "Scripted Diagnostics Native Host",
        "CommandLine":  "C:\\WINDOWS\\System32\\sdiagnhost.exe -Embedding",
        "CurrentDirectory":  "C:\\WINDOWS\\system32\\",
        "Hashes":  "SHA1=B969CFD894A554ED1721EABCC0854D570B225FC7,MD5=22E56A1A980252B8880ED1A12561F0C7,SHA256=165968286BD97D87E360E006CC0CAD67F98957427E270DE70AA2928435D7AADC,IMPHASH=90B3501805AA9082F1C9583DAEEC251D",
        "Image":  "C:\\Windows\\System32\\sdiagnhost.exe",
        "UtcTime":  "2019-06-03 10:33:56.564",
        "ProcessGuid":  "{AC6A4E42-F794-5CF4-0000-0010C65A2B00}",
        "Company":  "Microsoft Corporation",
        "IntegrityLevel":  "High",
        "EventId":  1,
        "FileVersion":  "10.0.17134.1 (WinBuild.160101.0800)",
        "User":  "SEC504STUDENT\\Sec504",
        "RuleName":  null,
        "Product":  "Microsoft? Windows? Operating System",
        "LogonId":  "0x2c0a4",
        "ProcessId":  "3280",
        "LogonGuid":  "{AC6A4E42-0419-5CF4-0000-0020A4C00200}",
        "TerminalSessionId":  "1",
        "ParentProcessGuid":  "{AC6A4E42-0411-5CF4-0000-00108EA50000}",
        "ParentProcessId":  "716",
        "ParentImage":  "C:\\Windows\\System32\\svchost.exe"
    },
    {
        "ParentCommandLine":  "C:\\WINDOWS\\system32\\services.exe",
        "Description":  "Host Process for Windows Services",
        "CommandLine":  "C:\\WINDOWS\\System32\\svchost.exe -k swprv",
        "CurrentDirectory":  "C:\\WINDOWS\\system32\\",
        "Hashes":  "SHA1=660B76B6FB802417D513ADC967C5CAF77FC2BAC6,MD5=32569E403279B3FD2EDB7EBD036273FA,SHA256=C9A28DC8004C3E043CBF8E3A194FDA2B756CE90740DF2175488337281B485F69,IMPHASH=3A8297483C1777054C7BAFEA5E6A8853",
        "Image":  "C:\\Windows\\System32\\svchost.exe",
        "UtcTime":  "2019-06-03 10:33:56.693",
        "ProcessGuid":  "{AC6A4E42-F794-5CF4-0000-00107F662B00}",
        "Company":  "Microsoft Corporation",
        "IntegrityLevel":  "System",
        "EventId":  1,
        "FileVersion":  "10.0.17134.1 (WinBuild.160101.0800)",
        "User":  "NT AUTHORITY\\SYSTEM",
        "RuleName":  null,
        "Product":  "Microsoft? Windows? Operating System",
        "LogonId":  "0x3e7",
        "ProcessId":  "4992",
        "LogonGuid":  "{AC6A4E42-0410-5CF4-0000-0020E7030000}",
        "TerminalSessionId":  "0",
        "ParentProcessGuid":  "{AC6A4E42-0410-5CF4-0000-001002910000}",
        "ParentProcessId":  "572",
        "ParentImage":  "C:\\Windows\\System32\\services.exe"
    },
    {
        "ParentCommandLine":  "C:\\WINDOWS\\System32\\sdiagnhost.exe -Embedding",
        "Description":  "Console Window Host",
        "CommandLine":  "\\??\\C:\\WINDOWS\\system32\\conhost.exe 0xffffffff -ForceV1",
        "CurrentDirectory":  "C:\\WINDOWS",
        "Hashes":  "SHA1=8F9BC1B7D65188D0ADBDF74CCCE4EED78BF4C129,MD5=EA777DEEA782E8B4D7C7C33BBF8A4496,SHA256=04B6A35BC504401989B9E674C57C9E84D0CBDBBD9D8CE0CE83D7CECA0B7175ED,IMPHASH=63E065B05DF33ACB4D95B3DD04670B8F",
        "Image":  "C:\\Windows\\System32\\conhost.exe",
        "UtcTime":  "2019-06-03 10:33:56.733",
        "ProcessGuid":  "{AC6A4E42-F794-5CF4-0000-00103E692B00}",
        "Company":  "Microsoft Corporation",
        "IntegrityLevel":  "High",
        "EventId":  1,
        "FileVersion":  "10.0.17134.1 (WinBuild.160101.0800)",
        "User":  "SEC504STUDENT\\Sec504",
        "RuleName":  null,
        "Product":  "Microsoft? Windows? Operating System",
        "LogonId":  "0x2c0a4",
        "ProcessId":  "1540",
        "LogonGuid":  "{AC6A4E42-0419-5CF4-0000-0020A4C00200}",
        "TerminalSessionId":  "1",
        "ParentProcessGuid":  "{AC6A4E42-F794-5CF4-0000-0010C65A2B00}",
        "ParentProcessId":  "3280",
        "ParentImage":  "C:\\Windows\\System32\\sdiagnhost.exe"
    },
    {
        "ParentCommandLine":  "C:\\WINDOWS\\system32\\svchost.exe -k DcomLaunch -p",
        "Description":  "wuapihost",
        "CommandLine":  "C:\\Windows\\System32\\wuapihost.exe -Embedding",
        "CurrentDirectory":  "C:\\WINDOWS\\system32\\",
        "Hashes":  "SHA1=9A697D80725323D371BF593602CDCA240A42AE13,MD5=85C9C161B102A164EC09A23CACDDD09E,SHA256=0B815AEE868A6A9247765552359E0A91A373ED4C2F586608117F22F6454D05CD,IMPHASH=04AC43054DE90C6C2629EAD16AB86780",
        "Image":  "C:\\Windows\\System32\\wuapihost.exe",
        "UtcTime":  "2019-06-03 10:34:00.892",
        "ProcessGuid":  "{AC6A4E42-F798-5CF4-0000-001043FD2B00}",
        "Company":  "Microsoft Corporation",
        "IntegrityLevel":  "Medium",
        "EventId":  1,
        "FileVersion":  "10.0.17134.1 (WinBuild.160101.0800)",
        "User":  "SEC504STUDENT\\Sec504",
        "RuleName":  null,
        "Product":  "Microsoft? Windows? Operating System",
        "LogonId":  "0x2c0d8",
        "ProcessId":  "1444",
        "LogonGuid":  "{AC6A4E42-0419-5CF4-0000-0020D8C00200}",
        "TerminalSessionId":  "1",
        "ParentProcessGuid":  "{AC6A4E42-0411-5CF4-0000-00108EA50000}",
        "ParentProcessId":  "716",
        "ParentImage":  "C:\\Windows\\System32\\svchost.exe"
    },
    {
        "ParentCommandLine":  "C:\\WINDOWS\\system32\\devicecensus.exe",
        "Description":  "Console Window Host",
        "CommandLine":  "\\??\\C:\\WINDOWS\\system32\\conhost.exe 0xffffffff -ForceV1",
        "CurrentDirectory":  "C:\\WINDOWS",
        "Hashes":  "SHA1=8F9BC1B7D65188D0ADBDF74CCCE4EED78BF4C129,MD5=EA777DEEA782E8B4D7C7C33BBF8A4496,SHA256=04B6A35BC504401989B9E674C57C9E84D0CBDBBD9D8CE0CE83D7CECA0B7175ED,IMPHASH=63E065B05DF33ACB4D95B3DD04670B8F",
        "Image":  "C:\\Windows\\System32\\conhost.exe",
        "UtcTime":  "2019-06-03 10:34:01.525",
        "ProcessGuid":  "{AC6A4E42-F799-5CF4-0000-0010B8132C00}",
        "Company":  "Microsoft Corporation",
        "IntegrityLevel":  "System",
        "EventId":  1,
        "FileVersion":  "10.0.17134.1 (WinBuild.160101.0800)",
        "User":  "NT AUTHORITY\\SYSTEM",
        "RuleName":  null,
        "Product":  "Microsoft? Windows? Operating System",
        "LogonId":  "0x3e7",
        "ProcessId":  "3864",
        "LogonGuid":  "{AC6A4E42-0410-5CF4-0000-0020E7030000}",
        "TerminalSessionId":  "0",
        "ParentProcessGuid":  "{AC6A4E42-F792-5CF4-0000-0010FDC02A00}",
        "ParentProcessId":  "5400",
        "ParentImage":  "C:\\Windows\\System32\\DeviceCensus.exe"
    },
    {
        "ParentCommandLine":  "C:\\WINDOWS\\system32\\compattelrunner.exe",
        "Description":  "Console Window Host",
        "CommandLine":  "\\??\\C:\\WINDOWS\\system32\\conhost.exe 0xffffffff -ForceV1",
        "CurrentDirectory":  "C:\\WINDOWS",
        "Hashes":  "SHA1=8F9BC1B7D65188D0ADBDF74CCCE4EED78BF4C129,MD5=EA777DEEA782E8B4D7C7C33BBF8A4496,SHA256=04B6A35BC504401989B9E674C57C9E84D0CBDBBD9D8CE0CE83D7CECA0B7175ED,IMPHASH=63E065B05DF33ACB4D95B3DD04670B8F",
        "Image":  "C:\\Windows\\System32\\conhost.exe",
        "UtcTime":  "2019-06-03 10:34:01.526",
        "ProcessGuid":  "{AC6A4E42-F799-5CF4-0000-0010AF132C00}",
        "Company":  "Microsoft Corporation",
        "IntegrityLevel":  "System",
        "EventId":  1,
        "FileVersion":  "10.0.17134.1 (WinBuild.160101.0800)",
        "User":  "NT AUTHORITY\\SYSTEM",
        "RuleName":  null,
        "Product":  "Microsoft? Windows? Operating System",
        "LogonId":  "0x3e7",
        "ProcessId":  "540",
        "LogonGuid":  "{AC6A4E42-0410-5CF4-0000-0020E7030000}",
        "TerminalSessionId":  "0",
        "ParentProcessGuid":  "{AC6A4E42-F792-5CF4-0000-0010F2C72A00}",
        "ParentProcessId":  "2500",
        "ParentImage":  "C:\\Windows\\System32\\CompatTelRunner.exe"
    },
    {
        "ParentCommandLine":  "C:\\WINDOWS\\system32\\services.exe",
        "Description":  "Host Process for Windows Services",
        "CommandLine":  "C:\\WINDOWS\\System32\\svchost.exe -k WerSvcGroup",
        "CurrentDirectory":  "C:\\WINDOWS\\system32\\",
        "Hashes":  "SHA1=660B76B6FB802417D513ADC967C5CAF77FC2BAC6,MD5=32569E403279B3FD2EDB7EBD036273FA,SHA256=C9A28DC8004C3E043CBF8E3A194FDA2B756CE90740DF2175488337281B485F69,IMPHASH=3A8297483C1777054C7BAFEA5E6A8853",
        "Image":  "C:\\Windows\\System32\\svchost.exe",
        "UtcTime":  "2019-06-03 10:34:02.403",
        "ProcessGuid":  "{AC6A4E42-F79A-5CF4-0000-0010EA6F2C00}",
        "Company":  "Microsoft Corporation",
        "IntegrityLevel":  "System",
        "EventId":  1,
        "FileVersion":  "10.0.17134.1 (WinBuild.160101.0800)",
        "User":  "NT AUTHORITY\\SYSTEM",
        "RuleName":  null,
        "Product":  "Microsoft? Windows? Operating System",
        "LogonId":  "0x3e7",
        "ProcessId":  "492",
        "LogonGuid":  "{AC6A4E42-0410-5CF4-0000-0020E7030000}",
        "TerminalSessionId":  "0",
        "ParentProcessGuid":  "{AC6A4E42-0410-5CF4-0000-001002910000}",
        "ParentProcessId":  "572",
        "ParentImage":  "C:\\Windows\\System32\\services.exe"
    },
    {
        "ParentCommandLine":  "\"C:\\Program Files\\Windows Defender\\MpCmdRun.exe\" -IdleTask -TaskName WdCleanup",
        "Description":  "Console Window Host",
        "CommandLine":  "\\??\\C:\\WINDOWS\\system32\\conhost.exe 0xffffffff -ForceV1",
        "CurrentDirectory":  "C:\\WINDOWS",
        "Hashes":  "SHA1=8F9BC1B7D65188D0ADBDF74CCCE4EED78BF4C129,MD5=EA777DEEA782E8B4D7C7C33BBF8A4496,SHA256=04B6A35BC504401989B9E674C57C9E84D0CBDBBD9D8CE0CE83D7CECA0B7175ED,IMPHASH=63E065B05DF33ACB4D95B3DD04670B8F",
        "Image":  "C:\\Windows\\System32\\conhost.exe",
        "UtcTime":  "2019-06-03 10:34:02.089",
        "ProcessGuid":  "{AC6A4E42-F79A-5CF4-0000-001041402C00}",
        "Company":  "Microsoft Corporation",
        "IntegrityLevel":  "System",
        "EventId":  1,
        "FileVersion":  "10.0.17134.1 (WinBuild.160101.0800)",
        "User":  "NT AUTHORITY\\SYSTEM",
        "RuleName":  null,
        "Product":  "Microsoft? Windows? Operating System",
        "LogonId":  "0x3e7",
        "ProcessId":  "320",
        "LogonGuid":  "{AC6A4E42-0410-5CF4-0000-0020E7030000}",
        "TerminalSessionId":  "0",
        "ParentProcessGuid":  "{AC6A4E42-F793-5CF4-0000-0010F2FF2A00}",
        "ParentProcessId":  "4864",
        "ParentImage":  "C:\\Program Files\\Windows Defender\\MpCmdRun.exe"
    },
    {
        "ParentCommandLine":  "\"C:\\Program Files\\Windows Defender\\MpCmdRun.exe\" -IdleTask -TaskName WdVerification",
        "Description":  "Console Window Host",
        "CommandLine":  "\\??\\C:\\WINDOWS\\system32\\conhost.exe 0xffffffff -ForceV1",
        "CurrentDirectory":  "C:\\WINDOWS",
        "Hashes":  "SHA1=8F9BC1B7D65188D0ADBDF74CCCE4EED78BF4C129,MD5=EA777DEEA782E8B4D7C7C33BBF8A4496,SHA256=04B6A35BC504401989B9E674C57C9E84D0CBDBBD9D8CE0CE83D7CECA0B7175ED,IMPHASH=63E065B05DF33ACB4D95B3DD04670B8F",
        "Image":  "C:\\Windows\\System32\\conhost.exe",
        "UtcTime":  "2019-06-03 10:34:02.092",
        "ProcessGuid":  "{AC6A4E42-F79A-5CF4-0000-0010AC402C00}",
        "Company":  "Microsoft Corporation",
        "IntegrityLevel":  "System",
        "EventId":  1,
        "FileVersion":  "10.0.17134.1 (WinBuild.160101.0800)",
        "User":  "NT AUTHORITY\\SYSTEM",
        "RuleName":  null,
        "Product":  "Microsoft? Windows? Operating System",
        "LogonId":  "0x3e7",
        "ProcessId":  "1596",
        "LogonGuid":  "{AC6A4E42-0410-5CF4-0000-0020E7030000}",
        "TerminalSessionId":  "0",
        "ParentProcessGuid":  "{AC6A4E42-F793-5CF4-0000-001016012B00}",
        "ParentProcessId":  "4184",
        "ParentImage":  "C:\\Program Files\\Windows Defender\\MpCmdRun.exe"
    },
    {
        "ParentCommandLine":  "C:\\WINDOWS\\system32\\dstokenclean.exe",
        "Description":  "Console Window Host",
        "CommandLine":  "\\??\\C:\\WINDOWS\\system32\\conhost.exe 0xffffffff -ForceV1",
        "CurrentDirectory":  "C:\\WINDOWS",
        "Hashes":  "SHA1=8F9BC1B7D65188D0ADBDF74CCCE4EED78BF4C129,MD5=EA777DEEA782E8B4D7C7C33BBF8A4496,SHA256=04B6A35BC504401989B9E674C57C9E84D0CBDBBD9D8CE0CE83D7CECA0B7175ED,IMPHASH=63E065B05DF33ACB4D95B3DD04670B8F",
        "Image":  "C:\\Windows\\System32\\conhost.exe",
        "UtcTime":  "2019-06-03 10:34:02.177",
        "ProcessGuid":  "{AC6A4E42-F79A-5CF4-0000-0010274C2C00}",
        "Company":  "Microsoft Corporation",
        "IntegrityLevel":  "System",
        "EventId":  1,
        "FileVersion":  "10.0.17134.1 (WinBuild.160101.0800)",
        "User":  "NT AUTHORITY\\SYSTEM",
        "RuleName":  null,
        "Product":  "Microsoft? Windows? Operating System",
        "LogonId":  "0x3e7",
        "ProcessId":  "1380",
        "LogonGuid":  "{AC6A4E42-0410-5CF4-0000-0020E7030000}",
        "TerminalSessionId":  "0",
        "ParentProcessGuid":  "{AC6A4E42-F793-5CF4-0000-0010A01F2B00}",
        "ParentProcessId":  "3608",
        "ParentImage":  "C:\\Windows\\System32\\dstokenclean.exe"
    },
    {
        "ParentCommandLine":  "C:\\WINDOWS\\system32\\sc.exe start w32time task_started",
        "Description":  "Console Window Host",
        "CommandLine":  "\\??\\C:\\WINDOWS\\system32\\conhost.exe 0xffffffff -ForceV1",
        "CurrentDirectory":  "C:\\WINDOWS",
        "Hashes":  "SHA1=8F9BC1B7D65188D0ADBDF74CCCE4EED78BF4C129,MD5=EA777DEEA782E8B4D7C7C33BBF8A4496,SHA256=04B6A35BC504401989B9E674C57C9E84D0CBDBBD9D8CE0CE83D7CECA0B7175ED,IMPHASH=63E065B05DF33ACB4D95B3DD04670B8F",
        "Image":  "C:\\Windows\\System32\\conhost.exe",
        "UtcTime":  "2019-06-03 10:34:02.179",
        "ProcessGuid":  "{AC6A4E42-F79A-5CF4-0000-0010454C2C00}",
        "Company":  "Microsoft Corporation",
        "IntegrityLevel":  "System",
        "EventId":  1,
        "FileVersion":  "10.0.17134.1 (WinBuild.160101.0800)",
        "User":  "NT AUTHORITY\\LOCAL SERVICE",
        "RuleName":  null,
        "Product":  "Microsoft? Windows? Operating System",
        "LogonId":  "0x3e5",
        "ProcessId":  "5056",
        "LogonGuid":  "{AC6A4E42-0412-5CF4-0000-0020E5030000}",
        "TerminalSessionId":  "0",
        "ParentProcessGuid":  "{AC6A4E42-F793-5CF4-0000-00108E112B00}",
        "ParentProcessId":  "2672",
        "ParentImage":  "C:\\Windows\\System32\\sc.exe"
    },
    {
        "ParentCommandLine":  "C:\\WINDOWS\\system32\\dmclient.exe",
        "Description":  "Console Window Host",
        "CommandLine":  "\\??\\C:\\WINDOWS\\system32\\conhost.exe 0xffffffff -ForceV1",
        "CurrentDirectory":  "C:\\WINDOWS",
        "Hashes":  "SHA1=8F9BC1B7D65188D0ADBDF74CCCE4EED78BF4C129,MD5=EA777DEEA782E8B4D7C7C33BBF8A4496,SHA256=04B6A35BC504401989B9E674C57C9E84D0CBDBBD9D8CE0CE83D7CECA0B7175ED,IMPHASH=63E065B05DF33ACB4D95B3DD04670B8F",
        "Image":  "C:\\Windows\\System32\\conhost.exe",
        "UtcTime":  "2019-06-03 10:34:02.184",
        "ProcessGuid":  "{AC6A4E42-F79A-5CF4-0000-0010824D2C00}",
        "Company":  "Microsoft Corporation",
        "IntegrityLevel":  "System",
        "EventId":  1,
        "FileVersion":  "10.0.17134.1 (WinBuild.160101.0800)",
        "User":  "NT AUTHORITY\\SYSTEM",
        "RuleName":  null,
        "Product":  "Microsoft? Windows? Operating System",
        "LogonId":  "0x3e7",
        "ProcessId":  "1192",
        "LogonGuid":  "{AC6A4E42-0410-5CF4-0000-0020E7030000}",
        "TerminalSessionId":  "0",
        "ParentProcessGuid":  "{AC6A4E42-F793-5CF4-0000-00104E212B00}",
        "ParentProcessId":  "4748",
        "ParentImage":  "C:\\Windows\\System32\\dmclient.exe"
    },
    {
        "ParentCommandLine":  "\"C:\\Program Files\\Windows Defender\\MpCmdRun.exe\" -IdleTask -TaskName WdCacheMaintenance",
        "Description":  "Console Window Host",
        "CommandLine":  "\\??\\C:\\WINDOWS\\system32\\conhost.exe 0xffffffff -ForceV1",
        "CurrentDirectory":  "C:\\WINDOWS",
        "Hashes":  "SHA1=8F9BC1B7D65188D0ADBDF74CCCE4EED78BF4C129,MD5=EA777DEEA782E8B4D7C7C33BBF8A4496,SHA256=04B6A35BC504401989B9E674C57C9E84D0CBDBBD9D8CE0CE83D7CECA0B7175ED,IMPHASH=63E065B05DF33ACB4D95B3DD04670B8F",
        "Image":  "C:\\Windows\\System32\\conhost.exe",
        "UtcTime":  "2019-06-03 10:34:02.187",
        "ProcessGuid":  "{AC6A4E42-F79A-5CF4-0000-0010464E2C00}",
        "Company":  "Microsoft Corporation",
        "IntegrityLevel":  "System",
        "EventId":  1,
        "FileVersion":  "10.0.17134.1 (WinBuild.160101.0800)",
        "User":  "NT AUTHORITY\\SYSTEM",
        "RuleName":  null,
        "Product":  "Microsoft? Windows? Operating System",
        "LogonId":  "0x3e7",
        "ProcessId":  "712",
        "LogonGuid":  "{AC6A4E42-0410-5CF4-0000-0020E7030000}",
        "TerminalSessionId":  "0",
        "ParentProcessGuid":  "{AC6A4E42-F793-5CF4-0000-0010EF222B00}",
        "ParentProcessId":  "4924",
        "ParentImage":  "C:\\Program Files\\Windows Defender\\MpCmdRun.exe"
    },
