    {
        "ParentCommandLine":  "C:\\WINDOWS\\system32\\services.exe",
        "Description":  "Host Process for Windows Services",
        "CommandLine":  "C:\\WINDOWS\\system32\\svchost.exe -k wusvcs -p",
        "CurrentDirectory":  "C:\\WINDOWS\\system32\\",
        "Hashes":  "SHA1=660B76B6FB802417D513ADC967C5CAF77FC2BAC6,MD5=32569E403279B3FD2EDB7EBD036273FA,SHA256=C9A28DC8004C3E043CBF8E3A194FDA2B756CE90740DF2175488337281B485F69,IMPHASH=3A8297483C1777054C7BAFEA5E6A8853",
        "Image":  "C:\\Windows\\System32\\svchost.exe",
        "UtcTime":  "2019-06-03 10:34:02.594",
        "ProcessGuid":  "{AC6A4E42-F79A-5CF4-0000-0010AF882C00}",
        "Company":  "Microsoft Corporation",
        "IntegrityLevel":  "System",
        "EventId":  1,
        "FileVersion":  "10.0.17134.1 (WinBuild.160101.0800)",
        "User":  "NT AUTHORITY\\SYSTEM",
        "RuleName":  null,
        "Product":  "Microsoft? Windows? Operating System",
        "LogonId":  "0x3e7",
        "ProcessId":  "336",
        "LogonGuid":  "{AC6A4E42-0410-5CF4-0000-0020E7030000}",
        "TerminalSessionId":  "0",
        "ParentProcessGuid":  "{AC6A4E42-0410-5CF4-0000-001002910000}",
        "ParentProcessId":  "572",
        "ParentImage":  "C:\\Windows\\System32\\services.exe"
    },
    {
        "ParentCommandLine":  "C:\\WINDOWS\\system32\\lpremove.exe",
        "Description":  "Console Window Host",
        "CommandLine":  "\\??\\C:\\WINDOWS\\system32\\conhost.exe 0xffffffff -ForceV1",
        "CurrentDirectory":  "C:\\WINDOWS",
        "Hashes":  "SHA1=8F9BC1B7D65188D0ADBDF74CCCE4EED78BF4C129,MD5=EA777DEEA782E8B4D7C7C33BBF8A4496,SHA256=04B6A35BC504401989B9E674C57C9E84D0CBDBBD9D8CE0CE83D7CECA0B7175ED,IMPHASH=63E065B05DF33ACB4D95B3DD04670B8F",
        "Image":  "C:\\Windows\\System32\\conhost.exe",
        "UtcTime":  "2019-06-03 10:34:02.190",
        "ProcessGuid":  "{AC6A4E42-F79A-5CF4-0000-0010B34E2C00}",
        "Company":  "Microsoft Corporation",
        "IntegrityLevel":  "System",
        "EventId":  1,
        "FileVersion":  "10.0.17134.1 (WinBuild.160101.0800)",
        "User":  "NT AUTHORITY\\SYSTEM",
        "RuleName":  null,
        "Product":  "Microsoft? Windows? Operating System",
        "LogonId":  "0x3e7",
        "ProcessId":  "5816",
        "LogonGuid":  "{AC6A4E42-0410-5CF4-0000-0020E7030000}",
        "TerminalSessionId":  "0",
        "ParentProcessGuid":  "{AC6A4E42-F793-5CF4-0000-001044232B00}",
        "ParentProcessId":  "2928",
        "ParentImage":  "C:\\Windows\\System32\\lpremove.exe"
    },
    {
        "ParentCommandLine":  "C:\\WINDOWS\\system32\\disksnapshot.exe -z",
        "Description":  "Console Window Host",
        "CommandLine":  "\\??\\C:\\WINDOWS\\system32\\conhost.exe 0xffffffff -ForceV1",
        "CurrentDirectory":  "C:\\WINDOWS",
        "Hashes":  "SHA1=8F9BC1B7D65188D0ADBDF74CCCE4EED78BF4C129,MD5=EA777DEEA782E8B4D7C7C33BBF8A4496,SHA256=04B6A35BC504401989B9E674C57C9E84D0CBDBBD9D8CE0CE83D7CECA0B7175ED,IMPHASH=63E065B05DF33ACB4D95B3DD04670B8F",
        "Image":  "C:\\Windows\\System32\\conhost.exe",
        "UtcTime":  "2019-06-03 10:34:02.559",
        "ProcessGuid":  "{AC6A4E42-F79A-5CF4-0000-001013842C00}",
        "Company":  "Microsoft Corporation",
        "IntegrityLevel":  "System",
        "EventId":  1,
        "FileVersion":  "10.0.17134.1 (WinBuild.160101.0800)",
        "User":  "NT AUTHORITY\\SYSTEM",
        "RuleName":  null,
        "Product":  "Microsoft? Windows? Operating System",
        "LogonId":  "0x3e7",
        "ProcessId":  "1968",
        "LogonGuid":  "{AC6A4E42-0410-5CF4-0000-0020E7030000}",
        "TerminalSessionId":  "0",
        "ParentProcessGuid":  "{AC6A4E42-F793-5CF4-0000-0010991B2B00}",
        "ParentProcessId":  "3404",
        "ParentImage":  "C:\\Windows\\System32\\DiskSnapshot.exe"
    },
    {
        "ParentCommandLine":  "\"C:\\Program Files\\Windows Defender\\MpCmdRun.exe\" Scan -ScheduleJob",
        "Description":  "Console Window Host",
        "CommandLine":  "\\??\\C:\\WINDOWS\\system32\\conhost.exe 0xffffffff -ForceV1",
        "CurrentDirectory":  "C:\\WINDOWS",
        "Hashes":  "SHA1=8F9BC1B7D65188D0ADBDF74CCCE4EED78BF4C129,MD5=EA777DEEA782E8B4D7C7C33BBF8A4496,SHA256=04B6A35BC504401989B9E674C57C9E84D0CBDBBD9D8CE0CE83D7CECA0B7175ED,IMPHASH=63E065B05DF33ACB4D95B3DD04670B8F",
        "Image":  "C:\\Windows\\System32\\conhost.exe",
        "UtcTime":  "2019-06-03 10:34:02.560",
        "ProcessGuid":  "{AC6A4E42-F79A-5CF4-0000-00107F842C00}",
        "Company":  "Microsoft Corporation",
        "IntegrityLevel":  "System",
        "EventId":  1,
        "FileVersion":  "10.0.17134.1 (WinBuild.160101.0800)",
        "User":  "NT AUTHORITY\\SYSTEM",
        "RuleName":  null,
        "Product":  "Microsoft? Windows? Operating System",
        "LogonId":  "0x3e7",
        "ProcessId":  "5012",
        "LogonGuid":  "{AC6A4E42-0410-5CF4-0000-0020E7030000}",
        "TerminalSessionId":  "0",
        "ParentProcessGuid":  "{AC6A4E42-F793-5CF4-0000-001017222B00}",
        "ParentProcessId":  "5132",
        "ParentImage":  "C:\\Program Files\\Windows Defender\\MpCmdRun.exe"
    },
    {
        "ParentCommandLine":  "taskhostw.exe None",
        "Description":  "Microsoft .NET Framework optimization service",
        "CommandLine":  "\"C:\\Windows\\Microsoft.NET\\Framework64\\v4.0.30319\\NGenTask.exe\" /RuntimeWide /StopEvent:1076",
        "CurrentDirectory":  "C:\\WINDOWS\\system32\\",
        "Hashes":  "SHA1=86DD2A5845C2EF0960A704B71A4926041F5080BD,MD5=AA98E294A0210BDA5F79A7288F91B78C,SHA256=36576DB25877FA5ECBF8E1C91D640A45ED5E66F42BE3EB1DF31453810966EA9D,IMPHASH=00000000000000000000000000000000",
        "Image":  "C:\\Windows\\Microsoft.NET\\Framework64\\v4.0.30319\\ngentask.exe",
        "UtcTime":  "2019-06-03 10:34:05.088",
        "ProcessGuid":  "{AC6A4E42-F79D-5CF4-0000-0010ACB12D00}",
        "Company":  "Microsoft Corporation",
        "IntegrityLevel":  "System",
        "EventId":  1,
        "FileVersion":  "4.7.3056.0 built by: NET472REL1",
        "User":  "NT AUTHORITY\\SYSTEM",
        "RuleName":  null,
        "Product":  "Microsoft? .NET Framework",
        "LogonId":  "0x3e7",
        "ProcessId":  "5700",
        "LogonGuid":  "{AC6A4E42-0410-5CF4-0000-0020E7030000}",
        "TerminalSessionId":  "0",
        "ParentProcessGuid":  "{AC6A4E42-F792-5CF4-0000-0010FFBF2A00}",
        "ParentProcessId":  "2256",
        "ParentImage":  "C:\\Windows\\System32\\taskhostw.exe"
    },
    {
        "ParentCommandLine":  "\"C:\\Windows\\Microsoft.NET\\Framework64\\v4.0.30319\\NGenTask.exe\" /RuntimeWide /StopEvent:1076",
        "Description":  "Console Window Host",
        "CommandLine":  "\\??\\C:\\WINDOWS\\system32\\conhost.exe 0xffffffff -ForceV1",
        "CurrentDirectory":  "C:\\WINDOWS",
        "Hashes":  "SHA1=8F9BC1B7D65188D0ADBDF74CCCE4EED78BF4C129,MD5=EA777DEEA782E8B4D7C7C33BBF8A4496,SHA256=04B6A35BC504401989B9E674C57C9E84D0CBDBBD9D8CE0CE83D7CECA0B7175ED,IMPHASH=63E065B05DF33ACB4D95B3DD04670B8F",
        "Image":  "C:\\Windows\\System32\\conhost.exe",
        "UtcTime":  "2019-06-03 10:34:06.433",
        "ProcessGuid":  "{AC6A4E42-F79E-5CF4-0000-00107E052E00}",
        "Company":  "Microsoft Corporation",
        "IntegrityLevel":  "System",
        "EventId":  1,
        "FileVersion":  "10.0.17134.1 (WinBuild.160101.0800)",
        "User":  "NT AUTHORITY\\SYSTEM",
        "RuleName":  null,
        "Product":  "Microsoft? Windows? Operating System",
        "LogonId":  "0x3e7",
        "ProcessId":  "464",
        "LogonGuid":  "{AC6A4E42-0410-5CF4-0000-0020E7030000}",
        "TerminalSessionId":  "0",
        "ParentProcessGuid":  "{AC6A4E42-F79D-5CF4-0000-0010ACB12D00}",
        "ParentProcessId":  "5700",
        "ParentImage":  "C:\\Windows\\Microsoft.NET\\Framework64\\v4.0.30319\\ngentask.exe"
    },
    {
        "ParentCommandLine":  "C:\\WINDOWS\\system32\\svchost.exe -k DcomLaunch -p",
        "Description":  "WMI Provider Host",
        "CommandLine":  "C:\\WINDOWS\\system32\\wbem\\wmiprvse.exe -Embedding",
        "CurrentDirectory":  "C:\\WINDOWS\\system32\\",
        "Hashes":  "SHA1=BDAB221CCEF7ACD7A027447725DE8FFEAEBEF22C,MD5=A782A4ED336750D10B3CAF776AFE8E70,SHA256=C8533BB3B6088EFB1D641B76FC7583C6BB7AA60B2CCC18F01FFE55A08D1664B7,IMPHASH=4C65639464BEB5DE1E9CA17A71DF4BEF",
        "Image":  "C:\\Windows\\System32\\wbem\\WmiPrvSE.exe",
        "UtcTime":  "2019-06-03 10:34:06.616",
        "ProcessGuid":  "{AC6A4E42-F79E-5CF4-0000-0010531C2E00}",
        "Company":  "Microsoft Corporation",
        "IntegrityLevel":  "System",
        "EventId":  1,
        "FileVersion":  "10.0.17134.1 (WinBuild.160101.0800)",
        "User":  "NT AUTHORITY\\SYSTEM",
        "RuleName":  null,
        "Product":  "Microsoft? Windows? Operating System",
        "LogonId":  "0x3e7",
        "ProcessId":  "3252",
        "LogonGuid":  "{AC6A4E42-0410-5CF4-0000-0020E7030000}",
        "TerminalSessionId":  "0",
        "ParentProcessGuid":  "{AC6A4E42-0411-5CF4-0000-00108EA50000}",
        "ParentProcessId":  "716",
        "ParentImage":  "C:\\Windows\\System32\\svchost.exe"
    },
    {
        "ParentCommandLine":  "\"C:\\Windows\\Microsoft.NET\\Framework64\\v4.0.30319\\NGenTask.exe\" /RuntimeWide /StopEvent:1076",
        "Description":  "Microsoft Common Language Runtime native compiler",
        "CommandLine":  "\"C:\\Windows\\Microsoft.NET\\Framework64\\v4.0.30319\\ngen.exe\" RemoveTaskDelayStartTrigger /LegacyServiceBehavior",
        "CurrentDirectory":  "C:\\WINDOWS\\system32\\",
        "Hashes":  "SHA1=AFAEE76E6FEA9614CC1C88A4488AA719920ED1F9,MD5=FBA5E8D94C9EADC279BC06B9CF041A9A,SHA256=404546D457AF97DB97D728E848E1544E351C07A9946710C0DF3DB1899E0908A8,IMPHASH=6C889A541B155E63FAE2CE0264E80BD6",
        "Image":  "C:\\Windows\\Microsoft.NET\\Framework64\\v4.0.30319\\ngen.exe",
        "UtcTime":  "2019-06-03 10:34:06.974",
        "ProcessGuid":  "{AC6A4E42-F79E-5CF4-0000-0010643F2E00}",
        "Company":  "Microsoft Corporation",
        "IntegrityLevel":  "System",
        "EventId":  1,
        "FileVersion":  "4.7.3056.0 built by: NET472REL1",
        "User":  "NT AUTHORITY\\SYSTEM",
        "RuleName":  null,
        "Product":  "Microsoft? .NET Framework",
        "LogonId":  "0x3e7",
        "ProcessId":  "1600",
        "LogonGuid":  "{AC6A4E42-0410-5CF4-0000-0020E7030000}",
        "TerminalSessionId":  "0",
        "ParentProcessGuid":  "{AC6A4E42-F79D-5CF4-0000-0010ACB12D00}",
        "ParentProcessId":  "5700",
        "ParentImage":  "C:\\Windows\\Microsoft.NET\\Framework64\\v4.0.30319\\ngentask.exe"
    },
    {
        "ParentCommandLine":  "taskhostw.exe None",
        "Description":  "Microsoft .NET Framework optimization service",
        "CommandLine":  "\"C:\\Windows\\Microsoft.NET\\Framework\\v4.0.30319\\NGenTask.exe\" /RuntimeWide /StopEvent:1280",
        "CurrentDirectory":  "C:\\WINDOWS\\system32\\",
        "Hashes":  "SHA1=AEE93C4D84C2035C2FB20E4550672203FD209C60,MD5=ED7F195F7121781CC3D380942765B57D,SHA256=CA003ECD9A6CAAE17824816D1D869173510B2EB3C13F62E1A5615F1DA64F9676,IMPHASH=F34D5F2D4577ED6D9CEEC516C1F5A744",
        "Image":  "C:\\Windows\\Microsoft.NET\\Framework\\v4.0.30319\\ngentask.exe",
        "UtcTime":  "2019-06-03 10:34:06.990",
        "ProcessGuid":  "{AC6A4E42-F79E-5CF4-0000-001096412E00}",
        "Company":  "Microsoft Corporation",
        "IntegrityLevel":  "System",
        "EventId":  1,
        "FileVersion":  "4.7.3056.0 built by: NET472REL1",
        "User":  "NT AUTHORITY\\SYSTEM",
        "RuleName":  null,
        "Product":  "Microsoft? .NET Framework",
        "LogonId":  "0x3e7",
        "ProcessId":  "4784",
        "LogonGuid":  "{AC6A4E42-0410-5CF4-0000-0020E7030000}",
        "TerminalSessionId":  "0",
        "ParentProcessGuid":  "{AC6A4E42-F792-5CF4-0000-0010FFBF2A00}",
        "ParentProcessId":  "2256",
        "ParentImage":  "C:\\Windows\\System32\\taskhostw.exe"
    },
    {
        "ParentCommandLine":  "C:\\WINDOWS\\system32\\compattelrunner.exe -maintenance",
        "Description":  "Microsoft Compatibility Telemetry",
        "CommandLine":  "C:\\WINDOWS\\system32\\CompatTelRunner.exe -m:invagent.dll -f:RunUpdate -cv:kLeZsveC9UCcxnx9.5",
        "CurrentDirectory":  "C:\\WINDOWS\\system32\\",
        "Hashes":  "SHA1=087516F64E124B47178812EB5C13DA6E689C9CA6,MD5=7C3B9E879090F58DE81DB1BFDFF1206E,SHA256=F33317CB08C30C78CC1362FB61FE125979B6E12035E2793382D03133D7F17821,IMPHASH=F729F8CAA04F4E4BAD842E0DD0D5562F",
        "Image":  "C:\\Windows\\System32\\CompatTelRunner.exe",
        "UtcTime":  "2019-06-03 10:34:06.986",
        "ProcessGuid":  "{AC6A4E42-F79E-5CF4-0000-0010B43E2E00}",
        "Company":  "Microsoft Corporation",
        "IntegrityLevel":  "System",
        "EventId":  1,
        "FileVersion":  "10.0.17134.1 (WinBuild.160101.0800)",
        "User":  "NT AUTHORITY\\SYSTEM",
        "RuleName":  null,
        "Product":  "Microsoft? Windows? Operating System",
        "LogonId":  "0x3e7",
        "ProcessId":  "4912",
        "LogonGuid":  "{AC6A4E42-0410-5CF4-0000-0020E7030000}",
        "TerminalSessionId":  "0",
        "ParentProcessGuid":  "{AC6A4E42-F793-5CF4-0000-00109E232B00}",
        "ParentProcessId":  "5536",
        "ParentImage":  "C:\\Windows\\System32\\CompatTelRunner.exe"
    },
    {
        "ParentCommandLine":  "\"C:\\Windows\\Microsoft.NET\\Framework\\v4.0.30319\\NGenTask.exe\" /RuntimeWide /StopEvent:1280",
        "Description":  "Console Window Host",
        "CommandLine":  "\\??\\C:\\WINDOWS\\system32\\conhost.exe 0xffffffff -ForceV1",
        "CurrentDirectory":  "C:\\WINDOWS",
        "Hashes":  "SHA1=8F9BC1B7D65188D0ADBDF74CCCE4EED78BF4C129,MD5=EA777DEEA782E8B4D7C7C33BBF8A4496,SHA256=04B6A35BC504401989B9E674C57C9E84D0CBDBBD9D8CE0CE83D7CECA0B7175ED,IMPHASH=63E065B05DF33ACB4D95B3DD04670B8F",
        "Image":  "C:\\Windows\\System32\\conhost.exe",
        "UtcTime":  "2019-06-03 10:34:07.146",
        "ProcessGuid":  "{AC6A4E42-F79F-5CF4-0000-0010FE512E00}",
        "Company":  "Microsoft Corporation",
        "IntegrityLevel":  "System",
        "EventId":  1,
        "FileVersion":  "10.0.17134.1 (WinBuild.160101.0800)",
        "User":  "NT AUTHORITY\\SYSTEM",
        "RuleName":  null,
        "Product":  "Microsoft? Windows? Operating System",
        "LogonId":  "0x3e7",
        "ProcessId":  "5868",
        "LogonGuid":  "{AC6A4E42-0410-5CF4-0000-0020E7030000}",
        "TerminalSessionId":  "0",
        "ParentProcessGuid":  "{AC6A4E42-F79E-5CF4-0000-001096412E00}",
        "ParentProcessId":  "4784",
        "ParentImage":  "C:\\Windows\\Microsoft.NET\\Framework\\v4.0.30319\\ngentask.exe"
    },
    {
        "ParentCommandLine":  "\"C:\\Windows\\Microsoft.NET\\Framework64\\v4.0.30319\\NGenTask.exe\" /RuntimeWide /StopEvent:1076",
        "Description":  "Microsoft Common Language Runtime native compiler",
        "CommandLine":  "\"C:\\Windows\\Microsoft.NET\\Framework64\\v4.0.30319\\ngen.exe\" ExecuteQueuedItems /LegacyServiceBehavior",
        "CurrentDirectory":  "C:\\WINDOWS\\system32\\",
        "Hashes":  "SHA1=AFAEE76E6FEA9614CC1C88A4488AA719920ED1F9,MD5=FBA5E8D94C9EADC279BC06B9CF041A9A,SHA256=404546D457AF97DB97D728E848E1544E351C07A9946710C0DF3DB1899E0908A8,IMPHASH=6C889A541B155E63FAE2CE0264E80BD6",
        "Image":  "C:\\Windows\\Microsoft.NET\\Framework64\\v4.0.30319\\ngen.exe",
        "UtcTime":  "2019-06-03 10:34:07.148",
        "ProcessGuid":  "{AC6A4E42-F79F-5CF4-0000-001032522E00}",
        "Company":  "Microsoft Corporation",
        "IntegrityLevel":  "System",
        "EventId":  1,
        "FileVersion":  "4.7.3056.0 built by: NET472REL1",
        "User":  "NT AUTHORITY\\SYSTEM",
        "RuleName":  null,
        "Product":  "Microsoft? .NET Framework",
        "LogonId":  "0x3e7",
        "ProcessId":  "396",
        "LogonGuid":  "{AC6A4E42-0410-5CF4-0000-0020E7030000}",
        "TerminalSessionId":  "0",
        "ParentProcessGuid":  "{AC6A4E42-F79D-5CF4-0000-0010ACB12D00}",
        "ParentProcessId":  "5700",
        "ParentImage":  "C:\\Windows\\Microsoft.NET\\Framework64\\v4.0.30319\\ngentask.exe"
    },
    {
        "ParentCommandLine":  "\"C:\\Windows\\Microsoft.NET\\Framework64\\v4.0.30319\\NGenTask.exe\" /RuntimeWide /StopEvent:1076",
        "Description":  "Microsoft Common Language Runtime native compiler",
        "CommandLine":  "\"C:\\Windows\\Microsoft.NET\\Framework64\\v4.0.30319\\ngen.exe\" install \"System.Dynamic, Version=4.0.0.0, Culture=neutral, PublicKeyToken=b03f5f7f11d50a3a\" /NoDependencies /noroot /version:v4.0.30319 /LegacyServiceBehavior",
        "CurrentDirectory":  "C:\\WINDOWS\\system32\\",
        "Hashes":  "SHA1=AFAEE76E6FEA9614CC1C88A4488AA719920ED1F9,MD5=FBA5E8D94C9EADC279BC06B9CF041A9A,SHA256=404546D457AF97DB97D728E848E1544E351C07A9946710C0DF3DB1899E0908A8,IMPHASH=6C889A541B155E63FAE2CE0264E80BD6",
        "Image":  "C:\\Windows\\Microsoft.NET\\Framework64\\v4.0.30319\\ngen.exe",
        "UtcTime":  "2019-06-03 10:34:07.800",
        "ProcessGuid":  "{AC6A4E42-F79F-5CF4-0000-001043742E00}",
        "Company":  "Microsoft Corporation",
        "IntegrityLevel":  "System",
        "EventId":  1,
        "FileVersion":  "4.7.3056.0 built by: NET472REL1",
        "User":  "NT AUTHORITY\\SYSTEM",
        "RuleName":  null,
        "Product":  "Microsoft? .NET Framework",
        "LogonId":  "0x3e7",
        "ProcessId":  "6060",
        "LogonGuid":  "{AC6A4E42-0410-5CF4-0000-0020E7030000}",
        "TerminalSessionId":  "0",
        "ParentProcessGuid":  "{AC6A4E42-F79D-5CF4-0000-0010ACB12D00}",
        "ParentProcessId":  "5700",
        "ParentImage":  "C:\\Windows\\Microsoft.NET\\Framework64\\v4.0.30319\\ngentask.exe"
    },
    {
        "ParentCommandLine":  "\"C:\\Windows\\Microsoft.NET\\Framework64\\v4.0.30319\\ngen.exe\" install \"System.Dynamic, Version=4.0.0.0, Culture=neutral, PublicKeyToken=b03f5f7f11d50a3a\" /NoDependencies /noroot /version:v4.0.30319 /LegacyServiceBehavior",
        "Description":  ".NET Runtime Optimization Service",
        "CommandLine":  "C:\\Windows\\Microsoft.NET\\Framework64\\v4.0.30319\\mscorsvw.exe -StartupEvent 198 -InterruptEvent 0 -NGENProcess 184 -Pipe 194 -Comment \"NGen Worker Process\"",
        "CurrentDirectory":  "C:\\WINDOWS\\system32\\",
        "Hashes":  "SHA1=E3A29DA9DAB9FEBF91FB02C37A9D7F85A7457C64,MD5=B00E9325AC7356A3F4864EAAAD48E13F,SHA256=393729C6F0E4D018039FC0C81C6B3740D43224B2F5889C2D3376C94EF0998574,IMPHASH=85A5DA6383F214945EEDFCFA76A55888",
        "Image":  "C:\\Windows\\Microsoft.NET\\Framework64\\v4.0.30319\\mscorsvw.exe",
        "UtcTime":  "2019-06-03 10:34:08.105",
        "ProcessGuid":  "{AC6A4E42-F7A0-5CF4-0000-001025892E00}",
        "Company":  "Microsoft Corporation",
        "IntegrityLevel":  "System",
        "EventId":  1,
        "FileVersion":  "4.7.3056.0 built by: NET472REL1",
        "User":  "NT AUTHORITY\\SYSTEM",
        "RuleName":  null,
        "Product":  "Microsoft? .NET Framework",
        "LogonId":  "0x3e7",
        "ProcessId":  "344",
        "LogonGuid":  "{AC6A4E42-0410-5CF4-0000-0020E7030000}",
        "TerminalSessionId":  "0",
        "ParentProcessGuid":  "{AC6A4E42-F79F-5CF4-0000-001043742E00}",
        "ParentProcessId":  "6060",
        "ParentImage":  "C:\\Windows\\Microsoft.NET\\Framework64\\v4.0.30319\\ngen.exe"
    },
    {
        "ParentCommandLine":  "C:\\WINDOWS\\system32\\services.exe",
        "Description":  "Microsoft Software Protection Platform Service",
        "CommandLine":  "C:\\WINDOWS\\system32\\sppsvc.exe",
        "CurrentDirectory":  "C:\\WINDOWS",
        "Hashes":  "SHA1=7749D1C531D85C69047576B3BB3525E0B01A2942,MD5=FEEC8055C5986182C717DD888000AEF6,SHA256=E09B7B1DE43A226842A4B8C591D712E51585BC7E8A39CFB8852CBF16D234C3A6,IMPHASH=C42F40AB10E3DCDA39CACEA7B6F2A6A0",
        "Image":  "C:\\Windows\\System32\\sppsvc.exe",
        "UtcTime":  "2019-06-03 10:34:08.130",
        "ProcessGuid":  "{AC6A4E42-F7A0-5CF4-0000-0010F8892E00}",
        "Company":  "Microsoft Corporation",
        "IntegrityLevel":  "System",
        "EventId":  1,
        "FileVersion":  "10.0.17134.1 (WinBuild.160101.0800)",
        "User":  "NT AUTHORITY\\NETWORK SERVICE",
        "RuleName":  null,
        "Product":  "Microsoft? Windows? Operating System",
        "LogonId":  "0x3e4",
        "ProcessId":  "4656",
        "LogonGuid":  "{AC6A4E42-0411-5CF4-0000-0020E4030000}",
        "TerminalSessionId":  "0",
        "ParentProcessGuid":  "{AC6A4E42-0410-5CF4-0000-001002910000}",
        "ParentProcessId":  "572",
        "ParentImage":  "C:\\Windows\\System32\\services.exe"
    },
    {
        "ParentCommandLine":  "C:\\WINDOWS\\system32\\compattelrunner.exe",
        "Description":  "Microsoft Compatibility Telemetry",
        "CommandLine":  "C:\\WINDOWS\\system32\\CompatTelRunner.exe -m:appraiser.dll -f:DoScheduledTelemetryRun -cv:E0N9JyNMl0uNHZck.1",
        "CurrentDirectory":  "C:\\WINDOWS\\system32\\",
        "Hashes":  "SHA1=087516F64E124B47178812EB5C13DA6E689C9CA6,MD5=7C3B9E879090F58DE81DB1BFDFF1206E,SHA256=F33317CB08C30C78CC1362FB61FE125979B6E12035E2793382D03133D7F17821,IMPHASH=F729F8CAA04F4E4BAD842E0DD0D5562F",
        "Image":  "C:\\Windows\\System32\\CompatTelRunner.exe",
        "UtcTime":  "2019-06-03 10:34:08.470",
        "ProcessGuid":  "{AC6A4E42-F7A0-5CF4-0000-0010639F2E00}",
        "Company":  "Microsoft Corporation",
        "IntegrityLevel":  "System",
        "EventId":  1,
        "FileVersion":  "10.0.17134.1 (WinBuild.160101.0800)",
        "User":  "NT AUTHORITY\\SYSTEM",
        "RuleName":  null,
        "Product":  "Microsoft? Windows? Operating System",
        "LogonId":  "0x3e7",
        "ProcessId":  "6096",
        "LogonGuid":  "{AC6A4E42-0410-5CF4-0000-0020E7030000}",
        "TerminalSessionId":  "0",
        "ParentProcessGuid":  "{AC6A4E42-F792-5CF4-0000-0010F2C72A00}",
        "ParentProcessId":  "2500",
        "ParentImage":  "C:\\Windows\\System32\\CompatTelRunner.exe"
    },
    {
        "ParentCommandLine":  "\"C:\\Windows\\Microsoft.NET\\Framework\\v4.0.30319\\NGenTask.exe\" /RuntimeWide /StopEvent:1280",
        "Description":  "Microsoft Common Language Runtime native compiler",
        "CommandLine":  "\"C:\\Windows\\Microsoft.NET\\Framework\\v4.0.30319\\ngen.exe\" RemoveTaskDelayStartTrigger /LegacyServiceBehavior",
        "CurrentDirectory":  "C:\\WINDOWS\\system32\\",
        "Hashes":  "SHA1=FFD7991F422F82331827FB3C244B4AA93C67F28F,MD5=F3BB8D838D986786B6E4D6934673DAF1,SHA256=5568EE9750FF50F79EB2C647AE6847E33CE8FDBCB43281766C162D06CD9940A2,IMPHASH=324D9AAE78DFEF9C5B1789F66416E2FB",
        "Image":  "C:\\Windows\\Microsoft.NET\\Framework\\v4.0.30319\\ngen.exe",
        "UtcTime":  "2019-06-03 10:34:08.571",
        "ProcessGuid":  "{AC6A4E42-F7A0-5CF4-0000-0010FAA42E00}",
        "Company":  "Microsoft Corporation",
        "IntegrityLevel":  "System",
        "EventId":  1,
        "FileVersion":  "4.7.3056.0 built by: NET472REL1",
        "User":  "NT AUTHORITY\\SYSTEM",
        "RuleName":  null,
        "Product":  "Microsoft? .NET Framework",
        "LogonId":  "0x3e7",
        "ProcessId":  "4752",
        "LogonGuid":  "{AC6A4E42-0410-5CF4-0000-0020E7030000}",
        "TerminalSessionId":  "0",
        "ParentProcessGuid":  "{AC6A4E42-F79E-5CF4-0000-001096412E00}",
        "ParentProcessId":  "4784",
        "ParentImage":  "C:\\Windows\\Microsoft.NET\\Framework\\v4.0.30319\\ngentask.exe"
    },
    {
        "ParentCommandLine":  "\"C:\\Windows\\Microsoft.NET\\Framework\\v4.0.30319\\NGenTask.exe\" /RuntimeWide /StopEvent:1280",
        "Description":  "Microsoft Common Language Runtime native compiler",
        "CommandLine":  "\"C:\\Windows\\Microsoft.NET\\Framework\\v4.0.30319\\ngen.exe\" ExecuteQueuedItems /LegacyServiceBehavior",
        "CurrentDirectory":  "C:\\WINDOWS\\system32\\",
        "Hashes":  "SHA1=FFD7991F422F82331827FB3C244B4AA93C67F28F,MD5=F3BB8D838D986786B6E4D6934673DAF1,SHA256=5568EE9750FF50F79EB2C647AE6847E33CE8FDBCB43281766C162D06CD9940A2,IMPHASH=324D9AAE78DFEF9C5B1789F66416E2FB",
        "Image":  "C:\\Windows\\Microsoft.NET\\Framework\\v4.0.30319\\ngen.exe",
        "UtcTime":  "2019-06-03 10:34:08.916",
        "ProcessGuid":  "{AC6A4E42-F7A0-5CF4-0000-001037B92E00}",
        "Company":  "Microsoft Corporation",
        "IntegrityLevel":  "System",
        "EventId":  1,
        "FileVersion":  "4.7.3056.0 built by: NET472REL1",
        "User":  "NT AUTHORITY\\SYSTEM",
        "RuleName":  null,
        "Product":  "Microsoft? .NET Framework",
        "LogonId":  "0x3e7",
        "ProcessId":  "3280",
        "LogonGuid":  "{AC6A4E42-0410-5CF4-0000-0020E7030000}",
        "TerminalSessionId":  "0",
        "ParentProcessGuid":  "{AC6A4E42-F79E-5CF4-0000-001096412E00}",
        "ParentProcessId":  "4784",
        "ParentImage":  "C:\\Windows\\Microsoft.NET\\Framework\\v4.0.30319\\ngentask.exe"
    },
    {
        "ParentCommandLine":  "\"C:\\Windows\\Microsoft.NET\\Framework64\\v4.0.30319\\NGenTask.exe\" /RuntimeWide /StopEvent:1076",
        "Description":  "Microsoft Common Language Runtime native compiler",
        "CommandLine":  "\"C:\\Windows\\Microsoft.NET\\Framework64\\v4.0.30319\\ngen.exe\" install \"System.Web.Extensions, Version=4.0.0.0, Culture=neutral, PublicKeyToken=31bf3856ad364e35\" /NoDependencies /noroot /version:v4.0.30319 /LegacyServiceBehavior",
        "CurrentDirectory":  "C:\\WINDOWS\\system32\\",
        "Hashes":  "SHA1=AFAEE76E6FEA9614CC1C88A4488AA719920ED1F9,MD5=FBA5E8D94C9EADC279BC06B9CF041A9A,SHA256=404546D457AF97DB97D728E848E1544E351C07A9946710C0DF3DB1899E0908A8,IMPHASH=6C889A541B155E63FAE2CE0264E80BD6",
        "Image":  "C:\\Windows\\Microsoft.NET\\Framework64\\v4.0.30319\\ngen.exe",
        "UtcTime":  "2019-06-03 10:34:09.728",
        "ProcessGuid":  "{AC6A4E42-F7A1-5CF4-0000-001057DE2E00}",
        "Company":  "Microsoft Corporation",
        "IntegrityLevel":  "System",
        "EventId":  1,
        "FileVersion":  "4.7.3056.0 built by: NET472REL1",
        "User":  "NT AUTHORITY\\SYSTEM",
        "RuleName":  null,
        "Product":  "Microsoft? .NET Framework",
        "LogonId":  "0x3e7",
        "ProcessId":  "5164",
        "LogonGuid":  "{AC6A4E42-0410-5CF4-0000-0020E7030000}",
        "TerminalSessionId":  "0",
        "ParentProcessGuid":  "{AC6A4E42-F79D-5CF4-0000-0010ACB12D00}",
        "ParentProcessId":  "5700",
        "ParentImage":  "C:\\Windows\\Microsoft.NET\\Framework64\\v4.0.30319\\ngentask.exe"
    },
    {
        "ParentCommandLine":  "\"C:\\Windows\\Microsoft.NET\\Framework64\\v4.0.30319\\ngen.exe\" install \"System.Web.Extensions, Version=4.0.0.0, Culture=neutral, PublicKeyToken=31bf3856ad364e35\" /NoDependencies /noroot /version:v4.0.30319 /LegacyServiceBehavior",
        "Description":  ".NET Runtime Optimization Service",
        "CommandLine":  "C:\\Windows\\Microsoft.NET\\Framework64\\v4.0.30319\\mscorsvw.exe -StartupEvent 19c -InterruptEvent 0 -NGENProcess 188 -Pipe 198 -Comment \"NGen Worker Process\"",
        "CurrentDirectory":  "C:\\WINDOWS\\system32\\",
        "Hashes":  "SHA1=E3A29DA9DAB9FEBF91FB02C37A9D7F85A7457C64,MD5=B00E9325AC7356A3F4864EAAAD48E13F,SHA256=393729C6F0E4D018039FC0C81C6B3740D43224B2F5889C2D3376C94EF0998574,IMPHASH=85A5DA6383F214945EEDFCFA76A55888",
        "Image":  "C:\\Windows\\Microsoft.NET\\Framework64\\v4.0.30319\\mscorsvw.exe",
        "UtcTime":  "2019-06-03 10:34:09.786",
        "ProcessGuid":  "{AC6A4E42-F7A1-5CF4-0000-0010ECE12E00}",
        "Company":  "Microsoft Corporation",
        "IntegrityLevel":  "System",
        "EventId":  1,
        "FileVersion":  "4.7.3056.0 built by: NET472REL1",
        "User":  "NT AUTHORITY\\SYSTEM",
        "RuleName":  null,
        "Product":  "Microsoft? .NET Framework",
        "LogonId":  "0x3e7",
        "ProcessId":  "5264",
        "LogonGuid":  "{AC6A4E42-0410-5CF4-0000-0020E7030000}",
        "TerminalSessionId":  "0",
        "ParentProcessGuid":  "{AC6A4E42-F7A1-5CF4-0000-001057DE2E00}",
        "ParentProcessId":  "5164",
        "ParentImage":  "C:\\Windows\\Microsoft.NET\\Framework64\\v4.0.30319\\ngen.exe"
    },
    {
        "ParentCommandLine":  "C:\\WINDOWS\\system32\\devicecensus.exe",
        "Description":  "Device Census",
        "CommandLine":  "C:\\WINDOWS\\system32\\devicecensus.exe UserCxt",
        "CurrentDirectory":  "C:\\WINDOWS\\system32\\",
        "Hashes":  "SHA1=E86B11544C4D850EB6C8A83AF60CC011B697863B,MD5=0CDFB58D187B106D7F6A51588E6E334A,SHA256=CBAEB417B4814DF755DC85DC249142B4687E6FE341B1C0F2D8F08D440AE80808,IMPHASH=1BC286C06DF592B67B9BBF5DAC9DDDF9",
        "Image":  "C:\\Windows\\System32\\DeviceCensus.exe",
        "UtcTime":  "2019-06-03 10:34:11.269",
        "ProcessGuid":  "{AC6A4E42-F7A3-5CF4-0000-001017572F00}",
        "Company":  "Microsoft Corporation",
        "IntegrityLevel":  "Medium",
        "EventId":  1,
        "FileVersion":  "10.0.17134.1 (WinBuild.160101.0800)",
        "User":  "SEC504STUDENT\\Sec504",
        "RuleName":  null,
        "Product":  "Microsoft? Windows? Operating System",
        "LogonId":  "0x2c0d8",
        "ProcessId":  "5384",
        "LogonGuid":  "{AC6A4E42-0419-5CF4-0000-0020D8C00200}",
        "TerminalSessionId":  "1",
        "ParentProcessGuid":  "{AC6A4E42-F792-5CF4-0000-0010FDC02A00}",
        "ParentProcessId":  "5400",
        "ParentImage":  "C:\\Windows\\System32\\DeviceCensus.exe"
    },
    {
        "ParentCommandLine":  "C:\\WINDOWS\\system32\\devicecensus.exe UserCxt",
        "Description":  "Console Window Host",
        "CommandLine":  "\\??\\C:\\WINDOWS\\system32\\conhost.exe 0xffffffff -ForceV1",
        "CurrentDirectory":  "C:\\WINDOWS",
        "Hashes":  "SHA1=8F9BC1B7D65188D0ADBDF74CCCE4EED78BF4C129,MD5=EA777DEEA782E8B4D7C7C33BBF8A4496,SHA256=04B6A35BC504401989B9E674C57C9E84D0CBDBBD9D8CE0CE83D7CECA0B7175ED,IMPHASH=63E065B05DF33ACB4D95B3DD04670B8F",
        "Image":  "C:\\Windows\\System32\\conhost.exe",
        "UtcTime":  "2019-06-03 10:34:11.368",
        "ProcessGuid":  "{AC6A4E42-F7A3-5CF4-0000-0010D85E2F00}",
        "Company":  "Microsoft Corporation",
        "IntegrityLevel":  "Medium",
        "EventId":  1,
        "FileVersion":  "10.0.17134.1 (WinBuild.160101.0800)",
        "User":  "SEC504STUDENT\\Sec504",
        "RuleName":  null,
        "Product":  "Microsoft? Windows? Operating System",
        "LogonId":  "0x2c0d8",
        "ProcessId":  "3164",
        "LogonGuid":  "{AC6A4E42-0419-5CF4-0000-0020D8C00200}",
        "TerminalSessionId":  "1",
        "ParentProcessGuid":  "{AC6A4E42-F7A3-5CF4-0000-001017572F00}",
        "ParentProcessId":  "5384",
        "ParentImage":  "C:\\Windows\\System32\\DeviceCensus.exe"
    },
    {
        "ParentCommandLine":  "\"C:\\Windows\\Microsoft.NET\\Framework64\\v4.0.30319\\NGenTask.exe\" /RuntimeWide /StopEvent:1076",
        "Description":  "Microsoft Common Language Runtime native compiler",
        "CommandLine":  "\"C:\\Windows\\Microsoft.NET\\Framework64\\v4.0.30319\\ngen.exe\" install \"System.Core, Version=4.0.0.0, Culture=neutral, PublicKeyToken=b77a5c561934e089\" /NoDependencies /noroot /version:v4.0.30319 /LegacyServiceBehavior",
        "CurrentDirectory":  "C:\\WINDOWS\\system32\\",
        "Hashes":  "SHA1=AFAEE76E6FEA9614CC1C88A4488AA719920ED1F9,MD5=FBA5E8D94C9EADC279BC06B9CF041A9A,SHA256=404546D457AF97DB97D728E848E1544E351C07A9946710C0DF3DB1899E0908A8,IMPHASH=6C889A541B155E63FAE2CE0264E80BD6",
        "Image":  "C:\\Windows\\Microsoft.NET\\Framework64\\v4.0.30319\\ngen.exe",
        "UtcTime":  "2019-06-03 10:34:11.659",
        "ProcessGuid":  "{AC6A4E42-F7A3-5CF4-0000-0010086F2F00}",
        "Company":  "Microsoft Corporation",
        "IntegrityLevel":  "System",
        "EventId":  1,
        "FileVersion":  "4.7.3056.0 built by: NET472REL1",
        "User":  "NT AUTHORITY\\SYSTEM",
        "RuleName":  null,
        "Product":  "Microsoft? .NET Framework",
        "LogonId":  "0x3e7",
        "ProcessId":  "956",
        "LogonGuid":  "{AC6A4E42-0410-5CF4-0000-0020E7030000}",
        "TerminalSessionId":  "0",
        "ParentProcessGuid":  "{AC6A4E42-F79D-5CF4-0000-0010ACB12D00}",
        "ParentProcessId":  "5700",
        "ParentImage":  "C:\\Windows\\Microsoft.NET\\Framework64\\v4.0.30319\\ngentask.exe"
    },
    {
        "ParentCommandLine":  "\"C:\\Windows\\Microsoft.NET\\Framework64\\v4.0.30319\\ngen.exe\" install \"System.Core, Version=4.0.0.0, Culture=neutral, PublicKeyToken=b77a5c561934e089\" /NoDependencies /noroot /version:v4.0.30319 /LegacyServiceBehavior",
        "Description":  ".NET Runtime Optimization Service",
        "CommandLine":  "C:\\Windows\\Microsoft.NET\\Framework64\\v4.0.30319\\mscorsvw.exe -StartupEvent 1a8 -InterruptEvent 0 -NGENProcess 194 -Pipe 1a4 -Comment \"NGen Worker Process\"",
        "CurrentDirectory":  "C:\\WINDOWS\\system32\\",
        "Hashes":  "SHA1=E3A29DA9DAB9FEBF91FB02C37A9D7F85A7457C64,MD5=B00E9325AC7356A3F4864EAAAD48E13F,SHA256=393729C6F0E4D018039FC0C81C6B3740D43224B2F5889C2D3376C94EF0998574,IMPHASH=85A5DA6383F214945EEDFCFA76A55888",
        "Image":  "C:\\Windows\\Microsoft.NET\\Framework64\\v4.0.30319\\mscorsvw.exe",
        "UtcTime":  "2019-06-03 10:34:11.716",
        "ProcessGuid":  "{AC6A4E42-F7A3-5CF4-0000-0010EC732F00}",
        "Company":  "Microsoft Corporation",
        "IntegrityLevel":  "System",
        "EventId":  1,
        "FileVersion":  "4.7.3056.0 built by: NET472REL1",
        "User":  "NT AUTHORITY\\SYSTEM",
        "RuleName":  null,
        "Product":  "Microsoft? .NET Framework",
        "LogonId":  "0x3e7",
        "ProcessId":  "5828",
        "LogonGuid":  "{AC6A4E42-0410-5CF4-0000-0020E7030000}",
        "TerminalSessionId":  "0",
        "ParentProcessGuid":  "{AC6A4E42-F7A3-5CF4-0000-0010086F2F00}",
        "ParentProcessId":  "956",
        "ParentImage":  "C:\\Windows\\Microsoft.NET\\Framework64\\v4.0.30319\\ngen.exe"
    },
    {
        "ParentCommandLine":  "C:\\WINDOWS\\system32\\cleanmgr.exe /autoclean /d C:",
        "Description":  "Dism Host Servicing Process",
        "CommandLine":  "C:\\Users\\Sec504\\AppData\\Local\\Temp\\B3759546-8171-49F3-9AAE-FA8D9A901098\\dismhost.exe {AE01633B-B4FC-48E0-8FBC-8A4E491D2D45}",
        "CurrentDirectory":  "C:\\WINDOWS\\system32\\",
        "Hashes":  "SHA1=C34AF1CAF92B54737956E4940582BCCE5CCA2725,MD5=2A1EE8DF1DD0335605DCC5015C60EBC0,SHA256=3344BE53D32153DCEF6A732E3BFF41AB2418F1B91F268567EB577314E34AA500,IMPHASH=8284817BCE2852A54A728AF71A282BBA",
        "Image":  "C:\\Users\\Sec504\\AppData\\Local\\Temp\\B3759546-8171-49F3-9AAE-FA8D9A901098\\DismHost.exe",
        "UtcTime":  "2019-06-03 10:34:11.753",
        "ProcessGuid":  "{AC6A4E42-F7A3-5CF4-0000-0010AE782F00}",
        "Company":  "Microsoft Corporation",
        "IntegrityLevel":  "High",
        "EventId":  1,
        "FileVersion":  "10.0.17134.1 (WinBuild.160101.0800)",
        "User":  "SEC504STUDENT\\Sec504",
        "RuleName":  null,
        "Product":  "Microsoft? Windows? Operating System",
        "LogonId":  "0x2c0a4",
        "ProcessId":  "5072",
        "LogonGuid":  "{AC6A4E42-0419-5CF4-0000-0020A4C00200}",
        "TerminalSessionId":  "1",
        "ParentProcessGuid":  "{AC6A4E42-F793-5CF4-0000-001056242B00}",
        "ParentProcessId":  "3340",
        "ParentImage":  "C:\\Windows\\System32\\cleanmgr.exe"
    },
    {
        "ParentCommandLine":  "\"C:\\Windows\\Microsoft.NET\\Framework64\\v4.0.30319\\NGenTask.exe\" /RuntimeWide /StopEvent:1076",
        "Description":  "Microsoft Common Language Runtime native compiler",
        "CommandLine":  "\"C:\\Windows\\Microsoft.NET\\Framework64\\v4.0.30319\\ngen.exe\" uninstall \"C:\\WINDOWS\\assembly\\NativeImages_v4.0.30319_64\\AuditPolicy42d3d2cc#\\de745fa2b3e4ca58f500f4c549ca8345\\AuditPolicyGPManagedStubs.Interop.ni.dll\" /noroot /LegacyServiceBehavior",
        "CurrentDirectory":  "C:\\WINDOWS\\system32\\",
        "Hashes":  "SHA1=AFAEE76E6FEA9614CC1C88A4488AA719920ED1F9,MD5=FBA5E8D94C9EADC279BC06B9CF041A9A,SHA256=404546D457AF97DB97D728E848E1544E351C07A9946710C0DF3DB1899E0908A8,IMPHASH=6C889A541B155E63FAE2CE0264E80BD6",
        "Image":  "C:\\Windows\\Microsoft.NET\\Framework64\\v4.0.30319\\ngen.exe",
        "UtcTime":  "2019-06-03 10:34:11.860",
        "ProcessGuid":  "{AC6A4E42-F7A3-5CF4-0000-0010068A2F00}",
        "Company":  "Microsoft Corporation",
        "IntegrityLevel":  "System",
        "EventId":  1,
        "FileVersion":  "4.7.3056.0 built by: NET472REL1",
        "User":  "NT AUTHORITY\\SYSTEM",
        "RuleName":  null,
        "Product":  "Microsoft? .NET Framework",
        "LogonId":  "0x3e7",
        "ProcessId":  "324",
        "LogonGuid":  "{AC6A4E42-0410-5CF4-0000-0020E7030000}",
        "TerminalSessionId":  "0",
        "ParentProcessGuid":  "{AC6A4E42-F79D-5CF4-0000-0010ACB12D00}",
        "ParentProcessId":  "5700",
        "ParentImage":  "C:\\Windows\\Microsoft.NET\\Framework64\\v4.0.30319\\ngentask.exe"
    },
    {
        "ParentCommandLine":  "\"C:\\Windows\\Microsoft.NET\\Framework64\\v4.0.30319\\NGenTask.exe\" /RuntimeWide /StopEvent:1076",
        "Description":  "Microsoft Common Language Runtime native compiler",
        "CommandLine":  "\"C:\\Windows\\Microsoft.NET\\Framework64\\v4.0.30319\\ngen.exe\" uninstall \"C:\\WINDOWS\\assembly\\NativeImages_v4.0.30319_64\\CustomMarshalers\\a61b47dce8fdadfc61c1f7f4ca62941a\\CustomMarshalers.ni.dll\" /noroot /LegacyServiceBehavior",
        "CurrentDirectory":  "C:\\WINDOWS\\system32\\",
        "Hashes":  "SHA1=AFAEE76E6FEA9614CC1C88A4488AA719920ED1F9,MD5=FBA5E8D94C9EADC279BC06B9CF041A9A,SHA256=404546D457AF97DB97D728E848E1544E351C07A9946710C0DF3DB1899E0908A8,IMPHASH=6C889A541B155E63FAE2CE0264E80BD6",
        "Image":  "C:\\Windows\\Microsoft.NET\\Framework64\\v4.0.30319\\ngen.exe",
        "UtcTime":  "2019-06-03 10:34:12.336",
        "ProcessGuid":  "{AC6A4E42-F7A4-5CF4-0000-0010F3952F00}",
        "Company":  "Microsoft Corporation",
        "IntegrityLevel":  "System",
        "EventId":  1,
        "FileVersion":  "4.7.3056.0 built by: NET472REL1",
        "User":  "NT AUTHORITY\\SYSTEM",
        "RuleName":  null,
        "Product":  "Microsoft? .NET Framework",
        "LogonId":  "0x3e7",
        "ProcessId":  "5424",
        "LogonGuid":  "{AC6A4E42-0410-5CF4-0000-0020E7030000}",
        "TerminalSessionId":  "0",
        "ParentProcessGuid":  "{AC6A4E42-F79D-5CF4-0000-0010ACB12D00}",
        "ParentProcessId":  "5700",
        "ParentImage":  "C:\\Windows\\Microsoft.NET\\Framework64\\v4.0.30319\\ngentask.exe"
    },
    {
        "ParentCommandLine":  "\"C:\\Windows\\Microsoft.NET\\Framework64\\v4.0.30319\\NGenTask.exe\" /RuntimeWide /StopEvent:1076",
        "Description":  "Microsoft Common Language Runtime native compiler",
        "CommandLine":  "\"C:\\Windows\\Microsoft.NET\\Framework64\\v4.0.30319\\ngen.exe\" uninstall \"C:\\WINDOWS\\assembly\\NativeImages_v4.0.30319_64\\Microsoft.A26c32abb#\\c884cdf39cc4da37da115e25bccefff9\\Microsoft.ApplicationId.RuleWizard.ni.dll\" /noroot /LegacyServiceBehavior",
        "CurrentDirectory":  "C:\\WINDOWS\\system32\\",
        "Hashes":  "SHA1=AFAEE76E6FEA9614CC1C88A4488AA719920ED1F9,MD5=FBA5E8D94C9EADC279BC06B9CF041A9A,SHA256=404546D457AF97DB97D728E848E1544E351C07A9946710C0DF3DB1899E0908A8,IMPHASH=6C889A541B155E63FAE2CE0264E80BD6",
        "Image":  "C:\\Windows\\Microsoft.NET\\Framework64\\v4.0.30319\\ngen.exe",
        "UtcTime":  "2019-06-03 10:34:12.478",
        "ProcessGuid":  "{AC6A4E42-F7A4-5CF4-0000-001077A62F00}",
        "Company":  "Microsoft Corporation",
        "IntegrityLevel":  "System",
        "EventId":  1,
        "FileVersion":  "4.7.3056.0 built by: NET472REL1",
        "User":  "NT AUTHORITY\\SYSTEM",
        "RuleName":  null,
        "Product":  "Microsoft? .NET Framework",
        "LogonId":  "0x3e7",
        "ProcessId":  "4300",
        "LogonGuid":  "{AC6A4E42-0410-5CF4-0000-0020E7030000}",
        "TerminalSessionId":  "0",
        "ParentProcessGuid":  "{AC6A4E42-F79D-5CF4-0000-0010ACB12D00}",
        "ParentProcessId":  "5700",
        "ParentImage":  "C:\\Windows\\Microsoft.NET\\Framework64\\v4.0.30319\\ngentask.exe"
    },
    {
        "ParentCommandLine":  "\"C:\\Windows\\Microsoft.NET\\Framework\\v4.0.30319\\NGenTask.exe\" /RuntimeWide /StopEvent:1280",
        "Description":  "Microsoft Common Language Runtime native compiler",
        "CommandLine":  "\"C:\\Windows\\Microsoft.NET\\Framework\\v4.0.30319\\ngen.exe\" install \"System.Core, Version=4.0.0.0, Culture=neutral, PublicKeyToken=b77a5c561934e089\" /NoDependencies /noroot /version:v4.0.30319 /LegacyServiceBehavior",
        "CurrentDirectory":  "C:\\WINDOWS\\system32\\",
        "Hashes":  "SHA1=FFD7991F422F82331827FB3C244B4AA93C67F28F,MD5=F3BB8D838D986786B6E4D6934673DAF1,SHA256=5568EE9750FF50F79EB2C647AE6847E33CE8FDBCB43281766C162D06CD9940A2,IMPHASH=324D9AAE78DFEF9C5B1789F66416E2FB",
        "Image":  "C:\\Windows\\Microsoft.NET\\Framework\\v4.0.30319\\ngen.exe",
        "UtcTime":  "2019-06-03 10:34:12.525",
        "ProcessGuid":  "{AC6A4E42-F7A4-5CF4-0000-0010A3AD2F00}",
        "Company":  "Microsoft Corporation",
        "IntegrityLevel":  "System",
        "EventId":  1,
        "FileVersion":  "4.7.3056.0 built by: NET472REL1",
        "User":  "NT AUTHORITY\\SYSTEM",
        "RuleName":  null,
        "Product":  "Microsoft? .NET Framework",
        "LogonId":  "0x3e7",
        "ProcessId":  "4476",
        "LogonGuid":  "{AC6A4E42-0410-5CF4-0000-0020E7030000}",
        "TerminalSessionId":  "0",
        "ParentProcessGuid":  "{AC6A4E42-F79E-5CF4-0000-001096412E00}",
        "ParentProcessId":  "4784",
        "ParentImage":  "C:\\Windows\\Microsoft.NET\\Framework\\v4.0.30319\\ngentask.exe"
    },
    {
        "ParentCommandLine":  "\"C:\\Windows\\Microsoft.NET\\Framework64\\v4.0.30319\\NGenTask.exe\" /RuntimeWide /StopEvent:1076",
        "Description":  "Microsoft Common Language Runtime native compiler",
        "CommandLine":  "\"C:\\Windows\\Microsoft.NET\\Framework64\\v4.0.30319\\ngen.exe\" uninstall \"C:\\WINDOWS\\assembly\\NativeImages_v4.0.30319_64\\Microsoft.Abf69f55a#\\bc94a1acf19b1ff08dd89b2c4ce83bef\\Microsoft.ApplicationId.Framework.ni.dll\" /noroot /LegacyServiceBehavior",
        "CurrentDirectory":  "C:\\WINDOWS\\system32\\",
        "Hashes":  "SHA1=AFAEE76E6FEA9614CC1C88A4488AA719920ED1F9,MD5=FBA5E8D94C9EADC279BC06B9CF041A9A,SHA256=404546D457AF97DB97D728E848E1544E351C07A9946710C0DF3DB1899E0908A8,IMPHASH=6C889A541B155E63FAE2CE0264E80BD6",
        "Image":  "C:\\Windows\\Microsoft.NET\\Framework64\\v4.0.30319\\ngen.exe",
        "UtcTime":  "2019-06-03 10:34:12.595",
        "ProcessGuid":  "{AC6A4E42-F7A4-5CF4-0000-0010F0B42F00}",
        "Company":  "Microsoft Corporation",
        "IntegrityLevel":  "System",
        "EventId":  1,
        "FileVersion":  "4.7.3056.0 built by: NET472REL1",
        "User":  "NT AUTHORITY\\SYSTEM",
        "RuleName":  null,
        "Product":  "Microsoft? .NET Framework",
        "LogonId":  "0x3e7",
        "ProcessId":  "3276",
        "LogonGuid":  "{AC6A4E42-0410-5CF4-0000-0020E7030000}",
        "TerminalSessionId":  "0",
        "ParentProcessGuid":  "{AC6A4E42-F79D-5CF4-0000-0010ACB12D00}",
        "ParentProcessId":  "5700",
        "ParentImage":  "C:\\Windows\\Microsoft.NET\\Framework64\\v4.0.30319\\ngentask.exe"
    },
    {
        "ParentCommandLine":  "\"C:\\Windows\\Microsoft.NET\\Framework\\v4.0.30319\\ngen.exe\" install \"System.Core, Version=4.0.0.0, Culture=neutral, PublicKeyToken=b77a5c561934e089\" /NoDependencies /noroot /version:v4.0.30319 /LegacyServiceBehavior",
        "Description":  ".NET Runtime Optimization Service",
        "CommandLine":  "C:\\Windows\\Microsoft.NET\\Framework\\v4.0.30319\\mscorsvw.exe -StartupEvent 1e8 -InterruptEvent 0 -NGENProcess 184 -Pipe 1e4 -Comment \"NGen Worker Process\"",
        "CurrentDirectory":  "C:\\WINDOWS\\system32\\",
        "Hashes":  "SHA1=F872E1D27E701D04CC30145C05BD57EA13345AD6,MD5=38368FC9F84C7A27D0C8CD8E1543F172,SHA256=AB17FE71CB14E54DBDD64D6A3A96AB7A84B4F2024AEEAC3614659022C2BCE030,IMPHASH=BA9213A1EE6DDB2DC69D3A9B827673F5",
        "Image":  "C:\\Windows\\Microsoft.NET\\Framework\\v4.0.30319\\mscorsvw.exe",
        "UtcTime":  "2019-06-03 10:34:12.621",
        "ProcessGuid":  "{AC6A4E42-F7A4-5CF4-0000-001080B62F00}",
        "Company":  "Microsoft Corporation",
        "IntegrityLevel":  "System",
        "EventId":  1,
        "FileVersion":  "4.7.3056.0 built by: NET472REL1",
        "User":  "NT AUTHORITY\\SYSTEM",
        "RuleName":  null,
        "Product":  "Microsoft? .NET Framework",
        "LogonId":  "0x3e7",
        "ProcessId":  "2468",
        "LogonGuid":  "{AC6A4E42-0410-5CF4-0000-0020E7030000}",
        "TerminalSessionId":  "0",
        "ParentProcessGuid":  "{AC6A4E42-F7A4-5CF4-0000-0010A3AD2F00}",
        "ParentProcessId":  "4476",
        "ParentImage":  "C:\\Windows\\Microsoft.NET\\Framework\\v4.0.30319\\ngen.exe"
    },
    {
        "ParentCommandLine":  "\"C:\\Windows\\Microsoft.NET\\Framework64\\v4.0.30319\\NGenTask.exe\" /RuntimeWide /StopEvent:1076",
        "Description":  "Microsoft Common Language Runtime native compiler",
        "CommandLine":  "\"C:\\Windows\\Microsoft.NET\\Framework64\\v4.0.30319\\ngen.exe\" uninstall \"C:\\WINDOWS\\assembly\\NativeImages_v4.0.30319_64\\Microsoft.C26a36d2b#\\4d9b3aa5a0277a5d10b21e805096b375\\Microsoft.CertificateServices.PKIClient.Cmdlets.ni.dll\" /noroot /LegacyServiceBehavior",
        "CurrentDirectory":  "C:\\WINDOWS\\system32\\",
        "Hashes":  "SHA1=AFAEE76E6FEA9614CC1C88A4488AA719920ED1F9,MD5=FBA5E8D94C9EADC279BC06B9CF041A9A,SHA256=404546D457AF97DB97D728E848E1544E351C07A9946710C0DF3DB1899E0908A8,IMPHASH=6C889A541B155E63FAE2CE0264E80BD6",
        "Image":  "C:\\Windows\\Microsoft.NET\\Framework64\\v4.0.30319\\ngen.exe",
        "UtcTime":  "2019-06-03 10:34:13.064",
        "ProcessGuid":  "{AC6A4E42-F7A5-5CF4-0000-00106BDE2F00}",
        "Company":  "Microsoft Corporation",
        "IntegrityLevel":  "System",
        "EventId":  1,
        "FileVersion":  "4.7.3056.0 built by: NET472REL1",
        "User":  "NT AUTHORITY\\SYSTEM",
        "RuleName":  null,
        "Product":  "Microsoft? .NET Framework",
        "LogonId":  "0x3e7",
        "ProcessId":  "2964",
        "LogonGuid":  "{AC6A4E42-0410-5CF4-0000-0020E7030000}",
        "TerminalSessionId":  "0",
        "ParentProcessGuid":  "{AC6A4E42-F79D-5CF4-0000-0010ACB12D00}",
        "ParentProcessId":  "5700",
        "ParentImage":  "C:\\Windows\\Microsoft.NET\\Framework64\\v4.0.30319\\ngentask.exe"
    },
    {
        "ParentCommandLine":  "\"C:\\Windows\\Microsoft.NET\\Framework64\\v4.0.30319\\NGenTask.exe\" /RuntimeWide /StopEvent:1076",
        "Description":  "Microsoft Common Language Runtime native compiler",
        "CommandLine":  "\"C:\\Windows\\Microsoft.NET\\Framework64\\v4.0.30319\\ngen.exe\" uninstall \"C:\\WINDOWS\\assembly\\NativeImages_v4.0.30319_64\\Microsoft.C99be4d25#\\096d9ae9167be75d80c1be4d25f7043d\\Microsoft.ConfigCI.Commands.ni.dll\" /noroot /LegacyServiceBehavior",
        "CurrentDirectory":  "C:\\WINDOWS\\system32\\",
        "Hashes":  "SHA1=AFAEE76E6FEA9614CC1C88A4488AA719920ED1F9,MD5=FBA5E8D94C9EADC279BC06B9CF041A9A,SHA256=404546D457AF97DB97D728E848E1544E351C07A9946710C0DF3DB1899E0908A8,IMPHASH=6C889A541B155E63FAE2CE0264E80BD6",
        "Image":  "C:\\Windows\\Microsoft.NET\\Framework64\\v4.0.30319\\ngen.exe",
        "UtcTime":  "2019-06-03 10:34:13.120",
        "ProcessGuid":  "{AC6A4E42-F7A5-5CF4-0000-00107AE32F00}",
        "Company":  "Microsoft Corporation",
        "IntegrityLevel":  "System",
        "EventId":  1,
        "FileVersion":  "4.7.3056.0 built by: NET472REL1",
        "User":  "NT AUTHORITY\\SYSTEM",
        "RuleName":  null,
        "Product":  "Microsoft? .NET Framework",
        "LogonId":  "0x3e7",
        "ProcessId":  "2168",
        "LogonGuid":  "{AC6A4E42-0410-5CF4-0000-0020E7030000}",
        "TerminalSessionId":  "0",
        "ParentProcessGuid":  "{AC6A4E42-F79D-5CF4-0000-0010ACB12D00}",
        "ParentProcessId":  "5700",
        "ParentImage":  "C:\\Windows\\Microsoft.NET\\Framework64\\v4.0.30319\\ngentask.exe"
    },
    {
        "ParentCommandLine":  "\"C:\\Windows\\Microsoft.NET\\Framework\\v4.0.30319\\NGenTask.exe\" /RuntimeWide /StopEvent:1280",
        "Description":  "Microsoft Common Language Runtime native compiler",
        "CommandLine":  "\"C:\\Windows\\Microsoft.NET\\Framework\\v4.0.30319\\ngen.exe\" uninstall \"C:\\WINDOWS\\assembly\\NativeImages_v4.0.30319_32\\AuditPolicy42d3d2cc#\\74b28d8bf3a5c1d9cba4f288f25e250d\\AuditPolicyGPManagedStubs.Interop.ni.dll\" /noroot /LegacyServiceBehavior",
        "CurrentDirectory":  "C:\\WINDOWS\\system32\\",
        "Hashes":  "SHA1=FFD7991F422F82331827FB3C244B4AA93C67F28F,MD5=F3BB8D838D986786B6E4D6934673DAF1,SHA256=5568EE9750FF50F79EB2C647AE6847E33CE8FDBCB43281766C162D06CD9940A2,IMPHASH=324D9AAE78DFEF9C5B1789F66416E2FB",
        "Image":  "C:\\Windows\\Microsoft.NET\\Framework\\v4.0.30319\\ngen.exe",
        "UtcTime":  "2019-06-03 10:34:13.394",
        "ProcessGuid":  "{AC6A4E42-F7A5-5CF4-0000-00100FF82F00}",
        "Company":  "Microsoft Corporation",
        "IntegrityLevel":  "System",
        "EventId":  1,
        "FileVersion":  "4.7.3056.0 built by: NET472REL1",
        "User":  "NT AUTHORITY\\SYSTEM",
        "RuleName":  null,
        "Product":  "Microsoft? .NET Framework",
        "LogonId":  "0x3e7",
        "ProcessId":  "5668",
        "LogonGuid":  "{AC6A4E42-0410-5CF4-0000-0020E7030000}",
        "TerminalSessionId":  "0",
        "ParentProcessGuid":  "{AC6A4E42-F79E-5CF4-0000-001096412E00}",
        "ParentProcessId":  "4784",
        "ParentImage":  "C:\\Windows\\Microsoft.NET\\Framework\\v4.0.30319\\ngentask.exe"
    },
