    {
        "ParentCommandLine":  "\"C:\\Program Files\\Wireshark\\Wireshark.exe\" ",
        "Description":  "Dumpcap",
        "CommandLine":  "\"C:\\Program Files\\Wireshark\\dumpcap.exe\" -S -Z 5248.dummy",
        "CurrentDirectory":  "C:\\Program Files\\Wireshark\\",
        "Hashes":  "SHA1=9AE11406407699C016132633C4464EEB1B85F640,MD5=28869D1C0F3C57B3A12B1ACC758BFD3D,SHA256=F282900DF73E74D727580A88ECD6A4A2D2942FBB980D66009C6C85DDD8B31D9D,IMPHASH=BA28212C31A1C7FA632746E6F19EF3B4",
        "Image":  "C:\\Program Files\\Wireshark\\dumpcap.exe",
        "UtcTime":  "2019-06-04 10:26:36.838",
        "ProcessGuid":  "{AC6A4E42-475C-5CF6-0000-0010562E7500}",
        "Company":  "The Wireshark developer community",
        "IntegrityLevel":  "Medium",
        "EventId":  1,
        "FileVersion":  "2.2.3",
        "User":  "SEC504STUDENT\\Sec504",
        "RuleName":  null,
        "Product":  "Dumpcap",
        "LogonId":  "0x2c0d8",
        "ProcessId":  "5512",
        "LogonGuid":  "{AC6A4E42-0419-5CF4-0000-0020D8C00200}",
        "TerminalSessionId":  "1",
        "ParentProcessGuid":  "{AC6A4E42-469E-5CF6-0000-001078766C00}",
        "ParentProcessId":  "5248",
        "ParentImage":  "C:\\Program Files\\Wireshark\\Wireshark.exe"
    },
    {
        "ParentCommandLine":  "\"C:\\Program Files\\Wireshark\\dumpcap.exe\" -S -Z 5248.dummy",
        "Description":  "Console Window Host",
        "CommandLine":  "\\??\\C:\\WINDOWS\\system32\\conhost.exe 0xffffffff -ForceV1",
        "CurrentDirectory":  "C:\\WINDOWS",
        "Hashes":  "SHA1=8F9BC1B7D65188D0ADBDF74CCCE4EED78BF4C129,MD5=EA777DEEA782E8B4D7C7C33BBF8A4496,SHA256=04B6A35BC504401989B9E674C57C9E84D0CBDBBD9D8CE0CE83D7CECA0B7175ED,IMPHASH=63E065B05DF33ACB4D95B3DD04670B8F",
        "Image":  "C:\\Windows\\System32\\conhost.exe",
        "UtcTime":  "2019-06-04 10:26:36.842",
        "ProcessGuid":  "{AC6A4E42-475C-5CF6-0000-0010DE2E7500}",
        "Company":  "Microsoft Corporation",
        "IntegrityLevel":  "Medium",
        "EventId":  1,
        "FileVersion":  "10.0.17134.1 (WinBuild.160101.0800)",
        "User":  "SEC504STUDENT\\Sec504",
        "RuleName":  null,
        "Product":  "Microsoft? Windows? Operating System",
        "LogonId":  "0x2c0d8",
        "ProcessId":  "3572",
        "LogonGuid":  "{AC6A4E42-0419-5CF4-0000-0020D8C00200}",
        "TerminalSessionId":  "1",
        "ParentProcessGuid":  "{AC6A4E42-475C-5CF6-0000-0010562E7500}",
        "ParentProcessId":  "5512",
        "ParentImage":  "C:\\Program Files\\Wireshark\\dumpcap.exe"
    },
    {
        "ParentCommandLine":  "\"C:\\Program Files\\Wireshark\\Wireshark.exe\" ",
        "Description":  "Dumpcap",
        "CommandLine":  "\"C:\\Program Files\\Wireshark\\dumpcap.exe\" -S -Z 5248.dummy",
        "CurrentDirectory":  "C:\\Program Files\\Wireshark\\",
        "Hashes":  "SHA1=9AE11406407699C016132633C4464EEB1B85F640,MD5=28869D1C0F3C57B3A12B1ACC758BFD3D,SHA256=F282900DF73E74D727580A88ECD6A4A2D2942FBB980D66009C6C85DDD8B31D9D,IMPHASH=BA28212C31A1C7FA632746E6F19EF3B4",
        "Image":  "C:\\Program Files\\Wireshark\\dumpcap.exe",
        "UtcTime":  "2019-06-04 10:26:37.838",
        "ProcessGuid":  "{AC6A4E42-475D-5CF6-0000-0010283F7500}",
        "Company":  "The Wireshark developer community",
        "IntegrityLevel":  "Medium",
        "EventId":  1,
        "FileVersion":  "2.2.3",
        "User":  "SEC504STUDENT\\Sec504",
        "RuleName":  null,
        "Product":  "Dumpcap",
        "LogonId":  "0x2c0d8",
        "ProcessId":  "700",
        "LogonGuid":  "{AC6A4E42-0419-5CF4-0000-0020D8C00200}",
        "TerminalSessionId":  "1",
        "ParentProcessGuid":  "{AC6A4E42-469E-5CF6-0000-001078766C00}",
        "ParentProcessId":  "5248",
        "ParentImage":  "C:\\Program Files\\Wireshark\\Wireshark.exe"
    },
    {
        "ParentCommandLine":  "\"C:\\Program Files\\Wireshark\\dumpcap.exe\" -S -Z 5248.dummy",
        "Description":  "Console Window Host",
        "CommandLine":  "\\??\\C:\\WINDOWS\\system32\\conhost.exe 0xffffffff -ForceV1",
        "CurrentDirectory":  "C:\\WINDOWS",
        "Hashes":  "SHA1=8F9BC1B7D65188D0ADBDF74CCCE4EED78BF4C129,MD5=EA777DEEA782E8B4D7C7C33BBF8A4496,SHA256=04B6A35BC504401989B9E674C57C9E84D0CBDBBD9D8CE0CE83D7CECA0B7175ED,IMPHASH=63E065B05DF33ACB4D95B3DD04670B8F",
        "Image":  "C:\\Windows\\System32\\conhost.exe",
        "UtcTime":  "2019-06-04 10:26:37.841",
        "ProcessGuid":  "{AC6A4E42-475D-5CF6-0000-0010AE3F7500}",
        "Company":  "Microsoft Corporation",
        "IntegrityLevel":  "Medium",
        "EventId":  1,
        "FileVersion":  "10.0.17134.1 (WinBuild.160101.0800)",
        "User":  "SEC504STUDENT\\Sec504",
        "RuleName":  null,
        "Product":  "Microsoft? Windows? Operating System",
        "LogonId":  "0x2c0d8",
        "ProcessId":  "600",
        "LogonGuid":  "{AC6A4E42-0419-5CF4-0000-0020D8C00200}",
        "TerminalSessionId":  "1",
        "ParentProcessGuid":  "{AC6A4E42-475D-5CF6-0000-0010283F7500}",
        "ParentProcessId":  "700",
        "ParentImage":  "C:\\Program Files\\Wireshark\\dumpcap.exe"
    },
    {
        "ParentCommandLine":  "\"C:\\Program Files\\Wireshark\\Wireshark.exe\" ",
        "Description":  "Dumpcap",
        "CommandLine":  "\"C:\\Program Files\\Wireshark\\dumpcap.exe\" -S -Z 5248.dummy",
        "CurrentDirectory":  "C:\\Program Files\\Wireshark\\",
        "Hashes":  "SHA1=9AE11406407699C016132633C4464EEB1B85F640,MD5=28869D1C0F3C57B3A12B1ACC758BFD3D,SHA256=F282900DF73E74D727580A88ECD6A4A2D2942FBB980D66009C6C85DDD8B31D9D,IMPHASH=BA28212C31A1C7FA632746E6F19EF3B4",
        "Image":  "C:\\Program Files\\Wireshark\\dumpcap.exe",
        "UtcTime":  "2019-06-04 10:26:38.838",
        "ProcessGuid":  "{AC6A4E42-475E-5CF6-0000-001009507500}",
        "Company":  "The Wireshark developer community",
        "IntegrityLevel":  "Medium",
        "EventId":  1,
        "FileVersion":  "2.2.3",
        "User":  "SEC504STUDENT\\Sec504",
        "RuleName":  null,
        "Product":  "Dumpcap",
        "LogonId":  "0x2c0d8",
        "ProcessId":  "4408",
        "LogonGuid":  "{AC6A4E42-0419-5CF4-0000-0020D8C00200}",
        "TerminalSessionId":  "1",
        "ParentProcessGuid":  "{AC6A4E42-469E-5CF6-0000-001078766C00}",
        "ParentProcessId":  "5248",
        "ParentImage":  "C:\\Program Files\\Wireshark\\Wireshark.exe"
    },
    {
        "ParentCommandLine":  "\"C:\\Program Files\\Wireshark\\dumpcap.exe\" -S -Z 5248.dummy",
        "Description":  "Console Window Host",
        "CommandLine":  "\\??\\C:\\WINDOWS\\system32\\conhost.exe 0xffffffff -ForceV1",
        "CurrentDirectory":  "C:\\WINDOWS",
        "Hashes":  "SHA1=8F9BC1B7D65188D0ADBDF74CCCE4EED78BF4C129,MD5=EA777DEEA782E8B4D7C7C33BBF8A4496,SHA256=04B6A35BC504401989B9E674C57C9E84D0CBDBBD9D8CE0CE83D7CECA0B7175ED,IMPHASH=63E065B05DF33ACB4D95B3DD04670B8F",
        "Image":  "C:\\Windows\\System32\\conhost.exe",
        "UtcTime":  "2019-06-04 10:26:38.842",
        "ProcessGuid":  "{AC6A4E42-475E-5CF6-0000-001093507500}",
        "Company":  "Microsoft Corporation",
        "IntegrityLevel":  "Medium",
        "EventId":  1,
        "FileVersion":  "10.0.17134.1 (WinBuild.160101.0800)",
        "User":  "SEC504STUDENT\\Sec504",
        "RuleName":  null,
        "Product":  "Microsoft? Windows? Operating System",
        "LogonId":  "0x2c0d8",
        "ProcessId":  "4968",
        "LogonGuid":  "{AC6A4E42-0419-5CF4-0000-0020D8C00200}",
        "TerminalSessionId":  "1",
        "ParentProcessGuid":  "{AC6A4E42-475E-5CF6-0000-001009507500}",
        "ParentProcessId":  "4408",
        "ParentImage":  "C:\\Program Files\\Wireshark\\dumpcap.exe"
    },
    {
        "ParentCommandLine":  "\"C:\\Program Files\\Wireshark\\Wireshark.exe\" ",
        "Description":  "Dumpcap",
        "CommandLine":  "\"C:\\Program Files\\Wireshark\\dumpcap.exe\" -S -Z 5248.dummy",
        "CurrentDirectory":  "C:\\Program Files\\Wireshark\\",
        "Hashes":  "SHA1=9AE11406407699C016132633C4464EEB1B85F640,MD5=28869D1C0F3C57B3A12B1ACC758BFD3D,SHA256=F282900DF73E74D727580A88ECD6A4A2D2942FBB980D66009C6C85DDD8B31D9D,IMPHASH=BA28212C31A1C7FA632746E6F19EF3B4",
        "Image":  "C:\\Program Files\\Wireshark\\dumpcap.exe",
        "UtcTime":  "2019-06-04 10:26:39.838",
        "ProcessGuid":  "{AC6A4E42-475F-5CF6-0000-00101C627500}",
        "Company":  "The Wireshark developer community",
        "IntegrityLevel":  "Medium",
        "EventId":  1,
        "FileVersion":  "2.2.3",
        "User":  "SEC504STUDENT\\Sec504",
        "RuleName":  null,
        "Product":  "Dumpcap",
        "LogonId":  "0x2c0d8",
        "ProcessId":  "2568",
        "LogonGuid":  "{AC6A4E42-0419-5CF4-0000-0020D8C00200}",
        "TerminalSessionId":  "1",
        "ParentProcessGuid":  "{AC6A4E42-469E-5CF6-0000-001078766C00}",
        "ParentProcessId":  "5248",
        "ParentImage":  "C:\\Program Files\\Wireshark\\Wireshark.exe"
    },
    {
        "ParentCommandLine":  "\"C:\\Program Files\\Wireshark\\dumpcap.exe\" -S -Z 5248.dummy",
        "Description":  "Console Window Host",
        "CommandLine":  "\\??\\C:\\WINDOWS\\system32\\conhost.exe 0xffffffff -ForceV1",
        "CurrentDirectory":  "C:\\WINDOWS",
        "Hashes":  "SHA1=8F9BC1B7D65188D0ADBDF74CCCE4EED78BF4C129,MD5=EA777DEEA782E8B4D7C7C33BBF8A4496,SHA256=04B6A35BC504401989B9E674C57C9E84D0CBDBBD9D8CE0CE83D7CECA0B7175ED,IMPHASH=63E065B05DF33ACB4D95B3DD04670B8F",
        "Image":  "C:\\Windows\\System32\\conhost.exe",
        "UtcTime":  "2019-06-04 10:26:39.843",
        "ProcessGuid":  "{AC6A4E42-475F-5CF6-0000-0010A5627500}",
        "Company":  "Microsoft Corporation",
        "IntegrityLevel":  "Medium",
        "EventId":  1,
        "FileVersion":  "10.0.17134.1 (WinBuild.160101.0800)",
        "User":  "SEC504STUDENT\\Sec504",
        "RuleName":  null,
        "Product":  "Microsoft? Windows? Operating System",
        "LogonId":  "0x2c0d8",
        "ProcessId":  "3272",
        "LogonGuid":  "{AC6A4E42-0419-5CF4-0000-0020D8C00200}",
        "TerminalSessionId":  "1",
        "ParentProcessGuid":  "{AC6A4E42-475F-5CF6-0000-00101C627500}",
        "ParentProcessId":  "2568",
        "ParentImage":  "C:\\Program Files\\Wireshark\\dumpcap.exe"
    },
    {
        "ParentCommandLine":  "\"C:\\Program Files\\Wireshark\\Wireshark.exe\" ",
        "Description":  "Dumpcap",
        "CommandLine":  "\"C:\\Program Files\\Wireshark\\dumpcap.exe\" -S -Z 5248.dummy",
        "CurrentDirectory":  "C:\\Program Files\\Wireshark\\",
        "Hashes":  "SHA1=9AE11406407699C016132633C4464EEB1B85F640,MD5=28869D1C0F3C57B3A12B1ACC758BFD3D,SHA256=F282900DF73E74D727580A88ECD6A4A2D2942FBB980D66009C6C85DDD8B31D9D,IMPHASH=BA28212C31A1C7FA632746E6F19EF3B4",
        "Image":  "C:\\Program Files\\Wireshark\\dumpcap.exe",
        "UtcTime":  "2019-06-04 10:26:40.838",
        "ProcessGuid":  "{AC6A4E42-4760-5CF6-0000-00105F737500}",
        "Company":  "The Wireshark developer community",
        "IntegrityLevel":  "Medium",
        "EventId":  1,
        "FileVersion":  "2.2.3",
        "User":  "SEC504STUDENT\\Sec504",
        "RuleName":  null,
        "Product":  "Dumpcap",
        "LogonId":  "0x2c0d8",
        "ProcessId":  "3872",
        "LogonGuid":  "{AC6A4E42-0419-5CF4-0000-0020D8C00200}",
        "TerminalSessionId":  "1",
        "ParentProcessGuid":  "{AC6A4E42-469E-5CF6-0000-001078766C00}",
        "ParentProcessId":  "5248",
        "ParentImage":  "C:\\Program Files\\Wireshark\\Wireshark.exe"
    },
    {
        "ParentCommandLine":  "\"C:\\Program Files\\Wireshark\\dumpcap.exe\" -S -Z 5248.dummy",
        "Description":  "Console Window Host",
        "CommandLine":  "\\??\\C:\\WINDOWS\\system32\\conhost.exe 0xffffffff -ForceV1",
        "CurrentDirectory":  "C:\\WINDOWS",
        "Hashes":  "SHA1=8F9BC1B7D65188D0ADBDF74CCCE4EED78BF4C129,MD5=EA777DEEA782E8B4D7C7C33BBF8A4496,SHA256=04B6A35BC504401989B9E674C57C9E84D0CBDBBD9D8CE0CE83D7CECA0B7175ED,IMPHASH=63E065B05DF33ACB4D95B3DD04670B8F",
        "Image":  "C:\\Windows\\System32\\conhost.exe",
        "UtcTime":  "2019-06-04 10:26:40.841",
        "ProcessGuid":  "{AC6A4E42-4760-5CF6-0000-0010E8737500}",
        "Company":  "Microsoft Corporation",
        "IntegrityLevel":  "Medium",
        "EventId":  1,
        "FileVersion":  "10.0.17134.1 (WinBuild.160101.0800)",
        "User":  "SEC504STUDENT\\Sec504",
        "RuleName":  null,
        "Product":  "Microsoft? Windows? Operating System",
        "LogonId":  "0x2c0d8",
        "ProcessId":  "1584",
        "LogonGuid":  "{AC6A4E42-0419-5CF4-0000-0020D8C00200}",
        "TerminalSessionId":  "1",
        "ParentProcessGuid":  "{AC6A4E42-4760-5CF6-0000-00105F737500}",
        "ParentProcessId":  "3872",
        "ParentImage":  "C:\\Program Files\\Wireshark\\dumpcap.exe"
    },
    {
        "ParentCommandLine":  "\"C:\\Program Files\\Wireshark\\Wireshark.exe\" ",
        "Description":  "Dumpcap",
        "CommandLine":  "\"C:\\Program Files\\Wireshark\\dumpcap.exe\" -S -Z 5248.dummy",
        "CurrentDirectory":  "C:\\Program Files\\Wireshark\\",
        "Hashes":  "SHA1=9AE11406407699C016132633C4464EEB1B85F640,MD5=28869D1C0F3C57B3A12B1ACC758BFD3D,SHA256=F282900DF73E74D727580A88ECD6A4A2D2942FBB980D66009C6C85DDD8B31D9D,IMPHASH=BA28212C31A1C7FA632746E6F19EF3B4",
        "Image":  "C:\\Program Files\\Wireshark\\dumpcap.exe",
        "UtcTime":  "2019-06-04 10:26:41.854",
        "ProcessGuid":  "{AC6A4E42-4761-5CF6-0000-001066857500}",
        "Company":  "The Wireshark developer community",
        "IntegrityLevel":  "Medium",
        "EventId":  1,
        "FileVersion":  "2.2.3",
        "User":  "SEC504STUDENT\\Sec504",
        "RuleName":  null,
        "Product":  "Dumpcap",
        "LogonId":  "0x2c0d8",
        "ProcessId":  "3484",
        "LogonGuid":  "{AC6A4E42-0419-5CF4-0000-0020D8C00200}",
        "TerminalSessionId":  "1",
        "ParentProcessGuid":  "{AC6A4E42-469E-5CF6-0000-001078766C00}",
        "ParentProcessId":  "5248",
        "ParentImage":  "C:\\Program Files\\Wireshark\\Wireshark.exe"
    },
    {
        "ParentCommandLine":  "\"C:\\Program Files\\Wireshark\\dumpcap.exe\" -S -Z 5248.dummy",
        "Description":  "Console Window Host",
        "CommandLine":  "\\??\\C:\\WINDOWS\\system32\\conhost.exe 0xffffffff -ForceV1",
        "CurrentDirectory":  "C:\\WINDOWS",
        "Hashes":  "SHA1=8F9BC1B7D65188D0ADBDF74CCCE4EED78BF4C129,MD5=EA777DEEA782E8B4D7C7C33BBF8A4496,SHA256=04B6A35BC504401989B9E674C57C9E84D0CBDBBD9D8CE0CE83D7CECA0B7175ED,IMPHASH=63E065B05DF33ACB4D95B3DD04670B8F",
        "Image":  "C:\\Windows\\System32\\conhost.exe",
        "UtcTime":  "2019-06-04 10:26:41.857",
        "ProcessGuid":  "{AC6A4E42-4761-5CF6-0000-0010ED857500}",
        "Company":  "Microsoft Corporation",
        "IntegrityLevel":  "Medium",
        "EventId":  1,
        "FileVersion":  "10.0.17134.1 (WinBuild.160101.0800)",
        "User":  "SEC504STUDENT\\Sec504",
        "RuleName":  null,
        "Product":  "Microsoft? Windows? Operating System",
        "LogonId":  "0x2c0d8",
        "ProcessId":  "3436",
        "LogonGuid":  "{AC6A4E42-0419-5CF4-0000-0020D8C00200}",
        "TerminalSessionId":  "1",
        "ParentProcessGuid":  "{AC6A4E42-4761-5CF6-0000-001066857500}",
        "ParentProcessId":  "3484",
        "ParentImage":  "C:\\Program Files\\Wireshark\\dumpcap.exe"
    },
    {
        "ParentCommandLine":  "\"C:\\Program Files\\Wireshark\\Wireshark.exe\" ",
        "Description":  "Dumpcap",
        "CommandLine":  "\"C:\\Program Files\\Wireshark\\dumpcap.exe\" -S -Z 5248.dummy",
        "CurrentDirectory":  "C:\\Program Files\\Wireshark\\",
        "Hashes":  "SHA1=9AE11406407699C016132633C4464EEB1B85F640,MD5=28869D1C0F3C57B3A12B1ACC758BFD3D,SHA256=F282900DF73E74D727580A88ECD6A4A2D2942FBB980D66009C6C85DDD8B31D9D,IMPHASH=BA28212C31A1C7FA632746E6F19EF3B4",
        "Image":  "C:\\Program Files\\Wireshark\\dumpcap.exe",
        "UtcTime":  "2019-06-04 10:26:42.854",
        "ProcessGuid":  "{AC6A4E42-4762-5CF6-0000-0010AA967500}",
        "Company":  "The Wireshark developer community",
        "IntegrityLevel":  "Medium",
        "EventId":  1,
        "FileVersion":  "2.2.3",
        "User":  "SEC504STUDENT\\Sec504",
        "RuleName":  null,
        "Product":  "Dumpcap",
        "LogonId":  "0x2c0d8",
        "ProcessId":  "3768",
        "LogonGuid":  "{AC6A4E42-0419-5CF4-0000-0020D8C00200}",
        "TerminalSessionId":  "1",
        "ParentProcessGuid":  "{AC6A4E42-469E-5CF6-0000-001078766C00}",
        "ParentProcessId":  "5248",
        "ParentImage":  "C:\\Program Files\\Wireshark\\Wireshark.exe"
    },
    {
        "ParentCommandLine":  "\"C:\\Program Files\\Wireshark\\dumpcap.exe\" -S -Z 5248.dummy",
        "Description":  "Console Window Host",
        "CommandLine":  "\\??\\C:\\WINDOWS\\system32\\conhost.exe 0xffffffff -ForceV1",
        "CurrentDirectory":  "C:\\WINDOWS",
        "Hashes":  "SHA1=8F9BC1B7D65188D0ADBDF74CCCE4EED78BF4C129,MD5=EA777DEEA782E8B4D7C7C33BBF8A4496,SHA256=04B6A35BC504401989B9E674C57C9E84D0CBDBBD9D8CE0CE83D7CECA0B7175ED,IMPHASH=63E065B05DF33ACB4D95B3DD04670B8F",
        "Image":  "C:\\Windows\\System32\\conhost.exe",
        "UtcTime":  "2019-06-04 10:26:42.857",
        "ProcessGuid":  "{AC6A4E42-4762-5CF6-0000-00102E977500}",
        "Company":  "Microsoft Corporation",
        "IntegrityLevel":  "Medium",
        "EventId":  1,
        "FileVersion":  "10.0.17134.1 (WinBuild.160101.0800)",
        "User":  "SEC504STUDENT\\Sec504",
        "RuleName":  null,
        "Product":  "Microsoft? Windows? Operating System",
        "LogonId":  "0x2c0d8",
        "ProcessId":  "4900",
        "LogonGuid":  "{AC6A4E42-0419-5CF4-0000-0020D8C00200}",
        "TerminalSessionId":  "1",
        "ParentProcessGuid":  "{AC6A4E42-4762-5CF6-0000-0010AA967500}",
        "ParentProcessId":  "3768",
        "ParentImage":  "C:\\Program Files\\Wireshark\\dumpcap.exe"
    },
    {
        "ParentCommandLine":  "\"C:\\Program Files\\Wireshark\\Wireshark.exe\" ",
        "Description":  "Dumpcap",
        "CommandLine":  "\"C:\\Program Files\\Wireshark\\dumpcap.exe\" -S -Z 5248.dummy",
        "CurrentDirectory":  "C:\\Program Files\\Wireshark\\",
        "Hashes":  "SHA1=9AE11406407699C016132633C4464EEB1B85F640,MD5=28869D1C0F3C57B3A12B1ACC758BFD3D,SHA256=F282900DF73E74D727580A88ECD6A4A2D2942FBB980D66009C6C85DDD8B31D9D,IMPHASH=BA28212C31A1C7FA632746E6F19EF3B4",
        "Image":  "C:\\Program Files\\Wireshark\\dumpcap.exe",
        "UtcTime":  "2019-06-04 10:26:43.869",
        "ProcessGuid":  "{AC6A4E42-4763-5CF6-0000-0010B0A87500}",
        "Company":  "The Wireshark developer community",
        "IntegrityLevel":  "Medium",
        "EventId":  1,
        "FileVersion":  "2.2.3",
        "User":  "SEC504STUDENT\\Sec504",
        "RuleName":  null,
        "Product":  "Dumpcap",
        "LogonId":  "0x2c0d8",
        "ProcessId":  "5316",
        "LogonGuid":  "{AC6A4E42-0419-5CF4-0000-0020D8C00200}",
        "TerminalSessionId":  "1",
        "ParentProcessGuid":  "{AC6A4E42-469E-5CF6-0000-001078766C00}",
        "ParentProcessId":  "5248",
        "ParentImage":  "C:\\Program Files\\Wireshark\\Wireshark.exe"
    },
    {
        "ParentCommandLine":  "\"C:\\Program Files\\Wireshark\\dumpcap.exe\" -S -Z 5248.dummy",
        "Description":  "Console Window Host",
        "CommandLine":  "\\??\\C:\\WINDOWS\\system32\\conhost.exe 0xffffffff -ForceV1",
        "CurrentDirectory":  "C:\\WINDOWS",
        "Hashes":  "SHA1=8F9BC1B7D65188D0ADBDF74CCCE4EED78BF4C129,MD5=EA777DEEA782E8B4D7C7C33BBF8A4496,SHA256=04B6A35BC504401989B9E674C57C9E84D0CBDBBD9D8CE0CE83D7CECA0B7175ED,IMPHASH=63E065B05DF33ACB4D95B3DD04670B8F",
        "Image":  "C:\\Windows\\System32\\conhost.exe",
        "UtcTime":  "2019-06-04 10:26:43.872",
        "ProcessGuid":  "{AC6A4E42-4763-5CF6-0000-001039A97500}",
        "Company":  "Microsoft Corporation",
        "IntegrityLevel":  "Medium",
        "EventId":  1,
        "FileVersion":  "10.0.17134.1 (WinBuild.160101.0800)",
        "User":  "SEC504STUDENT\\Sec504",
        "RuleName":  null,
        "Product":  "Microsoft? Windows? Operating System",
        "LogonId":  "0x2c0d8",
        "ProcessId":  "4916",
        "LogonGuid":  "{AC6A4E42-0419-5CF4-0000-0020D8C00200}",
        "TerminalSessionId":  "1",
        "ParentProcessGuid":  "{AC6A4E42-4763-5CF6-0000-0010B0A87500}",
        "ParentProcessId":  "5316",
        "ParentImage":  "C:\\Program Files\\Wireshark\\dumpcap.exe"
    },
    {
        "ParentCommandLine":  "\"C:\\Program Files\\Wireshark\\Wireshark.exe\" ",
        "Description":  "Dumpcap",
        "CommandLine":  "\"C:\\Program Files\\Wireshark\\dumpcap.exe\" -S -Z 5248.dummy",
        "CurrentDirectory":  "C:\\Program Files\\Wireshark\\",
        "Hashes":  "SHA1=9AE11406407699C016132633C4464EEB1B85F640,MD5=28869D1C0F3C57B3A12B1ACC758BFD3D,SHA256=F282900DF73E74D727580A88ECD6A4A2D2942FBB980D66009C6C85DDD8B31D9D,IMPHASH=BA28212C31A1C7FA632746E6F19EF3B4",
        "Image":  "C:\\Program Files\\Wireshark\\dumpcap.exe",
        "UtcTime":  "2019-06-04 10:26:44.885",
        "ProcessGuid":  "{AC6A4E42-4764-5CF6-0000-001064BB7500}",
        "Company":  "The Wireshark developer community",
        "IntegrityLevel":  "Medium",
        "EventId":  1,
        "FileVersion":  "2.2.3",
        "User":  "SEC504STUDENT\\Sec504",
        "RuleName":  null,
        "Product":  "Dumpcap",
        "LogonId":  "0x2c0d8",
        "ProcessId":  "4308",
        "LogonGuid":  "{AC6A4E42-0419-5CF4-0000-0020D8C00200}",
        "TerminalSessionId":  "1",
        "ParentProcessGuid":  "{AC6A4E42-469E-5CF6-0000-001078766C00}",
        "ParentProcessId":  "5248",
        "ParentImage":  "C:\\Program Files\\Wireshark\\Wireshark.exe"
    },
    {
        "ParentCommandLine":  "\"C:\\Program Files\\Wireshark\\dumpcap.exe\" -S -Z 5248.dummy",
        "Description":  "Console Window Host",
        "CommandLine":  "\\??\\C:\\WINDOWS\\system32\\conhost.exe 0xffffffff -ForceV1",
        "CurrentDirectory":  "C:\\WINDOWS",
        "Hashes":  "SHA1=8F9BC1B7D65188D0ADBDF74CCCE4EED78BF4C129,MD5=EA777DEEA782E8B4D7C7C33BBF8A4496,SHA256=04B6A35BC504401989B9E674C57C9E84D0CBDBBD9D8CE0CE83D7CECA0B7175ED,IMPHASH=63E065B05DF33ACB4D95B3DD04670B8F",
        "Image":  "C:\\Windows\\System32\\conhost.exe",
        "UtcTime":  "2019-06-04 10:26:44.888",
        "ProcessGuid":  "{AC6A4E42-4764-5CF6-0000-0010EEBB7500}",
        "Company":  "Microsoft Corporation",
        "IntegrityLevel":  "Medium",
        "EventId":  1,
        "FileVersion":  "10.0.17134.1 (WinBuild.160101.0800)",
        "User":  "SEC504STUDENT\\Sec504",
        "RuleName":  null,
        "Product":  "Microsoft? Windows? Operating System",
        "LogonId":  "0x2c0d8",
        "ProcessId":  "3260",
        "LogonGuid":  "{AC6A4E42-0419-5CF4-0000-0020D8C00200}",
        "TerminalSessionId":  "1",
        "ParentProcessGuid":  "{AC6A4E42-4764-5CF6-0000-001064BB7500}",
        "ParentProcessId":  "4308",
        "ParentImage":  "C:\\Program Files\\Wireshark\\dumpcap.exe"
    },
    {
        "ParentCommandLine":  "\"C:\\Program Files\\Wireshark\\Wireshark.exe\" ",
        "Description":  "Dumpcap",
        "CommandLine":  "\"C:\\Program Files\\Wireshark\\dumpcap.exe\" -S -Z 5248.dummy",
        "CurrentDirectory":  "C:\\Program Files\\Wireshark\\",
        "Hashes":  "SHA1=9AE11406407699C016132633C4464EEB1B85F640,MD5=28869D1C0F3C57B3A12B1ACC758BFD3D,SHA256=F282900DF73E74D727580A88ECD6A4A2D2942FBB980D66009C6C85DDD8B31D9D,IMPHASH=BA28212C31A1C7FA632746E6F19EF3B4",
        "Image":  "C:\\Program Files\\Wireshark\\dumpcap.exe",
        "UtcTime":  "2019-06-04 10:26:45.900",
        "ProcessGuid":  "{AC6A4E42-4765-5CF6-0000-0010B2CE7500}",
        "Company":  "The Wireshark developer community",
        "IntegrityLevel":  "Medium",
        "EventId":  1,
        "FileVersion":  "2.2.3",
        "User":  "SEC504STUDENT\\Sec504",
        "RuleName":  null,
        "Product":  "Dumpcap",
        "LogonId":  "0x2c0d8",
        "ProcessId":  "2000",
        "LogonGuid":  "{AC6A4E42-0419-5CF4-0000-0020D8C00200}",
        "TerminalSessionId":  "1",
        "ParentProcessGuid":  "{AC6A4E42-469E-5CF6-0000-001078766C00}",
        "ParentProcessId":  "5248",
        "ParentImage":  "C:\\Program Files\\Wireshark\\Wireshark.exe"
    },
    {
        "ParentCommandLine":  "\"C:\\Program Files\\Wireshark\\dumpcap.exe\" -S -Z 5248.dummy",
        "Description":  "Console Window Host",
        "CommandLine":  "\\??\\C:\\WINDOWS\\system32\\conhost.exe 0xffffffff -ForceV1",
        "CurrentDirectory":  "C:\\WINDOWS",
        "Hashes":  "SHA1=8F9BC1B7D65188D0ADBDF74CCCE4EED78BF4C129,MD5=EA777DEEA782E8B4D7C7C33BBF8A4496,SHA256=04B6A35BC504401989B9E674C57C9E84D0CBDBBD9D8CE0CE83D7CECA0B7175ED,IMPHASH=63E065B05DF33ACB4D95B3DD04670B8F",
        "Image":  "C:\\Windows\\System32\\conhost.exe",
        "UtcTime":  "2019-06-04 10:26:45.904",
        "ProcessGuid":  "{AC6A4E42-4765-5CF6-0000-00103ACF7500}",
        "Company":  "Microsoft Corporation",
        "IntegrityLevel":  "Medium",
        "EventId":  1,
        "FileVersion":  "10.0.17134.1 (WinBuild.160101.0800)",
        "User":  "SEC504STUDENT\\Sec504",
        "RuleName":  null,
        "Product":  "Microsoft? Windows? Operating System",
        "LogonId":  "0x2c0d8",
        "ProcessId":  "5996",
        "LogonGuid":  "{AC6A4E42-0419-5CF4-0000-0020D8C00200}",
        "TerminalSessionId":  "1",
        "ParentProcessGuid":  "{AC6A4E42-4765-5CF6-0000-0010B2CE7500}",
        "ParentProcessId":  "2000",
        "ParentImage":  "C:\\Program Files\\Wireshark\\dumpcap.exe"
    },
    {
        "ParentCommandLine":  "\"C:\\Program Files\\Wireshark\\Wireshark.exe\" ",
        "Description":  "Dumpcap",
        "CommandLine":  "\"C:\\Program Files\\Wireshark\\dumpcap.exe\" -S -Z 5248.dummy",
        "CurrentDirectory":  "C:\\Program Files\\Wireshark\\",
        "Hashes":  "SHA1=9AE11406407699C016132633C4464EEB1B85F640,MD5=28869D1C0F3C57B3A12B1ACC758BFD3D,SHA256=F282900DF73E74D727580A88ECD6A4A2D2942FBB980D66009C6C85DDD8B31D9D,IMPHASH=BA28212C31A1C7FA632746E6F19EF3B4",
        "Image":  "C:\\Program Files\\Wireshark\\dumpcap.exe",
        "UtcTime":  "2019-06-04 10:26:46.900",
        "ProcessGuid":  "{AC6A4E42-4766-5CF6-0000-001041E37500}",
        "Company":  "The Wireshark developer community",
        "IntegrityLevel":  "Medium",
        "EventId":  1,
        "FileVersion":  "2.2.3",
        "User":  "SEC504STUDENT\\Sec504",
        "RuleName":  null,
        "Product":  "Dumpcap",
        "LogonId":  "0x2c0d8",
        "ProcessId":  "768",
        "LogonGuid":  "{AC6A4E42-0419-5CF4-0000-0020D8C00200}",
        "TerminalSessionId":  "1",
        "ParentProcessGuid":  "{AC6A4E42-469E-5CF6-0000-001078766C00}",
        "ParentProcessId":  "5248",
        "ParentImage":  "C:\\Program Files\\Wireshark\\Wireshark.exe"
    },
    {
        "ParentCommandLine":  "\"C:\\Program Files\\Wireshark\\dumpcap.exe\" -S -Z 5248.dummy",
        "Description":  "Console Window Host",
        "CommandLine":  "\\??\\C:\\WINDOWS\\system32\\conhost.exe 0xffffffff -ForceV1",
        "CurrentDirectory":  "C:\\WINDOWS",
        "Hashes":  "SHA1=8F9BC1B7D65188D0ADBDF74CCCE4EED78BF4C129,MD5=EA777DEEA782E8B4D7C7C33BBF8A4496,SHA256=04B6A35BC504401989B9E674C57C9E84D0CBDBBD9D8CE0CE83D7CECA0B7175ED,IMPHASH=63E065B05DF33ACB4D95B3DD04670B8F",
        "Image":  "C:\\Windows\\System32\\conhost.exe",
        "UtcTime":  "2019-06-04 10:26:46.904",
        "ProcessGuid":  "{AC6A4E42-4766-5CF6-0000-0010C9E37500}",
        "Company":  "Microsoft Corporation",
        "IntegrityLevel":  "Medium",
        "EventId":  1,
        "FileVersion":  "10.0.17134.1 (WinBuild.160101.0800)",
        "User":  "SEC504STUDENT\\Sec504",
        "RuleName":  null,
        "Product":  "Microsoft? Windows? Operating System",
        "LogonId":  "0x2c0d8",
        "ProcessId":  "4620",
        "LogonGuid":  "{AC6A4E42-0419-5CF4-0000-0020D8C00200}",
        "TerminalSessionId":  "1",
        "ParentProcessGuid":  "{AC6A4E42-4766-5CF6-0000-001041E37500}",
        "ParentProcessId":  "768",
        "ParentImage":  "C:\\Program Files\\Wireshark\\dumpcap.exe"
    },
    {
        "ParentCommandLine":  "\"C:\\Program Files\\Wireshark\\Wireshark.exe\" ",
        "Description":  "Dumpcap",
        "CommandLine":  "\"C:\\Program Files\\Wireshark\\dumpcap.exe\" -S -Z 5248.dummy",
        "CurrentDirectory":  "C:\\Program Files\\Wireshark\\",
        "Hashes":  "SHA1=9AE11406407699C016132633C4464EEB1B85F640,MD5=28869D1C0F3C57B3A12B1ACC758BFD3D,SHA256=F282900DF73E74D727580A88ECD6A4A2D2942FBB980D66009C6C85DDD8B31D9D,IMPHASH=BA28212C31A1C7FA632746E6F19EF3B4",
        "Image":  "C:\\Program Files\\Wireshark\\dumpcap.exe",
        "UtcTime":  "2019-06-04 10:26:47.916",
        "ProcessGuid":  "{AC6A4E42-4767-5CF6-0000-001060F67500}",
        "Company":  "The Wireshark developer community",
        "IntegrityLevel":  "Medium",
        "EventId":  1,
        "FileVersion":  "2.2.3",
        "User":  "SEC504STUDENT\\Sec504",
        "RuleName":  null,
        "Product":  "Dumpcap",
        "LogonId":  "0x2c0d8",
        "ProcessId":  "2740",
        "LogonGuid":  "{AC6A4E42-0419-5CF4-0000-0020D8C00200}",
        "TerminalSessionId":  "1",
        "ParentProcessGuid":  "{AC6A4E42-469E-5CF6-0000-001078766C00}",
        "ParentProcessId":  "5248",
        "ParentImage":  "C:\\Program Files\\Wireshark\\Wireshark.exe"
    },
    {
        "ParentCommandLine":  "\"C:\\Program Files\\Wireshark\\dumpcap.exe\" -S -Z 5248.dummy",
        "Description":  "Console Window Host",
        "CommandLine":  "\\??\\C:\\WINDOWS\\system32\\conhost.exe 0xffffffff -ForceV1",
        "CurrentDirectory":  "C:\\WINDOWS",
        "Hashes":  "SHA1=8F9BC1B7D65188D0ADBDF74CCCE4EED78BF4C129,MD5=EA777DEEA782E8B4D7C7C33BBF8A4496,SHA256=04B6A35BC504401989B9E674C57C9E84D0CBDBBD9D8CE0CE83D7CECA0B7175ED,IMPHASH=63E065B05DF33ACB4D95B3DD04670B8F",
        "Image":  "C:\\Windows\\System32\\conhost.exe",
        "UtcTime":  "2019-06-04 10:26:47.919",
        "ProcessGuid":  "{AC6A4E42-4767-5CF6-0000-0010E9F67500}",
        "Company":  "Microsoft Corporation",
        "IntegrityLevel":  "Medium",
        "EventId":  1,
        "FileVersion":  "10.0.17134.1 (WinBuild.160101.0800)",
        "User":  "SEC504STUDENT\\Sec504",
        "RuleName":  null,
        "Product":  "Microsoft? Windows? Operating System",
        "LogonId":  "0x2c0d8",
        "ProcessId":  "1340",
        "LogonGuid":  "{AC6A4E42-0419-5CF4-0000-0020D8C00200}",
        "TerminalSessionId":  "1",
        "ParentProcessGuid":  "{AC6A4E42-4767-5CF6-0000-001060F67500}",
        "ParentProcessId":  "2740",
        "ParentImage":  "C:\\Program Files\\Wireshark\\dumpcap.exe"
    },
    {
        "ParentCommandLine":  "\"C:\\Program Files\\Wireshark\\Wireshark.exe\" ",
        "Description":  "Dumpcap",
        "CommandLine":  "\"C:\\Program Files\\Wireshark\\dumpcap.exe\" -S -Z 5248.dummy",
        "CurrentDirectory":  "C:\\Program Files\\Wireshark\\",
        "Hashes":  "SHA1=9AE11406407699C016132633C4464EEB1B85F640,MD5=28869D1C0F3C57B3A12B1ACC758BFD3D,SHA256=F282900DF73E74D727580A88ECD6A4A2D2942FBB980D66009C6C85DDD8B31D9D,IMPHASH=BA28212C31A1C7FA632746E6F19EF3B4",
        "Image":  "C:\\Program Files\\Wireshark\\dumpcap.exe",
        "UtcTime":  "2019-06-04 10:26:48.916",
        "ProcessGuid":  "{AC6A4E42-4768-5CF6-0000-0010A8097600}",
        "Company":  "The Wireshark developer community",
        "IntegrityLevel":  "Medium",
        "EventId":  1,
        "FileVersion":  "2.2.3",
        "User":  "SEC504STUDENT\\Sec504",
        "RuleName":  null,
        "Product":  "Dumpcap",
        "LogonId":  "0x2c0d8",
        "ProcessId":  "6024",
        "LogonGuid":  "{AC6A4E42-0419-5CF4-0000-0020D8C00200}",
        "TerminalSessionId":  "1",
        "ParentProcessGuid":  "{AC6A4E42-469E-5CF6-0000-001078766C00}",
        "ParentProcessId":  "5248",
        "ParentImage":  "C:\\Program Files\\Wireshark\\Wireshark.exe"
    },
    {
        "ParentCommandLine":  "\"C:\\Program Files\\Wireshark\\dumpcap.exe\" -S -Z 5248.dummy",
        "Description":  "Console Window Host",
        "CommandLine":  "\\??\\C:\\WINDOWS\\system32\\conhost.exe 0xffffffff -ForceV1",
        "CurrentDirectory":  "C:\\WINDOWS",
        "Hashes":  "SHA1=8F9BC1B7D65188D0ADBDF74CCCE4EED78BF4C129,MD5=EA777DEEA782E8B4D7C7C33BBF8A4496,SHA256=04B6A35BC504401989B9E674C57C9E84D0CBDBBD9D8CE0CE83D7CECA0B7175ED,IMPHASH=63E065B05DF33ACB4D95B3DD04670B8F",
        "Image":  "C:\\Windows\\System32\\conhost.exe",
        "UtcTime":  "2019-06-04 10:26:48.920",
        "ProcessGuid":  "{AC6A4E42-4768-5CF6-0000-0010310A7600}",
        "Company":  "Microsoft Corporation",
        "IntegrityLevel":  "Medium",
        "EventId":  1,
        "FileVersion":  "10.0.17134.1 (WinBuild.160101.0800)",
        "User":  "SEC504STUDENT\\Sec504",
        "RuleName":  null,
        "Product":  "Microsoft? Windows? Operating System",
        "LogonId":  "0x2c0d8",
        "ProcessId":  "1548",
        "LogonGuid":  "{AC6A4E42-0419-5CF4-0000-0020D8C00200}",
        "TerminalSessionId":  "1",
        "ParentProcessGuid":  "{AC6A4E42-4768-5CF6-0000-0010A8097600}",
        "ParentProcessId":  "6024",
        "ParentImage":  "C:\\Program Files\\Wireshark\\dumpcap.exe"
    },
    {
        "ParentCommandLine":  "\"C:\\Program Files\\Wireshark\\Wireshark.exe\" ",
        "Description":  "Dumpcap",
        "CommandLine":  "\"C:\\Program Files\\Wireshark\\dumpcap.exe\" -S -Z 5248.dummy",
        "CurrentDirectory":  "C:\\Program Files\\Wireshark\\",
        "Hashes":  "SHA1=9AE11406407699C016132633C4464EEB1B85F640,MD5=28869D1C0F3C57B3A12B1ACC758BFD3D,SHA256=F282900DF73E74D727580A88ECD6A4A2D2942FBB980D66009C6C85DDD8B31D9D,IMPHASH=BA28212C31A1C7FA632746E6F19EF3B4",
        "Image":  "C:\\Program Files\\Wireshark\\dumpcap.exe",
        "UtcTime":  "2019-06-04 10:26:49.916",
        "ProcessGuid":  "{AC6A4E42-4769-5CF6-0000-00102F1D7600}",
        "Company":  "The Wireshark developer community",
        "IntegrityLevel":  "Medium",
        "EventId":  1,
        "FileVersion":  "2.2.3",
        "User":  "SEC504STUDENT\\Sec504",
        "RuleName":  null,
        "Product":  "Dumpcap",
        "LogonId":  "0x2c0d8",
        "ProcessId":  "3772",
        "LogonGuid":  "{AC6A4E42-0419-5CF4-0000-0020D8C00200}",
        "TerminalSessionId":  "1",
        "ParentProcessGuid":  "{AC6A4E42-469E-5CF6-0000-001078766C00}",
        "ParentProcessId":  "5248",
        "ParentImage":  "C:\\Program Files\\Wireshark\\Wireshark.exe"
    },
    {
        "ParentCommandLine":  "\"C:\\Program Files\\Wireshark\\dumpcap.exe\" -S -Z 5248.dummy",
        "Description":  "Console Window Host",
        "CommandLine":  "\\??\\C:\\WINDOWS\\system32\\conhost.exe 0xffffffff -ForceV1",
        "CurrentDirectory":  "C:\\WINDOWS",
        "Hashes":  "SHA1=8F9BC1B7D65188D0ADBDF74CCCE4EED78BF4C129,MD5=EA777DEEA782E8B4D7C7C33BBF8A4496,SHA256=04B6A35BC504401989B9E674C57C9E84D0CBDBBD9D8CE0CE83D7CECA0B7175ED,IMPHASH=63E065B05DF33ACB4D95B3DD04670B8F",
        "Image":  "C:\\Windows\\System32\\conhost.exe",
        "UtcTime":  "2019-06-04 10:26:49.919",
        "ProcessGuid":  "{AC6A4E42-4769-5CF6-0000-0010B31D7600}",
        "Company":  "Microsoft Corporation",
        "IntegrityLevel":  "Medium",
        "EventId":  1,
        "FileVersion":  "10.0.17134.1 (WinBuild.160101.0800)",
        "User":  "SEC504STUDENT\\Sec504",
        "RuleName":  null,
        "Product":  "Microsoft? Windows? Operating System",
        "LogonId":  "0x2c0d8",
        "ProcessId":  "968",
        "LogonGuid":  "{AC6A4E42-0419-5CF4-0000-0020D8C00200}",
        "TerminalSessionId":  "1",
        "ParentProcessGuid":  "{AC6A4E42-4769-5CF6-0000-00102F1D7600}",
        "ParentProcessId":  "3772",
        "ParentImage":  "C:\\Program Files\\Wireshark\\dumpcap.exe"
    },
    {
        "ParentCommandLine":  "\"C:\\Program Files\\Wireshark\\Wireshark.exe\" ",
        "Description":  "Dumpcap",
        "CommandLine":  "\"C:\\Program Files\\Wireshark\\dumpcap.exe\" -S -Z 5248.dummy",
        "CurrentDirectory":  "C:\\Program Files\\Wireshark\\",
        "Hashes":  "SHA1=9AE11406407699C016132633C4464EEB1B85F640,MD5=28869D1C0F3C57B3A12B1ACC758BFD3D,SHA256=F282900DF73E74D727580A88ECD6A4A2D2942FBB980D66009C6C85DDD8B31D9D,IMPHASH=BA28212C31A1C7FA632746E6F19EF3B4",
        "Image":  "C:\\Program Files\\Wireshark\\dumpcap.exe",
        "UtcTime":  "2019-06-04 10:26:50.916",
        "ProcessGuid":  "{AC6A4E42-476A-5CF6-0000-001083307600}",
        "Company":  "The Wireshark developer community",
        "IntegrityLevel":  "Medium",
        "EventId":  1,
        "FileVersion":  "2.2.3",
        "User":  "SEC504STUDENT\\Sec504",
        "RuleName":  null,
        "Product":  "Dumpcap",
        "LogonId":  "0x2c0d8",
        "ProcessId":  "3904",
        "LogonGuid":  "{AC6A4E42-0419-5CF4-0000-0020D8C00200}",
        "TerminalSessionId":  "1",
        "ParentProcessGuid":  "{AC6A4E42-469E-5CF6-0000-001078766C00}",
        "ParentProcessId":  "5248",
        "ParentImage":  "C:\\Program Files\\Wireshark\\Wireshark.exe"
    },
    {
        "ParentCommandLine":  "\"C:\\Program Files\\Wireshark\\dumpcap.exe\" -S -Z 5248.dummy",
        "Description":  "Console Window Host",
        "CommandLine":  "\\??\\C:\\WINDOWS\\system32\\conhost.exe 0xffffffff -ForceV1",
        "CurrentDirectory":  "C:\\WINDOWS",
        "Hashes":  "SHA1=8F9BC1B7D65188D0ADBDF74CCCE4EED78BF4C129,MD5=EA777DEEA782E8B4D7C7C33BBF8A4496,SHA256=04B6A35BC504401989B9E674C57C9E84D0CBDBBD9D8CE0CE83D7CECA0B7175ED,IMPHASH=63E065B05DF33ACB4D95B3DD04670B8F",
        "Image":  "C:\\Windows\\System32\\conhost.exe",
        "UtcTime":  "2019-06-04 10:26:50.919",
        "ProcessGuid":  "{AC6A4E42-476A-5CF6-0000-001008317600}",
        "Company":  "Microsoft Corporation",
        "IntegrityLevel":  "Medium",
        "EventId":  1,
        "FileVersion":  "10.0.17134.1 (WinBuild.160101.0800)",
        "User":  "SEC504STUDENT\\Sec504",
        "RuleName":  null,
        "Product":  "Microsoft? Windows? Operating System",
        "LogonId":  "0x2c0d8",
        "ProcessId":  "5668",
        "LogonGuid":  "{AC6A4E42-0419-5CF4-0000-0020D8C00200}",
        "TerminalSessionId":  "1",
        "ParentProcessGuid":  "{AC6A4E42-476A-5CF6-0000-001083307600}",
        "ParentProcessId":  "3904",
        "ParentImage":  "C:\\Program Files\\Wireshark\\dumpcap.exe"
    },
    {
        "ParentCommandLine":  "\"C:\\Program Files\\Wireshark\\Wireshark.exe\" ",
        "Description":  "Dumpcap",
        "CommandLine":  "\"C:\\Program Files\\Wireshark\\dumpcap.exe\" -S -Z 5248.dummy",
        "CurrentDirectory":  "C:\\Program Files\\Wireshark\\",
        "Hashes":  "SHA1=9AE11406407699C016132633C4464EEB1B85F640,MD5=28869D1C0F3C57B3A12B1ACC758BFD3D,SHA256=F282900DF73E74D727580A88ECD6A4A2D2942FBB980D66009C6C85DDD8B31D9D,IMPHASH=BA28212C31A1C7FA632746E6F19EF3B4",
        "Image":  "C:\\Program Files\\Wireshark\\dumpcap.exe",
        "UtcTime":  "2019-06-04 10:26:51.916",
        "ProcessGuid":  "{AC6A4E42-476B-5CF6-0000-00101A447600}",
        "Company":  "The Wireshark developer community",
        "IntegrityLevel":  "Medium",
        "EventId":  1,
        "FileVersion":  "2.2.3",
        "User":  "SEC504STUDENT\\Sec504",
        "RuleName":  null,
        "Product":  "Dumpcap",
        "LogonId":  "0x2c0d8",
        "ProcessId":  "3216",
        "LogonGuid":  "{AC6A4E42-0419-5CF4-0000-0020D8C00200}",
        "TerminalSessionId":  "1",
        "ParentProcessGuid":  "{AC6A4E42-469E-5CF6-0000-001078766C00}",
        "ParentProcessId":  "5248",
        "ParentImage":  "C:\\Program Files\\Wireshark\\Wireshark.exe"
    },
    {
        "ParentCommandLine":  "\"C:\\Program Files\\Wireshark\\dumpcap.exe\" -S -Z 5248.dummy",
        "Description":  "Console Window Host",
        "CommandLine":  "\\??\\C:\\WINDOWS\\system32\\conhost.exe 0xffffffff -ForceV1",
        "CurrentDirectory":  "C:\\WINDOWS",
        "Hashes":  "SHA1=8F9BC1B7D65188D0ADBDF74CCCE4EED78BF4C129,MD5=EA777DEEA782E8B4D7C7C33BBF8A4496,SHA256=04B6A35BC504401989B9E674C57C9E84D0CBDBBD9D8CE0CE83D7CECA0B7175ED,IMPHASH=63E065B05DF33ACB4D95B3DD04670B8F",
        "Image":  "C:\\Windows\\System32\\conhost.exe",
        "UtcTime":  "2019-06-04 10:26:51.919",
        "ProcessGuid":  "{AC6A4E42-476B-5CF6-0000-0010A3447600}",
        "Company":  "Microsoft Corporation",
        "IntegrityLevel":  "Medium",
        "EventId":  1,
        "FileVersion":  "10.0.17134.1 (WinBuild.160101.0800)",
        "User":  "SEC504STUDENT\\Sec504",
        "RuleName":  null,
        "Product":  "Microsoft? Windows? Operating System",
        "LogonId":  "0x2c0d8",
        "ProcessId":  "6084",
        "LogonGuid":  "{AC6A4E42-0419-5CF4-0000-0020D8C00200}",
        "TerminalSessionId":  "1",
        "ParentProcessGuid":  "{AC6A4E42-476B-5CF6-0000-00101A447600}",
        "ParentProcessId":  "3216",
        "ParentImage":  "C:\\Program Files\\Wireshark\\dumpcap.exe"
    },
    {
        "ParentCommandLine":  "\"C:\\Program Files\\Wireshark\\Wireshark.exe\" ",
        "Description":  "Dumpcap",
        "CommandLine":  "\"C:\\Program Files\\Wireshark\\dumpcap.exe\" -S -Z 5248.dummy",
        "CurrentDirectory":  "C:\\Program Files\\Wireshark\\",
        "Hashes":  "SHA1=9AE11406407699C016132633C4464EEB1B85F640,MD5=28869D1C0F3C57B3A12B1ACC758BFD3D,SHA256=F282900DF73E74D727580A88ECD6A4A2D2942FBB980D66009C6C85DDD8B31D9D,IMPHASH=BA28212C31A1C7FA632746E6F19EF3B4",
        "Image":  "C:\\Program Files\\Wireshark\\dumpcap.exe",
        "UtcTime":  "2019-06-04 10:26:52.916",
        "ProcessGuid":  "{AC6A4E42-476C-5CF6-0000-00107E577600}",
        "Company":  "The Wireshark developer community",
        "IntegrityLevel":  "Medium",
        "EventId":  1,
        "FileVersion":  "2.2.3",
        "User":  "SEC504STUDENT\\Sec504",
        "RuleName":  null,
        "Product":  "Dumpcap",
        "LogonId":  "0x2c0d8",
        "ProcessId":  "456",
        "LogonGuid":  "{AC6A4E42-0419-5CF4-0000-0020D8C00200}",
        "TerminalSessionId":  "1",
        "ParentProcessGuid":  "{AC6A4E42-469E-5CF6-0000-001078766C00}",
        "ParentProcessId":  "5248",
        "ParentImage":  "C:\\Program Files\\Wireshark\\Wireshark.exe"
    },
    {
        "ParentCommandLine":  "\"C:\\Program Files\\Wireshark\\dumpcap.exe\" -S -Z 5248.dummy",
        "Description":  "Console Window Host",
        "CommandLine":  "\\??\\C:\\WINDOWS\\system32\\conhost.exe 0xffffffff -ForceV1",
        "CurrentDirectory":  "C:\\WINDOWS",
        "Hashes":  "SHA1=8F9BC1B7D65188D0ADBDF74CCCE4EED78BF4C129,MD5=EA777DEEA782E8B4D7C7C33BBF8A4496,SHA256=04B6A35BC504401989B9E674C57C9E84D0CBDBBD9D8CE0CE83D7CECA0B7175ED,IMPHASH=63E065B05DF33ACB4D95B3DD04670B8F",
        "Image":  "C:\\Windows\\System32\\conhost.exe",
        "UtcTime":  "2019-06-04 10:26:52.920",
        "ProcessGuid":  "{AC6A4E42-476C-5CF6-0000-001004587600}",
        "Company":  "Microsoft Corporation",
        "IntegrityLevel":  "Medium",
        "EventId":  1,
        "FileVersion":  "10.0.17134.1 (WinBuild.160101.0800)",
        "User":  "SEC504STUDENT\\Sec504",
        "RuleName":  null,
        "Product":  "Microsoft? Windows? Operating System",
        "LogonId":  "0x2c0d8",
        "ProcessId":  "2532",
        "LogonGuid":  "{AC6A4E42-0419-5CF4-0000-0020D8C00200}",
        "TerminalSessionId":  "1",
        "ParentProcessGuid":  "{AC6A4E42-476C-5CF6-0000-00107E577600}",
        "ParentProcessId":  "456",
        "ParentImage":  "C:\\Program Files\\Wireshark\\dumpcap.exe"
    },
    {
        "ParentCommandLine":  "\"C:\\Program Files\\Wireshark\\Wireshark.exe\" ",
        "Description":  "Dumpcap",
        "CommandLine":  "\"C:\\Program Files\\Wireshark\\dumpcap.exe\" -S -Z 5248.dummy",
        "CurrentDirectory":  "C:\\Program Files\\Wireshark\\",
        "Hashes":  "SHA1=9AE11406407699C016132633C4464EEB1B85F640,MD5=28869D1C0F3C57B3A12B1ACC758BFD3D,SHA256=F282900DF73E74D727580A88ECD6A4A2D2942FBB980D66009C6C85DDD8B31D9D,IMPHASH=BA28212C31A1C7FA632746E6F19EF3B4",
        "Image":  "C:\\Program Files\\Wireshark\\dumpcap.exe",
        "UtcTime":  "2019-06-04 10:26:53.916",
        "ProcessGuid":  "{AC6A4E42-476D-5CF6-0000-00100B6D7600}",
        "Company":  "The Wireshark developer community",
        "IntegrityLevel":  "Medium",
        "EventId":  1,
        "FileVersion":  "2.2.3",
        "User":  "SEC504STUDENT\\Sec504",
        "RuleName":  null,
        "Product":  "Dumpcap",
        "LogonId":  "0x2c0d8",
        "ProcessId":  "6000",
        "LogonGuid":  "{AC6A4E42-0419-5CF4-0000-0020D8C00200}",
        "TerminalSessionId":  "1",
        "ParentProcessGuid":  "{AC6A4E42-469E-5CF6-0000-001078766C00}",
        "ParentProcessId":  "5248",
        "ParentImage":  "C:\\Program Files\\Wireshark\\Wireshark.exe"
    },
    {
        "ParentCommandLine":  "\"C:\\Program Files\\Wireshark\\dumpcap.exe\" -S -Z 5248.dummy",
        "Description":  "Console Window Host",
        "CommandLine":  "\\??\\C:\\WINDOWS\\system32\\conhost.exe 0xffffffff -ForceV1",
        "CurrentDirectory":  "C:\\WINDOWS",
        "Hashes":  "SHA1=8F9BC1B7D65188D0ADBDF74CCCE4EED78BF4C129,MD5=EA777DEEA782E8B4D7C7C33BBF8A4496,SHA256=04B6A35BC504401989B9E674C57C9E84D0CBDBBD9D8CE0CE83D7CECA0B7175ED,IMPHASH=63E065B05DF33ACB4D95B3DD04670B8F",
        "Image":  "C:\\Windows\\System32\\conhost.exe",
        "UtcTime":  "2019-06-04 10:26:53.919",
        "ProcessGuid":  "{AC6A4E42-476D-5CF6-0000-0010756D7600}",
        "Company":  "Microsoft Corporation",
        "IntegrityLevel":  "Medium",
        "EventId":  1,
        "FileVersion":  "10.0.17134.1 (WinBuild.160101.0800)",
        "User":  "SEC504STUDENT\\Sec504",
        "RuleName":  null,
        "Product":  "Microsoft? Windows? Operating System",
        "LogonId":  "0x2c0d8",
        "ProcessId":  "4812",
        "LogonGuid":  "{AC6A4E42-0419-5CF4-0000-0020D8C00200}",
        "TerminalSessionId":  "1",
        "ParentProcessGuid":  "{AC6A4E42-476D-5CF6-0000-00100B6D7600}",
        "ParentProcessId":  "6000",
        "ParentImage":  "C:\\Program Files\\Wireshark\\dumpcap.exe"
    },
    {
        "ParentCommandLine":  "\"C:\\Program Files\\Wireshark\\Wireshark.exe\" ",
        "Description":  "Dumpcap",
        "CommandLine":  "\"C:\\Program Files\\Wireshark\\dumpcap.exe\" -S -Z 5248.dummy",
        "CurrentDirectory":  "C:\\Program Files\\Wireshark\\",
        "Hashes":  "SHA1=9AE11406407699C016132633C4464EEB1B85F640,MD5=28869D1C0F3C57B3A12B1ACC758BFD3D,SHA256=F282900DF73E74D727580A88ECD6A4A2D2942FBB980D66009C6C85DDD8B31D9D,IMPHASH=BA28212C31A1C7FA632746E6F19EF3B4",
        "Image":  "C:\\Program Files\\Wireshark\\dumpcap.exe",
        "UtcTime":  "2019-06-04 10:26:54.916",
        "ProcessGuid":  "{AC6A4E42-476E-5CF6-0000-00103B857600}",
        "Company":  "The Wireshark developer community",
        "IntegrityLevel":  "Medium",
        "EventId":  1,
        "FileVersion":  "2.2.3",
        "User":  "SEC504STUDENT\\Sec504",
        "RuleName":  null,
        "Product":  "Dumpcap",
        "LogonId":  "0x2c0d8",
        "ProcessId":  "4496",
        "LogonGuid":  "{AC6A4E42-0419-5CF4-0000-0020D8C00200}",
        "TerminalSessionId":  "1",
        "ParentProcessGuid":  "{AC6A4E42-469E-5CF6-0000-001078766C00}",
        "ParentProcessId":  "5248",
        "ParentImage":  "C:\\Program Files\\Wireshark\\Wireshark.exe"
    },
    {
        "ParentCommandLine":  "\"C:\\Program Files\\Wireshark\\dumpcap.exe\" -S -Z 5248.dummy",
        "Description":  "Console Window Host",
        "CommandLine":  "\\??\\C:\\WINDOWS\\system32\\conhost.exe 0xffffffff -ForceV1",
        "CurrentDirectory":  "C:\\WINDOWS",
        "Hashes":  "SHA1=8F9BC1B7D65188D0ADBDF74CCCE4EED78BF4C129,MD5=EA777DEEA782E8B4D7C7C33BBF8A4496,SHA256=04B6A35BC504401989B9E674C57C9E84D0CBDBBD9D8CE0CE83D7CECA0B7175ED,IMPHASH=63E065B05DF33ACB4D95B3DD04670B8F",
        "Image":  "C:\\Windows\\System32\\conhost.exe",
        "UtcTime":  "2019-06-04 10:26:54.924",
        "ProcessGuid":  "{AC6A4E42-476E-5CF6-0000-0010A5857600}",
        "Company":  "Microsoft Corporation",
        "IntegrityLevel":  "Medium",
        "EventId":  1,
        "FileVersion":  "10.0.17134.1 (WinBuild.160101.0800)",
        "User":  "SEC504STUDENT\\Sec504",
        "RuleName":  null,
        "Product":  "Microsoft? Windows? Operating System",
        "LogonId":  "0x2c0d8",
        "ProcessId":  "2260",
        "LogonGuid":  "{AC6A4E42-0419-5CF4-0000-0020D8C00200}",
        "TerminalSessionId":  "1",
        "ParentProcessGuid":  "{AC6A4E42-476E-5CF6-0000-00103B857600}",
        "ParentProcessId":  "4496",
        "ParentImage":  "C:\\Program Files\\Wireshark\\dumpcap.exe"
    },
