    {
        "ParentCommandLine":  "C:\\WINDOWS\\system32\\services.exe",
        "Description":  "Host Process for Windows Services",
        "CommandLine":  "C:\\WINDOWS\\System32\\svchost.exe -k wsappx -p",
        "CurrentDirectory":  "C:\\WINDOWS\\system32\\",
        "Hashes":  "SHA1=660B76B6FB802417D513ADC967C5CAF77FC2BAC6,MD5=32569E403279B3FD2EDB7EBD036273FA,SHA256=C9A28DC8004C3E043CBF8E3A194FDA2B756CE90740DF2175488337281B485F69,IMPHASH=3A8297483C1777054C7BAFEA5E6A8853",
        "Image":  "C:\\Windows\\System32\\svchost.exe",
        "UtcTime":  "2019-06-03 21:40:42.526",
        "ProcessGuid":  "{AC6A4E42-93DA-5CF5-0000-0010EB745800}",
        "Company":  "Microsoft Corporation",
        "IntegrityLevel":  "System",
        "EventId":  1,
        "FileVersion":  "10.0.17134.1 (WinBuild.160101.0800)",
        "User":  "NT AUTHORITY\\SYSTEM",
        "RuleName":  null,
        "Product":  "Microsoft? Windows? Operating System",
        "LogonId":  "0x3e7",
        "ProcessId":  "2964",
        "LogonGuid":  "{AC6A4E42-0410-5CF4-0000-0020E7030000}",
        "TerminalSessionId":  "0",
        "ParentProcessGuid":  "{AC6A4E42-0410-5CF4-0000-001002910000}",
        "ParentProcessId":  "572",
        "ParentImage":  "C:\\Windows\\System32\\services.exe"
    },
    {
        "ParentCommandLine":  "C:\\WINDOWS\\system32\\svchost.exe -k DcomLaunch -p",
        "Description":  "Background Task Host",
        "CommandLine":  "\"C:\\WINDOWS\\system32\\backgroundTaskHost.exe\" -ServerName:App.AppXmtcan0h2tfbfy7k9kn8hbxb6dmzz1zh0.mca",
        "CurrentDirectory":  "C:\\Windows\\SystemApps\\Microsoft.Windows.ContentDeliveryManager_cw5n1h2txyewy\\",
        "Hashes":  "SHA1=EA114FDE884B16817A7D348660EA6FA1C217D315,MD5=B7FC4A29431D4F795BBAB1FB182B759A,SHA256=48B9EB1E31B0C2418742CE07675D58C974DD9F03007988C90C1E38F217F5C65B,IMPHASH=D2ACF1CBC4A6DB14A34C687B9362D66B",
        "Image":  "C:\\Windows\\System32\\backgroundTaskHost.exe",
        "UtcTime":  "2019-06-03 21:42:03.240",
        "ProcessGuid":  "{AC6A4E42-942B-5CF5-0000-00106BA65800}",
        "Company":  "Microsoft Corporation",
        "IntegrityLevel":  "AppContainer",
        "EventId":  1,
        "FileVersion":  "10.0.17134.1 (WinBuild.160101.0800)",
        "User":  "SEC504STUDENT\\Sec504",
        "RuleName":  null,
        "Product":  "Microsoft? Windows? Operating System",
        "LogonId":  "0x2c0d8",
        "ProcessId":  "5364",
        "LogonGuid":  "{AC6A4E42-0419-5CF4-0000-0020D8C00200}",
        "TerminalSessionId":  "1",
        "ParentProcessGuid":  "{AC6A4E42-0411-5CF4-0000-00108EA50000}",
        "ParentProcessId":  "716",
        "ParentImage":  "C:\\Windows\\System32\\svchost.exe"
    },
    {
        "ParentCommandLine":  "C:\\WINDOWS\\system32\\svchost.exe -k netsvcs -p",
        "Description":  "Microsoft Feeds Synchronization",
        "CommandLine":  "C:\\Windows\\system32\\msfeedssync.exe sync",
        "CurrentDirectory":  "C:\\WINDOWS\\system32\\",
        "Hashes":  "SHA1=036CAB158CD45F9155DAF85B8D847BF5B13099A2,MD5=CDC89D5CEA5B1CEB0A8F34D030CCB7D1,SHA256=2DE228CAD2E542B2AF2554D61FAB5463ECBBA3FF8349BA88C3E48637ED8086E9,IMPHASH=E22B4193AC1639CCDCA0DCF2C8C3F735",
        "Image":  "C:\\Windows\\System32\\msfeedssync.exe",
        "UtcTime":  "2019-06-03 21:44:14.014",
        "ProcessGuid":  "{AC6A4E42-94AE-5CF5-0000-001059C55800}",
        "Company":  "Microsoft Corporation",
        "IntegrityLevel":  "Medium",
        "EventId":  1,
        "FileVersion":  "11.00.17134.1 (WinBuild.160101.0800)",
        "User":  "SEC504STUDENT\\Sec504",
        "RuleName":  null,
        "Product":  "Internet Explorer",
        "LogonId":  "0x2c0d8",
        "ProcessId":  "5112",
        "LogonGuid":  "{AC6A4E42-0419-5CF4-0000-0020D8C00200}",
        "TerminalSessionId":  "1",
        "ParentProcessGuid":  "{AC6A4E42-0412-5CF4-0000-0010590A0100}",
        "ParentProcessId":  "988",
        "ParentImage":  "C:\\Windows\\System32\\svchost.exe"
    },
    {
        "ParentCommandLine":  "C:\\WINDOWS\\system32\\svchost.exe -k DcomLaunch -p",
        "Description":  "Background Task Host",
        "CommandLine":  "\"C:\\WINDOWS\\system32\\backgroundTaskHost.exe\" -ServerName:App.AppXmtcan0h2tfbfy7k9kn8hbxb6dmzz1zh0.mca",
        "CurrentDirectory":  "C:\\Windows\\SystemApps\\Microsoft.Windows.ContentDeliveryManager_cw5n1h2txyewy\\",
        "Hashes":  "SHA1=EA114FDE884B16817A7D348660EA6FA1C217D315,MD5=B7FC4A29431D4F795BBAB1FB182B759A,SHA256=48B9EB1E31B0C2418742CE07675D58C974DD9F03007988C90C1E38F217F5C65B,IMPHASH=D2ACF1CBC4A6DB14A34C687B9362D66B",
        "Image":  "C:\\Windows\\System32\\backgroundTaskHost.exe",
        "UtcTime":  "2019-06-03 21:47:33.335",
        "ProcessGuid":  "{AC6A4E42-9575-5CF5-0000-001094FF5800}",
        "Company":  "Microsoft Corporation",
        "IntegrityLevel":  "AppContainer",
        "EventId":  1,
        "FileVersion":  "10.0.17134.1 (WinBuild.160101.0800)",
        "User":  "SEC504STUDENT\\Sec504",
        "RuleName":  null,
        "Product":  "Microsoft? Windows? Operating System",
        "LogonId":  "0x2c0d8",
        "ProcessId":  "3388",
        "LogonGuid":  "{AC6A4E42-0419-5CF4-0000-0020D8C00200}",
        "TerminalSessionId":  "1",
        "ParentProcessGuid":  "{AC6A4E42-0411-5CF4-0000-00108EA50000}",
        "ParentProcessId":  "716",
        "ParentImage":  "C:\\Windows\\System32\\svchost.exe"
    },
    {
        "ParentCommandLine":  "C:\\WINDOWS\\system32\\svchost.exe -k netsvcs -p",
        "Description":  "Windows Problem Reporting",
        "CommandLine":  "C:\\WINDOWS\\system32\\wermgr.exe -upload",
        "CurrentDirectory":  "C:\\WINDOWS\\system32\\",
        "Hashes":  "SHA1=1ED4AE92D235497F62610078D51105C4634AFADE,MD5=FF214585BF10206E21EA8EBA202FACFD,SHA256=C48C430EB07ACC2FF8BDDD6057F5C9F72C2E83F67478F1E4A1792AF866711538,IMPHASH=978FE06ED1813DC665ECDD672FEFCA83",
        "Image":  "C:\\Windows\\System32\\wermgr.exe",
        "UtcTime":  "2019-06-03 21:48:11.010",
        "ProcessGuid":  "{AC6A4E42-959B-5CF5-0000-001074115900}",
        "Company":  "Microsoft Corporation",
        "IntegrityLevel":  "System",
        "EventId":  1,
        "FileVersion":  "10.0.17134.1 (WinBuild.160101.0800)",
        "User":  "NT AUTHORITY\\SYSTEM",
        "RuleName":  null,
        "Product":  "Microsoft? Windows? Operating System",
        "LogonId":  "0x3e7",
        "ProcessId":  "608",
        "LogonGuid":  "{AC6A4E42-0410-5CF4-0000-0020E7030000}",
        "TerminalSessionId":  "0",
        "ParentProcessGuid":  "{AC6A4E42-0412-5CF4-0000-0010590A0100}",
        "ParentProcessId":  "988",
        "ParentImage":  "C:\\Windows\\System32\\svchost.exe"
    },
    {
        "ParentCommandLine":  "C:\\WINDOWS\\system32\\services.exe",
        "Description":  "Host Process for Windows Services",
        "CommandLine":  "C:\\WINDOWS\\System32\\svchost.exe -k wsappx -p",
        "CurrentDirectory":  "C:\\WINDOWS\\system32\\",
        "Hashes":  "SHA1=660B76B6FB802417D513ADC967C5CAF77FC2BAC6,MD5=32569E403279B3FD2EDB7EBD036273FA,SHA256=C9A28DC8004C3E043CBF8E3A194FDA2B756CE90740DF2175488337281B485F69,IMPHASH=3A8297483C1777054C7BAFEA5E6A8853",
        "Image":  "C:\\Windows\\System32\\svchost.exe",
        "UtcTime":  "2019-06-03 21:48:11.120",
        "ProcessGuid":  "{AC6A4E42-959B-5CF5-0000-0010171B5900}",
        "Company":  "Microsoft Corporation",
        "IntegrityLevel":  "System",
        "EventId":  1,
        "FileVersion":  "10.0.17134.1 (WinBuild.160101.0800)",
        "User":  "NT AUTHORITY\\SYSTEM",
        "RuleName":  null,
        "Product":  "Microsoft? Windows? Operating System",
        "LogonId":  "0x3e7",
        "ProcessId":  "5000",
        "LogonGuid":  "{AC6A4E42-0410-5CF4-0000-0020E7030000}",
        "TerminalSessionId":  "0",
        "ParentProcessGuid":  "{AC6A4E42-0410-5CF4-0000-001002910000}",
        "ParentProcessId":  "572",
        "ParentImage":  "C:\\Windows\\System32\\services.exe"
    },
    {
        "ParentCommandLine":  "C:\\WINDOWS\\system32\\svchost.exe -k DcomLaunch -p",
        "Description":  "Background Task Host",
        "CommandLine":  "\"C:\\WINDOWS\\system32\\backgroundTaskHost.exe\" -ServerName:App.AppXmtcan0h2tfbfy7k9kn8hbxb6dmzz1zh0.mca",
        "CurrentDirectory":  "C:\\Windows\\SystemApps\\Microsoft.Windows.ContentDeliveryManager_cw5n1h2txyewy\\",
        "Hashes":  "SHA1=EA114FDE884B16817A7D348660EA6FA1C217D315,MD5=B7FC4A29431D4F795BBAB1FB182B759A,SHA256=48B9EB1E31B0C2418742CE07675D58C974DD9F03007988C90C1E38F217F5C65B,IMPHASH=D2ACF1CBC4A6DB14A34C687B9362D66B",
        "Image":  "C:\\Windows\\System32\\backgroundTaskHost.exe",
        "UtcTime":  "2019-06-03 21:53:03.442",
        "ProcessGuid":  "{AC6A4E42-96BF-5CF5-0000-0010ADB15900}",
        "Company":  "Microsoft Corporation",
        "IntegrityLevel":  "AppContainer",
        "EventId":  1,
        "FileVersion":  "10.0.17134.1 (WinBuild.160101.0800)",
        "User":  "SEC504STUDENT\\Sec504",
        "RuleName":  null,
        "Product":  "Microsoft? Windows? Operating System",
        "LogonId":  "0x2c0d8",
        "ProcessId":  "2648",
        "LogonGuid":  "{AC6A4E42-0419-5CF4-0000-0020D8C00200}",
        "TerminalSessionId":  "1",
        "ParentProcessGuid":  "{AC6A4E42-0411-5CF4-0000-00108EA50000}",
        "ParentProcessId":  "716",
        "ParentImage":  "C:\\Windows\\System32\\svchost.exe"
    },
    {
        "ParentCommandLine":  "C:\\WINDOWS\\system32\\svchost.exe -k netsvcs -p",
        "Description":  "Windows Problem Reporting",
        "CommandLine":  "C:\\WINDOWS\\system32\\wermgr.exe -upload",
        "CurrentDirectory":  "C:\\WINDOWS\\system32\\",
        "Hashes":  "SHA1=1ED4AE92D235497F62610078D51105C4634AFADE,MD5=FF214585BF10206E21EA8EBA202FACFD,SHA256=C48C430EB07ACC2FF8BDDD6057F5C9F72C2E83F67478F1E4A1792AF866711538,IMPHASH=978FE06ED1813DC665ECDD672FEFCA83",
        "Image":  "C:\\Windows\\System32\\wermgr.exe",
        "UtcTime":  "2019-06-03 21:54:39.011",
        "ProcessGuid":  "{AC6A4E42-971F-5CF5-0000-001066CA5900}",
        "Company":  "Microsoft Corporation",
        "IntegrityLevel":  "System",
        "EventId":  1,
        "FileVersion":  "10.0.17134.1 (WinBuild.160101.0800)",
        "User":  "NT AUTHORITY\\SYSTEM",
        "RuleName":  null,
        "Product":  "Microsoft? Windows? Operating System",
        "LogonId":  "0x3e7",
        "ProcessId":  "6136",
        "LogonGuid":  "{AC6A4E42-0410-5CF4-0000-0020E7030000}",
        "TerminalSessionId":  "0",
        "ParentProcessGuid":  "{AC6A4E42-0412-5CF4-0000-0010590A0100}",
        "ParentProcessId":  "988",
        "ParentImage":  "C:\\Windows\\System32\\svchost.exe"
    },
    {
        "ParentCommandLine":  "C:\\WINDOWS\\system32\\services.exe",
        "Description":  "Host Process for Windows Services",
        "CommandLine":  "C:\\WINDOWS\\System32\\svchost.exe -k wsappx -p",
        "CurrentDirectory":  "C:\\WINDOWS\\system32\\",
        "Hashes":  "SHA1=660B76B6FB802417D513ADC967C5CAF77FC2BAC6,MD5=32569E403279B3FD2EDB7EBD036273FA,SHA256=C9A28DC8004C3E043CBF8E3A194FDA2B756CE90740DF2175488337281B485F69,IMPHASH=3A8297483C1777054C7BAFEA5E6A8853",
        "Image":  "C:\\Windows\\System32\\svchost.exe",
        "UtcTime":  "2019-06-03 21:54:39.135",
        "ProcessGuid":  "{AC6A4E42-971F-5CF5-0000-0010FDD55900}",
        "Company":  "Microsoft Corporation",
        "IntegrityLevel":  "System",
        "EventId":  1,
        "FileVersion":  "10.0.17134.1 (WinBuild.160101.0800)",
        "User":  "NT AUTHORITY\\SYSTEM",
        "RuleName":  null,
        "Product":  "Microsoft? Windows? Operating System",
        "LogonId":  "0x3e7",
        "ProcessId":  "2224",
        "LogonGuid":  "{AC6A4E42-0410-5CF4-0000-0020E7030000}",
        "TerminalSessionId":  "0",
        "ParentProcessGuid":  "{AC6A4E42-0410-5CF4-0000-001002910000}",
        "ParentProcessId":  "572",
        "ParentImage":  "C:\\Windows\\System32\\services.exe"
    },
    {
        "ParentCommandLine":  "C:\\WINDOWS\\system32\\svchost.exe -k DcomLaunch -p",
        "Description":  "Background Task Host",
        "CommandLine":  "\"C:\\WINDOWS\\system32\\backgroundTaskHost.exe\" -ServerName:App.AppXmtcan0h2tfbfy7k9kn8hbxb6dmzz1zh0.mca",
        "CurrentDirectory":  "C:\\Windows\\SystemApps\\Microsoft.Windows.ContentDeliveryManager_cw5n1h2txyewy\\",
        "Hashes":  "SHA1=EA114FDE884B16817A7D348660EA6FA1C217D315,MD5=B7FC4A29431D4F795BBAB1FB182B759A,SHA256=48B9EB1E31B0C2418742CE07675D58C974DD9F03007988C90C1E38F217F5C65B,IMPHASH=D2ACF1CBC4A6DB14A34C687B9362D66B",
        "Image":  "C:\\Windows\\System32\\backgroundTaskHost.exe",
        "UtcTime":  "2019-06-03 21:58:33.548",
        "ProcessGuid":  "{AC6A4E42-9809-5CF5-0000-0010CC6B5A00}",
        "Company":  "Microsoft Corporation",
        "IntegrityLevel":  "AppContainer",
        "EventId":  1,
        "FileVersion":  "10.0.17134.1 (WinBuild.160101.0800)",
        "User":  "SEC504STUDENT\\Sec504",
        "RuleName":  null,
        "Product":  "Microsoft? Windows? Operating System",
        "LogonId":  "0x2c0d8",
        "ProcessId":  "1280",
        "LogonGuid":  "{AC6A4E42-0419-5CF4-0000-0020D8C00200}",
        "TerminalSessionId":  "1",
        "ParentProcessGuid":  "{AC6A4E42-0411-5CF4-0000-00108EA50000}",
        "ParentProcessId":  "716",
        "ParentImage":  "C:\\Windows\\System32\\svchost.exe"
    },
    {
        "ParentCommandLine":  "C:\\WINDOWS\\system32\\svchost.exe -k netsvcs -p",
        "Description":  "Microsoft Feeds Synchronization",
        "CommandLine":  "C:\\Windows\\system32\\msfeedssync.exe sync",
        "CurrentDirectory":  "C:\\WINDOWS\\system32\\",
        "Hashes":  "SHA1=036CAB158CD45F9155DAF85B8D847BF5B13099A2,MD5=CDC89D5CEA5B1CEB0A8F34D030CCB7D1,SHA256=2DE228CAD2E542B2AF2554D61FAB5463ECBBA3FF8349BA88C3E48637ED8086E9,IMPHASH=E22B4193AC1639CCDCA0DCF2C8C3F735",
        "Image":  "C:\\Windows\\System32\\msfeedssync.exe",
        "UtcTime":  "2019-06-03 21:59:39.013",
        "ProcessGuid":  "{AC6A4E42-984B-5CF5-0000-001018815A00}",
        "Company":  "Microsoft Corporation",
        "IntegrityLevel":  "Medium",
        "EventId":  1,
        "FileVersion":  "11.00.17134.1 (WinBuild.160101.0800)",
        "User":  "SEC504STUDENT\\Sec504",
        "RuleName":  null,
        "Product":  "Internet Explorer",
        "LogonId":  "0x2c0d8",
        "ProcessId":  "4744",
        "LogonGuid":  "{AC6A4E42-0419-5CF4-0000-0020D8C00200}",
        "TerminalSessionId":  "1",
        "ParentProcessGuid":  "{AC6A4E42-0412-5CF4-0000-0010590A0100}",
        "ParentProcessId":  "988",
        "ParentImage":  "C:\\Windows\\System32\\svchost.exe"
    },
    {
        "ParentCommandLine":  "C:\\WINDOWS\\system32\\svchost.exe -k netsvcs -p",
        "Description":  "Windows Problem Reporting",
        "CommandLine":  "C:\\WINDOWS\\system32\\wermgr.exe -upload",
        "CurrentDirectory":  "C:\\WINDOWS\\system32\\",
        "Hashes":  "SHA1=1ED4AE92D235497F62610078D51105C4634AFADE,MD5=FF214585BF10206E21EA8EBA202FACFD,SHA256=C48C430EB07ACC2FF8BDDD6057F5C9F72C2E83F67478F1E4A1792AF866711538,IMPHASH=978FE06ED1813DC665ECDD672FEFCA83",
        "Image":  "C:\\Windows\\System32\\wermgr.exe",
        "UtcTime":  "2019-06-03 22:01:27.008",
        "ProcessGuid":  "{AC6A4E42-98B7-5CF5-0000-0010B9AA5A00}",
        "Company":  "Microsoft Corporation",
        "IntegrityLevel":  "System",
        "EventId":  1,
        "FileVersion":  "10.0.17134.1 (WinBuild.160101.0800)",
        "User":  "NT AUTHORITY\\SYSTEM",
        "RuleName":  null,
        "Product":  "Microsoft? Windows? Operating System",
        "LogonId":  "0x3e7",
        "ProcessId":  "3692",
        "LogonGuid":  "{AC6A4E42-0410-5CF4-0000-0020E7030000}",
        "TerminalSessionId":  "0",
        "ParentProcessGuid":  "{AC6A4E42-0412-5CF4-0000-0010590A0100}",
        "ParentProcessId":  "988",
        "ParentImage":  "C:\\Windows\\System32\\svchost.exe"
    },
    {
        "ParentCommandLine":  "C:\\WINDOWS\\system32\\services.exe",
        "Description":  "Host Process for Windows Services",
        "CommandLine":  "C:\\WINDOWS\\System32\\svchost.exe -k wsappx -p",
        "CurrentDirectory":  "C:\\WINDOWS\\system32\\",
        "Hashes":  "SHA1=660B76B6FB802417D513ADC967C5CAF77FC2BAC6,MD5=32569E403279B3FD2EDB7EBD036273FA,SHA256=C9A28DC8004C3E043CBF8E3A194FDA2B756CE90740DF2175488337281B485F69,IMPHASH=3A8297483C1777054C7BAFEA5E6A8853",
        "Image":  "C:\\Windows\\System32\\svchost.exe",
        "UtcTime":  "2019-06-03 22:01:27.135",
        "ProcessGuid":  "{AC6A4E42-98B7-5CF5-0000-00105CB45A00}",
        "Company":  "Microsoft Corporation",
        "IntegrityLevel":  "System",
        "EventId":  1,
        "FileVersion":  "10.0.17134.1 (WinBuild.160101.0800)",
        "User":  "NT AUTHORITY\\SYSTEM",
        "RuleName":  null,
        "Product":  "Microsoft? Windows? Operating System",
        "LogonId":  "0x3e7",
        "ProcessId":  "1312",
        "LogonGuid":  "{AC6A4E42-0410-5CF4-0000-0020E7030000}",
        "TerminalSessionId":  "0",
        "ParentProcessGuid":  "{AC6A4E42-0410-5CF4-0000-001002910000}",
        "ParentProcessId":  "572",
        "ParentImage":  "C:\\Windows\\System32\\services.exe"
    },
    {
        "ParentCommandLine":  "C:\\WINDOWS\\system32\\svchost.exe -k DcomLaunch -p",
        "Description":  "Background Task Host",
        "CommandLine":  "\"C:\\WINDOWS\\system32\\backgroundTaskHost.exe\" -ServerName:App.AppXmtcan0h2tfbfy7k9kn8hbxb6dmzz1zh0.mca",
        "CurrentDirectory":  "C:\\Windows\\SystemApps\\Microsoft.Windows.ContentDeliveryManager_cw5n1h2txyewy\\",
        "Hashes":  "SHA1=EA114FDE884B16817A7D348660EA6FA1C217D315,MD5=B7FC4A29431D4F795BBAB1FB182B759A,SHA256=48B9EB1E31B0C2418742CE07675D58C974DD9F03007988C90C1E38F217F5C65B,IMPHASH=D2ACF1CBC4A6DB14A34C687B9362D66B",
        "Image":  "C:\\Windows\\System32\\backgroundTaskHost.exe",
        "UtcTime":  "2019-06-03 22:04:03.662",
        "ProcessGuid":  "{AC6A4E42-9953-5CF5-0000-001068325B00}",
        "Company":  "Microsoft Corporation",
        "IntegrityLevel":  "AppContainer",
        "EventId":  1,
        "FileVersion":  "10.0.17134.1 (WinBuild.160101.0800)",
        "User":  "SEC504STUDENT\\Sec504",
        "RuleName":  null,
        "Product":  "Microsoft? Windows? Operating System",
        "LogonId":  "0x2c0d8",
        "ProcessId":  "1372",
        "LogonGuid":  "{AC6A4E42-0419-5CF4-0000-0020D8C00200}",
        "TerminalSessionId":  "1",
        "ParentProcessGuid":  "{AC6A4E42-0411-5CF4-0000-00108EA50000}",
        "ParentProcessId":  "716",
        "ParentImage":  "C:\\Windows\\System32\\svchost.exe"
    },
    {
        "ParentCommandLine":  "C:\\WINDOWS\\system32\\svchost.exe -k netsvcs -p",
        "Description":  "Google Installer",
        "CommandLine":  "\"C:\\Program Files (x86)\\Google\\Update\\GoogleUpdate.exe\" /ua /installsource scheduler",
        "CurrentDirectory":  "C:\\WINDOWS\\system32\\",
        "Hashes":  "SHA1=618FCF728B67FE5C89C9502BBCBC02D6B4551DB3,MD5=A8FD9222E4D72596BB37DA8BE95C0BA4,SHA256=52FC3AA9F704300041E486E57FE863218E4CDF4C8EEE05CA6B99A296EFEE5737,IMPHASH=7DF1816239C5BC855600D41210406C5B",
        "Image":  "C:\\Program Files (x86)\\Google\\Update\\GoogleUpdate.exe",
        "UtcTime":  "2019-06-03 22:08:25.511",
        "ProcessGuid":  "{AC6A4E42-9A59-5CF5-0000-001097685B00}",
        "Company":  "Google Inc.",
        "IntegrityLevel":  "System",
        "EventId":  1,
        "FileVersion":  "1.3.31.5",
        "User":  "NT AUTHORITY\\SYSTEM",
        "RuleName":  null,
        "Product":  "Google Update",
        "LogonId":  "0x3e7",
        "ProcessId":  "4448",
        "LogonGuid":  "{AC6A4E42-0410-5CF4-0000-0020E7030000}",
        "TerminalSessionId":  "0",
        "ParentProcessGuid":  "{AC6A4E42-0412-5CF4-0000-0010590A0100}",
        "ParentProcessId":  "988",
        "ParentImage":  "C:\\Windows\\System32\\svchost.exe"
    },
    {
        "ParentCommandLine":  "C:\\WINDOWS\\system32\\services.exe",
        "Description":  "Google Installer",
        "CommandLine":  "\"C:\\Program Files (x86)\\Google\\Update\\GoogleUpdate.exe\" /svc",
        "CurrentDirectory":  "C:\\WINDOWS\\system32\\",
        "Hashes":  "SHA1=618FCF728B67FE5C89C9502BBCBC02D6B4551DB3,MD5=A8FD9222E4D72596BB37DA8BE95C0BA4,SHA256=52FC3AA9F704300041E486E57FE863218E4CDF4C8EEE05CA6B99A296EFEE5737,IMPHASH=7DF1816239C5BC855600D41210406C5B",
        "Image":  "C:\\Program Files (x86)\\Google\\Update\\GoogleUpdate.exe",
        "UtcTime":  "2019-06-03 22:09:16.403",
        "ProcessGuid":  "{AC6A4E42-9A8C-5CF5-0000-00109B755B00}",
        "Company":  "Google Inc.",
        "IntegrityLevel":  "System",
        "EventId":  1,
        "FileVersion":  "1.3.31.5",
        "User":  "NT AUTHORITY\\SYSTEM",
        "RuleName":  null,
        "Product":  "Google Update",
        "LogonId":  "0x3e7",
        "ProcessId":  "5888",
        "LogonGuid":  "{AC6A4E42-0410-5CF4-0000-0020E7030000}",
        "TerminalSessionId":  "0",
        "ParentProcessGuid":  "{AC6A4E42-0410-5CF4-0000-001002910000}",
        "ParentProcessId":  "572",
        "ParentImage":  "C:\\Windows\\System32\\services.exe"
    },
    {
        "ParentCommandLine":  "C:\\WINDOWS\\system32\\svchost.exe -k DcomLaunch -p",
        "Description":  "Background Task Host",
        "CommandLine":  "\"C:\\WINDOWS\\system32\\backgroundTaskHost.exe\" -ServerName:App.AppXmtcan0h2tfbfy7k9kn8hbxb6dmzz1zh0.mca",
        "CurrentDirectory":  "C:\\Windows\\SystemApps\\Microsoft.Windows.ContentDeliveryManager_cw5n1h2txyewy\\",
        "Hashes":  "SHA1=EA114FDE884B16817A7D348660EA6FA1C217D315,MD5=B7FC4A29431D4F795BBAB1FB182B759A,SHA256=48B9EB1E31B0C2418742CE07675D58C974DD9F03007988C90C1E38F217F5C65B,IMPHASH=D2ACF1CBC4A6DB14A34C687B9362D66B",
        "Image":  "C:\\Windows\\System32\\backgroundTaskHost.exe",
        "UtcTime":  "2019-06-03 22:09:33.757",
        "ProcessGuid":  "{AC6A4E42-9A9D-5CF5-0000-0010ED8A5B00}",
        "Company":  "Microsoft Corporation",
        "IntegrityLevel":  "AppContainer",
        "EventId":  1,
        "FileVersion":  "10.0.17134.1 (WinBuild.160101.0800)",
        "User":  "SEC504STUDENT\\Sec504",
        "RuleName":  null,
        "Product":  "Microsoft? Windows? Operating System",
        "LogonId":  "0x2c0d8",
        "ProcessId":  "1796",
        "LogonGuid":  "{AC6A4E42-0419-5CF4-0000-0020D8C00200}",
        "TerminalSessionId":  "1",
        "ParentProcessGuid":  "{AC6A4E42-0411-5CF4-0000-00108EA50000}",
        "ParentProcessId":  "716",
        "ParentImage":  "C:\\Windows\\System32\\svchost.exe"
    },
    {
        "ParentCommandLine":  "C:\\WINDOWS\\system32\\svchost.exe -k netsvcs -p",
        "Description":  "Google Installer",
        "CommandLine":  "\"C:\\Program Files (x86)\\Google\\Update\\GoogleUpdate.exe\" /ua /installsource scheduler",
        "CurrentDirectory":  "C:\\WINDOWS\\system32\\",
        "Hashes":  "SHA1=618FCF728B67FE5C89C9502BBCBC02D6B4551DB3,MD5=A8FD9222E4D72596BB37DA8BE95C0BA4,SHA256=52FC3AA9F704300041E486E57FE863218E4CDF4C8EEE05CA6B99A296EFEE5737,IMPHASH=7DF1816239C5BC855600D41210406C5B",
        "Image":  "C:\\Program Files (x86)\\Google\\Update\\GoogleUpdate.exe",
        "UtcTime":  "2019-06-03 22:10:19.104",
        "ProcessGuid":  "{AC6A4E42-9ACB-5CF5-0000-001003A15B00}",
        "Company":  "Google Inc.",
        "IntegrityLevel":  "System",
        "EventId":  1,
        "FileVersion":  "1.3.31.5",
        "User":  "NT AUTHORITY\\SYSTEM",
        "RuleName":  null,
        "Product":  "Google Update",
        "LogonId":  "0x3e7",
        "ProcessId":  "2924",
        "LogonGuid":  "{AC6A4E42-0410-5CF4-0000-0020E7030000}",
        "TerminalSessionId":  "0",
        "ParentProcessGuid":  "{AC6A4E42-0412-5CF4-0000-0010590A0100}",
        "ParentProcessId":  "988",
        "ParentImage":  "C:\\Windows\\System32\\svchost.exe"
    },
    {
        "ParentCommandLine":  "C:\\WINDOWS\\system32\\services.exe",
        "Description":  "Host Process for Windows Services",
        "CommandLine":  "C:\\WINDOWS\\System32\\svchost.exe -k wsappx -p",
        "CurrentDirectory":  "C:\\WINDOWS\\system32\\",
        "Hashes":  "SHA1=660B76B6FB802417D513ADC967C5CAF77FC2BAC6,MD5=32569E403279B3FD2EDB7EBD036273FA,SHA256=C9A28DC8004C3E043CBF8E3A194FDA2B756CE90740DF2175488337281B485F69,IMPHASH=3A8297483C1777054C7BAFEA5E6A8853",
        "Image":  "C:\\Windows\\System32\\svchost.exe",
        "UtcTime":  "2019-06-03 22:10:42.853",
        "ProcessGuid":  "{AC6A4E42-9AE2-5CF5-0000-001032B95B00}",
        "Company":  "Microsoft Corporation",
        "IntegrityLevel":  "System",
        "EventId":  1,
        "FileVersion":  "10.0.17134.1 (WinBuild.160101.0800)",
        "User":  "NT AUTHORITY\\SYSTEM",
        "RuleName":  null,
        "Product":  "Microsoft? Windows? Operating System",
        "LogonId":  "0x3e7",
        "ProcessId":  "5916",
        "LogonGuid":  "{AC6A4E42-0410-5CF4-0000-0020E7030000}",
        "TerminalSessionId":  "0",
        "ParentProcessGuid":  "{AC6A4E42-0410-5CF4-0000-001002910000}",
        "ParentProcessId":  "572",
        "ParentImage":  "C:\\Windows\\System32\\services.exe"
    },
    {
        "ParentCommandLine":  "C:\\WINDOWS\\system32\\services.exe",
        "Description":  "Google Installer",
        "CommandLine":  "\"C:\\Program Files (x86)\\Google\\Update\\GoogleUpdate.exe\" /svc",
        "CurrentDirectory":  "C:\\WINDOWS\\system32\\",
        "Hashes":  "SHA1=618FCF728B67FE5C89C9502BBCBC02D6B4551DB3,MD5=A8FD9222E4D72596BB37DA8BE95C0BA4,SHA256=52FC3AA9F704300041E486E57FE863218E4CDF4C8EEE05CA6B99A296EFEE5737,IMPHASH=7DF1816239C5BC855600D41210406C5B",
        "Image":  "C:\\Program Files (x86)\\Google\\Update\\GoogleUpdate.exe",
        "UtcTime":  "2019-06-03 22:10:52.142",
        "ProcessGuid":  "{AC6A4E42-9AEC-5CF5-0000-0010D8DC5B00}",
        "Company":  "Google Inc.",
        "IntegrityLevel":  "System",
        "EventId":  1,
        "FileVersion":  "1.3.31.5",
        "User":  "NT AUTHORITY\\SYSTEM",
        "RuleName":  null,
        "Product":  "Google Update",
        "LogonId":  "0x3e7",
        "ProcessId":  "5356",
        "LogonGuid":  "{AC6A4E42-0410-5CF4-0000-0020E7030000}",
        "TerminalSessionId":  "0",
        "ParentProcessGuid":  "{AC6A4E42-0410-5CF4-0000-001002910000}",
        "ParentProcessId":  "572",
        "ParentImage":  "C:\\Windows\\System32\\services.exe"
    },
    {
        "ParentCommandLine":  "C:\\WINDOWS\\system32\\svchost.exe -k DcomLaunch -p",
        "Description":  "Background Task Host",
        "CommandLine":  "\"C:\\WINDOWS\\system32\\backgroundTaskHost.exe\" -ServerName:App.AppXmtcan0h2tfbfy7k9kn8hbxb6dmzz1zh0.mca",
        "CurrentDirectory":  "C:\\Windows\\SystemApps\\Microsoft.Windows.ContentDeliveryManager_cw5n1h2txyewy\\",
        "Hashes":  "SHA1=EA114FDE884B16817A7D348660EA6FA1C217D315,MD5=B7FC4A29431D4F795BBAB1FB182B759A,SHA256=48B9EB1E31B0C2418742CE07675D58C974DD9F03007988C90C1E38F217F5C65B,IMPHASH=D2ACF1CBC4A6DB14A34C687B9362D66B",
        "Image":  "C:\\Windows\\System32\\backgroundTaskHost.exe",
        "UtcTime":  "2019-06-03 22:15:03.864",
        "ProcessGuid":  "{AC6A4E42-9BE7-5CF5-0000-0010E9195C00}",
        "Company":  "Microsoft Corporation",
        "IntegrityLevel":  "AppContainer",
        "EventId":  1,
        "FileVersion":  "10.0.17134.1 (WinBuild.160101.0800)",
        "User":  "SEC504STUDENT\\Sec504",
        "RuleName":  null,
        "Product":  "Microsoft? Windows? Operating System",
        "LogonId":  "0x2c0d8",
        "ProcessId":  "3392",
        "LogonGuid":  "{AC6A4E42-0419-5CF4-0000-0020D8C00200}",
        "TerminalSessionId":  "1",
        "ParentProcessGuid":  "{AC6A4E42-0411-5CF4-0000-00108EA50000}",
        "ParentProcessId":  "716",
        "ParentImage":  "C:\\Windows\\System32\\svchost.exe"
    },
    {
        "ParentCommandLine":  "C:\\WINDOWS\\system32\\svchost.exe -k netsvcs -p",
        "Description":  "Microsoft Feeds Synchronization",
        "CommandLine":  "C:\\Windows\\system32\\msfeedssync.exe sync",
        "CurrentDirectory":  "C:\\WINDOWS\\system32\\",
        "Hashes":  "SHA1=036CAB158CD45F9155DAF85B8D847BF5B13099A2,MD5=CDC89D5CEA5B1CEB0A8F34D030CCB7D1,SHA256=2DE228CAD2E542B2AF2554D61FAB5463ECBBA3FF8349BA88C3E48637ED8086E9,IMPHASH=E22B4193AC1639CCDCA0DCF2C8C3F735",
        "Image":  "C:\\Windows\\System32\\msfeedssync.exe",
        "UtcTime":  "2019-06-03 22:15:07.011",
        "ProcessGuid":  "{AC6A4E42-9BEB-5CF5-0000-001079265C00}",
        "Company":  "Microsoft Corporation",
        "IntegrityLevel":  "Medium",
        "EventId":  1,
        "FileVersion":  "11.00.17134.1 (WinBuild.160101.0800)",
        "User":  "SEC504STUDENT\\Sec504",
        "RuleName":  null,
        "Product":  "Internet Explorer",
        "LogonId":  "0x2c0d8",
        "ProcessId":  "5692",
        "LogonGuid":  "{AC6A4E42-0419-5CF4-0000-0020D8C00200}",
        "TerminalSessionId":  "1",
        "ParentProcessGuid":  "{AC6A4E42-0412-5CF4-0000-0010590A0100}",
        "ParentProcessId":  "988",
        "ParentImage":  "C:\\Windows\\System32\\svchost.exe"
    },
    {
        "ParentCommandLine":  "C:\\WINDOWS\\system32\\svchost.exe -k DcomLaunch -p",
        "Description":  "Background Task Host",
        "CommandLine":  "\"C:\\WINDOWS\\system32\\backgroundTaskHost.exe\" -ServerName:App.AppXmtcan0h2tfbfy7k9kn8hbxb6dmzz1zh0.mca",
        "CurrentDirectory":  "C:\\Windows\\SystemApps\\Microsoft.Windows.ContentDeliveryManager_cw5n1h2txyewy\\",
        "Hashes":  "SHA1=EA114FDE884B16817A7D348660EA6FA1C217D315,MD5=B7FC4A29431D4F795BBAB1FB182B759A,SHA256=48B9EB1E31B0C2418742CE07675D58C974DD9F03007988C90C1E38F217F5C65B,IMPHASH=D2ACF1CBC4A6DB14A34C687B9362D66B",
        "Image":  "C:\\Windows\\System32\\backgroundTaskHost.exe",
        "UtcTime":  "2019-06-03 22:20:33.958",
        "ProcessGuid":  "{AC6A4E42-9D31-5CF5-0000-001030735C00}",
        "Company":  "Microsoft Corporation",
        "IntegrityLevel":  "AppContainer",
        "EventId":  1,
        "FileVersion":  "10.0.17134.1 (WinBuild.160101.0800)",
        "User":  "SEC504STUDENT\\Sec504",
        "RuleName":  null,
        "Product":  "Microsoft? Windows? Operating System",
        "LogonId":  "0x2c0d8",
        "ProcessId":  "5964",
        "LogonGuid":  "{AC6A4E42-0419-5CF4-0000-0020D8C00200}",
        "TerminalSessionId":  "1",
        "ParentProcessGuid":  "{AC6A4E42-0411-5CF4-0000-00108EA50000}",
        "ParentProcessId":  "716",
        "ParentImage":  "C:\\Windows\\System32\\svchost.exe"
    },
    {
        "ParentCommandLine":  "\"C:\\Program Files (x86)\\Google\\Update\\GoogleUpdate.exe\" /c",
        "Description":  "Google Installer",
        "CommandLine":  "\"C:\\Program Files (x86)\\Google\\Update\\GoogleUpdate.exe\" /ua /installsource core",
        "CurrentDirectory":  "C:\\Program Files (x86)\\Google\\Update\\1.3.34.7\\",
        "Hashes":  "SHA1=618FCF728B67FE5C89C9502BBCBC02D6B4551DB3,MD5=A8FD9222E4D72596BB37DA8BE95C0BA4,SHA256=52FC3AA9F704300041E486E57FE863218E4CDF4C8EEE05CA6B99A296EFEE5737,IMPHASH=7DF1816239C5BC855600D41210406C5B",
        "Image":  "C:\\Program Files (x86)\\Google\\Update\\GoogleUpdate.exe",
        "UtcTime":  "2019-06-03 22:21:54.192",
        "ProcessGuid":  "{AC6A4E42-9D82-5CF5-0000-0010698C5C00}",
        "Company":  "Google Inc.",
        "IntegrityLevel":  "System",
        "EventId":  1,
        "FileVersion":  "1.3.31.5",
        "User":  "NT AUTHORITY\\SYSTEM",
        "RuleName":  null,
        "Product":  "Google Update",
        "LogonId":  "0x3e7",
        "ProcessId":  "5268",
        "LogonGuid":  "{AC6A4E42-0410-5CF4-0000-0020E7030000}",
        "TerminalSessionId":  "0",
        "ParentProcessGuid":  "{AC6A4E42-0419-5CF4-0000-001028E10200}",
        "ParentProcessId":  "3196",
        "ParentImage":  "C:\\Program Files (x86)\\Google\\Update\\GoogleUpdate.exe"
    },
    {
        "ParentCommandLine":  "C:\\WINDOWS\\system32\\services.exe",
        "Description":  "Google Installer",
        "CommandLine":  "\"C:\\Program Files (x86)\\Google\\Update\\GoogleUpdate.exe\" /svc",
        "CurrentDirectory":  "C:\\WINDOWS\\system32\\",
        "Hashes":  "SHA1=618FCF728B67FE5C89C9502BBCBC02D6B4551DB3,MD5=A8FD9222E4D72596BB37DA8BE95C0BA4,SHA256=52FC3AA9F704300041E486E57FE863218E4CDF4C8EEE05CA6B99A296EFEE5737,IMPHASH=7DF1816239C5BC855600D41210406C5B",
        "Image":  "C:\\Program Files (x86)\\Google\\Update\\GoogleUpdate.exe",
        "UtcTime":  "2019-06-03 22:22:00.395",
        "ProcessGuid":  "{AC6A4E42-9D88-5CF5-0000-00108E965C00}",
        "Company":  "Google Inc.",
        "IntegrityLevel":  "System",
        "EventId":  1,
        "FileVersion":  "1.3.31.5",
        "User":  "NT AUTHORITY\\SYSTEM",
        "RuleName":  null,
        "Product":  "Google Update",
        "LogonId":  "0x3e7",
        "ProcessId":  "5680",
        "LogonGuid":  "{AC6A4E42-0410-5CF4-0000-0020E7030000}",
        "TerminalSessionId":  "0",
        "ParentProcessGuid":  "{AC6A4E42-0410-5CF4-0000-001002910000}",
        "ParentProcessId":  "572",
        "ParentImage":  "C:\\Windows\\System32\\services.exe"
    },
    {
        "ParentCommandLine":  "C:\\WINDOWS\\system32\\svchost.exe -k netsvcs -p",
        "Description":  "Google Installer",
        "CommandLine":  "\"C:\\Program Files (x86)\\Google\\Update\\GoogleUpdate.exe\" /ua /installsource scheduler",
        "CurrentDirectory":  "C:\\WINDOWS\\system32\\",
        "Hashes":  "SHA1=618FCF728B67FE5C89C9502BBCBC02D6B4551DB3,MD5=A8FD9222E4D72596BB37DA8BE95C0BA4,SHA256=52FC3AA9F704300041E486E57FE863218E4CDF4C8EEE05CA6B99A296EFEE5737,IMPHASH=7DF1816239C5BC855600D41210406C5B",
        "Image":  "C:\\Program Files (x86)\\Google\\Update\\GoogleUpdate.exe",
        "UtcTime":  "2019-06-03 22:23:59.619",
        "ProcessGuid":  "{AC6A4E42-9DFF-5CF5-0000-0010DDBD5C00}",
        "Company":  "Google Inc.",
        "IntegrityLevel":  "System",
        "EventId":  1,
        "FileVersion":  "1.3.31.5",
        "User":  "NT AUTHORITY\\SYSTEM",
        "RuleName":  null,
        "Product":  "Google Update",
        "LogonId":  "0x3e7",
        "ProcessId":  "3028",
        "LogonGuid":  "{AC6A4E42-0410-5CF4-0000-0020E7030000}",
        "TerminalSessionId":  "0",
        "ParentProcessGuid":  "{AC6A4E42-0412-5CF4-0000-0010590A0100}",
        "ParentProcessId":  "988",
        "ParentImage":  "C:\\Windows\\System32\\svchost.exe"
    },
    {
        "ParentCommandLine":  "C:\\WINDOWS\\system32\\services.exe",
        "Description":  "Google Installer",
        "CommandLine":  "\"C:\\Program Files (x86)\\Google\\Update\\GoogleUpdate.exe\" /svc",
        "CurrentDirectory":  "C:\\WINDOWS\\system32\\",
        "Hashes":  "SHA1=618FCF728B67FE5C89C9502BBCBC02D6B4551DB3,MD5=A8FD9222E4D72596BB37DA8BE95C0BA4,SHA256=52FC3AA9F704300041E486E57FE863218E4CDF4C8EEE05CA6B99A296EFEE5737,IMPHASH=7DF1816239C5BC855600D41210406C5B",
        "Image":  "C:\\Program Files (x86)\\Google\\Update\\GoogleUpdate.exe",
        "UtcTime":  "2019-06-03 22:24:52.916",
        "ProcessGuid":  "{AC6A4E42-9E34-5CF5-0000-0010CFCB5C00}",
        "Company":  "Google Inc.",
        "IntegrityLevel":  "System",
        "EventId":  1,
        "FileVersion":  "1.3.31.5",
        "User":  "NT AUTHORITY\\SYSTEM",
        "RuleName":  null,
        "Product":  "Google Update",
        "LogonId":  "0x3e7",
        "ProcessId":  "4704",
        "LogonGuid":  "{AC6A4E42-0410-5CF4-0000-0020E7030000}",
        "TerminalSessionId":  "0",
        "ParentProcessGuid":  "{AC6A4E42-0410-5CF4-0000-001002910000}",
        "ParentProcessId":  "572",
        "ParentImage":  "C:\\Windows\\System32\\services.exe"
    },
    {
        "ParentCommandLine":  "C:\\WINDOWS\\system32\\svchost.exe -k DcomLaunch -p",
        "Description":  "Background Task Host",
        "CommandLine":  "\"C:\\WINDOWS\\system32\\backgroundTaskHost.exe\" -ServerName:App.AppXmtcan0h2tfbfy7k9kn8hbxb6dmzz1zh0.mca",
        "CurrentDirectory":  "C:\\Windows\\SystemApps\\Microsoft.Windows.ContentDeliveryManager_cw5n1h2txyewy\\",
        "Hashes":  "SHA1=EA114FDE884B16817A7D348660EA6FA1C217D315,MD5=B7FC4A29431D4F795BBAB1FB182B759A,SHA256=48B9EB1E31B0C2418742CE07675D58C974DD9F03007988C90C1E38F217F5C65B,IMPHASH=D2ACF1CBC4A6DB14A34C687B9362D66B",
        "Image":  "C:\\Windows\\System32\\backgroundTaskHost.exe",
        "UtcTime":  "2019-06-03 22:25:32.969",
        "ProcessGuid":  "{AC6A4E42-9E5C-5CF5-0000-00100BE85C00}",
        "Company":  "Microsoft Corporation",
        "IntegrityLevel":  "AppContainer",
        "EventId":  1,
        "FileVersion":  "10.0.17134.1 (WinBuild.160101.0800)",
        "User":  "SEC504STUDENT\\Sec504",
        "RuleName":  null,
        "Product":  "Microsoft? Windows? Operating System",
        "LogonId":  "0x2c0d8",
        "ProcessId":  "5064",
        "LogonGuid":  "{AC6A4E42-0419-5CF4-0000-0020D8C00200}",
        "TerminalSessionId":  "1",
        "ParentProcessGuid":  "{AC6A4E42-0411-5CF4-0000-00108EA50000}",
        "ParentProcessId":  "716",
        "ParentImage":  "C:\\Windows\\System32\\svchost.exe"
    },
    {
        "ParentCommandLine":  "C:\\WINDOWS\\system32\\services.exe",
        "Description":  "Host Process for Windows Services",
        "CommandLine":  "C:\\WINDOWS\\System32\\svchost.exe -k wsappx -p",
        "CurrentDirectory":  "C:\\WINDOWS\\system32\\",
        "Hashes":  "SHA1=660B76B6FB802417D513ADC967C5CAF77FC2BAC6,MD5=32569E403279B3FD2EDB7EBD036273FA,SHA256=C9A28DC8004C3E043CBF8E3A194FDA2B756CE90740DF2175488337281B485F69,IMPHASH=3A8297483C1777054C7BAFEA5E6A8853",
        "Image":  "C:\\Windows\\System32\\svchost.exe",
        "UtcTime":  "2019-06-03 22:25:43.118",
        "ProcessGuid":  "{AC6A4E42-9E67-5CF5-0000-001028FB5C00}",
        "Company":  "Microsoft Corporation",
        "IntegrityLevel":  "System",
        "EventId":  1,
        "FileVersion":  "10.0.17134.1 (WinBuild.160101.0800)",
        "User":  "NT AUTHORITY\\SYSTEM",
        "RuleName":  null,
        "Product":  "Microsoft? Windows? Operating System",
        "LogonId":  "0x3e7",
        "ProcessId":  "2836",
        "LogonGuid":  "{AC6A4E42-0410-5CF4-0000-0020E7030000}",
        "TerminalSessionId":  "0",
        "ParentProcessGuid":  "{AC6A4E42-0410-5CF4-0000-001002910000}",
        "ParentProcessId":  "572",
        "ParentImage":  "C:\\Windows\\System32\\services.exe"
    },
    {
        "ParentCommandLine":  "C:\\WINDOWS\\system32\\svchost.exe -k netsvcs -p",
        "Description":  "Windows Problem Reporting",
        "CommandLine":  "C:\\WINDOWS\\system32\\wermgr.exe -upload",
        "CurrentDirectory":  "C:\\WINDOWS\\system32\\",
        "Hashes":  "SHA1=1ED4AE92D235497F62610078D51105C4634AFADE,MD5=FF214585BF10206E21EA8EBA202FACFD,SHA256=C48C430EB07ACC2FF8BDDD6057F5C9F72C2E83F67478F1E4A1792AF866711538,IMPHASH=978FE06ED1813DC665ECDD672FEFCA83",
        "Image":  "C:\\Windows\\System32\\wermgr.exe",
        "UtcTime":  "2019-06-03 22:26:17.008",
        "ProcessGuid":  "{AC6A4E42-9E89-5CF5-0000-00103C215D00}",
        "Company":  "Microsoft Corporation",
        "IntegrityLevel":  "System",
        "EventId":  1,
        "FileVersion":  "10.0.17134.1 (WinBuild.160101.0800)",
        "User":  "NT AUTHORITY\\SYSTEM",
        "RuleName":  null,
        "Product":  "Microsoft? Windows? Operating System",
        "LogonId":  "0x3e7",
        "ProcessId":  "4472",
        "LogonGuid":  "{AC6A4E42-0410-5CF4-0000-0020E7030000}",
        "TerminalSessionId":  "0",
        "ParentProcessGuid":  "{AC6A4E42-0412-5CF4-0000-0010590A0100}",
        "ParentProcessId":  "988",
        "ParentImage":  "C:\\Windows\\System32\\svchost.exe"
    },
    {
        "ParentCommandLine":  "C:\\WINDOWS\\system32\\svchost.exe -k netsvcs -p",
        "Description":  "Microsoft Feeds Synchronization",
        "CommandLine":  "C:\\Windows\\system32\\msfeedssync.exe sync",
        "CurrentDirectory":  "C:\\WINDOWS\\system32\\",
        "Hashes":  "SHA1=036CAB158CD45F9155DAF85B8D847BF5B13099A2,MD5=CDC89D5CEA5B1CEB0A8F34D030CCB7D1,SHA256=2DE228CAD2E542B2AF2554D61FAB5463ECBBA3FF8349BA88C3E48637ED8086E9,IMPHASH=E22B4193AC1639CCDCA0DCF2C8C3F735",
        "Image":  "C:\\Windows\\System32\\msfeedssync.exe",
        "UtcTime":  "2019-06-03 22:30:38.007",
        "ProcessGuid":  "{AC6A4E42-9F8E-5CF5-0000-00100A9E5D00}",
        "Company":  "Microsoft Corporation",
        "IntegrityLevel":  "Medium",
        "EventId":  1,
        "FileVersion":  "11.00.17134.1 (WinBuild.160101.0800)",
        "User":  "SEC504STUDENT\\Sec504",
        "RuleName":  null,
        "Product":  "Internet Explorer",
        "LogonId":  "0x2c0d8",
        "ProcessId":  "3448",
        "LogonGuid":  "{AC6A4E42-0419-5CF4-0000-0020D8C00200}",
        "TerminalSessionId":  "1",
        "ParentProcessGuid":  "{AC6A4E42-0412-5CF4-0000-0010590A0100}",
        "ParentProcessId":  "988",
        "ParentImage":  "C:\\Windows\\System32\\svchost.exe"
    },
    {
        "ParentCommandLine":  "C:\\WINDOWS\\system32\\svchost.exe -k DcomLaunch -p",
        "Description":  "Background Task Host",
        "CommandLine":  "\"C:\\WINDOWS\\system32\\backgroundTaskHost.exe\" -ServerName:App.AppXmtcan0h2tfbfy7k9kn8hbxb6dmzz1zh0.mca",
        "CurrentDirectory":  "C:\\Windows\\SystemApps\\Microsoft.Windows.ContentDeliveryManager_cw5n1h2txyewy\\",
        "Hashes":  "SHA1=EA114FDE884B16817A7D348660EA6FA1C217D315,MD5=B7FC4A29431D4F795BBAB1FB182B759A,SHA256=48B9EB1E31B0C2418742CE07675D58C974DD9F03007988C90C1E38F217F5C65B,IMPHASH=D2ACF1CBC4A6DB14A34C687B9362D66B",
        "Image":  "C:\\Windows\\System32\\backgroundTaskHost.exe",
        "UtcTime":  "2019-06-03 22:31:03.061",
        "ProcessGuid":  "{AC6A4E42-9FA7-5CF5-0000-001080BB5D00}",
        "Company":  "Microsoft Corporation",
        "IntegrityLevel":  "AppContainer",
        "EventId":  1,
        "FileVersion":  "10.0.17134.1 (WinBuild.160101.0800)",
        "User":  "SEC504STUDENT\\Sec504",
        "RuleName":  null,
        "Product":  "Microsoft? Windows? Operating System",
        "LogonId":  "0x2c0d8",
        "ProcessId":  "956",
        "LogonGuid":  "{AC6A4E42-0419-5CF4-0000-0020D8C00200}",
        "TerminalSessionId":  "1",
        "ParentProcessGuid":  "{AC6A4E42-0411-5CF4-0000-00108EA50000}",
        "ParentProcessId":  "716",
        "ParentImage":  "C:\\Windows\\System32\\svchost.exe"
    },
    {
        "ParentCommandLine":  "C:\\WINDOWS\\system32\\svchost.exe -k DcomLaunch -p",
        "Description":  "Background Task Host",
        "CommandLine":  "\"C:\\WINDOWS\\system32\\backgroundTaskHost.exe\" -ServerName:App.AppXmtcan0h2tfbfy7k9kn8hbxb6dmzz1zh0.mca",
        "CurrentDirectory":  "C:\\Windows\\SystemApps\\Microsoft.Windows.ContentDeliveryManager_cw5n1h2txyewy\\",
        "Hashes":  "SHA1=EA114FDE884B16817A7D348660EA6FA1C217D315,MD5=B7FC4A29431D4F795BBAB1FB182B759A,SHA256=48B9EB1E31B0C2418742CE07675D58C974DD9F03007988C90C1E38F217F5C65B,IMPHASH=D2ACF1CBC4A6DB14A34C687B9362D66B",
        "Image":  "C:\\Windows\\System32\\backgroundTaskHost.exe",
        "UtcTime":  "2019-06-03 22:36:33.149",
        "ProcessGuid":  "{AC6A4E42-A0F1-5CF5-0000-0010E5FD5D00}",
        "Company":  "Microsoft Corporation",
        "IntegrityLevel":  "AppContainer",
        "EventId":  1,
        "FileVersion":  "10.0.17134.1 (WinBuild.160101.0800)",
        "User":  "SEC504STUDENT\\Sec504",
        "RuleName":  null,
        "Product":  "Microsoft? Windows? Operating System",
        "LogonId":  "0x2c0d8",
        "ProcessId":  "5152",
        "LogonGuid":  "{AC6A4E42-0419-5CF4-0000-0020D8C00200}",
        "TerminalSessionId":  "1",
        "ParentProcessGuid":  "{AC6A4E42-0411-5CF4-0000-00108EA50000}",
        "ParentProcessId":  "716",
        "ParentImage":  "C:\\Windows\\System32\\svchost.exe"
    },
    {
        "ParentCommandLine":  "C:\\WINDOWS\\system32\\services.exe",
        "Description":  "Host Process for Windows Services",
        "CommandLine":  "C:\\WINDOWS\\System32\\svchost.exe -k wsappx -p",
        "CurrentDirectory":  "C:\\WINDOWS\\system32\\",
        "Hashes":  "SHA1=660B76B6FB802417D513ADC967C5CAF77FC2BAC6,MD5=32569E403279B3FD2EDB7EBD036273FA,SHA256=C9A28DC8004C3E043CBF8E3A194FDA2B756CE90740DF2175488337281B485F69,IMPHASH=3A8297483C1777054C7BAFEA5E6A8853",
        "Image":  "C:\\Windows\\System32\\svchost.exe",
        "UtcTime":  "2019-06-03 22:40:43.368",
        "ProcessGuid":  "{AC6A4E42-A1EB-5CF5-0000-0010713E5E00}",
        "Company":  "Microsoft Corporation",
        "IntegrityLevel":  "System",
        "EventId":  1,
        "FileVersion":  "10.0.17134.1 (WinBuild.160101.0800)",
        "User":  "NT AUTHORITY\\SYSTEM",
        "RuleName":  null,
        "Product":  "Microsoft? Windows? Operating System",
        "LogonId":  "0x3e7",
        "ProcessId":  "5604",
        "LogonGuid":  "{AC6A4E42-0410-5CF4-0000-0020E7030000}",
        "TerminalSessionId":  "0",
        "ParentProcessGuid":  "{AC6A4E42-0410-5CF4-0000-001002910000}",
        "ParentProcessId":  "572",
        "ParentImage":  "C:\\Windows\\System32\\services.exe"
    },
    {
        "ParentCommandLine":  "C:\\WINDOWS\\system32\\svchost.exe -k DcomLaunch -p",
        "Description":  "Background Task Host",
        "CommandLine":  "\"C:\\WINDOWS\\system32\\backgroundTaskHost.exe\" -ServerName:App.AppXmtcan0h2tfbfy7k9kn8hbxb6dmzz1zh0.mca",
        "CurrentDirectory":  "C:\\Windows\\SystemApps\\Microsoft.Windows.ContentDeliveryManager_cw5n1h2txyewy\\",
        "Hashes":  "SHA1=EA114FDE884B16817A7D348660EA6FA1C217D315,MD5=B7FC4A29431D4F795BBAB1FB182B759A,SHA256=48B9EB1E31B0C2418742CE07675D58C974DD9F03007988C90C1E38F217F5C65B,IMPHASH=D2ACF1CBC4A6DB14A34C687B9362D66B",
        "Image":  "C:\\Windows\\System32\\backgroundTaskHost.exe",
        "UtcTime":  "2019-06-03 22:42:03.237",
        "ProcessGuid":  "{AC6A4E42-A23B-5CF5-0000-001000705E00}",
        "Company":  "Microsoft Corporation",
        "IntegrityLevel":  "AppContainer",
        "EventId":  1,
        "FileVersion":  "10.0.17134.1 (WinBuild.160101.0800)",
        "User":  "SEC504STUDENT\\Sec504",
        "RuleName":  null,
        "Product":  "Microsoft? Windows? Operating System",
        "LogonId":  "0x2c0d8",
        "ProcessId":  "3916",
        "LogonGuid":  "{AC6A4E42-0419-5CF4-0000-0020D8C00200}",
        "TerminalSessionId":  "1",
        "ParentProcessGuid":  "{AC6A4E42-0411-5CF4-0000-00108EA50000}",
        "ParentProcessId":  "716",
        "ParentImage":  "C:\\Windows\\System32\\svchost.exe"
    },
    {
        "ParentCommandLine":  "C:\\WINDOWS\\system32\\svchost.exe -k netsvcs -p",
        "Description":  "Microsoft Feeds Synchronization",
        "CommandLine":  "C:\\Windows\\system32\\msfeedssync.exe sync",
        "CurrentDirectory":  "C:\\WINDOWS\\system32\\",
        "Hashes":  "SHA1=036CAB158CD45F9155DAF85B8D847BF5B13099A2,MD5=CDC89D5CEA5B1CEB0A8F34D030CCB7D1,SHA256=2DE228CAD2E542B2AF2554D61FAB5463ECBBA3FF8349BA88C3E48637ED8086E9,IMPHASH=E22B4193AC1639CCDCA0DCF2C8C3F735",
        "Image":  "C:\\Windows\\System32\\msfeedssync.exe",
        "UtcTime":  "2019-06-03 22:45:39.010",
        "ProcessGuid":  "{AC6A4E42-A313-5CF5-0000-0010119B5E00}",
        "Company":  "Microsoft Corporation",
        "IntegrityLevel":  "Medium",
        "EventId":  1,
        "FileVersion":  "11.00.17134.1 (WinBuild.160101.0800)",
        "User":  "SEC504STUDENT\\Sec504",
        "RuleName":  null,
        "Product":  "Internet Explorer",
        "LogonId":  "0x2c0d8",
        "ProcessId":  "2656",
        "LogonGuid":  "{AC6A4E42-0419-5CF4-0000-0020D8C00200}",
        "TerminalSessionId":  "1",
        "ParentProcessGuid":  "{AC6A4E42-0412-5CF4-0000-0010590A0100}",
        "ParentProcessId":  "988",
        "ParentImage":  "C:\\Windows\\System32\\svchost.exe"
    },
    {
        "ParentCommandLine":  "C:\\WINDOWS\\system32\\svchost.exe -k DcomLaunch -p",
        "Description":  "Background Task Host",
        "CommandLine":  "\"C:\\WINDOWS\\system32\\backgroundTaskHost.exe\" -ServerName:App.AppXmtcan0h2tfbfy7k9kn8hbxb6dmzz1zh0.mca",
        "CurrentDirectory":  "C:\\Windows\\SystemApps\\Microsoft.Windows.ContentDeliveryManager_cw5n1h2txyewy\\",
        "Hashes":  "SHA1=EA114FDE884B16817A7D348660EA6FA1C217D315,MD5=B7FC4A29431D4F795BBAB1FB182B759A,SHA256=48B9EB1E31B0C2418742CE07675D58C974DD9F03007988C90C1E38F217F5C65B,IMPHASH=D2ACF1CBC4A6DB14A34C687B9362D66B",
        "Image":  "C:\\Windows\\System32\\backgroundTaskHost.exe",
        "UtcTime":  "2019-06-03 22:47:33.330",
        "ProcessGuid":  "{AC6A4E42-A385-5CF5-0000-001060C65E00}",
        "Company":  "Microsoft Corporation",
        "IntegrityLevel":  "AppContainer",
        "EventId":  1,
        "FileVersion":  "10.0.17134.1 (WinBuild.160101.0800)",
        "User":  "SEC504STUDENT\\Sec504",
        "RuleName":  null,
        "Product":  "Microsoft? Windows? Operating System",
        "LogonId":  "0x2c0d8",
        "ProcessId":  "1876",
        "LogonGuid":  "{AC6A4E42-0419-5CF4-0000-0020D8C00200}",
        "TerminalSessionId":  "1",
        "ParentProcessGuid":  "{AC6A4E42-0411-5CF4-0000-00108EA50000}",
        "ParentProcessId":  "716",
        "ParentImage":  "C:\\Windows\\System32\\svchost.exe"
    },
