    {
        "ParentCommandLine":  "\"C:\\Program Files\\Wireshark\\Wireshark.exe\" ",
        "Description":  "Dumpcap",
        "CommandLine":  "\"C:\\Program Files\\Wireshark\\dumpcap.exe\" -S -Z 5248.dummy",
        "CurrentDirectory":  "C:\\Program Files\\Wireshark\\",
        "Hashes":  "SHA1=9AE11406407699C016132633C4464EEB1B85F640,MD5=28869D1C0F3C57B3A12B1ACC758BFD3D,SHA256=F282900DF73E74D727580A88ECD6A4A2D2942FBB980D66009C6C85DDD8B31D9D,IMPHASH=BA28212C31A1C7FA632746E6F19EF3B4",
        "Image":  "C:\\Program Files\\Wireshark\\dumpcap.exe",
        "UtcTime":  "2019-06-04 10:27:13.963",
        "ProcessGuid":  "{AC6A4E42-4781-5CF6-0000-00106E787800}",
        "Company":  "The Wireshark developer community",
        "IntegrityLevel":  "Medium",
        "EventId":  1,
        "FileVersion":  "2.2.3",
        "User":  "SEC504STUDENT\\Sec504",
        "RuleName":  null,
        "Product":  "Dumpcap",
        "LogonId":  "0x2c0d8",
        "ProcessId":  "1184",
        "LogonGuid":  "{AC6A4E42-0419-5CF4-0000-0020D8C00200}",
        "TerminalSessionId":  "1",
        "ParentProcessGuid":  "{AC6A4E42-469E-5CF6-0000-001078766C00}",
        "ParentProcessId":  "5248",
        "ParentImage":  "C:\\Program Files\\Wireshark\\Wireshark.exe"
    },
    {
        "ParentCommandLine":  "\"C:\\Program Files\\Wireshark\\dumpcap.exe\" -S -Z 5248.dummy",
        "Description":  "Console Window Host",
        "CommandLine":  "\\??\\C:\\WINDOWS\\system32\\conhost.exe 0xffffffff -ForceV1",
        "CurrentDirectory":  "C:\\WINDOWS",
        "Hashes":  "SHA1=8F9BC1B7D65188D0ADBDF74CCCE4EED78BF4C129,MD5=EA777DEEA782E8B4D7C7C33BBF8A4496,SHA256=04B6A35BC504401989B9E674C57C9E84D0CBDBBD9D8CE0CE83D7CECA0B7175ED,IMPHASH=63E065B05DF33ACB4D95B3DD04670B8F",
        "Image":  "C:\\Windows\\System32\\conhost.exe",
        "UtcTime":  "2019-06-04 10:27:13.966",
        "ProcessGuid":  "{AC6A4E42-4781-5CF6-0000-0010F4787800}",
        "Company":  "Microsoft Corporation",
        "IntegrityLevel":  "Medium",
        "EventId":  1,
        "FileVersion":  "10.0.17134.1 (WinBuild.160101.0800)",
        "User":  "SEC504STUDENT\\Sec504",
        "RuleName":  null,
        "Product":  "Microsoft? Windows? Operating System",
        "LogonId":  "0x2c0d8",
        "ProcessId":  "3284",
        "LogonGuid":  "{AC6A4E42-0419-5CF4-0000-0020D8C00200}",
        "TerminalSessionId":  "1",
        "ParentProcessGuid":  "{AC6A4E42-4781-5CF6-0000-00106E787800}",
        "ParentProcessId":  "1184",
        "ParentImage":  "C:\\Program Files\\Wireshark\\dumpcap.exe"
    },
    {
        "ParentCommandLine":  "\"C:\\Program Files\\Wireshark\\Wireshark.exe\" ",
        "Description":  "Dumpcap",
        "CommandLine":  "\"C:\\Program Files\\Wireshark\\dumpcap.exe\" -S -Z 5248.dummy",
        "CurrentDirectory":  "C:\\Program Files\\Wireshark\\",
        "Hashes":  "SHA1=9AE11406407699C016132633C4464EEB1B85F640,MD5=28869D1C0F3C57B3A12B1ACC758BFD3D,SHA256=F282900DF73E74D727580A88ECD6A4A2D2942FBB980D66009C6C85DDD8B31D9D,IMPHASH=BA28212C31A1C7FA632746E6F19EF3B4",
        "Image":  "C:\\Program Files\\Wireshark\\dumpcap.exe",
        "UtcTime":  "2019-06-04 10:27:14.979",
        "ProcessGuid":  "{AC6A4E42-4782-5CF6-0000-0010EF8A7800}",
        "Company":  "The Wireshark developer community",
        "IntegrityLevel":  "Medium",
        "EventId":  1,
        "FileVersion":  "2.2.3",
        "User":  "SEC504STUDENT\\Sec504",
        "RuleName":  null,
        "Product":  "Dumpcap",
        "LogonId":  "0x2c0d8",
        "ProcessId":  "3236",
        "LogonGuid":  "{AC6A4E42-0419-5CF4-0000-0020D8C00200}",
        "TerminalSessionId":  "1",
        "ParentProcessGuid":  "{AC6A4E42-469E-5CF6-0000-001078766C00}",
        "ParentProcessId":  "5248",
        "ParentImage":  "C:\\Program Files\\Wireshark\\Wireshark.exe"
    },
    {
        "ParentCommandLine":  "\"C:\\Program Files\\Wireshark\\dumpcap.exe\" -S -Z 5248.dummy",
        "Description":  "Console Window Host",
        "CommandLine":  "\\??\\C:\\WINDOWS\\system32\\conhost.exe 0xffffffff -ForceV1",
        "CurrentDirectory":  "C:\\WINDOWS",
        "Hashes":  "SHA1=8F9BC1B7D65188D0ADBDF74CCCE4EED78BF4C129,MD5=EA777DEEA782E8B4D7C7C33BBF8A4496,SHA256=04B6A35BC504401989B9E674C57C9E84D0CBDBBD9D8CE0CE83D7CECA0B7175ED,IMPHASH=63E065B05DF33ACB4D95B3DD04670B8F",
        "Image":  "C:\\Windows\\System32\\conhost.exe",
        "UtcTime":  "2019-06-04 10:27:14.982",
        "ProcessGuid":  "{AC6A4E42-4782-5CF6-0000-0010728B7800}",
        "Company":  "Microsoft Corporation",
        "IntegrityLevel":  "Medium",
        "EventId":  1,
        "FileVersion":  "10.0.17134.1 (WinBuild.160101.0800)",
        "User":  "SEC504STUDENT\\Sec504",
        "RuleName":  null,
        "Product":  "Microsoft? Windows? Operating System",
        "LogonId":  "0x2c0d8",
        "ProcessId":  "5908",
        "LogonGuid":  "{AC6A4E42-0419-5CF4-0000-0020D8C00200}",
        "TerminalSessionId":  "1",
        "ParentProcessGuid":  "{AC6A4E42-4782-5CF6-0000-0010EF8A7800}",
        "ParentProcessId":  "3236",
        "ParentImage":  "C:\\Program Files\\Wireshark\\dumpcap.exe"
    },
    {
        "ParentCommandLine":  "\"C:\\Program Files\\Wireshark\\Wireshark.exe\" ",
        "Description":  "Dumpcap",
        "CommandLine":  "\"C:\\Program Files\\Wireshark\\dumpcap.exe\" -S -Z 5248.dummy",
        "CurrentDirectory":  "C:\\Program Files\\Wireshark\\",
        "Hashes":  "SHA1=9AE11406407699C016132633C4464EEB1B85F640,MD5=28869D1C0F3C57B3A12B1ACC758BFD3D,SHA256=F282900DF73E74D727580A88ECD6A4A2D2942FBB980D66009C6C85DDD8B31D9D,IMPHASH=BA28212C31A1C7FA632746E6F19EF3B4",
        "Image":  "C:\\Program Files\\Wireshark\\dumpcap.exe",
        "UtcTime":  "2019-06-04 10:27:15.979",
        "ProcessGuid":  "{AC6A4E42-4783-5CF6-0000-0010CA9C7800}",
        "Company":  "The Wireshark developer community",
        "IntegrityLevel":  "Medium",
        "EventId":  1,
        "FileVersion":  "2.2.3",
        "User":  "SEC504STUDENT\\Sec504",
        "RuleName":  null,
        "Product":  "Dumpcap",
        "LogonId":  "0x2c0d8",
        "ProcessId":  "3448",
        "LogonGuid":  "{AC6A4E42-0419-5CF4-0000-0020D8C00200}",
        "TerminalSessionId":  "1",
        "ParentProcessGuid":  "{AC6A4E42-469E-5CF6-0000-001078766C00}",
        "ParentProcessId":  "5248",
        "ParentImage":  "C:\\Program Files\\Wireshark\\Wireshark.exe"
    },
    {
        "ParentCommandLine":  "\"C:\\Program Files\\Wireshark\\dumpcap.exe\" -S -Z 5248.dummy",
        "Description":  "Console Window Host",
        "CommandLine":  "\\??\\C:\\WINDOWS\\system32\\conhost.exe 0xffffffff -ForceV1",
        "CurrentDirectory":  "C:\\WINDOWS",
        "Hashes":  "SHA1=8F9BC1B7D65188D0ADBDF74CCCE4EED78BF4C129,MD5=EA777DEEA782E8B4D7C7C33BBF8A4496,SHA256=04B6A35BC504401989B9E674C57C9E84D0CBDBBD9D8CE0CE83D7CECA0B7175ED,IMPHASH=63E065B05DF33ACB4D95B3DD04670B8F",
        "Image":  "C:\\Windows\\System32\\conhost.exe",
        "UtcTime":  "2019-06-04 10:27:15.982",
        "ProcessGuid":  "{AC6A4E42-4783-5CF6-0000-0010529D7800}",
        "Company":  "Microsoft Corporation",
        "IntegrityLevel":  "Medium",
        "EventId":  1,
        "FileVersion":  "10.0.17134.1 (WinBuild.160101.0800)",
        "User":  "SEC504STUDENT\\Sec504",
        "RuleName":  null,
        "Product":  "Microsoft? Windows? Operating System",
        "LogonId":  "0x2c0d8",
        "ProcessId":  "2964",
        "LogonGuid":  "{AC6A4E42-0419-5CF4-0000-0020D8C00200}",
        "TerminalSessionId":  "1",
        "ParentProcessGuid":  "{AC6A4E42-4783-5CF6-0000-0010CA9C7800}",
        "ParentProcessId":  "3448",
        "ParentImage":  "C:\\Program Files\\Wireshark\\dumpcap.exe"
    },
    {
        "ParentCommandLine":  "\"C:\\Program Files\\Wireshark\\Wireshark.exe\" ",
        "Description":  "Dumpcap",
        "CommandLine":  "\"C:\\Program Files\\Wireshark\\dumpcap.exe\" -S -Z 5248.dummy",
        "CurrentDirectory":  "C:\\Program Files\\Wireshark\\",
        "Hashes":  "SHA1=9AE11406407699C016132633C4464EEB1B85F640,MD5=28869D1C0F3C57B3A12B1ACC758BFD3D,SHA256=F282900DF73E74D727580A88ECD6A4A2D2942FBB980D66009C6C85DDD8B31D9D,IMPHASH=BA28212C31A1C7FA632746E6F19EF3B4",
        "Image":  "C:\\Program Files\\Wireshark\\dumpcap.exe",
        "UtcTime":  "2019-06-04 10:27:16.994",
        "ProcessGuid":  "{AC6A4E42-4784-5CF6-0000-001049AE7800}",
        "Company":  "The Wireshark developer community",
        "IntegrityLevel":  "Medium",
        "EventId":  1,
        "FileVersion":  "2.2.3",
        "User":  "SEC504STUDENT\\Sec504",
        "RuleName":  null,
        "Product":  "Dumpcap",
        "LogonId":  "0x2c0d8",
        "ProcessId":  "244",
        "LogonGuid":  "{AC6A4E42-0419-5CF4-0000-0020D8C00200}",
        "TerminalSessionId":  "1",
        "ParentProcessGuid":  "{AC6A4E42-469E-5CF6-0000-001078766C00}",
        "ParentProcessId":  "5248",
        "ParentImage":  "C:\\Program Files\\Wireshark\\Wireshark.exe"
    },
    {
        "ParentCommandLine":  "\"C:\\Program Files\\Wireshark\\dumpcap.exe\" -S -Z 5248.dummy",
        "Description":  "Console Window Host",
        "CommandLine":  "\\??\\C:\\WINDOWS\\system32\\conhost.exe 0xffffffff -ForceV1",
        "CurrentDirectory":  "C:\\WINDOWS",
        "Hashes":  "SHA1=8F9BC1B7D65188D0ADBDF74CCCE4EED78BF4C129,MD5=EA777DEEA782E8B4D7C7C33BBF8A4496,SHA256=04B6A35BC504401989B9E674C57C9E84D0CBDBBD9D8CE0CE83D7CECA0B7175ED,IMPHASH=63E065B05DF33ACB4D95B3DD04670B8F",
        "Image":  "C:\\Windows\\System32\\conhost.exe",
        "UtcTime":  "2019-06-04 10:27:16.997",
        "ProcessGuid":  "{AC6A4E42-4784-5CF6-0000-0010D0AE7800}",
        "Company":  "Microsoft Corporation",
        "IntegrityLevel":  "Medium",
        "EventId":  1,
        "FileVersion":  "10.0.17134.1 (WinBuild.160101.0800)",
        "User":  "SEC504STUDENT\\Sec504",
        "RuleName":  null,
        "Product":  "Microsoft? Windows? Operating System",
        "LogonId":  "0x2c0d8",
        "ProcessId":  "4184",
        "LogonGuid":  "{AC6A4E42-0419-5CF4-0000-0020D8C00200}",
        "TerminalSessionId":  "1",
        "ParentProcessGuid":  "{AC6A4E42-4784-5CF6-0000-001049AE7800}",
        "ParentProcessId":  "244",
        "ParentImage":  "C:\\Program Files\\Wireshark\\dumpcap.exe"
    },
    {
        "ParentCommandLine":  "\"C:\\Program Files\\Wireshark\\Wireshark.exe\" ",
        "Description":  "Dumpcap",
        "CommandLine":  "\"C:\\Program Files\\Wireshark\\dumpcap.exe\" -S -Z 5248.dummy",
        "CurrentDirectory":  "C:\\Program Files\\Wireshark\\",
        "Hashes":  "SHA1=9AE11406407699C016132633C4464EEB1B85F640,MD5=28869D1C0F3C57B3A12B1ACC758BFD3D,SHA256=F282900DF73E74D727580A88ECD6A4A2D2942FBB980D66009C6C85DDD8B31D9D,IMPHASH=BA28212C31A1C7FA632746E6F19EF3B4",
        "Image":  "C:\\Program Files\\Wireshark\\dumpcap.exe",
        "UtcTime":  "2019-06-04 10:27:18.010",
        "ProcessGuid":  "{AC6A4E42-4786-5CF6-0000-00101DBF7800}",
        "Company":  "The Wireshark developer community",
        "IntegrityLevel":  "Medium",
        "EventId":  1,
        "FileVersion":  "2.2.3",
        "User":  "SEC504STUDENT\\Sec504",
        "RuleName":  null,
        "Product":  "Dumpcap",
        "LogonId":  "0x2c0d8",
        "ProcessId":  "3104",
        "LogonGuid":  "{AC6A4E42-0419-5CF4-0000-0020D8C00200}",
        "TerminalSessionId":  "1",
        "ParentProcessGuid":  "{AC6A4E42-469E-5CF6-0000-001078766C00}",
        "ParentProcessId":  "5248",
        "ParentImage":  "C:\\Program Files\\Wireshark\\Wireshark.exe"
    },
    {
        "ParentCommandLine":  "\"C:\\Program Files\\Wireshark\\dumpcap.exe\" -S -Z 5248.dummy",
        "Description":  "Console Window Host",
        "CommandLine":  "\\??\\C:\\WINDOWS\\system32\\conhost.exe 0xffffffff -ForceV1",
        "CurrentDirectory":  "C:\\WINDOWS",
        "Hashes":  "SHA1=8F9BC1B7D65188D0ADBDF74CCCE4EED78BF4C129,MD5=EA777DEEA782E8B4D7C7C33BBF8A4496,SHA256=04B6A35BC504401989B9E674C57C9E84D0CBDBBD9D8CE0CE83D7CECA0B7175ED,IMPHASH=63E065B05DF33ACB4D95B3DD04670B8F",
        "Image":  "C:\\Windows\\System32\\conhost.exe",
        "UtcTime":  "2019-06-04 10:27:18.015",
        "ProcessGuid":  "{AC6A4E42-4786-5CF6-0000-0010A6BF7800}",
        "Company":  "Microsoft Corporation",
        "IntegrityLevel":  "Medium",
        "EventId":  1,
        "FileVersion":  "10.0.17134.1 (WinBuild.160101.0800)",
        "User":  "SEC504STUDENT\\Sec504",
        "RuleName":  null,
        "Product":  "Microsoft? Windows? Operating System",
        "LogonId":  "0x2c0d8",
        "ProcessId":  "4188",
        "LogonGuid":  "{AC6A4E42-0419-5CF4-0000-0020D8C00200}",
        "TerminalSessionId":  "1",
        "ParentProcessGuid":  "{AC6A4E42-4786-5CF6-0000-00101DBF7800}",
        "ParentProcessId":  "3104",
        "ParentImage":  "C:\\Program Files\\Wireshark\\dumpcap.exe"
    },
    {
        "ParentCommandLine":  "\"C:\\Program Files\\Wireshark\\Wireshark.exe\" ",
        "Description":  "Dumpcap",
        "CommandLine":  "\"C:\\Program Files\\Wireshark\\dumpcap.exe\" -S -Z 5248.dummy",
        "CurrentDirectory":  "C:\\Program Files\\Wireshark\\",
        "Hashes":  "SHA1=9AE11406407699C016132633C4464EEB1B85F640,MD5=28869D1C0F3C57B3A12B1ACC758BFD3D,SHA256=F282900DF73E74D727580A88ECD6A4A2D2942FBB980D66009C6C85DDD8B31D9D,IMPHASH=BA28212C31A1C7FA632746E6F19EF3B4",
        "Image":  "C:\\Program Files\\Wireshark\\dumpcap.exe",
        "UtcTime":  "2019-06-04 10:27:19.010",
        "ProcessGuid":  "{AC6A4E42-4787-5CF6-0000-00106DD07800}",
        "Company":  "The Wireshark developer community",
        "IntegrityLevel":  "Medium",
        "EventId":  1,
        "FileVersion":  "2.2.3",
        "User":  "SEC504STUDENT\\Sec504",
        "RuleName":  null,
        "Product":  "Dumpcap",
        "LogonId":  "0x2c0d8",
        "ProcessId":  "6036",
        "LogonGuid":  "{AC6A4E42-0419-5CF4-0000-0020D8C00200}",
        "TerminalSessionId":  "1",
        "ParentProcessGuid":  "{AC6A4E42-469E-5CF6-0000-001078766C00}",
        "ParentProcessId":  "5248",
        "ParentImage":  "C:\\Program Files\\Wireshark\\Wireshark.exe"
    },
    {
        "ParentCommandLine":  "\"C:\\Program Files\\Wireshark\\dumpcap.exe\" -S -Z 5248.dummy",
        "Description":  "Console Window Host",
        "CommandLine":  "\\??\\C:\\WINDOWS\\system32\\conhost.exe 0xffffffff -ForceV1",
        "CurrentDirectory":  "C:\\WINDOWS",
        "Hashes":  "SHA1=8F9BC1B7D65188D0ADBDF74CCCE4EED78BF4C129,MD5=EA777DEEA782E8B4D7C7C33BBF8A4496,SHA256=04B6A35BC504401989B9E674C57C9E84D0CBDBBD9D8CE0CE83D7CECA0B7175ED,IMPHASH=63E065B05DF33ACB4D95B3DD04670B8F",
        "Image":  "C:\\Windows\\System32\\conhost.exe",
        "UtcTime":  "2019-06-04 10:27:19.015",
        "ProcessGuid":  "{AC6A4E42-4787-5CF6-0000-0010F2D07800}",
        "Company":  "Microsoft Corporation",
        "IntegrityLevel":  "Medium",
        "EventId":  1,
        "FileVersion":  "10.0.17134.1 (WinBuild.160101.0800)",
        "User":  "SEC504STUDENT\\Sec504",
        "RuleName":  null,
        "Product":  "Microsoft? Windows? Operating System",
        "LogonId":  "0x2c0d8",
        "ProcessId":  "5692",
        "LogonGuid":  "{AC6A4E42-0419-5CF4-0000-0020D8C00200}",
        "TerminalSessionId":  "1",
        "ParentProcessGuid":  "{AC6A4E42-4787-5CF6-0000-00106DD07800}",
        "ParentProcessId":  "6036",
        "ParentImage":  "C:\\Program Files\\Wireshark\\dumpcap.exe"
    },
    {
        "ParentCommandLine":  "\"C:\\Program Files\\Wireshark\\Wireshark.exe\" ",
        "Description":  "Dumpcap",
        "CommandLine":  "\"C:\\Program Files\\Wireshark\\dumpcap.exe\" -S -Z 5248.dummy",
        "CurrentDirectory":  "C:\\Program Files\\Wireshark\\",
        "Hashes":  "SHA1=9AE11406407699C016132633C4464EEB1B85F640,MD5=28869D1C0F3C57B3A12B1ACC758BFD3D,SHA256=F282900DF73E74D727580A88ECD6A4A2D2942FBB980D66009C6C85DDD8B31D9D,IMPHASH=BA28212C31A1C7FA632746E6F19EF3B4",
        "Image":  "C:\\Program Files\\Wireshark\\dumpcap.exe",
        "UtcTime":  "2019-06-04 10:27:20.010",
        "ProcessGuid":  "{AC6A4E42-4788-5CF6-0000-001019E27800}",
        "Company":  "The Wireshark developer community",
        "IntegrityLevel":  "Medium",
        "EventId":  1,
        "FileVersion":  "2.2.3",
        "User":  "SEC504STUDENT\\Sec504",
        "RuleName":  null,
        "Product":  "Dumpcap",
        "LogonId":  "0x2c0d8",
        "ProcessId":  "5700",
        "LogonGuid":  "{AC6A4E42-0419-5CF4-0000-0020D8C00200}",
        "TerminalSessionId":  "1",
        "ParentProcessGuid":  "{AC6A4E42-469E-5CF6-0000-001078766C00}",
        "ParentProcessId":  "5248",
        "ParentImage":  "C:\\Program Files\\Wireshark\\Wireshark.exe"
    },
    {
        "ParentCommandLine":  "\"C:\\Program Files\\Wireshark\\dumpcap.exe\" -S -Z 5248.dummy",
        "Description":  "Console Window Host",
        "CommandLine":  "\\??\\C:\\WINDOWS\\system32\\conhost.exe 0xffffffff -ForceV1",
        "CurrentDirectory":  "C:\\WINDOWS",
        "Hashes":  "SHA1=8F9BC1B7D65188D0ADBDF74CCCE4EED78BF4C129,MD5=EA777DEEA782E8B4D7C7C33BBF8A4496,SHA256=04B6A35BC504401989B9E674C57C9E84D0CBDBBD9D8CE0CE83D7CECA0B7175ED,IMPHASH=63E065B05DF33ACB4D95B3DD04670B8F",
        "Image":  "C:\\Windows\\System32\\conhost.exe",
        "UtcTime":  "2019-06-04 10:27:20.013",
        "ProcessGuid":  "{AC6A4E42-4788-5CF6-0000-0010A0E27800}",
        "Company":  "Microsoft Corporation",
        "IntegrityLevel":  "Medium",
        "EventId":  1,
        "FileVersion":  "10.0.17134.1 (WinBuild.160101.0800)",
        "User":  "SEC504STUDENT\\Sec504",
        "RuleName":  null,
        "Product":  "Microsoft? Windows? Operating System",
        "LogonId":  "0x2c0d8",
        "ProcessId":  "1144",
        "LogonGuid":  "{AC6A4E42-0419-5CF4-0000-0020D8C00200}",
        "TerminalSessionId":  "1",
        "ParentProcessGuid":  "{AC6A4E42-4788-5CF6-0000-001019E27800}",
        "ParentProcessId":  "5700",
        "ParentImage":  "C:\\Program Files\\Wireshark\\dumpcap.exe"
    },
    {
        "ParentCommandLine":  "\"C:\\Program Files\\Wireshark\\Wireshark.exe\" ",
        "Description":  "Dumpcap",
        "CommandLine":  "\"C:\\Program Files\\Wireshark\\dumpcap.exe\" -S -Z 5248.dummy",
        "CurrentDirectory":  "C:\\Program Files\\Wireshark\\",
        "Hashes":  "SHA1=9AE11406407699C016132633C4464EEB1B85F640,MD5=28869D1C0F3C57B3A12B1ACC758BFD3D,SHA256=F282900DF73E74D727580A88ECD6A4A2D2942FBB980D66009C6C85DDD8B31D9D,IMPHASH=BA28212C31A1C7FA632746E6F19EF3B4",
        "Image":  "C:\\Program Files\\Wireshark\\dumpcap.exe",
        "UtcTime":  "2019-06-04 10:27:21.010",
        "ProcessGuid":  "{AC6A4E42-4789-5CF6-0000-0010A1F37800}",
        "Company":  "The Wireshark developer community",
        "IntegrityLevel":  "Medium",
        "EventId":  1,
        "FileVersion":  "2.2.3",
        "User":  "SEC504STUDENT\\Sec504",
        "RuleName":  null,
        "Product":  "Dumpcap",
        "LogonId":  "0x2c0d8",
        "ProcessId":  "700",
        "LogonGuid":  "{AC6A4E42-0419-5CF4-0000-0020D8C00200}",
        "TerminalSessionId":  "1",
        "ParentProcessGuid":  "{AC6A4E42-469E-5CF6-0000-001078766C00}",
        "ParentProcessId":  "5248",
        "ParentImage":  "C:\\Program Files\\Wireshark\\Wireshark.exe"
    },
    {
        "ParentCommandLine":  "\"C:\\Program Files\\Wireshark\\dumpcap.exe\" -S -Z 5248.dummy",
        "Description":  "Console Window Host",
        "CommandLine":  "\\??\\C:\\WINDOWS\\system32\\conhost.exe 0xffffffff -ForceV1",
        "CurrentDirectory":  "C:\\WINDOWS",
        "Hashes":  "SHA1=8F9BC1B7D65188D0ADBDF74CCCE4EED78BF4C129,MD5=EA777DEEA782E8B4D7C7C33BBF8A4496,SHA256=04B6A35BC504401989B9E674C57C9E84D0CBDBBD9D8CE0CE83D7CECA0B7175ED,IMPHASH=63E065B05DF33ACB4D95B3DD04670B8F",
        "Image":  "C:\\Windows\\System32\\conhost.exe",
        "UtcTime":  "2019-06-04 10:27:21.014",
        "ProcessGuid":  "{AC6A4E42-4789-5CF6-0000-00102AF47800}",
        "Company":  "Microsoft Corporation",
        "IntegrityLevel":  "Medium",
        "EventId":  1,
        "FileVersion":  "10.0.17134.1 (WinBuild.160101.0800)",
        "User":  "SEC504STUDENT\\Sec504",
        "RuleName":  null,
        "Product":  "Microsoft? Windows? Operating System",
        "LogonId":  "0x2c0d8",
        "ProcessId":  "5040",
        "LogonGuid":  "{AC6A4E42-0419-5CF4-0000-0020D8C00200}",
        "TerminalSessionId":  "1",
        "ParentProcessGuid":  "{AC6A4E42-4789-5CF6-0000-0010A1F37800}",
        "ParentProcessId":  "700",
        "ParentImage":  "C:\\Program Files\\Wireshark\\dumpcap.exe"
    },
    {
        "ParentCommandLine":  "\"C:\\Program Files\\Wireshark\\Wireshark.exe\" ",
        "Description":  "Dumpcap",
        "CommandLine":  "\"C:\\Program Files\\Wireshark\\dumpcap.exe\" -S -Z 5248.dummy",
        "CurrentDirectory":  "C:\\Program Files\\Wireshark\\",
        "Hashes":  "SHA1=9AE11406407699C016132633C4464EEB1B85F640,MD5=28869D1C0F3C57B3A12B1ACC758BFD3D,SHA256=F282900DF73E74D727580A88ECD6A4A2D2942FBB980D66009C6C85DDD8B31D9D,IMPHASH=BA28212C31A1C7FA632746E6F19EF3B4",
        "Image":  "C:\\Program Files\\Wireshark\\dumpcap.exe",
        "UtcTime":  "2019-06-04 10:27:22.016",
        "ProcessGuid":  "{AC6A4E42-478A-5CF6-0000-00105A057900}",
        "Company":  "The Wireshark developer community",
        "IntegrityLevel":  "Medium",
        "EventId":  1,
        "FileVersion":  "2.2.3",
        "User":  "SEC504STUDENT\\Sec504",
        "RuleName":  null,
        "Product":  "Dumpcap",
        "LogonId":  "0x2c0d8",
        "ProcessId":  "4036",
        "LogonGuid":  "{AC6A4E42-0419-5CF4-0000-0020D8C00200}",
        "TerminalSessionId":  "1",
        "ParentProcessGuid":  "{AC6A4E42-469E-5CF6-0000-001078766C00}",
        "ParentProcessId":  "5248",
        "ParentImage":  "C:\\Program Files\\Wireshark\\Wireshark.exe"
    },
    {
        "ParentCommandLine":  "\"C:\\Program Files\\Wireshark\\dumpcap.exe\" -S -Z 5248.dummy",
        "Description":  "Console Window Host",
        "CommandLine":  "\\??\\C:\\WINDOWS\\system32\\conhost.exe 0xffffffff -ForceV1",
        "CurrentDirectory":  "C:\\WINDOWS",
        "Hashes":  "SHA1=8F9BC1B7D65188D0ADBDF74CCCE4EED78BF4C129,MD5=EA777DEEA782E8B4D7C7C33BBF8A4496,SHA256=04B6A35BC504401989B9E674C57C9E84D0CBDBBD9D8CE0CE83D7CECA0B7175ED,IMPHASH=63E065B05DF33ACB4D95B3DD04670B8F",
        "Image":  "C:\\Windows\\System32\\conhost.exe",
        "UtcTime":  "2019-06-04 10:27:22.026",
        "ProcessGuid":  "{AC6A4E42-478A-5CF6-0000-0010DA057900}",
        "Company":  "Microsoft Corporation",
        "IntegrityLevel":  "Medium",
        "EventId":  1,
        "FileVersion":  "10.0.17134.1 (WinBuild.160101.0800)",
        "User":  "SEC504STUDENT\\Sec504",
        "RuleName":  null,
        "Product":  "Microsoft? Windows? Operating System",
        "LogonId":  "0x2c0d8",
        "ProcessId":  "2528",
        "LogonGuid":  "{AC6A4E42-0419-5CF4-0000-0020D8C00200}",
        "TerminalSessionId":  "1",
        "ParentProcessGuid":  "{AC6A4E42-478A-5CF6-0000-00105A057900}",
        "ParentProcessId":  "4036",
        "ParentImage":  "C:\\Program Files\\Wireshark\\dumpcap.exe"
    },
    {
        "ParentCommandLine":  "\"C:\\Program Files\\Wireshark\\Wireshark.exe\" ",
        "Description":  "Dumpcap",
        "CommandLine":  "\"C:\\Program Files\\Wireshark\\dumpcap.exe\" -S -Z 5248.dummy",
        "CurrentDirectory":  "C:\\Program Files\\Wireshark\\",
        "Hashes":  "SHA1=9AE11406407699C016132633C4464EEB1B85F640,MD5=28869D1C0F3C57B3A12B1ACC758BFD3D,SHA256=F282900DF73E74D727580A88ECD6A4A2D2942FBB980D66009C6C85DDD8B31D9D,IMPHASH=BA28212C31A1C7FA632746E6F19EF3B4",
        "Image":  "C:\\Program Files\\Wireshark\\dumpcap.exe",
        "UtcTime":  "2019-06-04 10:27:23.007",
        "ProcessGuid":  "{AC6A4E42-478B-5CF6-0000-001095177900}",
        "Company":  "The Wireshark developer community",
        "IntegrityLevel":  "Medium",
        "EventId":  1,
        "FileVersion":  "2.2.3",
        "User":  "SEC504STUDENT\\Sec504",
        "RuleName":  null,
        "Product":  "Dumpcap",
        "LogonId":  "0x2c0d8",
        "ProcessId":  "1040",
        "LogonGuid":  "{AC6A4E42-0419-5CF4-0000-0020D8C00200}",
        "TerminalSessionId":  "1",
        "ParentProcessGuid":  "{AC6A4E42-469E-5CF6-0000-001078766C00}",
        "ParentProcessId":  "5248",
        "ParentImage":  "C:\\Program Files\\Wireshark\\Wireshark.exe"
    },
    {
        "ParentCommandLine":  "\"C:\\Program Files\\Wireshark\\dumpcap.exe\" -S -Z 5248.dummy",
        "Description":  "Console Window Host",
        "CommandLine":  "\\??\\C:\\WINDOWS\\system32\\conhost.exe 0xffffffff -ForceV1",
        "CurrentDirectory":  "C:\\WINDOWS",
        "Hashes":  "SHA1=8F9BC1B7D65188D0ADBDF74CCCE4EED78BF4C129,MD5=EA777DEEA782E8B4D7C7C33BBF8A4496,SHA256=04B6A35BC504401989B9E674C57C9E84D0CBDBBD9D8CE0CE83D7CECA0B7175ED,IMPHASH=63E065B05DF33ACB4D95B3DD04670B8F",
        "Image":  "C:\\Windows\\System32\\conhost.exe",
        "UtcTime":  "2019-06-04 10:27:23.011",
        "ProcessGuid":  "{AC6A4E42-478B-5CF6-0000-00101A187900}",
        "Company":  "Microsoft Corporation",
        "IntegrityLevel":  "Medium",
        "EventId":  1,
        "FileVersion":  "10.0.17134.1 (WinBuild.160101.0800)",
        "User":  "SEC504STUDENT\\Sec504",
        "RuleName":  null,
        "Product":  "Microsoft? Windows? Operating System",
        "LogonId":  "0x2c0d8",
        "ProcessId":  "3052",
        "LogonGuid":  "{AC6A4E42-0419-5CF4-0000-0020D8C00200}",
        "TerminalSessionId":  "1",
        "ParentProcessGuid":  "{AC6A4E42-478B-5CF6-0000-001095177900}",
        "ParentProcessId":  "1040",
        "ParentImage":  "C:\\Program Files\\Wireshark\\dumpcap.exe"
    },
    {
        "ParentCommandLine":  "\"C:\\Program Files\\Wireshark\\Wireshark.exe\" ",
        "Description":  "Dumpcap",
        "CommandLine":  "\"C:\\Program Files\\Wireshark\\dumpcap.exe\" -S -Z 5248.dummy",
        "CurrentDirectory":  "C:\\Program Files\\Wireshark\\",
        "Hashes":  "SHA1=9AE11406407699C016132633C4464EEB1B85F640,MD5=28869D1C0F3C57B3A12B1ACC758BFD3D,SHA256=F282900DF73E74D727580A88ECD6A4A2D2942FBB980D66009C6C85DDD8B31D9D,IMPHASH=BA28212C31A1C7FA632746E6F19EF3B4",
        "Image":  "C:\\Program Files\\Wireshark\\dumpcap.exe",
        "UtcTime":  "2019-06-04 10:27:24.008",
        "ProcessGuid":  "{AC6A4E42-478C-5CF6-0000-00107D307900}",
        "Company":  "The Wireshark developer community",
        "IntegrityLevel":  "Medium",
        "EventId":  1,
        "FileVersion":  "2.2.3",
        "User":  "SEC504STUDENT\\Sec504",
        "RuleName":  null,
        "Product":  "Dumpcap",
        "LogonId":  "0x2c0d8",
        "ProcessId":  "1432",
        "LogonGuid":  "{AC6A4E42-0419-5CF4-0000-0020D8C00200}",
        "TerminalSessionId":  "1",
        "ParentProcessGuid":  "{AC6A4E42-469E-5CF6-0000-001078766C00}",
        "ParentProcessId":  "5248",
        "ParentImage":  "C:\\Program Files\\Wireshark\\Wireshark.exe"
    },
    {
        "ParentCommandLine":  "\"C:\\Program Files\\Wireshark\\dumpcap.exe\" -S -Z 5248.dummy",
        "Description":  "Console Window Host",
        "CommandLine":  "\\??\\C:\\WINDOWS\\system32\\conhost.exe 0xffffffff -ForceV1",
        "CurrentDirectory":  "C:\\WINDOWS",
        "Hashes":  "SHA1=8F9BC1B7D65188D0ADBDF74CCCE4EED78BF4C129,MD5=EA777DEEA782E8B4D7C7C33BBF8A4496,SHA256=04B6A35BC504401989B9E674C57C9E84D0CBDBBD9D8CE0CE83D7CECA0B7175ED,IMPHASH=63E065B05DF33ACB4D95B3DD04670B8F",
        "Image":  "C:\\Windows\\System32\\conhost.exe",
        "UtcTime":  "2019-06-04 10:27:24.011",
        "ProcessGuid":  "{AC6A4E42-478C-5CF6-0000-001007317900}",
        "Company":  "Microsoft Corporation",
        "IntegrityLevel":  "Medium",
        "EventId":  1,
        "FileVersion":  "10.0.17134.1 (WinBuild.160101.0800)",
        "User":  "SEC504STUDENT\\Sec504",
        "RuleName":  null,
        "Product":  "Microsoft? Windows? Operating System",
        "LogonId":  "0x2c0d8",
        "ProcessId":  "5028",
        "LogonGuid":  "{AC6A4E42-0419-5CF4-0000-0020D8C00200}",
        "TerminalSessionId":  "1",
        "ParentProcessGuid":  "{AC6A4E42-478C-5CF6-0000-00107D307900}",
        "ParentProcessId":  "1432",
        "ParentImage":  "C:\\Program Files\\Wireshark\\dumpcap.exe"
    },
    {
        "ParentCommandLine":  "\"C:\\Program Files\\Wireshark\\Wireshark.exe\" ",
        "Description":  "Dumpcap",
        "CommandLine":  "\"C:\\Program Files\\Wireshark\\dumpcap.exe\" -S -Z 5248.dummy",
        "CurrentDirectory":  "C:\\Program Files\\Wireshark\\",
        "Hashes":  "SHA1=9AE11406407699C016132633C4464EEB1B85F640,MD5=28869D1C0F3C57B3A12B1ACC758BFD3D,SHA256=F282900DF73E74D727580A88ECD6A4A2D2942FBB980D66009C6C85DDD8B31D9D,IMPHASH=BA28212C31A1C7FA632746E6F19EF3B4",
        "Image":  "C:\\Program Files\\Wireshark\\dumpcap.exe",
        "UtcTime":  "2019-06-04 10:27:25.008",
        "ProcessGuid":  "{AC6A4E42-478D-5CF6-0000-0010FB417900}",
        "Company":  "The Wireshark developer community",
        "IntegrityLevel":  "Medium",
        "EventId":  1,
        "FileVersion":  "2.2.3",
        "User":  "SEC504STUDENT\\Sec504",
        "RuleName":  null,
        "Product":  "Dumpcap",
        "LogonId":  "0x2c0d8",
        "ProcessId":  "4716",
        "LogonGuid":  "{AC6A4E42-0419-5CF4-0000-0020D8C00200}",
        "TerminalSessionId":  "1",
        "ParentProcessGuid":  "{AC6A4E42-469E-5CF6-0000-001078766C00}",
        "ParentProcessId":  "5248",
        "ParentImage":  "C:\\Program Files\\Wireshark\\Wireshark.exe"
    },
    {
        "ParentCommandLine":  "\"C:\\Program Files\\Wireshark\\dumpcap.exe\" -S -Z 5248.dummy",
        "Description":  "Console Window Host",
        "CommandLine":  "\\??\\C:\\WINDOWS\\system32\\conhost.exe 0xffffffff -ForceV1",
        "CurrentDirectory":  "C:\\WINDOWS",
        "Hashes":  "SHA1=8F9BC1B7D65188D0ADBDF74CCCE4EED78BF4C129,MD5=EA777DEEA782E8B4D7C7C33BBF8A4496,SHA256=04B6A35BC504401989B9E674C57C9E84D0CBDBBD9D8CE0CE83D7CECA0B7175ED,IMPHASH=63E065B05DF33ACB4D95B3DD04670B8F",
        "Image":  "C:\\Windows\\System32\\conhost.exe",
        "UtcTime":  "2019-06-04 10:27:25.011",
        "ProcessGuid":  "{AC6A4E42-478D-5CF6-0000-001083427900}",
        "Company":  "Microsoft Corporation",
        "IntegrityLevel":  "Medium",
        "EventId":  1,
        "FileVersion":  "10.0.17134.1 (WinBuild.160101.0800)",
        "User":  "SEC504STUDENT\\Sec504",
        "RuleName":  null,
        "Product":  "Microsoft? Windows? Operating System",
        "LogonId":  "0x2c0d8",
        "ProcessId":  "2512",
        "LogonGuid":  "{AC6A4E42-0419-5CF4-0000-0020D8C00200}",
        "TerminalSessionId":  "1",
        "ParentProcessGuid":  "{AC6A4E42-478D-5CF6-0000-0010FB417900}",
        "ParentProcessId":  "4716",
        "ParentImage":  "C:\\Program Files\\Wireshark\\dumpcap.exe"
    },
    {
        "ParentCommandLine":  "\"C:\\Program Files\\Wireshark\\Wireshark.exe\" ",
        "Description":  "Dumpcap",
        "CommandLine":  "\"C:\\Program Files\\Wireshark\\dumpcap.exe\" -S -Z 5248.dummy",
        "CurrentDirectory":  "C:\\Program Files\\Wireshark\\",
        "Hashes":  "SHA1=9AE11406407699C016132633C4464EEB1B85F640,MD5=28869D1C0F3C57B3A12B1ACC758BFD3D,SHA256=F282900DF73E74D727580A88ECD6A4A2D2942FBB980D66009C6C85DDD8B31D9D,IMPHASH=BA28212C31A1C7FA632746E6F19EF3B4",
        "Image":  "C:\\Program Files\\Wireshark\\dumpcap.exe",
        "UtcTime":  "2019-06-04 10:27:26.023",
        "ProcessGuid":  "{AC6A4E42-478E-5CF6-0000-0010E9557900}",
        "Company":  "The Wireshark developer community",
        "IntegrityLevel":  "Medium",
        "EventId":  1,
        "FileVersion":  "2.2.3",
        "User":  "SEC504STUDENT\\Sec504",
        "RuleName":  null,
        "Product":  "Dumpcap",
        "LogonId":  "0x2c0d8",
        "ProcessId":  "5848",
        "LogonGuid":  "{AC6A4E42-0419-5CF4-0000-0020D8C00200}",
        "TerminalSessionId":  "1",
        "ParentProcessGuid":  "{AC6A4E42-469E-5CF6-0000-001078766C00}",
        "ParentProcessId":  "5248",
        "ParentImage":  "C:\\Program Files\\Wireshark\\Wireshark.exe"
    },
    {
        "ParentCommandLine":  "\"C:\\Program Files\\Wireshark\\dumpcap.exe\" -S -Z 5248.dummy",
        "Description":  "Console Window Host",
        "CommandLine":  "\\??\\C:\\WINDOWS\\system32\\conhost.exe 0xffffffff -ForceV1",
        "CurrentDirectory":  "C:\\WINDOWS",
        "Hashes":  "SHA1=8F9BC1B7D65188D0ADBDF74CCCE4EED78BF4C129,MD5=EA777DEEA782E8B4D7C7C33BBF8A4496,SHA256=04B6A35BC504401989B9E674C57C9E84D0CBDBBD9D8CE0CE83D7CECA0B7175ED,IMPHASH=63E065B05DF33ACB4D95B3DD04670B8F",
        "Image":  "C:\\Windows\\System32\\conhost.exe",
        "UtcTime":  "2019-06-04 10:27:26.026",
        "ProcessGuid":  "{AC6A4E42-478E-5CF6-0000-001080567900}",
        "Company":  "Microsoft Corporation",
        "IntegrityLevel":  "Medium",
        "EventId":  1,
        "FileVersion":  "10.0.17134.1 (WinBuild.160101.0800)",
        "User":  "SEC504STUDENT\\Sec504",
        "RuleName":  null,
        "Product":  "Microsoft? Windows? Operating System",
        "LogonId":  "0x2c0d8",
        "ProcessId":  "5540",
        "LogonGuid":  "{AC6A4E42-0419-5CF4-0000-0020D8C00200}",
        "TerminalSessionId":  "1",
        "ParentProcessGuid":  "{AC6A4E42-478E-5CF6-0000-0010E9557900}",
        "ParentProcessId":  "5848",
        "ParentImage":  "C:\\Program Files\\Wireshark\\dumpcap.exe"
    },
    {
        "ParentCommandLine":  "C:\\WINDOWS\\Explorer.EXE",
        "Description":  "inSSIDer2",
        "CommandLine":  "\"C:\\Program Files\\MetaGeek\\inSSIDer 2.0\\inSSIDer.exe\" ",
        "CurrentDirectory":  "C:\\Program Files\\MetaGeek\\inSSIDer 2.0\\",
        "Hashes":  "SHA1=618F3BCB816CC97A1C8DBAE507BC6E8568DB3C20,MD5=B778243F0FA9BD01C5F92CF88C6B3B70,SHA256=AA3261130C254B1CE1DE76AAAD6FD3F4854602C521D3E5FC2D4555DDF21B6FD8,IMPHASH=F34D5F2D4577ED6D9CEEC516C1F5A744",
        "Image":  "C:\\Program Files\\MetaGeek\\inSSIDer 2.0\\inSSIDer.exe",
        "UtcTime":  "2019-06-04 10:27:28.347",
        "ProcessGuid":  "{AC6A4E42-4790-5CF6-0000-00101D817900}",
        "Company":  "MetaGeek, LLC",
        "IntegrityLevel":  "Medium",
        "EventId":  1,
        "FileVersion":  "2.0.2.1005",
        "User":  "SEC504STUDENT\\Sec504",
        "RuleName":  null,
        "Product":  "inSSIDer2",
        "LogonId":  "0x2c0d8",
        "ProcessId":  "936",
        "LogonGuid":  "{AC6A4E42-0419-5CF4-0000-0020D8C00200}",
        "TerminalSessionId":  "1",
        "ParentProcessGuid":  "{AC6A4E42-041B-5CF4-0000-0010B3310300}",
        "ParentProcessId":  "3504",
        "ParentImage":  "C:\\Windows\\explorer.exe"
    },
    {
        "ParentCommandLine":  "C:\\WINDOWS\\system32\\svchost.exe -k DcomLaunch -p",
        "Description":  "Background Task Host",
        "CommandLine":  "\"C:\\WINDOWS\\system32\\backgroundTaskHost.exe\" -ServerName:App.AppXemn3t55segp7q92mwd35v2a5rk5mvwyz.mca",
        "CurrentDirectory":  "C:\\Program Files\\WindowsApps\\Microsoft.OneConnect_5.1902.361.0_x64__8wekyb3d8bbwe\\",
        "Hashes":  "SHA1=EA114FDE884B16817A7D348660EA6FA1C217D315,MD5=B7FC4A29431D4F795BBAB1FB182B759A,SHA256=48B9EB1E31B0C2418742CE07675D58C974DD9F03007988C90C1E38F217F5C65B,IMPHASH=D2ACF1CBC4A6DB14A34C687B9362D66B",
        "Image":  "C:\\Windows\\System32\\backgroundTaskHost.exe",
        "UtcTime":  "2019-06-04 10:27:46.799",
        "ProcessGuid":  "{AC6A4E42-47A2-5CF6-0000-0010E76B7A00}",
        "Company":  "Microsoft Corporation",
        "IntegrityLevel":  "AppContainer",
        "EventId":  1,
        "FileVersion":  "10.0.17134.1 (WinBuild.160101.0800)",
        "User":  "SEC504STUDENT\\Sec504",
        "RuleName":  null,
        "Product":  "Microsoft? Windows? Operating System",
        "LogonId":  "0x2c0d8",
        "ProcessId":  "3392",
        "LogonGuid":  "{AC6A4E42-0419-5CF4-0000-0020D8C00200}",
        "TerminalSessionId":  "1",
        "ParentProcessGuid":  "{AC6A4E42-0411-5CF4-0000-00108EA50000}",
        "ParentProcessId":  "716",
        "ParentImage":  "C:\\Windows\\System32\\svchost.exe"
    },
    {
        "ParentCommandLine":  "C:\\WINDOWS\\system32\\svchost.exe -k DcomLaunch -p",
        "Description":  "Application Frame Host",
        "CommandLine":  "C:\\WINDOWS\\system32\\ApplicationFrameHost.exe -Embedding",
        "CurrentDirectory":  "C:\\WINDOWS\\system32\\",
        "Hashes":  "SHA1=6E5A4FDB4447E215CF5EB0127A5780FD5742D29C,MD5=76536655C6CC49E27F7E8D195F55CCA7,SHA256=360D3E508DBC2311E3090F9B19F2F0AC0A958F7D69D0424C291453B798D29260,IMPHASH=2ED1A57CD93597FFEC99C38F5EB551E7",
        "Image":  "C:\\Windows\\System32\\ApplicationFrameHost.exe",
        "UtcTime":  "2019-06-04 10:27:47.233",
        "ProcessGuid":  "{AC6A4E42-47A3-5CF6-0000-0010077A7A00}",
        "Company":  "Microsoft Corporation",
        "IntegrityLevel":  "Medium",
        "EventId":  1,
        "FileVersion":  "10.0.17134.1 (WinBuild.160101.0800)",
        "User":  "SEC504STUDENT\\Sec504",
        "RuleName":  null,
        "Product":  "Microsoft? Windows? Operating System",
        "LogonId":  "0x2c0d8",
        "ProcessId":  "4392",
        "LogonGuid":  "{AC6A4E42-0419-5CF4-0000-0020D8C00200}",
        "TerminalSessionId":  "1",
        "ParentProcessGuid":  "{AC6A4E42-0411-5CF4-0000-00108EA50000}",
        "ParentProcessId":  "716",
        "ParentImage":  "C:\\Windows\\System32\\svchost.exe"
    },
    {
        "ParentCommandLine":  "C:\\WINDOWS\\system32\\svchost.exe -k DcomLaunch -p",
        "Description":  "?",
        "CommandLine":  "\"C:\\Program Files\\WindowsApps\\Microsoft.WindowsCalculator_10.1903.21.0_x64__8wekyb3d8bbwe\\Calculator.exe\" -ServerName:App.AppXsm3pg4n7er43kdh1qp4e79f1j7am68r8.mca",
        "CurrentDirectory":  "C:\\Program Files\\WindowsApps\\Microsoft.WindowsCalculator_10.1903.21.0_x64__8wekyb3d8bbwe\\",
        "Hashes":  "SHA1=803BC39549458632B5E2533182C1F53CC08A5510,MD5=E3B70631A5907852CA45A1E1FC5D410B,SHA256=345477EB342F64161C2B7D4A1C00F42AEC2C4ABFD9F3F6E4F4A481FB1555C499,IMPHASH=4F6212A8914E697F6B2BAE3963EE4965",
        "Image":  "C:\\Program Files\\WindowsApps\\Microsoft.WindowsCalculator_10.1903.21.0_x64__8wekyb3d8bbwe\\Calculator.exe",
        "UtcTime":  "2019-06-04 10:27:47.270",
        "ProcessGuid":  "{AC6A4E42-47A3-5CF6-0000-00109E7C7A00}",
        "Company":  "?",
        "IntegrityLevel":  "AppContainer",
        "EventId":  1,
        "FileVersion":  "?",
        "User":  "SEC504STUDENT\\Sec504",
        "RuleName":  null,
        "Product":  "?",
        "LogonId":  "0x2c0d8",
        "ProcessId":  "5704",
        "LogonGuid":  "{AC6A4E42-0419-5CF4-0000-0020D8C00200}",
        "TerminalSessionId":  "1",
        "ParentProcessGuid":  "{AC6A4E42-0411-5CF4-0000-00108EA50000}",
        "ParentProcessId":  "716",
        "ParentImage":  "C:\\Windows\\System32\\svchost.exe"
    },
    {
        "ParentCommandLine":  "C:\\WINDOWS\\system32\\svchost.exe -k DcomLaunch -p",
        "Description":  "COM Surrogate",
        "CommandLine":  "C:\\WINDOWS\\system32\\DllHost.exe /Processid:{AB8902B4-09CA-4BB6-B78D-A8F59079A8D5}",
        "CurrentDirectory":  "C:\\WINDOWS\\system32\\",
        "Hashes":  "SHA1=257815EF5AC9E0408D327C5D1627D4C3795FF341,MD5=2528137C6745C4EADD87817A1909677E,SHA256=204FD3DA29E9197A7E82AB628E017A74082934E87092AFE18D253446608E0971,IMPHASH=68E651F131674892AE7E46556EB24726",
        "Image":  "C:\\Windows\\System32\\dllhost.exe",
        "UtcTime":  "2019-06-04 10:27:51.850",
        "ProcessGuid":  "{AC6A4E42-47A7-5CF6-0000-0010B5B17A00}",
        "Company":  "Microsoft Corporation",
        "IntegrityLevel":  "Medium",
        "EventId":  1,
        "FileVersion":  "10.0.17134.1 (WinBuild.160101.0800)",
        "User":  "SEC504STUDENT\\Sec504",
        "RuleName":  null,
        "Product":  "Microsoft? Windows? Operating System",
        "LogonId":  "0x2c0d8",
        "ProcessId":  "852",
        "LogonGuid":  "{AC6A4E42-0419-5CF4-0000-0020D8C00200}",
        "TerminalSessionId":  "1",
        "ParentProcessGuid":  "{AC6A4E42-0411-5CF4-0000-00108EA50000}",
        "ParentProcessId":  "716",
        "ParentImage":  "C:\\Windows\\System32\\svchost.exe"
    },
    {
        "ParentCommandLine":  "C:\\WINDOWS\\system32\\svchost.exe -k DcomLaunch -p",
        "Description":  "Runtime Broker",
        "CommandLine":  "C:\\Windows\\System32\\RuntimeBroker.exe -Embedding",
        "CurrentDirectory":  "C:\\WINDOWS\\system32\\",
        "Hashes":  "SHA1=12124C44EC062C96EFF72E4F87C5E6782E73ADCC,MD5=C7E36B4A5D9E6AC600DD7A0E0D52DAC5,SHA256=5C5AC5C17B10C47EFFEFF95687B6298773F74DCDB5BFA01CA185311343FDADCC,IMPHASH=7CB280A8578C9296B3E29AD28A96EF15",
        "Image":  "C:\\Windows\\System32\\RuntimeBroker.exe",
        "UtcTime":  "2019-06-04 10:27:55.236",
        "ProcessGuid":  "{AC6A4E42-47AB-5CF6-0000-0010D2F27A00}",
        "Company":  "Microsoft Corporation",
        "IntegrityLevel":  "Medium",
        "EventId":  1,
        "FileVersion":  "10.0.17134.1 (WinBuild.160101.0800)",
        "User":  "SEC504STUDENT\\Sec504",
        "RuleName":  null,
        "Product":  "Microsoft? Windows? Operating System",
        "LogonId":  "0x2c0d8",
        "ProcessId":  "2380",
        "LogonGuid":  "{AC6A4E42-0419-5CF4-0000-0020D8C00200}",
        "TerminalSessionId":  "1",
        "ParentProcessGuid":  "{AC6A4E42-0411-5CF4-0000-00108EA50000}",
        "ParentProcessId":  "716",
        "ParentImage":  "C:\\Windows\\System32\\svchost.exe"
    },
    {
        "ParentCommandLine":  "C:\\WINDOWS\\system32\\svchost.exe -k DcomLaunch -p",
        "Description":  "Runtime Broker",
        "CommandLine":  "C:\\Windows\\System32\\RuntimeBroker.exe -Embedding",
        "CurrentDirectory":  "C:\\WINDOWS\\system32\\",
        "Hashes":  "SHA1=12124C44EC062C96EFF72E4F87C5E6782E73ADCC,MD5=C7E36B4A5D9E6AC600DD7A0E0D52DAC5,SHA256=5C5AC5C17B10C47EFFEFF95687B6298773F74DCDB5BFA01CA185311343FDADCC,IMPHASH=7CB280A8578C9296B3E29AD28A96EF15",
        "Image":  "C:\\Windows\\System32\\RuntimeBroker.exe",
        "UtcTime":  "2019-06-04 10:27:56.612",
        "ProcessGuid":  "{AC6A4E42-47AC-5CF6-0000-0010C62A7B00}",
        "Company":  "Microsoft Corporation",
        "IntegrityLevel":  "Medium",
        "EventId":  1,
        "FileVersion":  "10.0.17134.1 (WinBuild.160101.0800)",
        "User":  "SEC504STUDENT\\Sec504",
        "RuleName":  null,
        "Product":  "Microsoft? Windows? Operating System",
        "LogonId":  "0x2c0d8",
        "ProcessId":  "4980",
        "LogonGuid":  "{AC6A4E42-0419-5CF4-0000-0020D8C00200}",
        "TerminalSessionId":  "1",
        "ParentProcessGuid":  "{AC6A4E42-0411-5CF4-0000-00108EA50000}",
        "ParentProcessId":  "716",
        "ParentImage":  "C:\\Windows\\System32\\svchost.exe"
    },
    {
        "ParentCommandLine":  "C:\\WINDOWS\\system32\\svchost.exe -k DcomLaunch -p",
        "Description":  "Background Task Host",
        "CommandLine":  "\"C:\\WINDOWS\\system32\\backgroundTaskHost.exe\" -ServerName:CortanaUI.AppXy7vb4pc2dr3kc93kfc509b1d0arkfb2x.mca",
        "CurrentDirectory":  "C:\\Windows\\SystemApps\\Microsoft.Windows.Cortana_cw5n1h2txyewy\\",
        "Hashes":  "SHA1=EA114FDE884B16817A7D348660EA6FA1C217D315,MD5=B7FC4A29431D4F795BBAB1FB182B759A,SHA256=48B9EB1E31B0C2418742CE07675D58C974DD9F03007988C90C1E38F217F5C65B,IMPHASH=D2ACF1CBC4A6DB14A34C687B9362D66B",
        "Image":  "C:\\Windows\\System32\\backgroundTaskHost.exe",
        "UtcTime":  "2019-06-04 10:28:08.887",
        "ProcessGuid":  "{AC6A4E42-47B8-5CF6-0000-00106CF67B00}",
        "Company":  "Microsoft Corporation",
        "IntegrityLevel":  "AppContainer",
        "EventId":  1,
        "FileVersion":  "10.0.17134.1 (WinBuild.160101.0800)",
        "User":  "SEC504STUDENT\\Sec504",
        "RuleName":  null,
        "Product":  "Microsoft? Windows? Operating System",
        "LogonId":  "0x2c0d8",
        "ProcessId":  "2468",
        "LogonGuid":  "{AC6A4E42-0419-5CF4-0000-0020D8C00200}",
        "TerminalSessionId":  "1",
        "ParentProcessGuid":  "{AC6A4E42-0411-5CF4-0000-00108EA50000}",
        "ParentProcessId":  "716",
        "ParentImage":  "C:\\Windows\\System32\\svchost.exe"
    },
    {
        "ParentCommandLine":  "C:\\WINDOWS\\system32\\svchost.exe -k DcomLaunch -p",
        "Description":  "Microsoft WWA Host",
        "CommandLine":  "\"C:\\WINDOWS\\system32\\wwahost.exe\" -ServerName:Microsoft.MicrosoftOfficeHub.wwa",
        "CurrentDirectory":  "C:\\Program Files\\WindowsApps\\Microsoft.MicrosoftOfficeHub_18.1903.1152.0_x64__8wekyb3d8bbwe\\",
        "Hashes":  "SHA1=9BA782179D3756D4360199079DCB9B239882A6E2,MD5=BDA801281B680E72EAD1B173E3C5C1F4,SHA256=96933AAE30240B53A788251A3E8C8576302B0F18541F0C9752DE3D17FCE4093B,IMPHASH=28AA7AB733BF04E6E45B39BEB3838538",
        "Image":  "C:\\Windows\\System32\\WWAHost.exe",
        "UtcTime":  "2019-06-04 10:28:22.118",
        "ProcessGuid":  "{AC6A4E42-47C6-5CF6-0000-001083C27C00}",
        "Company":  "Microsoft Corporation",
        "IntegrityLevel":  "AppContainer",
        "EventId":  1,
        "FileVersion":  "10.0.17134.1 (WinBuild.160101.0800)",
        "User":  "SEC504STUDENT\\Sec504",
        "RuleName":  null,
        "Product":  "Microsoft? Windows? Operating System",
        "LogonId":  "0x2c0d8",
        "ProcessId":  "4772",
        "LogonGuid":  "{AC6A4E42-0419-5CF4-0000-0020D8C00200}",
        "TerminalSessionId":  "1",
        "ParentProcessGuid":  "{AC6A4E42-0411-5CF4-0000-00108EA50000}",
        "ParentProcessId":  "716",
        "ParentImage":  "C:\\Windows\\System32\\svchost.exe"
    },
    {
        "ParentCommandLine":  "C:\\WINDOWS\\system32\\svchost.exe -k DcomLaunch -p",
        "Description":  "COM Surrogate",
        "CommandLine":  "C:\\WINDOWS\\system32\\DllHost.exe /Processid:{AB8902B4-09CA-4BB6-B78D-A8F59079A8D5}",
        "CurrentDirectory":  "C:\\WINDOWS\\system32\\",
        "Hashes":  "SHA1=257815EF5AC9E0408D327C5D1627D4C3795FF341,MD5=2528137C6745C4EADD87817A1909677E,SHA256=204FD3DA29E9197A7E82AB628E017A74082934E87092AFE18D253446608E0971,IMPHASH=68E651F131674892AE7E46556EB24726",
        "Image":  "C:\\Windows\\System32\\dllhost.exe",
        "UtcTime":  "2019-06-04 10:28:22.409",
        "ProcessGuid":  "{AC6A4E42-47C6-5CF6-0000-0010E1D37C00}",
        "Company":  "Microsoft Corporation",
        "IntegrityLevel":  "Medium",
        "EventId":  1,
        "FileVersion":  "10.0.17134.1 (WinBuild.160101.0800)",
        "User":  "SEC504STUDENT\\Sec504",
        "RuleName":  null,
        "Product":  "Microsoft? Windows? Operating System",
        "LogonId":  "0x2c0d8",
        "ProcessId":  "4604",
        "LogonGuid":  "{AC6A4E42-0419-5CF4-0000-0020D8C00200}",
        "TerminalSessionId":  "1",
        "ParentProcessGuid":  "{AC6A4E42-0411-5CF4-0000-00108EA50000}",
        "ParentProcessId":  "716",
        "ParentImage":  "C:\\Windows\\System32\\svchost.exe"
    },
    {
        "ParentCommandLine":  "C:\\WINDOWS\\system32\\svchost.exe -k DcomLaunch -p",
        "Description":  "Runtime Broker",
        "CommandLine":  "C:\\Windows\\System32\\RuntimeBroker.exe -Embedding",
        "CurrentDirectory":  "C:\\WINDOWS\\system32\\",
        "Hashes":  "SHA1=12124C44EC062C96EFF72E4F87C5E6782E73ADCC,MD5=C7E36B4A5D9E6AC600DD7A0E0D52DAC5,SHA256=5C5AC5C17B10C47EFFEFF95687B6298773F74DCDB5BFA01CA185311343FDADCC,IMPHASH=7CB280A8578C9296B3E29AD28A96EF15",
        "Image":  "C:\\Windows\\System32\\RuntimeBroker.exe",
        "UtcTime":  "2019-06-04 10:28:22.884",
        "ProcessGuid":  "{AC6A4E42-47C6-5CF6-0000-0010EDE87C00}",
        "Company":  "Microsoft Corporation",
        "IntegrityLevel":  "Medium",
        "EventId":  1,
        "FileVersion":  "10.0.17134.1 (WinBuild.160101.0800)",
        "User":  "SEC504STUDENT\\Sec504",
        "RuleName":  null,
        "Product":  "Microsoft? Windows? Operating System",
        "LogonId":  "0x2c0d8",
        "ProcessId":  "256",
        "LogonGuid":  "{AC6A4E42-0419-5CF4-0000-0020D8C00200}",
        "TerminalSessionId":  "1",
        "ParentProcessGuid":  "{AC6A4E42-0411-5CF4-0000-00108EA50000}",
        "ParentProcessId":  "716",
        "ParentImage":  "C:\\Windows\\System32\\svchost.exe"
    },
    {
        "ParentCommandLine":  "C:\\WINDOWS\\system32\\svchost.exe -k DcomLaunch -p",
        "Description":  "Background Task Host",
        "CommandLine":  "\"C:\\WINDOWS\\system32\\backgroundTaskHost.exe\" -ServerName:Microsoft.MicrosoftOfficeHub.AppXw8g9avr3kjktpasvy3yntgdfexhxs23z.mca",
        "CurrentDirectory":  "C:\\Program Files\\WindowsApps\\Microsoft.MicrosoftOfficeHub_18.1903.1152.0_x64__8wekyb3d8bbwe\\",
        "Hashes":  "SHA1=EA114FDE884B16817A7D348660EA6FA1C217D315,MD5=B7FC4A29431D4F795BBAB1FB182B759A,SHA256=48B9EB1E31B0C2418742CE07675D58C974DD9F03007988C90C1E38F217F5C65B,IMPHASH=D2ACF1CBC4A6DB14A34C687B9362D66B",
        "Image":  "C:\\Windows\\System32\\backgroundTaskHost.exe",
        "UtcTime":  "2019-06-04 10:28:23.613",
        "ProcessGuid":  "{AC6A4E42-47C7-5CF6-0000-0010C10D7D00}",
        "Company":  "Microsoft Corporation",
        "IntegrityLevel":  "AppContainer",
        "EventId":  1,
        "FileVersion":  "10.0.17134.1 (WinBuild.160101.0800)",
        "User":  "SEC504STUDENT\\Sec504",
        "RuleName":  null,
        "Product":  "Microsoft? Windows? Operating System",
        "LogonId":  "0x2c0d8",
        "ProcessId":  "1152",
        "LogonGuid":  "{AC6A4E42-0419-5CF4-0000-0020D8C00200}",
        "TerminalSessionId":  "1",
        "ParentProcessGuid":  "{AC6A4E42-0411-5CF4-0000-00108EA50000}",
        "ParentProcessId":  "716",
        "ParentImage":  "C:\\Windows\\System32\\svchost.exe"
    },
