    {
        "ParentCommandLine":  "\"C:\\Windows\\Microsoft.NET\\Framework64\\v4.0.30319\\NGenTask.exe\" /RuntimeWide /StopEvent:1076",
        "Description":  "Microsoft Common Language Runtime native compiler",
        "CommandLine":  "\"C:\\Windows\\Microsoft.NET\\Framework64\\v4.0.30319\\ngen.exe\" uninstall \"C:\\WINDOWS\\assembly\\NativeImages_v4.0.30319_64\\Microsoft.D0ff51f83#\\5527b1c399373014654d64148cbc4531\\Microsoft.Dtc.PowerShell.ni.dll\" /noroot /LegacyServiceBehavior",
        "CurrentDirectory":  "C:\\WINDOWS\\system32\\",
        "Hashes":  "SHA1=AFAEE76E6FEA9614CC1C88A4488AA719920ED1F9,MD5=FBA5E8D94C9EADC279BC06B9CF041A9A,SHA256=404546D457AF97DB97D728E848E1544E351C07A9946710C0DF3DB1899E0908A8,IMPHASH=6C889A541B155E63FAE2CE0264E80BD6",
        "Image":  "C:\\Windows\\Microsoft.NET\\Framework64\\v4.0.30319\\ngen.exe",
        "UtcTime":  "2019-06-03 10:34:13.404",
        "ProcessGuid":  "{AC6A4E42-F7A5-5CF4-0000-001042F82F00}",
        "Company":  "Microsoft Corporation",
        "IntegrityLevel":  "System",
        "EventId":  1,
        "FileVersion":  "4.7.3056.0 built by: NET472REL1",
        "User":  "NT AUTHORITY\\SYSTEM",
        "RuleName":  null,
        "Product":  "Microsoft? .NET Framework",
        "LogonId":  "0x3e7",
        "ProcessId":  "5132",
        "LogonGuid":  "{AC6A4E42-0410-5CF4-0000-0020E7030000}",
        "TerminalSessionId":  "0",
        "ParentProcessGuid":  "{AC6A4E42-F79D-5CF4-0000-0010ACB12D00}",
        "ParentProcessId":  "5700",
        "ParentImage":  "C:\\Windows\\Microsoft.NET\\Framework64\\v4.0.30319\\ngentask.exe"
    },
    {
        "ParentCommandLine":  "\"C:\\Windows\\Microsoft.NET\\Framework\\v4.0.30319\\NGenTask.exe\" /RuntimeWide /StopEvent:1280",
        "Description":  "Microsoft Common Language Runtime native compiler",
        "CommandLine":  "\"C:\\Windows\\Microsoft.NET\\Framework\\v4.0.30319\\ngen.exe\" uninstall \"C:\\WINDOWS\\assembly\\NativeImages_v4.0.30319_32\\EventViewer\\169734a9cdbfa20b82ae1356accef0ba\\EventViewer.ni.dll\" /noroot /LegacyServiceBehavior",
        "CurrentDirectory":  "C:\\WINDOWS\\system32\\",
        "Hashes":  "SHA1=FFD7991F422F82331827FB3C244B4AA93C67F28F,MD5=F3BB8D838D986786B6E4D6934673DAF1,SHA256=5568EE9750FF50F79EB2C647AE6847E33CE8FDBCB43281766C162D06CD9940A2,IMPHASH=324D9AAE78DFEF9C5B1789F66416E2FB",
        "Image":  "C:\\Windows\\Microsoft.NET\\Framework\\v4.0.30319\\ngen.exe",
        "UtcTime":  "2019-06-03 10:34:13.468",
        "ProcessGuid":  "{AC6A4E42-F7A5-5CF4-0000-001023033000}",
        "Company":  "Microsoft Corporation",
        "IntegrityLevel":  "System",
        "EventId":  1,
        "FileVersion":  "4.7.3056.0 built by: NET472REL1",
        "User":  "NT AUTHORITY\\SYSTEM",
        "RuleName":  null,
        "Product":  "Microsoft? .NET Framework",
        "LogonId":  "0x3e7",
        "ProcessId":  "3404",
        "LogonGuid":  "{AC6A4E42-0410-5CF4-0000-0020E7030000}",
        "TerminalSessionId":  "0",
        "ParentProcessGuid":  "{AC6A4E42-F79E-5CF4-0000-001096412E00}",
        "ParentProcessId":  "4784",
        "ParentImage":  "C:\\Windows\\Microsoft.NET\\Framework\\v4.0.30319\\ngentask.exe"
    },
    {
        "ParentCommandLine":  "\"C:\\Windows\\Microsoft.NET\\Framework64\\v4.0.30319\\NGenTask.exe\" /RuntimeWide /StopEvent:1076",
        "Description":  "Microsoft Common Language Runtime native compiler",
        "CommandLine":  "\"C:\\Windows\\Microsoft.NET\\Framework64\\v4.0.30319\\ngen.exe\" uninstall \"C:\\WINDOWS\\assembly\\NativeImages_v4.0.30319_64\\Microsoft.G46fcc235#\\84f9857ea0728369689842121b941ba8\\Microsoft.GroupPolicy.Interop.ni.dll\" /noroot /LegacyServiceBehavior",
        "CurrentDirectory":  "C:\\WINDOWS\\system32\\",
        "Hashes":  "SHA1=AFAEE76E6FEA9614CC1C88A4488AA719920ED1F9,MD5=FBA5E8D94C9EADC279BC06B9CF041A9A,SHA256=404546D457AF97DB97D728E848E1544E351C07A9946710C0DF3DB1899E0908A8,IMPHASH=6C889A541B155E63FAE2CE0264E80BD6",
        "Image":  "C:\\Windows\\Microsoft.NET\\Framework64\\v4.0.30319\\ngen.exe",
        "UtcTime":  "2019-06-03 10:34:13.471",
        "ProcessGuid":  "{AC6A4E42-F7A5-5CF4-0000-001064033000}",
        "Company":  "Microsoft Corporation",
        "IntegrityLevel":  "System",
        "EventId":  1,
        "FileVersion":  "4.7.3056.0 built by: NET472REL1",
        "User":  "NT AUTHORITY\\SYSTEM",
        "RuleName":  null,
        "Product":  "Microsoft? .NET Framework",
        "LogonId":  "0x3e7",
        "ProcessId":  "5272",
        "LogonGuid":  "{AC6A4E42-0410-5CF4-0000-0020E7030000}",
        "TerminalSessionId":  "0",
        "ParentProcessGuid":  "{AC6A4E42-F79D-5CF4-0000-0010ACB12D00}",
        "ParentProcessId":  "5700",
        "ParentImage":  "C:\\Windows\\Microsoft.NET\\Framework64\\v4.0.30319\\ngentask.exe"
    },
    {
        "ParentCommandLine":  "\"C:\\Windows\\Microsoft.NET\\Framework64\\v4.0.30319\\NGenTask.exe\" /RuntimeWide /StopEvent:1076",
        "Description":  "Microsoft Common Language Runtime native compiler",
        "CommandLine":  "\"C:\\Windows\\Microsoft.NET\\Framework64\\v4.0.30319\\ngen.exe\" uninstall \"C:\\WINDOWS\\assembly\\NativeImages_v4.0.30319_64\\Microsoft.G91a07420#\\590ee303f700d43378e062528be47ab9\\Microsoft.GroupPolicy.Reporting.ni.dll\" /noroot /LegacyServiceBehavior",
        "CurrentDirectory":  "C:\\WINDOWS\\system32\\",
        "Hashes":  "SHA1=AFAEE76E6FEA9614CC1C88A4488AA719920ED1F9,MD5=FBA5E8D94C9EADC279BC06B9CF041A9A,SHA256=404546D457AF97DB97D728E848E1544E351C07A9946710C0DF3DB1899E0908A8,IMPHASH=6C889A541B155E63FAE2CE0264E80BD6",
        "Image":  "C:\\Windows\\Microsoft.NET\\Framework64\\v4.0.30319\\ngen.exe",
        "UtcTime":  "2019-06-03 10:34:13.529",
        "ProcessGuid":  "{AC6A4E42-F7A5-5CF4-0000-00105B0D3000}",
        "Company":  "Microsoft Corporation",
        "IntegrityLevel":  "System",
        "EventId":  1,
        "FileVersion":  "4.7.3056.0 built by: NET472REL1",
        "User":  "NT AUTHORITY\\SYSTEM",
        "RuleName":  null,
        "Product":  "Microsoft? .NET Framework",
        "LogonId":  "0x3e7",
        "ProcessId":  "1968",
        "LogonGuid":  "{AC6A4E42-0410-5CF4-0000-0020E7030000}",
        "TerminalSessionId":  "0",
        "ParentProcessGuid":  "{AC6A4E42-F79D-5CF4-0000-0010ACB12D00}",
        "ParentProcessId":  "5700",
        "ParentImage":  "C:\\Windows\\Microsoft.NET\\Framework64\\v4.0.30319\\ngentask.exe"
    },
    {
        "ParentCommandLine":  "\"C:\\Windows\\Microsoft.NET\\Framework\\v4.0.30319\\NGenTask.exe\" /RuntimeWide /StopEvent:1280",
        "Description":  "Microsoft Common Language Runtime native compiler",
        "CommandLine":  "\"C:\\Windows\\Microsoft.NET\\Framework\\v4.0.30319\\ngen.exe\" uninstall \"C:\\WINDOWS\\assembly\\NativeImages_v4.0.30319_32\\Microsoft.A26c32abb#\\6d58dd2c7d8f562a28adf5414a552d8c\\Microsoft.ApplicationId.RuleWizard.ni.dll\" /noroot /LegacyServiceBehavior",
        "CurrentDirectory":  "C:\\WINDOWS\\system32\\",
        "Hashes":  "SHA1=FFD7991F422F82331827FB3C244B4AA93C67F28F,MD5=F3BB8D838D986786B6E4D6934673DAF1,SHA256=5568EE9750FF50F79EB2C647AE6847E33CE8FDBCB43281766C162D06CD9940A2,IMPHASH=324D9AAE78DFEF9C5B1789F66416E2FB",
        "Image":  "C:\\Windows\\Microsoft.NET\\Framework\\v4.0.30319\\ngen.exe",
        "UtcTime":  "2019-06-03 10:34:13.571",
        "ProcessGuid":  "{AC6A4E42-F7A5-5CF4-0000-001007133000}",
        "Company":  "Microsoft Corporation",
        "IntegrityLevel":  "System",
        "EventId":  1,
        "FileVersion":  "4.7.3056.0 built by: NET472REL1",
        "User":  "NT AUTHORITY\\SYSTEM",
        "RuleName":  null,
        "Product":  "Microsoft? .NET Framework",
        "LogonId":  "0x3e7",
        "ProcessId":  "1924",
        "LogonGuid":  "{AC6A4E42-0410-5CF4-0000-0020E7030000}",
        "TerminalSessionId":  "0",
        "ParentProcessGuid":  "{AC6A4E42-F79E-5CF4-0000-001096412E00}",
        "ParentProcessId":  "4784",
        "ParentImage":  "C:\\Windows\\Microsoft.NET\\Framework\\v4.0.30319\\ngentask.exe"
    },
    {
        "ParentCommandLine":  "\"C:\\Windows\\Microsoft.NET\\Framework64\\v4.0.30319\\NGenTask.exe\" /RuntimeWide /StopEvent:1076",
        "Description":  "Microsoft Common Language Runtime native compiler",
        "CommandLine":  "\"C:\\Windows\\Microsoft.NET\\Framework64\\v4.0.30319\\ngen.exe\" uninstall \"C:\\WINDOWS\\assembly\\NativeImages_v4.0.30319_64\\Microsoft.Ga41585c2#\\a79c76a1d06e384d7192d7b078a00081\\Microsoft.GroupPolicy.AdmTmplEditor.ni.dll\" /noroot /LegacyServiceBehavior",
        "CurrentDirectory":  "C:\\WINDOWS\\system32\\",
        "Hashes":  "SHA1=AFAEE76E6FEA9614CC1C88A4488AA719920ED1F9,MD5=FBA5E8D94C9EADC279BC06B9CF041A9A,SHA256=404546D457AF97DB97D728E848E1544E351C07A9946710C0DF3DB1899E0908A8,IMPHASH=6C889A541B155E63FAE2CE0264E80BD6",
        "Image":  "C:\\Windows\\Microsoft.NET\\Framework64\\v4.0.30319\\ngen.exe",
        "UtcTime":  "2019-06-03 10:34:13.578",
        "ProcessGuid":  "{AC6A4E42-F7A5-5CF4-0000-00108A133000}",
        "Company":  "Microsoft Corporation",
        "IntegrityLevel":  "System",
        "EventId":  1,
        "FileVersion":  "4.7.3056.0 built by: NET472REL1",
        "User":  "NT AUTHORITY\\SYSTEM",
        "RuleName":  null,
        "Product":  "Microsoft? .NET Framework",
        "LogonId":  "0x3e7",
        "ProcessId":  "1764",
        "LogonGuid":  "{AC6A4E42-0410-5CF4-0000-0020E7030000}",
        "TerminalSessionId":  "0",
        "ParentProcessGuid":  "{AC6A4E42-F79D-5CF4-0000-0010ACB12D00}",
        "ParentProcessId":  "5700",
        "ParentImage":  "C:\\Windows\\Microsoft.NET\\Framework64\\v4.0.30319\\ngentask.exe"
    },
    {
        "ParentCommandLine":  "\"C:\\Windows\\Microsoft.NET\\Framework\\v4.0.30319\\NGenTask.exe\" /RuntimeWide /StopEvent:1280",
        "Description":  "Microsoft Common Language Runtime native compiler",
        "CommandLine":  "\"C:\\Windows\\Microsoft.NET\\Framework\\v4.0.30319\\ngen.exe\" uninstall \"C:\\WINDOWS\\assembly\\NativeImages_v4.0.30319_32\\Microsoft.Abf69f55a#\\45fab4226a391ff5510d80daba2e47ea\\Microsoft.ApplicationId.Framework.ni.dll\" /noroot /LegacyServiceBehavior",
        "CurrentDirectory":  "C:\\WINDOWS\\system32\\",
        "Hashes":  "SHA1=FFD7991F422F82331827FB3C244B4AA93C67F28F,MD5=F3BB8D838D986786B6E4D6934673DAF1,SHA256=5568EE9750FF50F79EB2C647AE6847E33CE8FDBCB43281766C162D06CD9940A2,IMPHASH=324D9AAE78DFEF9C5B1789F66416E2FB",
        "Image":  "C:\\Windows\\Microsoft.NET\\Framework\\v4.0.30319\\ngen.exe",
        "UtcTime":  "2019-06-03 10:34:13.631",
        "ProcessGuid":  "{AC6A4E42-F7A5-5CF4-0000-0010D91C3000}",
        "Company":  "Microsoft Corporation",
        "IntegrityLevel":  "System",
        "EventId":  1,
        "FileVersion":  "4.7.3056.0 built by: NET472REL1",
        "User":  "NT AUTHORITY\\SYSTEM",
        "RuleName":  null,
        "Product":  "Microsoft? .NET Framework",
        "LogonId":  "0x3e7",
        "ProcessId":  "4748",
        "LogonGuid":  "{AC6A4E42-0410-5CF4-0000-0020E7030000}",
        "TerminalSessionId":  "0",
        "ParentProcessGuid":  "{AC6A4E42-F79E-5CF4-0000-001096412E00}",
        "ParentProcessId":  "4784",
        "ParentImage":  "C:\\Windows\\Microsoft.NET\\Framework\\v4.0.30319\\ngentask.exe"
    },
    {
        "ParentCommandLine":  "\"C:\\Windows\\Microsoft.NET\\Framework64\\v4.0.30319\\NGenTask.exe\" /RuntimeWide /StopEvent:1076",
        "Description":  "Microsoft Common Language Runtime native compiler",
        "CommandLine":  "\"C:\\Windows\\Microsoft.NET\\Framework64\\v4.0.30319\\ngen.exe\" uninstall \"C:\\WINDOWS\\assembly\\NativeImages_v4.0.30319_64\\Microsoft.I0cd65b90#\\5133836c2395ef57e9039bcb9439e305\\Microsoft.Isam.Esent.Interop.Wsa.ni.dll\" /noroot /LegacyServiceBehavior",
        "CurrentDirectory":  "C:\\WINDOWS\\system32\\",
        "Hashes":  "SHA1=AFAEE76E6FEA9614CC1C88A4488AA719920ED1F9,MD5=FBA5E8D94C9EADC279BC06B9CF041A9A,SHA256=404546D457AF97DB97D728E848E1544E351C07A9946710C0DF3DB1899E0908A8,IMPHASH=6C889A541B155E63FAE2CE0264E80BD6",
        "Image":  "C:\\Windows\\Microsoft.NET\\Framework64\\v4.0.30319\\ngen.exe",
        "UtcTime":  "2019-06-03 10:34:13.633",
        "ProcessGuid":  "{AC6A4E42-F7A5-5CF4-0000-0010FD1C3000}",
        "Company":  "Microsoft Corporation",
        "IntegrityLevel":  "System",
        "EventId":  1,
        "FileVersion":  "4.7.3056.0 built by: NET472REL1",
        "User":  "NT AUTHORITY\\SYSTEM",
        "RuleName":  null,
        "Product":  "Microsoft? .NET Framework",
        "LogonId":  "0x3e7",
        "ProcessId":  "2272",
        "LogonGuid":  "{AC6A4E42-0410-5CF4-0000-0020E7030000}",
        "TerminalSessionId":  "0",
        "ParentProcessGuid":  "{AC6A4E42-F79D-5CF4-0000-0010ACB12D00}",
        "ParentProcessId":  "5700",
        "ParentImage":  "C:\\Windows\\Microsoft.NET\\Framework64\\v4.0.30319\\ngentask.exe"
    },
    {
        "ParentCommandLine":  "\"C:\\Windows\\Microsoft.NET\\Framework64\\v4.0.30319\\NGenTask.exe\" /RuntimeWide /StopEvent:1076",
        "Description":  "Microsoft Common Language Runtime native compiler",
        "CommandLine":  "\"C:\\Windows\\Microsoft.NET\\Framework64\\v4.0.30319\\ngen.exe\" uninstall \"C:\\WINDOWS\\assembly\\NativeImages_v4.0.30319_64\\Microsoft.I7676db1a#\\7ece8d932341caa45efb44523a457845\\Microsoft.InternationalSettings.Commands.ni.dll\" /noroot /LegacyServiceBehavior",
        "CurrentDirectory":  "C:\\WINDOWS\\system32\\",
        "Hashes":  "SHA1=AFAEE76E6FEA9614CC1C88A4488AA719920ED1F9,MD5=FBA5E8D94C9EADC279BC06B9CF041A9A,SHA256=404546D457AF97DB97D728E848E1544E351C07A9946710C0DF3DB1899E0908A8,IMPHASH=6C889A541B155E63FAE2CE0264E80BD6",
        "Image":  "C:\\Windows\\Microsoft.NET\\Framework64\\v4.0.30319\\ngen.exe",
        "UtcTime":  "2019-06-03 10:34:13.689",
        "ProcessGuid":  "{AC6A4E42-F7A5-5CF4-0000-0010FD263000}",
        "Company":  "Microsoft Corporation",
        "IntegrityLevel":  "System",
        "EventId":  1,
        "FileVersion":  "4.7.3056.0 built by: NET472REL1",
        "User":  "NT AUTHORITY\\SYSTEM",
        "RuleName":  null,
        "Product":  "Microsoft? .NET Framework",
        "LogonId":  "0x3e7",
        "ProcessId":  "2552",
        "LogonGuid":  "{AC6A4E42-0410-5CF4-0000-0020E7030000}",
        "TerminalSessionId":  "0",
        "ParentProcessGuid":  "{AC6A4E42-F79D-5CF4-0000-0010ACB12D00}",
        "ParentProcessId":  "5700",
        "ParentImage":  "C:\\Windows\\Microsoft.NET\\Framework64\\v4.0.30319\\ngentask.exe"
    },
    {
        "ParentCommandLine":  "\"C:\\Windows\\Microsoft.NET\\Framework\\v4.0.30319\\NGenTask.exe\" /RuntimeWide /StopEvent:1280",
        "Description":  "Microsoft Common Language Runtime native compiler",
        "CommandLine":  "\"C:\\Windows\\Microsoft.NET\\Framework\\v4.0.30319\\ngen.exe\" uninstall \"C:\\WINDOWS\\assembly\\NativeImages_v4.0.30319_32\\Microsoft.C26a36d2b#\\9726e8c068b66f514351e3a5a87a0117\\Microsoft.CertificateServices.PKIClient.Cmdlets.ni.dll\" /noroot /LegacyServiceBehavior",
        "CurrentDirectory":  "C:\\WINDOWS\\system32\\",
        "Hashes":  "SHA1=FFD7991F422F82331827FB3C244B4AA93C67F28F,MD5=F3BB8D838D986786B6E4D6934673DAF1,SHA256=5568EE9750FF50F79EB2C647AE6847E33CE8FDBCB43281766C162D06CD9940A2,IMPHASH=324D9AAE78DFEF9C5B1789F66416E2FB",
        "Image":  "C:\\Windows\\Microsoft.NET\\Framework\\v4.0.30319\\ngen.exe",
        "UtcTime":  "2019-06-03 10:34:13.694",
        "ProcessGuid":  "{AC6A4E42-F7A5-5CF4-0000-001092273000}",
        "Company":  "Microsoft Corporation",
        "IntegrityLevel":  "System",
        "EventId":  1,
        "FileVersion":  "4.7.3056.0 built by: NET472REL1",
        "User":  "NT AUTHORITY\\SYSTEM",
        "RuleName":  null,
        "Product":  "Microsoft? .NET Framework",
        "LogonId":  "0x3e7",
        "ProcessId":  "4420",
        "LogonGuid":  "{AC6A4E42-0410-5CF4-0000-0020E7030000}",
        "TerminalSessionId":  "0",
        "ParentProcessGuid":  "{AC6A4E42-F79E-5CF4-0000-001096412E00}",
        "ParentProcessId":  "4784",
        "ParentImage":  "C:\\Windows\\Microsoft.NET\\Framework\\v4.0.30319\\ngentask.exe"
    },
    {
        "ParentCommandLine":  "\"C:\\Windows\\Microsoft.NET\\Framework64\\v4.0.30319\\NGenTask.exe\" /RuntimeWide /StopEvent:1076",
        "Description":  "Microsoft Common Language Runtime native compiler",
        "CommandLine":  "\"C:\\Windows\\Microsoft.NET\\Framework64\\v4.0.30319\\ngen.exe\" uninstall \"C:\\WINDOWS\\assembly\\NativeImages_v4.0.30319_64\\Microsoft.Ic1a2041b#\\be295a4f7023d48a276fc82652264869\\Microsoft.Isam.Esent.Interop.ni.dll\" /noroot /LegacyServiceBehavior",
        "CurrentDirectory":  "C:\\WINDOWS\\system32\\",
        "Hashes":  "SHA1=AFAEE76E6FEA9614CC1C88A4488AA719920ED1F9,MD5=FBA5E8D94C9EADC279BC06B9CF041A9A,SHA256=404546D457AF97DB97D728E848E1544E351C07A9946710C0DF3DB1899E0908A8,IMPHASH=6C889A541B155E63FAE2CE0264E80BD6",
        "Image":  "C:\\Windows\\Microsoft.NET\\Framework64\\v4.0.30319\\ngen.exe",
        "UtcTime":  "2019-06-03 10:34:13.737",
        "ProcessGuid":  "{AC6A4E42-F7A5-5CF4-0000-0010BF2F3000}",
        "Company":  "Microsoft Corporation",
        "IntegrityLevel":  "System",
        "EventId":  1,
        "FileVersion":  "4.7.3056.0 built by: NET472REL1",
        "User":  "NT AUTHORITY\\SYSTEM",
        "RuleName":  null,
        "Product":  "Microsoft? .NET Framework",
        "LogonId":  "0x3e7",
        "ProcessId":  "2888",
        "LogonGuid":  "{AC6A4E42-0410-5CF4-0000-0020E7030000}",
        "TerminalSessionId":  "0",
        "ParentProcessGuid":  "{AC6A4E42-F79D-5CF4-0000-0010ACB12D00}",
        "ParentProcessId":  "5700",
        "ParentImage":  "C:\\Windows\\Microsoft.NET\\Framework64\\v4.0.30319\\ngentask.exe"
    },
    {
        "ParentCommandLine":  "\"C:\\Windows\\Microsoft.NET\\Framework\\v4.0.30319\\NGenTask.exe\" /RuntimeWide /StopEvent:1280",
        "Description":  "Microsoft Common Language Runtime native compiler",
        "CommandLine":  "\"C:\\Windows\\Microsoft.NET\\Framework\\v4.0.30319\\ngen.exe\" uninstall \"C:\\WINDOWS\\assembly\\NativeImages_v4.0.30319_32\\Microsoft.D0ff51f83#\\090147b5528bbda3784daa193964c3de\\Microsoft.Dtc.PowerShell.ni.dll\" /noroot /LegacyServiceBehavior",
        "CurrentDirectory":  "C:\\WINDOWS\\system32\\",
        "Hashes":  "SHA1=FFD7991F422F82331827FB3C244B4AA93C67F28F,MD5=F3BB8D838D986786B6E4D6934673DAF1,SHA256=5568EE9750FF50F79EB2C647AE6847E33CE8FDBCB43281766C162D06CD9940A2,IMPHASH=324D9AAE78DFEF9C5B1789F66416E2FB",
        "Image":  "C:\\Windows\\Microsoft.NET\\Framework\\v4.0.30319\\ngen.exe",
        "UtcTime":  "2019-06-03 10:34:13.765",
        "ProcessGuid":  "{AC6A4E42-F7A5-5CF4-0000-0010C3333000}",
        "Company":  "Microsoft Corporation",
        "IntegrityLevel":  "System",
        "EventId":  1,
        "FileVersion":  "4.7.3056.0 built by: NET472REL1",
        "User":  "NT AUTHORITY\\SYSTEM",
        "RuleName":  null,
        "Product":  "Microsoft? .NET Framework",
        "LogonId":  "0x3e7",
        "ProcessId":  "5572",
        "LogonGuid":  "{AC6A4E42-0410-5CF4-0000-0020E7030000}",
        "TerminalSessionId":  "0",
        "ParentProcessGuid":  "{AC6A4E42-F79E-5CF4-0000-001096412E00}",
        "ParentProcessId":  "4784",
        "ParentImage":  "C:\\Windows\\Microsoft.NET\\Framework\\v4.0.30319\\ngentask.exe"
    },
    {
        "ParentCommandLine":  "\"C:\\Windows\\Microsoft.NET\\Framework64\\v4.0.30319\\NGenTask.exe\" /RuntimeWide /StopEvent:1076",
        "Description":  "Microsoft Common Language Runtime native compiler",
        "CommandLine":  "\"C:\\Windows\\Microsoft.NET\\Framework64\\v4.0.30319\\ngen.exe\" uninstall \"C:\\WINDOWS\\assembly\\NativeImages_v4.0.30319_64\\Microsoft.Kd58820a5#\\0fde81ace4e20af44c29dfe6fb19ede2\\Microsoft.KeyDistributionService.Cmdlets.ni.dll\" /noroot /LegacyServiceBehavior",
        "CurrentDirectory":  "C:\\WINDOWS\\system32\\",
        "Hashes":  "SHA1=AFAEE76E6FEA9614CC1C88A4488AA719920ED1F9,MD5=FBA5E8D94C9EADC279BC06B9CF041A9A,SHA256=404546D457AF97DB97D728E848E1544E351C07A9946710C0DF3DB1899E0908A8,IMPHASH=6C889A541B155E63FAE2CE0264E80BD6",
        "Image":  "C:\\Windows\\Microsoft.NET\\Framework64\\v4.0.30319\\ngen.exe",
        "UtcTime":  "2019-06-03 10:34:13.787",
        "ProcessGuid":  "{AC6A4E42-F7A5-5CF4-0000-001053373000}",
        "Company":  "Microsoft Corporation",
        "IntegrityLevel":  "System",
        "EventId":  1,
        "FileVersion":  "4.7.3056.0 built by: NET472REL1",
        "User":  "NT AUTHORITY\\SYSTEM",
        "RuleName":  null,
        "Product":  "Microsoft? .NET Framework",
        "LogonId":  "0x3e7",
        "ProcessId":  "1280",
        "LogonGuid":  "{AC6A4E42-0410-5CF4-0000-0020E7030000}",
        "TerminalSessionId":  "0",
        "ParentProcessGuid":  "{AC6A4E42-F79D-5CF4-0000-0010ACB12D00}",
        "ParentProcessId":  "5700",
        "ParentImage":  "C:\\Windows\\Microsoft.NET\\Framework64\\v4.0.30319\\ngentask.exe"
    },
    {
        "ParentCommandLine":  "\"C:\\Windows\\Microsoft.NET\\Framework\\v4.0.30319\\NGenTask.exe\" /RuntimeWide /StopEvent:1280",
        "Description":  "Microsoft Common Language Runtime native compiler",
        "CommandLine":  "\"C:\\Windows\\Microsoft.NET\\Framework\\v4.0.30319\\ngen.exe\" uninstall \"C:\\WINDOWS\\assembly\\NativeImages_v4.0.30319_32\\Microsoft.Ga41585c2#\\cb6a708f57d628c1a4d6ec40406358fc\\Microsoft.GroupPolicy.AdmTmplEditor.ni.dll\" /noroot /LegacyServiceBehavior",
        "CurrentDirectory":  "C:\\WINDOWS\\system32\\",
        "Hashes":  "SHA1=FFD7991F422F82331827FB3C244B4AA93C67F28F,MD5=F3BB8D838D986786B6E4D6934673DAF1,SHA256=5568EE9750FF50F79EB2C647AE6847E33CE8FDBCB43281766C162D06CD9940A2,IMPHASH=324D9AAE78DFEF9C5B1789F66416E2FB",
        "Image":  "C:\\Windows\\Microsoft.NET\\Framework\\v4.0.30319\\ngen.exe",
        "UtcTime":  "2019-06-03 10:34:13.820",
        "ProcessGuid":  "{AC6A4E42-F7A5-5CF4-0000-0010203D3000}",
        "Company":  "Microsoft Corporation",
        "IntegrityLevel":  "System",
        "EventId":  1,
        "FileVersion":  "4.7.3056.0 built by: NET472REL1",
        "User":  "NT AUTHORITY\\SYSTEM",
        "RuleName":  null,
        "Product":  "Microsoft? .NET Framework",
        "LogonId":  "0x3e7",
        "ProcessId":  "4268",
        "LogonGuid":  "{AC6A4E42-0410-5CF4-0000-0020E7030000}",
        "TerminalSessionId":  "0",
        "ParentProcessGuid":  "{AC6A4E42-F79E-5CF4-0000-001096412E00}",
        "ParentProcessId":  "4784",
        "ParentImage":  "C:\\Windows\\Microsoft.NET\\Framework\\v4.0.30319\\ngentask.exe"
    },
    {
        "ParentCommandLine":  "\"C:\\Windows\\Microsoft.NET\\Framework64\\v4.0.30319\\NGenTask.exe\" /RuntimeWide /StopEvent:1076",
        "Description":  "Microsoft Common Language Runtime native compiler",
        "CommandLine":  "\"C:\\Windows\\Microsoft.NET\\Framework64\\v4.0.30319\\ngen.exe\" uninstall \"C:\\WINDOWS\\assembly\\NativeImages_v4.0.30319_64\\Microsoft.P047767ce#\\c00a86053db8bad5a970c18971a86c7f\\Microsoft.PowerShell.Core.Activities.ni.dll\" /noroot /LegacyServiceBehavior",
        "CurrentDirectory":  "C:\\WINDOWS\\system32\\",
        "Hashes":  "SHA1=AFAEE76E6FEA9614CC1C88A4488AA719920ED1F9,MD5=FBA5E8D94C9EADC279BC06B9CF041A9A,SHA256=404546D457AF97DB97D728E848E1544E351C07A9946710C0DF3DB1899E0908A8,IMPHASH=6C889A541B155E63FAE2CE0264E80BD6",
        "Image":  "C:\\Windows\\Microsoft.NET\\Framework64\\v4.0.30319\\ngen.exe",
        "UtcTime":  "2019-06-03 10:34:13.853",
        "ProcessGuid":  "{AC6A4E42-F7A5-5CF4-0000-0010E3413000}",
        "Company":  "Microsoft Corporation",
        "IntegrityLevel":  "System",
        "EventId":  1,
        "FileVersion":  "4.7.3056.0 built by: NET472REL1",
        "User":  "NT AUTHORITY\\SYSTEM",
        "RuleName":  null,
        "Product":  "Microsoft? .NET Framework",
        "LogonId":  "0x3e7",
        "ProcessId":  "112",
        "LogonGuid":  "{AC6A4E42-0410-5CF4-0000-0020E7030000}",
        "TerminalSessionId":  "0",
        "ParentProcessGuid":  "{AC6A4E42-F79D-5CF4-0000-0010ACB12D00}",
        "ParentProcessId":  "5700",
        "ParentImage":  "C:\\Windows\\Microsoft.NET\\Framework64\\v4.0.30319\\ngentask.exe"
    },
    {
        "ParentCommandLine":  "\"C:\\Windows\\Microsoft.NET\\Framework\\v4.0.30319\\NGenTask.exe\" /RuntimeWide /StopEvent:1280",
        "Description":  "Microsoft Common Language Runtime native compiler",
        "CommandLine":  "\"C:\\Windows\\Microsoft.NET\\Framework\\v4.0.30319\\ngen.exe\" uninstall \"C:\\WINDOWS\\assembly\\NativeImages_v4.0.30319_32\\Microsoft.I0cd65b90#\\b33d9997c7895d2706e5545486b94439\\Microsoft.Isam.Esent.Interop.Wsa.ni.dll\" /noroot /LegacyServiceBehavior",
        "CurrentDirectory":  "C:\\WINDOWS\\system32\\",
        "Hashes":  "SHA1=FFD7991F422F82331827FB3C244B4AA93C67F28F,MD5=F3BB8D838D986786B6E4D6934673DAF1,SHA256=5568EE9750FF50F79EB2C647AE6847E33CE8FDBCB43281766C162D06CD9940A2,IMPHASH=324D9AAE78DFEF9C5B1789F66416E2FB",
        "Image":  "C:\\Windows\\Microsoft.NET\\Framework\\v4.0.30319\\ngen.exe",
        "UtcTime":  "2019-06-03 10:34:13.877",
        "ProcessGuid":  "{AC6A4E42-F7A5-5CF4-0000-0010B0453000}",
        "Company":  "Microsoft Corporation",
        "IntegrityLevel":  "System",
        "EventId":  1,
        "FileVersion":  "4.7.3056.0 built by: NET472REL1",
        "User":  "NT AUTHORITY\\SYSTEM",
        "RuleName":  null,
        "Product":  "Microsoft? .NET Framework",
        "LogonId":  "0x3e7",
        "ProcessId":  "5656",
        "LogonGuid":  "{AC6A4E42-0410-5CF4-0000-0020E7030000}",
        "TerminalSessionId":  "0",
        "ParentProcessGuid":  "{AC6A4E42-F79E-5CF4-0000-001096412E00}",
        "ParentProcessId":  "4784",
        "ParentImage":  "C:\\Windows\\Microsoft.NET\\Framework\\v4.0.30319\\ngentask.exe"
    },
    {
        "ParentCommandLine":  "\"C:\\Windows\\Microsoft.NET\\Framework64\\v4.0.30319\\NGenTask.exe\" /RuntimeWide /StopEvent:1076",
        "Description":  "Microsoft Common Language Runtime native compiler",
        "CommandLine":  "\"C:\\Windows\\Microsoft.NET\\Framework64\\v4.0.30319\\ngen.exe\" uninstall \"C:\\WINDOWS\\assembly\\NativeImages_v4.0.30319_64\\Microsoft.P08ac43d5#\\ba616e6a7e07d5a4906185a94e2855eb\\Microsoft.PowerShell.Utility.Activities.ni.dll\" /noroot /LegacyServiceBehavior",
        "CurrentDirectory":  "C:\\WINDOWS\\system32\\",
        "Hashes":  "SHA1=AFAEE76E6FEA9614CC1C88A4488AA719920ED1F9,MD5=FBA5E8D94C9EADC279BC06B9CF041A9A,SHA256=404546D457AF97DB97D728E848E1544E351C07A9946710C0DF3DB1899E0908A8,IMPHASH=6C889A541B155E63FAE2CE0264E80BD6",
        "Image":  "C:\\Windows\\Microsoft.NET\\Framework64\\v4.0.30319\\ngen.exe",
        "UtcTime":  "2019-06-03 10:34:13.993",
        "ProcessGuid":  "{AC6A4E42-F7A5-5CF4-0000-00100B513000}",
        "Company":  "Microsoft Corporation",
        "IntegrityLevel":  "System",
        "EventId":  1,
        "FileVersion":  "4.7.3056.0 built by: NET472REL1",
        "User":  "NT AUTHORITY\\SYSTEM",
        "RuleName":  null,
        "Product":  "Microsoft? .NET Framework",
        "LogonId":  "0x3e7",
        "ProcessId":  "1004",
        "LogonGuid":  "{AC6A4E42-0410-5CF4-0000-0020E7030000}",
        "TerminalSessionId":  "0",
        "ParentProcessGuid":  "{AC6A4E42-F79D-5CF4-0000-0010ACB12D00}",
        "ParentProcessId":  "5700",
        "ParentImage":  "C:\\Windows\\Microsoft.NET\\Framework64\\v4.0.30319\\ngentask.exe"
    },
    {
        "ParentCommandLine":  "\"C:\\Windows\\Microsoft.NET\\Framework\\v4.0.30319\\NGenTask.exe\" /RuntimeWide /StopEvent:1280",
        "Description":  "Microsoft Common Language Runtime native compiler",
        "CommandLine":  "\"C:\\Windows\\Microsoft.NET\\Framework\\v4.0.30319\\ngen.exe\" uninstall \"C:\\WINDOWS\\assembly\\NativeImages_v4.0.30319_32\\Microsoft.Ic1a2041b#\\42945f1d0f1a056d46fd9f241b46652b\\Microsoft.Isam.Esent.Interop.ni.dll\" /noroot /LegacyServiceBehavior",
        "CurrentDirectory":  "C:\\WINDOWS\\system32\\",
        "Hashes":  "SHA1=FFD7991F422F82331827FB3C244B4AA93C67F28F,MD5=F3BB8D838D986786B6E4D6934673DAF1,SHA256=5568EE9750FF50F79EB2C647AE6847E33CE8FDBCB43281766C162D06CD9940A2,IMPHASH=324D9AAE78DFEF9C5B1789F66416E2FB",
        "Image":  "C:\\Windows\\Microsoft.NET\\Framework\\v4.0.30319\\ngen.exe",
        "UtcTime":  "2019-06-03 10:34:14.025",
        "ProcessGuid":  "{AC6A4E42-F7A6-5CF4-0000-0010D8553000}",
        "Company":  "Microsoft Corporation",
        "IntegrityLevel":  "System",
        "EventId":  1,
        "FileVersion":  "4.7.3056.0 built by: NET472REL1",
        "User":  "NT AUTHORITY\\SYSTEM",
        "RuleName":  null,
        "Product":  "Microsoft? .NET Framework",
        "LogonId":  "0x3e7",
        "ProcessId":  "1256",
        "LogonGuid":  "{AC6A4E42-0410-5CF4-0000-0020E7030000}",
        "TerminalSessionId":  "0",
        "ParentProcessGuid":  "{AC6A4E42-F79E-5CF4-0000-001096412E00}",
        "ParentProcessId":  "4784",
        "ParentImage":  "C:\\Windows\\Microsoft.NET\\Framework\\v4.0.30319\\ngentask.exe"
    },
    {
        "ParentCommandLine":  "\"C:\\Windows\\Microsoft.NET\\Framework64\\v4.0.30319\\NGenTask.exe\" /RuntimeWide /StopEvent:1076",
        "Description":  "Microsoft Common Language Runtime native compiler",
        "CommandLine":  "\"C:\\Windows\\Microsoft.NET\\Framework64\\v4.0.30319\\ngen.exe\" uninstall \"C:\\WINDOWS\\assembly\\NativeImages_v4.0.30319_64\\Microsoft.P34f388c1#\\cddddfd5fa457f494390853a28b2677f\\Microsoft.PowerShell.Diagnostics.Activities.ni.dll\" /noroot /LegacyServiceBehavior",
        "CurrentDirectory":  "C:\\WINDOWS\\system32\\",
        "Hashes":  "SHA1=AFAEE76E6FEA9614CC1C88A4488AA719920ED1F9,MD5=FBA5E8D94C9EADC279BC06B9CF041A9A,SHA256=404546D457AF97DB97D728E848E1544E351C07A9946710C0DF3DB1899E0908A8,IMPHASH=6C889A541B155E63FAE2CE0264E80BD6",
        "Image":  "C:\\Windows\\Microsoft.NET\\Framework64\\v4.0.30319\\ngen.exe",
        "UtcTime":  "2019-06-03 10:34:14.168",
        "ProcessGuid":  "{AC6A4E42-F7A6-5CF4-0000-00106B6F3000}",
        "Company":  "Microsoft Corporation",
        "IntegrityLevel":  "System",
        "EventId":  1,
        "FileVersion":  "4.7.3056.0 built by: NET472REL1",
        "User":  "NT AUTHORITY\\SYSTEM",
        "RuleName":  null,
        "Product":  "Microsoft? .NET Framework",
        "LogonId":  "0x3e7",
        "ProcessId":  "5220",
        "LogonGuid":  "{AC6A4E42-0410-5CF4-0000-0020E7030000}",
        "TerminalSessionId":  "0",
        "ParentProcessGuid":  "{AC6A4E42-F79D-5CF4-0000-0010ACB12D00}",
        "ParentProcessId":  "5700",
        "ParentImage":  "C:\\Windows\\Microsoft.NET\\Framework64\\v4.0.30319\\ngentask.exe"
    },
    {
        "ParentCommandLine":  "\"C:\\Windows\\Microsoft.NET\\Framework\\v4.0.30319\\NGenTask.exe\" /RuntimeWide /StopEvent:1280",
        "Description":  "Microsoft Common Language Runtime native compiler",
        "CommandLine":  "\"C:\\Windows\\Microsoft.NET\\Framework\\v4.0.30319\\ngen.exe\" uninstall \"C:\\WINDOWS\\assembly\\NativeImages_v4.0.30319_32\\Microsoft.Kd58820a5#\\4715eb5eb546ec8a3975e0eb8273b3c9\\Microsoft.KeyDistributionService.Cmdlets.ni.dll\" /noroot /LegacyServiceBehavior",
        "CurrentDirectory":  "C:\\WINDOWS\\system32\\",
        "Hashes":  "SHA1=FFD7991F422F82331827FB3C244B4AA93C67F28F,MD5=F3BB8D838D986786B6E4D6934673DAF1,SHA256=5568EE9750FF50F79EB2C647AE6847E33CE8FDBCB43281766C162D06CD9940A2,IMPHASH=324D9AAE78DFEF9C5B1789F66416E2FB",
        "Image":  "C:\\Windows\\Microsoft.NET\\Framework\\v4.0.30319\\ngen.exe",
        "UtcTime":  "2019-06-03 10:34:14.174",
        "ProcessGuid":  "{AC6A4E42-F7A6-5CF4-0000-0010D56F3000}",
        "Company":  "Microsoft Corporation",
        "IntegrityLevel":  "System",
        "EventId":  1,
        "FileVersion":  "4.7.3056.0 built by: NET472REL1",
        "User":  "NT AUTHORITY\\SYSTEM",
        "RuleName":  null,
        "Product":  "Microsoft? .NET Framework",
        "LogonId":  "0x3e7",
        "ProcessId":  "1948",
        "LogonGuid":  "{AC6A4E42-0410-5CF4-0000-0020E7030000}",
        "TerminalSessionId":  "0",
        "ParentProcessGuid":  "{AC6A4E42-F79E-5CF4-0000-001096412E00}",
        "ParentProcessId":  "4784",
        "ParentImage":  "C:\\Windows\\Microsoft.NET\\Framework\\v4.0.30319\\ngentask.exe"
    },
    {
        "ParentCommandLine":  "\"C:\\Windows\\Microsoft.NET\\Framework64\\v4.0.30319\\NGenTask.exe\" /RuntimeWide /StopEvent:1076",
        "Description":  "Microsoft Common Language Runtime native compiler",
        "CommandLine":  "\"C:\\Windows\\Microsoft.NET\\Framework64\\v4.0.30319\\ngen.exe\" uninstall \"C:\\WINDOWS\\assembly\\NativeImages_v4.0.30319_64\\Microsoft.P39041136#\\646847e2a55c88cbabf621c3231a37e4\\Microsoft.PowerShell.ScheduledJob.ni.dll\" /noroot /LegacyServiceBehavior",
        "CurrentDirectory":  "C:\\WINDOWS\\system32\\",
        "Hashes":  "SHA1=AFAEE76E6FEA9614CC1C88A4488AA719920ED1F9,MD5=FBA5E8D94C9EADC279BC06B9CF041A9A,SHA256=404546D457AF97DB97D728E848E1544E351C07A9946710C0DF3DB1899E0908A8,IMPHASH=6C889A541B155E63FAE2CE0264E80BD6",
        "Image":  "C:\\Windows\\Microsoft.NET\\Framework64\\v4.0.30319\\ngen.exe",
        "UtcTime":  "2019-06-03 10:34:14.264",
        "ProcessGuid":  "{AC6A4E42-F7A6-5CF4-0000-00101D7B3000}",
        "Company":  "Microsoft Corporation",
        "IntegrityLevel":  "System",
        "EventId":  1,
        "FileVersion":  "4.7.3056.0 built by: NET472REL1",
        "User":  "NT AUTHORITY\\SYSTEM",
        "RuleName":  null,
        "Product":  "Microsoft? .NET Framework",
        "LogonId":  "0x3e7",
        "ProcessId":  "3108",
        "LogonGuid":  "{AC6A4E42-0410-5CF4-0000-0020E7030000}",
        "TerminalSessionId":  "0",
        "ParentProcessGuid":  "{AC6A4E42-F79D-5CF4-0000-0010ACB12D00}",
        "ParentProcessId":  "5700",
        "ParentImage":  "C:\\Windows\\Microsoft.NET\\Framework64\\v4.0.30319\\ngentask.exe"
    },
    {
        "ParentCommandLine":  "\"C:\\Windows\\Microsoft.NET\\Framework\\v4.0.30319\\NGenTask.exe\" /RuntimeWide /StopEvent:1280",
        "Description":  "Microsoft Common Language Runtime native compiler",
        "CommandLine":  "\"C:\\Windows\\Microsoft.NET\\Framework\\v4.0.30319\\ngen.exe\" uninstall \"C:\\WINDOWS\\assembly\\NativeImages_v4.0.30319_32\\Microsoft.Mf49f6405#\\ccc7c82770f93d1392abde4be3a80378\\Microsoft.Management.Infrastructure.ni.dll\" /noroot /LegacyServiceBehavior",
        "CurrentDirectory":  "C:\\WINDOWS\\system32\\",
        "Hashes":  "SHA1=FFD7991F422F82331827FB3C244B4AA93C67F28F,MD5=F3BB8D838D986786B6E4D6934673DAF1,SHA256=5568EE9750FF50F79EB2C647AE6847E33CE8FDBCB43281766C162D06CD9940A2,IMPHASH=324D9AAE78DFEF9C5B1789F66416E2FB",
        "Image":  "C:\\Windows\\Microsoft.NET\\Framework\\v4.0.30319\\ngen.exe",
        "UtcTime":  "2019-06-03 10:34:14.267",
        "ProcessGuid":  "{AC6A4E42-F7A6-5CF4-0000-0010627B3000}",
        "Company":  "Microsoft Corporation",
        "IntegrityLevel":  "System",
        "EventId":  1,
        "FileVersion":  "4.7.3056.0 built by: NET472REL1",
        "User":  "NT AUTHORITY\\SYSTEM",
        "RuleName":  null,
        "Product":  "Microsoft? .NET Framework",
        "LogonId":  "0x3e7",
        "ProcessId":  "2632",
        "LogonGuid":  "{AC6A4E42-0410-5CF4-0000-0020E7030000}",
        "TerminalSessionId":  "0",
        "ParentProcessGuid":  "{AC6A4E42-F79E-5CF4-0000-001096412E00}",
        "ParentProcessId":  "4784",
        "ParentImage":  "C:\\Windows\\Microsoft.NET\\Framework\\v4.0.30319\\ngentask.exe"
    },
    {
        "ParentCommandLine":  "\"C:\\Windows\\Microsoft.NET\\Framework64\\v4.0.30319\\NGenTask.exe\" /RuntimeWide /StopEvent:1076",
        "Description":  "Microsoft Common Language Runtime native compiler",
        "CommandLine":  "\"C:\\Windows\\Microsoft.NET\\Framework64\\v4.0.30319\\ngen.exe\" uninstall \"C:\\WINDOWS\\assembly\\NativeImages_v4.0.30319_64\\Microsoft.P655586bb#\\f7ccb836f5d7f5dc3449d2cd36880646\\Microsoft.PowerShell.Activities.ni.dll\" /noroot /LegacyServiceBehavior",
        "CurrentDirectory":  "C:\\WINDOWS\\system32\\",
        "Hashes":  "SHA1=AFAEE76E6FEA9614CC1C88A4488AA719920ED1F9,MD5=FBA5E8D94C9EADC279BC06B9CF041A9A,SHA256=404546D457AF97DB97D728E848E1544E351C07A9946710C0DF3DB1899E0908A8,IMPHASH=6C889A541B155E63FAE2CE0264E80BD6",
        "Image":  "C:\\Windows\\Microsoft.NET\\Framework64\\v4.0.30319\\ngen.exe",
        "UtcTime":  "2019-06-03 10:34:14.346",
        "ProcessGuid":  "{AC6A4E42-F7A6-5CF4-0000-0010DD853000}",
        "Company":  "Microsoft Corporation",
        "IntegrityLevel":  "System",
        "EventId":  1,
        "FileVersion":  "4.7.3056.0 built by: NET472REL1",
        "User":  "NT AUTHORITY\\SYSTEM",
        "RuleName":  null,
        "Product":  "Microsoft? .NET Framework",
        "LogonId":  "0x3e7",
        "ProcessId":  "1712",
        "LogonGuid":  "{AC6A4E42-0410-5CF4-0000-0020E7030000}",
        "TerminalSessionId":  "0",
        "ParentProcessGuid":  "{AC6A4E42-F79D-5CF4-0000-0010ACB12D00}",
        "ParentProcessId":  "5700",
        "ParentImage":  "C:\\Windows\\Microsoft.NET\\Framework64\\v4.0.30319\\ngentask.exe"
    },
    {
        "ParentCommandLine":  "\"C:\\Windows\\Microsoft.NET\\Framework\\v4.0.30319\\NGenTask.exe\" /RuntimeWide /StopEvent:1280",
        "Description":  "Microsoft Common Language Runtime native compiler",
        "CommandLine":  "\"C:\\Windows\\Microsoft.NET\\Framework\\v4.0.30319\\ngen.exe\" uninstall \"C:\\WINDOWS\\assembly\\NativeImages_v4.0.30319_32\\Microsoft.Mff1be75b#\\e95852468dc616671933b9e524fc5133\\Microsoft.ManagementConsole.ni.dll\" /noroot /LegacyServiceBehavior",
        "CurrentDirectory":  "C:\\WINDOWS\\system32\\",
        "Hashes":  "SHA1=FFD7991F422F82331827FB3C244B4AA93C67F28F,MD5=F3BB8D838D986786B6E4D6934673DAF1,SHA256=5568EE9750FF50F79EB2C647AE6847E33CE8FDBCB43281766C162D06CD9940A2,IMPHASH=324D9AAE78DFEF9C5B1789F66416E2FB",
        "Image":  "C:\\Windows\\Microsoft.NET\\Framework\\v4.0.30319\\ngen.exe",
        "UtcTime":  "2019-06-03 10:34:14.349",
        "ProcessGuid":  "{AC6A4E42-F7A6-5CF4-0000-00100F863000}",
        "Company":  "Microsoft Corporation",
        "IntegrityLevel":  "System",
        "EventId":  1,
        "FileVersion":  "4.7.3056.0 built by: NET472REL1",
        "User":  "NT AUTHORITY\\SYSTEM",
        "RuleName":  null,
        "Product":  "Microsoft? .NET Framework",
        "LogonId":  "0x3e7",
        "ProcessId":  "4728",
        "LogonGuid":  "{AC6A4E42-0410-5CF4-0000-0020E7030000}",
        "TerminalSessionId":  "0",
        "ParentProcessGuid":  "{AC6A4E42-F79E-5CF4-0000-001096412E00}",
        "ParentProcessId":  "4784",
        "ParentImage":  "C:\\Windows\\Microsoft.NET\\Framework\\v4.0.30319\\ngentask.exe"
    },
    {
        "ParentCommandLine":  "\"C:\\Windows\\Microsoft.NET\\Framework64\\v4.0.30319\\NGenTask.exe\" /RuntimeWide /StopEvent:1076",
        "Description":  "Microsoft Common Language Runtime native compiler",
        "CommandLine":  "\"C:\\Windows\\Microsoft.NET\\Framework64\\v4.0.30319\\ngen.exe\" uninstall \"C:\\WINDOWS\\assembly\\NativeImages_v4.0.30319_64\\Microsoft.P6f9a5e83#\\6f7c154051c9ccd13514faee267121ba\\Microsoft.PowerShell.Security.Activities.ni.dll\" /noroot /LegacyServiceBehavior",
        "CurrentDirectory":  "C:\\WINDOWS\\system32\\",
        "Hashes":  "SHA1=AFAEE76E6FEA9614CC1C88A4488AA719920ED1F9,MD5=FBA5E8D94C9EADC279BC06B9CF041A9A,SHA256=404546D457AF97DB97D728E848E1544E351C07A9946710C0DF3DB1899E0908A8,IMPHASH=6C889A541B155E63FAE2CE0264E80BD6",
        "Image":  "C:\\Windows\\Microsoft.NET\\Framework64\\v4.0.30319\\ngen.exe",
        "UtcTime":  "2019-06-03 10:34:14.460",
        "ProcessGuid":  "{AC6A4E42-F7A6-5CF4-0000-0010319B3000}",
        "Company":  "Microsoft Corporation",
        "IntegrityLevel":  "System",
        "EventId":  1,
        "FileVersion":  "4.7.3056.0 built by: NET472REL1",
        "User":  "NT AUTHORITY\\SYSTEM",
        "RuleName":  null,
        "Product":  "Microsoft? .NET Framework",
        "LogonId":  "0x3e7",
        "ProcessId":  "2660",
        "LogonGuid":  "{AC6A4E42-0410-5CF4-0000-0020E7030000}",
        "TerminalSessionId":  "0",
        "ParentProcessGuid":  "{AC6A4E42-F79D-5CF4-0000-0010ACB12D00}",
        "ParentProcessId":  "5700",
        "ParentImage":  "C:\\Windows\\Microsoft.NET\\Framework64\\v4.0.30319\\ngentask.exe"
    },
    {
        "ParentCommandLine":  "\"C:\\Windows\\Microsoft.NET\\Framework\\v4.0.30319\\NGenTask.exe\" /RuntimeWide /StopEvent:1280",
        "Description":  "Microsoft Common Language Runtime native compiler",
        "CommandLine":  "\"C:\\Windows\\Microsoft.NET\\Framework\\v4.0.30319\\ngen.exe\" uninstall \"C:\\WINDOWS\\assembly\\NativeImages_v4.0.30319_32\\Microsoft.P047767ce#\\3340486e76149b8b5ab3e966832d955a\\Microsoft.PowerShell.Core.Activities.ni.dll\" /noroot /LegacyServiceBehavior",
        "CurrentDirectory":  "C:\\WINDOWS\\system32\\",
        "Hashes":  "SHA1=FFD7991F422F82331827FB3C244B4AA93C67F28F,MD5=F3BB8D838D986786B6E4D6934673DAF1,SHA256=5568EE9750FF50F79EB2C647AE6847E33CE8FDBCB43281766C162D06CD9940A2,IMPHASH=324D9AAE78DFEF9C5B1789F66416E2FB",
        "Image":  "C:\\Windows\\Microsoft.NET\\Framework\\v4.0.30319\\ngen.exe",
        "UtcTime":  "2019-06-03 10:34:14.465",
        "ProcessGuid":  "{AC6A4E42-F7A6-5CF4-0000-0010D59B3000}",
        "Company":  "Microsoft Corporation",
        "IntegrityLevel":  "System",
        "EventId":  1,
        "FileVersion":  "4.7.3056.0 built by: NET472REL1",
        "User":  "NT AUTHORITY\\SYSTEM",
        "RuleName":  null,
        "Product":  "Microsoft? .NET Framework",
        "LogonId":  "0x3e7",
        "ProcessId":  "344",
        "LogonGuid":  "{AC6A4E42-0410-5CF4-0000-0020E7030000}",
        "TerminalSessionId":  "0",
        "ParentProcessGuid":  "{AC6A4E42-F79E-5CF4-0000-001096412E00}",
        "ParentProcessId":  "4784",
        "ParentImage":  "C:\\Windows\\Microsoft.NET\\Framework\\v4.0.30319\\ngentask.exe"
    },
    {
        "ParentCommandLine":  "\"C:\\Windows\\Microsoft.NET\\Framework64\\v4.0.30319\\NGenTask.exe\" /RuntimeWide /StopEvent:1076",
        "Description":  "Microsoft Common Language Runtime native compiler",
        "CommandLine":  "\"C:\\Windows\\Microsoft.NET\\Framework64\\v4.0.30319\\ngen.exe\" uninstall \"C:\\WINDOWS\\assembly\\NativeImages_v4.0.30319_64\\Microsoft.P88330f1e#\\012c801779fafb48d5c6bb7789c2c72d\\Microsoft.ProcessMitigations.Commands.ni.dll\" /noroot /LegacyServiceBehavior",
        "CurrentDirectory":  "C:\\WINDOWS\\system32\\",
        "Hashes":  "SHA1=AFAEE76E6FEA9614CC1C88A4488AA719920ED1F9,MD5=FBA5E8D94C9EADC279BC06B9CF041A9A,SHA256=404546D457AF97DB97D728E848E1544E351C07A9946710C0DF3DB1899E0908A8,IMPHASH=6C889A541B155E63FAE2CE0264E80BD6",
        "Image":  "C:\\Windows\\Microsoft.NET\\Framework64\\v4.0.30319\\ngen.exe",
        "UtcTime":  "2019-06-03 10:34:14.565",
        "ProcessGuid":  "{AC6A4E42-F7A6-5CF4-0000-001021A73000}",
        "Company":  "Microsoft Corporation",
        "IntegrityLevel":  "System",
        "EventId":  1,
        "FileVersion":  "4.7.3056.0 built by: NET472REL1",
        "User":  "NT AUTHORITY\\SYSTEM",
        "RuleName":  null,
        "Product":  "Microsoft? .NET Framework",
        "LogonId":  "0x3e7",
        "ProcessId":  "5780",
        "LogonGuid":  "{AC6A4E42-0410-5CF4-0000-0020E7030000}",
        "TerminalSessionId":  "0",
        "ParentProcessGuid":  "{AC6A4E42-F79D-5CF4-0000-0010ACB12D00}",
        "ParentProcessId":  "5700",
        "ParentImage":  "C:\\Windows\\Microsoft.NET\\Framework64\\v4.0.30319\\ngentask.exe"
    },
    {
        "ParentCommandLine":  "\"C:\\Windows\\Microsoft.NET\\Framework\\v4.0.30319\\NGenTask.exe\" /RuntimeWide /StopEvent:1280",
        "Description":  "Microsoft Common Language Runtime native compiler",
        "CommandLine":  "\"C:\\Windows\\Microsoft.NET\\Framework\\v4.0.30319\\ngen.exe\" uninstall \"C:\\WINDOWS\\assembly\\NativeImages_v4.0.30319_32\\Microsoft.P08ac43d5#\\8a0f6de3ecb882903de13f9ed093442e\\Microsoft.PowerShell.Utility.Activities.ni.dll\" /noroot /LegacyServiceBehavior",
        "CurrentDirectory":  "C:\\WINDOWS\\system32\\",
        "Hashes":  "SHA1=FFD7991F422F82331827FB3C244B4AA93C67F28F,MD5=F3BB8D838D986786B6E4D6934673DAF1,SHA256=5568EE9750FF50F79EB2C647AE6847E33CE8FDBCB43281766C162D06CD9940A2,IMPHASH=324D9AAE78DFEF9C5B1789F66416E2FB",
        "Image":  "C:\\Windows\\Microsoft.NET\\Framework\\v4.0.30319\\ngen.exe",
        "UtcTime":  "2019-06-03 10:34:14.569",
        "ProcessGuid":  "{AC6A4E42-F7A6-5CF4-0000-00106BA73000}",
        "Company":  "Microsoft Corporation",
        "IntegrityLevel":  "System",
        "EventId":  1,
        "FileVersion":  "4.7.3056.0 built by: NET472REL1",
        "User":  "NT AUTHORITY\\SYSTEM",
        "RuleName":  null,
        "Product":  "Microsoft? .NET Framework",
        "LogonId":  "0x3e7",
        "ProcessId":  "488",
        "LogonGuid":  "{AC6A4E42-0410-5CF4-0000-0020E7030000}",
        "TerminalSessionId":  "0",
        "ParentProcessGuid":  "{AC6A4E42-F79E-5CF4-0000-001096412E00}",
        "ParentProcessId":  "4784",
        "ParentImage":  "C:\\Windows\\Microsoft.NET\\Framework\\v4.0.30319\\ngentask.exe"
    },
    {
        "ParentCommandLine":  "\"C:\\Windows\\Microsoft.NET\\Framework\\v4.0.30319\\NGenTask.exe\" /RuntimeWide /StopEvent:1280",
        "Description":  "Microsoft Common Language Runtime native compiler",
        "CommandLine":  "\"C:\\Windows\\Microsoft.NET\\Framework\\v4.0.30319\\ngen.exe\" uninstall \"C:\\WINDOWS\\assembly\\NativeImages_v4.0.30319_32\\Microsoft.P1706cafe#\\b1d437db69158ad2f2738ca5070cee6b\\Microsoft.PowerShell.Commands.Diagnostics.ni.dll\" /noroot /LegacyServiceBehavior",
        "CurrentDirectory":  "C:\\WINDOWS\\system32\\",
        "Hashes":  "SHA1=FFD7991F422F82331827FB3C244B4AA93C67F28F,MD5=F3BB8D838D986786B6E4D6934673DAF1,SHA256=5568EE9750FF50F79EB2C647AE6847E33CE8FDBCB43281766C162D06CD9940A2,IMPHASH=324D9AAE78DFEF9C5B1789F66416E2FB",
        "Image":  "C:\\Windows\\Microsoft.NET\\Framework\\v4.0.30319\\ngen.exe",
        "UtcTime":  "2019-06-03 10:34:14.752",
        "ProcessGuid":  "{AC6A4E42-F7A6-5CF4-0000-0010D0B63000}",
        "Company":  "Microsoft Corporation",
        "IntegrityLevel":  "System",
        "EventId":  1,
        "FileVersion":  "4.7.3056.0 built by: NET472REL1",
        "User":  "NT AUTHORITY\\SYSTEM",
        "RuleName":  null,
        "Product":  "Microsoft? .NET Framework",
        "LogonId":  "0x3e7",
        "ProcessId":  "3724",
        "LogonGuid":  "{AC6A4E42-0410-5CF4-0000-0020E7030000}",
        "TerminalSessionId":  "0",
        "ParentProcessGuid":  "{AC6A4E42-F79E-5CF4-0000-001096412E00}",
        "ParentProcessId":  "4784",
        "ParentImage":  "C:\\Windows\\Microsoft.NET\\Framework\\v4.0.30319\\ngentask.exe"
    },
    {
        "ParentCommandLine":  "\"C:\\Windows\\Microsoft.NET\\Framework64\\v4.0.30319\\NGenTask.exe\" /RuntimeWide /StopEvent:1076",
        "Description":  "Microsoft Common Language Runtime native compiler",
        "CommandLine":  "\"C:\\Windows\\Microsoft.NET\\Framework64\\v4.0.30319\\ngen.exe\" uninstall \"C:\\WINDOWS\\assembly\\NativeImages_v4.0.30319_64\\Microsoft.P9de5a786#\\9a1181f30a1e98ed277b27c37742cd71\\Microsoft.PowerShell.Management.Activities.ni.dll\" /noroot /LegacyServiceBehavior",
        "CurrentDirectory":  "C:\\WINDOWS\\system32\\",
        "Hashes":  "SHA1=AFAEE76E6FEA9614CC1C88A4488AA719920ED1F9,MD5=FBA5E8D94C9EADC279BC06B9CF041A9A,SHA256=404546D457AF97DB97D728E848E1544E351C07A9946710C0DF3DB1899E0908A8,IMPHASH=6C889A541B155E63FAE2CE0264E80BD6",
        "Image":  "C:\\Windows\\Microsoft.NET\\Framework64\\v4.0.30319\\ngen.exe",
        "UtcTime":  "2019-06-03 10:34:14.756",
        "ProcessGuid":  "{AC6A4E42-F7A6-5CF4-0000-0010C6B73000}",
        "Company":  "Microsoft Corporation",
        "IntegrityLevel":  "System",
        "EventId":  1,
        "FileVersion":  "4.7.3056.0 built by: NET472REL1",
        "User":  "NT AUTHORITY\\SYSTEM",
        "RuleName":  null,
        "Product":  "Microsoft? .NET Framework",
        "LogonId":  "0x3e7",
        "ProcessId":  "5844",
        "LogonGuid":  "{AC6A4E42-0410-5CF4-0000-0020E7030000}",
        "TerminalSessionId":  "0",
        "ParentProcessGuid":  "{AC6A4E42-F79D-5CF4-0000-0010ACB12D00}",
        "ParentProcessId":  "5700",
        "ParentImage":  "C:\\Windows\\Microsoft.NET\\Framework64\\v4.0.30319\\ngentask.exe"
    },
