    {
        "ParentCommandLine":  "C:\\WINDOWS\\system32\\services.exe",
        "Description":  "Host Process for Windows Services",
        "CommandLine":  "C:\\WINDOWS\\System32\\svchost.exe -k wsappx -p",
        "CurrentDirectory":  "C:\\WINDOWS\\system32\\",
        "Hashes":  "SHA1=660B76B6FB802417D513ADC967C5CAF77FC2BAC6,MD5=32569E403279B3FD2EDB7EBD036273FA,SHA256=C9A28DC8004C3E043CBF8E3A194FDA2B756CE90740DF2175488337281B485F69,IMPHASH=3A8297483C1777054C7BAFEA5E6A8853",
        "Image":  "C:\\Windows\\System32\\svchost.exe",
        "UtcTime":  "2019-06-03 23:55:44.553",
        "ProcessGuid":  "{AC6A4E42-B380-5CF5-0000-001024ED6500}",
        "Company":  "Microsoft Corporation",
        "IntegrityLevel":  "System",
        "EventId":  1,
        "FileVersion":  "10.0.17134.1 (WinBuild.160101.0800)",
        "User":  "NT AUTHORITY\\SYSTEM",
        "RuleName":  null,
        "Product":  "Microsoft? Windows? Operating System",
        "LogonId":  "0x3e7",
        "ProcessId":  "956",
        "LogonGuid":  "{AC6A4E42-0410-5CF4-0000-0020E7030000}",
        "TerminalSessionId":  "0",
        "ParentProcessGuid":  "{AC6A4E42-0410-5CF4-0000-001002910000}",
        "ParentProcessId":  "572",
        "ParentImage":  "C:\\Windows\\System32\\services.exe"
    },
    {
        "ParentCommandLine":  "C:\\WINDOWS\\system32\\svchost.exe -k netsvcs -p",
        "Description":  "Google Installer",
        "CommandLine":  "\"C:\\Program Files (x86)\\Google\\Update\\GoogleUpdate.exe\" /ua /installsource scheduler",
        "CurrentDirectory":  "C:\\WINDOWS\\system32\\",
        "Hashes":  "SHA1=618FCF728B67FE5C89C9502BBCBC02D6B4551DB3,MD5=A8FD9222E4D72596BB37DA8BE95C0BA4,SHA256=52FC3AA9F704300041E486E57FE863218E4CDF4C8EEE05CA6B99A296EFEE5737,IMPHASH=7DF1816239C5BC855600D41210406C5B",
        "Image":  "C:\\Program Files (x86)\\Google\\Update\\GoogleUpdate.exe",
        "UtcTime":  "2019-06-04 10:14:26.228",
        "ProcessGuid":  "{AC6A4E42-4482-5CF6-0000-0010B3246600}",
        "Company":  "Google Inc.",
        "IntegrityLevel":  "System",
        "EventId":  1,
        "FileVersion":  "1.3.31.5",
        "User":  "NT AUTHORITY\\SYSTEM",
        "RuleName":  null,
        "Product":  "Google Update",
        "LogonId":  "0x3e7",
        "ProcessId":  "4044",
        "LogonGuid":  "{AC6A4E42-0410-5CF4-0000-0020E7030000}",
        "TerminalSessionId":  "0",
        "ParentProcessGuid":  "{AC6A4E42-0412-5CF4-0000-0010590A0100}",
        "ParentProcessId":  "988",
        "ParentImage":  "C:\\Windows\\System32\\svchost.exe"
    },
    {
        "ParentCommandLine":  "C:\\WINDOWS\\system32\\svchost.exe -k netsvcs -p",
        "Description":  "Windows Problem Reporting",
        "CommandLine":  "C:\\WINDOWS\\system32\\wermgr.exe -upload",
        "CurrentDirectory":  "C:\\WINDOWS\\system32\\",
        "Hashes":  "SHA1=1ED4AE92D235497F62610078D51105C4634AFADE,MD5=FF214585BF10206E21EA8EBA202FACFD,SHA256=C48C430EB07ACC2FF8BDDD6057F5C9F72C2E83F67478F1E4A1792AF866711538,IMPHASH=978FE06ED1813DC665ECDD672FEFCA83",
        "Image":  "C:\\Windows\\System32\\wermgr.exe",
        "UtcTime":  "2019-06-04 10:14:26.259",
        "ProcessGuid":  "{AC6A4E42-4482-5CF6-0000-001094256600}",
        "Company":  "Microsoft Corporation",
        "IntegrityLevel":  "System",
        "EventId":  1,
        "FileVersion":  "10.0.17134.1 (WinBuild.160101.0800)",
        "User":  "NT AUTHORITY\\SYSTEM",
        "RuleName":  null,
        "Product":  "Microsoft? Windows? Operating System",
        "LogonId":  "0x3e7",
        "ProcessId":  "5464",
        "LogonGuid":  "{AC6A4E42-0410-5CF4-0000-0020E7030000}",
        "TerminalSessionId":  "0",
        "ParentProcessGuid":  "{AC6A4E42-0412-5CF4-0000-0010590A0100}",
        "ParentProcessId":  "988",
        "ParentImage":  "C:\\Windows\\System32\\svchost.exe"
    },
    {
        "ParentCommandLine":  "C:\\WINDOWS\\system32\\svchost.exe -k netsvcs -p",
        "Description":  "Windows SQM Consolidator",
        "CommandLine":  "C:\\WINDOWS\\System32\\wsqmcons.exe",
        "CurrentDirectory":  "C:\\WINDOWS\\system32\\",
        "Hashes":  "SHA1=9F3A80C752C3D845ACDB7445A60CF38E51CD3B8A,MD5=CBB79FBFE8F0C65824DAEC8200AE2102,SHA256=AF956E89E5A9676D037492B320053BC120E596D285FED5CCDB71344537F3ECE9,IMPHASH=9BD23326788EF7B1BB5A7F92D0C72C05",
        "Image":  "C:\\Windows\\System32\\wsqmcons.exe",
        "UtcTime":  "2019-06-04 10:14:26.278",
        "ProcessGuid":  "{AC6A4E42-4482-5CF6-0000-0010E0256600}",
        "Company":  "Microsoft Corporation",
        "IntegrityLevel":  "System",
        "EventId":  1,
        "FileVersion":  "10.0.17134.1 (WinBuild.160101.0800)",
        "User":  "NT AUTHORITY\\SYSTEM",
        "RuleName":  null,
        "Product":  "Microsoft? Windows? Operating System",
        "LogonId":  "0x3e7",
        "ProcessId":  "3944",
        "LogonGuid":  "{AC6A4E42-0410-5CF4-0000-0020E7030000}",
        "TerminalSessionId":  "0",
        "ParentProcessGuid":  "{AC6A4E42-0412-5CF4-0000-0010590A0100}",
        "ParentProcessId":  "988",
        "ParentImage":  "C:\\Windows\\System32\\svchost.exe"
    },
    {
        "ParentCommandLine":  "C:\\WINDOWS\\system32\\svchost.exe -k netsvcs -p",
        "Description":  "Host Process for Windows Tasks",
        "CommandLine":  "taskhostw.exe SYSTEM",
        "CurrentDirectory":  "C:\\WINDOWS\\system32\\",
        "Hashes":  "SHA1=2A594345FBCAAD453C72BD0937CBF67FB43A74DF,MD5=CE95E236FC9FE2D6F16C926C75B18BAF,SHA256=740122D338FFD2CBB0877F8AC17B28218EAD02F08A9B28D5266C94E33F938085,IMPHASH=3627BE269990D67CF76A03FA55EF9A08",
        "Image":  "C:\\Windows\\System32\\taskhostw.exe",
        "UtcTime":  "2019-06-04 10:14:26.215",
        "ProcessGuid":  "{AC6A4E42-4482-5CF6-0000-001052246600}",
        "Company":  "Microsoft Corporation",
        "IntegrityLevel":  "System",
        "EventId":  1,
        "FileVersion":  "10.0.17134.1 (WinBuild.160101.0800)",
        "User":  "NT AUTHORITY\\SYSTEM",
        "RuleName":  null,
        "Product":  "Microsoft? Windows? Operating System",
        "LogonId":  "0x3e7",
        "ProcessId":  "5024",
        "LogonGuid":  "{AC6A4E42-0410-5CF4-0000-0020E7030000}",
        "TerminalSessionId":  "0",
        "ParentProcessGuid":  "{AC6A4E42-0412-5CF4-0000-0010590A0100}",
        "ParentProcessId":  "988",
        "ParentImage":  "C:\\Windows\\System32\\svchost.exe"
    },
    {
        "ParentCommandLine":  "C:\\WINDOWS\\system32\\svchost.exe -k netsvcs -p",
        "Description":  "SIH Client",
        "CommandLine":  "C:\\WINDOWS\\System32\\sihclient.exe",
        "CurrentDirectory":  "C:\\WINDOWS\\system32\\",
        "Hashes":  "SHA1=0E5421E832745A3B285A474EF7AFE40D47B7F428,MD5=95DE8774555887A314F85EAD3FAA86B3,SHA256=07124D8962DB1E0A7754121A00C17CC6113323F870DA4537FE0BCC11C76BCF0A,IMPHASH=7C6BD404E399045A8715B44445D9F47E",
        "Image":  "C:\\Windows\\System32\\SIHClient.exe",
        "UtcTime":  "2019-06-04 10:14:26.402",
        "ProcessGuid":  "{AC6A4E42-4482-5CF6-0000-0010E2266600}",
        "Company":  "Microsoft Corporation",
        "IntegrityLevel":  "System",
        "EventId":  1,
        "FileVersion":  "10.0.17134.1 (WinBuild.160101.0800)",
        "User":  "NT AUTHORITY\\SYSTEM",
        "RuleName":  null,
        "Product":  "Microsoft? Windows? Operating System",
        "LogonId":  "0x3e7",
        "ProcessId":  "2672",
        "LogonGuid":  "{AC6A4E42-0410-5CF4-0000-0020E7030000}",
        "TerminalSessionId":  "0",
        "ParentProcessGuid":  "{AC6A4E42-0412-5CF4-0000-0010590A0100}",
        "ParentProcessId":  "988",
        "ParentImage":  "C:\\Windows\\System32\\svchost.exe"
    },
    {
        "ParentCommandLine":  "C:\\WINDOWS\\system32\\svchost.exe -k netsvcs -p",
        "Description":  "Host Process for Windows Tasks",
        "CommandLine":  "taskhostw.exe USER",
        "CurrentDirectory":  "C:\\WINDOWS\\system32\\",
        "Hashes":  "SHA1=2A594345FBCAAD453C72BD0937CBF67FB43A74DF,MD5=CE95E236FC9FE2D6F16C926C75B18BAF,SHA256=740122D338FFD2CBB0877F8AC17B28218EAD02F08A9B28D5266C94E33F938085,IMPHASH=3627BE269990D67CF76A03FA55EF9A08",
        "Image":  "C:\\Windows\\System32\\taskhostw.exe",
        "UtcTime":  "2019-06-04 10:14:26.849",
        "ProcessGuid":  "{AC6A4E42-4482-5CF6-0000-001000296600}",
        "Company":  "Microsoft Corporation",
        "IntegrityLevel":  "Medium",
        "EventId":  1,
        "FileVersion":  "10.0.17134.1 (WinBuild.160101.0800)",
        "User":  "SEC504STUDENT\\Sec504",
        "RuleName":  null,
        "Product":  "Microsoft? Windows? Operating System",
        "LogonId":  "0x2c0d8",
        "ProcessId":  "4452",
        "LogonGuid":  "{AC6A4E42-0419-5CF4-0000-0020D8C00200}",
        "TerminalSessionId":  "1",
        "ParentProcessGuid":  "{AC6A4E42-0412-5CF4-0000-0010590A0100}",
        "ParentProcessId":  "988",
        "ParentImage":  "C:\\Windows\\System32\\svchost.exe"
    },
    {
        "ParentCommandLine":  "C:\\WINDOWS\\system32\\svchost.exe -k netsvcs -p",
        "Description":  "Microsoft Feeds Synchronization",
        "CommandLine":  "C:\\Windows\\system32\\msfeedssync.exe sync",
        "CurrentDirectory":  "C:\\WINDOWS\\system32\\",
        "Hashes":  "SHA1=036CAB158CD45F9155DAF85B8D847BF5B13099A2,MD5=CDC89D5CEA5B1CEB0A8F34D030CCB7D1,SHA256=2DE228CAD2E542B2AF2554D61FAB5463ECBBA3FF8349BA88C3E48637ED8086E9,IMPHASH=E22B4193AC1639CCDCA0DCF2C8C3F735",
        "Image":  "C:\\Windows\\System32\\msfeedssync.exe",
        "UtcTime":  "2019-06-04 10:14:26.891",
        "ProcessGuid":  "{AC6A4E42-4482-5CF6-0000-001051296600}",
        "Company":  "Microsoft Corporation",
        "IntegrityLevel":  "Medium",
        "EventId":  1,
        "FileVersion":  "11.00.17134.1 (WinBuild.160101.0800)",
        "User":  "SEC504STUDENT\\Sec504",
        "RuleName":  null,
        "Product":  "Internet Explorer",
        "LogonId":  "0x2c0d8",
        "ProcessId":  "2316",
        "LogonGuid":  "{AC6A4E42-0419-5CF4-0000-0020D8C00200}",
        "TerminalSessionId":  "1",
        "ParentProcessGuid":  "{AC6A4E42-0412-5CF4-0000-0010590A0100}",
        "ParentProcessId":  "988",
        "ParentImage":  "C:\\Windows\\System32\\svchost.exe"
    },
    {
        "ParentCommandLine":  "C:\\WINDOWS\\system32\\svchost.exe -k netsvcs -p",
        "Description":  "Speech Model Download Executable",
        "CommandLine":  "C:\\WINDOWS\\system32\\speech_onecore\\common\\SpeechModelDownload.exe",
        "CurrentDirectory":  "C:\\WINDOWS\\system32\\",
        "Hashes":  "SHA1=3F9E7783F4821CFFC1F0F601361EA2B6F3E3AB23,MD5=08F71705CA28BA0A5D15E2019A26E9A3,SHA256=B1FA6CC2F1F1563D9F1E048EA0BCAA2AAF0C8D87B6B85347963CC959BDA15013,IMPHASH=79B26A118D137F96B98FA3340C9FE317",
        "Image":  "C:\\Windows\\System32\\Speech_OneCore\\common\\SpeechModelDownload.exe",
        "UtcTime":  "2019-06-04 10:14:26.768",
        "ProcessGuid":  "{AC6A4E42-4482-5CF6-0000-0010A5276600}",
        "Company":  "Microsoft Corporation",
        "IntegrityLevel":  "System",
        "EventId":  1,
        "FileVersion":  "10.0.17134.1 (WinBuild.160101.0800)",
        "User":  "NT AUTHORITY\\NETWORK SERVICE",
        "RuleName":  null,
        "Product":  "Microsoft? Windows? Operating System",
        "LogonId":  "0x3e4",
        "ProcessId":  "732",
        "LogonGuid":  "{AC6A4E42-0411-5CF4-0000-0020E4030000}",
        "TerminalSessionId":  "0",
        "ParentProcessGuid":  "{AC6A4E42-0412-5CF4-0000-0010590A0100}",
        "ParentProcessId":  "988",
        "ParentImage":  "C:\\Windows\\System32\\svchost.exe"
    },
    {
        "ParentCommandLine":  "C:\\WINDOWS\\system32\\svchost.exe -k netsvcs -p",
        "Description":  "Device Census",
        "CommandLine":  "C:\\WINDOWS\\system32\\devicecensus.exe",
        "CurrentDirectory":  "C:\\WINDOWS\\system32\\",
        "Hashes":  "SHA1=E86B11544C4D850EB6C8A83AF60CC011B697863B,MD5=0CDFB58D187B106D7F6A51588E6E334A,SHA256=CBAEB417B4814DF755DC85DC249142B4687E6FE341B1C0F2D8F08D440AE80808,IMPHASH=1BC286C06DF592B67B9BBF5DAC9DDDF9",
        "Image":  "C:\\Windows\\System32\\DeviceCensus.exe",
        "UtcTime":  "2019-06-04 10:14:27.422",
        "ProcessGuid":  "{AC6A4E42-4483-5CF6-0000-00102D2A6600}",
        "Company":  "Microsoft Corporation",
        "IntegrityLevel":  "System",
        "EventId":  1,
        "FileVersion":  "10.0.17134.1 (WinBuild.160101.0800)",
        "User":  "NT AUTHORITY\\SYSTEM",
        "RuleName":  null,
        "Product":  "Microsoft? Windows? Operating System",
        "LogonId":  "0x3e7",
        "ProcessId":  "1720",
        "LogonGuid":  "{AC6A4E42-0410-5CF4-0000-0020E7030000}",
        "TerminalSessionId":  "0",
        "ParentProcessGuid":  "{AC6A4E42-0412-5CF4-0000-0010590A0100}",
        "ParentProcessId":  "988",
        "ParentImage":  "C:\\Windows\\System32\\svchost.exe"
    },
    {
        "ParentCommandLine":  "C:\\WINDOWS\\system32\\svchost.exe -k netsvcs -p",
        "Description":  "Microsoft Compatibility Telemetry",
        "CommandLine":  "C:\\WINDOWS\\system32\\compattelrunner.exe",
        "CurrentDirectory":  "C:\\WINDOWS\\system32\\",
        "Hashes":  "SHA1=087516F64E124B47178812EB5C13DA6E689C9CA6,MD5=7C3B9E879090F58DE81DB1BFDFF1206E,SHA256=F33317CB08C30C78CC1362FB61FE125979B6E12035E2793382D03133D7F17821,IMPHASH=F729F8CAA04F4E4BAD842E0DD0D5562F",
        "Image":  "C:\\Windows\\System32\\CompatTelRunner.exe",
        "UtcTime":  "2019-06-04 10:14:26.850",
        "ProcessGuid":  "{AC6A4E42-4482-5CF6-0000-00106D276600}",
        "Company":  "Microsoft Corporation",
        "IntegrityLevel":  "System",
        "EventId":  1,
        "FileVersion":  "10.0.17134.1 (WinBuild.160101.0800)",
        "User":  "NT AUTHORITY\\SYSTEM",
        "RuleName":  null,
        "Product":  "Microsoft? Windows? Operating System",
        "LogonId":  "0x3e7",
        "ProcessId":  "4520",
        "LogonGuid":  "{AC6A4E42-0410-5CF4-0000-0020E7030000}",
        "TerminalSessionId":  "0",
        "ParentProcessGuid":  "{AC6A4E42-0412-5CF4-0000-0010590A0100}",
        "ParentProcessId":  "988",
        "ParentImage":  "C:\\Windows\\System32\\svchost.exe"
    },
    {
        "ParentCommandLine":  "C:\\WINDOWS\\system32\\svchost.exe -k netsvcs -p",
        "Description":  "UsoClient",
        "CommandLine":  "C:\\WINDOWS\\system32\\usoclient.exe StartScan",
        "CurrentDirectory":  "C:\\WINDOWS\\system32\\",
        "Hashes":  "SHA1=F2A71FBAB19CD1EE204B58288305BB45FB0488EC,MD5=4BBDA6EBE47623A13B100DE4B0C759E3,SHA256=217E1EF6DAE41F6E83173FCB5E3CCB8D2BE94ED5842F83F4290D7A348D8DF6F0,IMPHASH=CFEF2EF07EC4AA86A5CC65CF37C4BC46",
        "Image":  "C:\\Windows\\System32\\UsoClient.exe",
        "UtcTime":  "2019-06-04 10:14:27.661",
        "ProcessGuid":  "{AC6A4E42-4483-5CF6-0000-0010042B6600}",
        "Company":  "Microsoft Corporation",
        "IntegrityLevel":  "System",
        "EventId":  1,
        "FileVersion":  "10.0.17134.1 (WinBuild.160101.0800)",
        "User":  "NT AUTHORITY\\SYSTEM",
        "RuleName":  null,
        "Product":  "Microsoft? Windows? Operating System",
        "LogonId":  "0x3e7",
        "ProcessId":  "196",
        "LogonGuid":  "{AC6A4E42-0410-5CF4-0000-0020E7030000}",
        "TerminalSessionId":  "0",
        "ParentProcessGuid":  "{AC6A4E42-0412-5CF4-0000-0010590A0100}",
        "ParentProcessId":  "988",
        "ParentImage":  "C:\\Windows\\System32\\svchost.exe"
    },
    {
        "ParentCommandLine":  "C:\\WINDOWS\\system32\\svchost.exe -k DcomLaunch -p",
        "Description":  "Background Task Host",
        "CommandLine":  "\"C:\\WINDOWS\\system32\\backgroundTaskHost.exe\" -ServerName:App.AppXmtcan0h2tfbfy7k9kn8hbxb6dmzz1zh0.mca",
        "CurrentDirectory":  "C:\\Windows\\SystemApps\\Microsoft.Windows.ContentDeliveryManager_cw5n1h2txyewy\\",
        "Hashes":  "SHA1=EA114FDE884B16817A7D348660EA6FA1C217D315,MD5=B7FC4A29431D4F795BBAB1FB182B759A,SHA256=48B9EB1E31B0C2418742CE07675D58C974DD9F03007988C90C1E38F217F5C65B,IMPHASH=D2ACF1CBC4A6DB14A34C687B9362D66B",
        "Image":  "C:\\Windows\\System32\\backgroundTaskHost.exe",
        "UtcTime":  "2019-06-04 10:14:28.280",
        "ProcessGuid":  "{AC6A4E42-4484-5CF6-0000-0010C6326600}",
        "Company":  "Microsoft Corporation",
        "IntegrityLevel":  "AppContainer",
        "EventId":  1,
        "FileVersion":  "10.0.17134.1 (WinBuild.160101.0800)",
        "User":  "SEC504STUDENT\\Sec504",
        "RuleName":  null,
        "Product":  "Microsoft? Windows? Operating System",
        "LogonId":  "0x2c0d8",
        "ProcessId":  "940",
        "LogonGuid":  "{AC6A4E42-0419-5CF4-0000-0020D8C00200}",
        "TerminalSessionId":  "1",
        "ParentProcessGuid":  "{AC6A4E42-0411-5CF4-0000-00108EA50000}",
        "ParentProcessId":  "716",
        "ParentImage":  "C:\\Windows\\System32\\svchost.exe"
    },
    {
        "ParentCommandLine":  "C:\\WINDOWS\\system32\\svchost.exe -k DcomLaunch -p",
        "Description":  "Background Task Host",
        "CommandLine":  "\"C:\\WINDOWS\\system32\\backgroundTaskHost.exe\" -ServerName:App.AppXemn3t55segp7q92mwd35v2a5rk5mvwyz.mca",
        "CurrentDirectory":  "C:\\Program Files\\WindowsApps\\Microsoft.OneConnect_5.1902.361.0_x64__8wekyb3d8bbwe\\",
        "Hashes":  "SHA1=EA114FDE884B16817A7D348660EA6FA1C217D315,MD5=B7FC4A29431D4F795BBAB1FB182B759A,SHA256=48B9EB1E31B0C2418742CE07675D58C974DD9F03007988C90C1E38F217F5C65B,IMPHASH=D2ACF1CBC4A6DB14A34C687B9362D66B",
        "Image":  "C:\\Windows\\System32\\backgroundTaskHost.exe",
        "UtcTime":  "2019-06-04 10:14:28.502",
        "ProcessGuid":  "{AC6A4E42-4484-5CF6-0000-001014376600}",
        "Company":  "Microsoft Corporation",
        "IntegrityLevel":  "AppContainer",
        "EventId":  1,
        "FileVersion":  "10.0.17134.1 (WinBuild.160101.0800)",
        "User":  "SEC504STUDENT\\Sec504",
        "RuleName":  null,
        "Product":  "Microsoft? Windows? Operating System",
        "LogonId":  "0x2c0d8",
        "ProcessId":  "2772",
        "LogonGuid":  "{AC6A4E42-0419-5CF4-0000-0020D8C00200}",
        "TerminalSessionId":  "1",
        "ParentProcessGuid":  "{AC6A4E42-0411-5CF4-0000-00108EA50000}",
        "ParentProcessId":  "716",
        "ParentImage":  "C:\\Windows\\System32\\svchost.exe"
    },
    {
        "ParentCommandLine":  "C:\\WINDOWS\\system32\\devicecensus.exe",
        "Description":  "Console Window Host",
        "CommandLine":  "\\??\\C:\\WINDOWS\\system32\\conhost.exe 0xffffffff -ForceV1",
        "CurrentDirectory":  "C:\\WINDOWS",
        "Hashes":  "SHA1=8F9BC1B7D65188D0ADBDF74CCCE4EED78BF4C129,MD5=EA777DEEA782E8B4D7C7C33BBF8A4496,SHA256=04B6A35BC504401989B9E674C57C9E84D0CBDBBD9D8CE0CE83D7CECA0B7175ED,IMPHASH=63E065B05DF33ACB4D95B3DD04670B8F",
        "Image":  "C:\\Windows\\System32\\conhost.exe",
        "UtcTime":  "2019-06-04 10:14:35.902",
        "ProcessGuid":  "{AC6A4E42-448B-5CF6-0000-0010129B6600}",
        "Company":  "Microsoft Corporation",
        "IntegrityLevel":  "System",
        "EventId":  1,
        "FileVersion":  "10.0.17134.1 (WinBuild.160101.0800)",
        "User":  "NT AUTHORITY\\SYSTEM",
        "RuleName":  null,
        "Product":  "Microsoft? Windows? Operating System",
        "LogonId":  "0x3e7",
        "ProcessId":  "5008",
        "LogonGuid":  "{AC6A4E42-0410-5CF4-0000-0020E7030000}",
        "TerminalSessionId":  "0",
        "ParentProcessGuid":  "{AC6A4E42-4483-5CF6-0000-00102D2A6600}",
        "ParentProcessId":  "1720",
        "ParentImage":  "C:\\Windows\\System32\\DeviceCensus.exe"
    },
    {
        "ParentCommandLine":  "C:\\WINDOWS\\system32\\compattelrunner.exe",
        "Description":  "Console Window Host",
        "CommandLine":  "\\??\\C:\\WINDOWS\\system32\\conhost.exe 0xffffffff -ForceV1",
        "CurrentDirectory":  "C:\\WINDOWS",
        "Hashes":  "SHA1=8F9BC1B7D65188D0ADBDF74CCCE4EED78BF4C129,MD5=EA777DEEA782E8B4D7C7C33BBF8A4496,SHA256=04B6A35BC504401989B9E674C57C9E84D0CBDBBD9D8CE0CE83D7CECA0B7175ED,IMPHASH=63E065B05DF33ACB4D95B3DD04670B8F",
        "Image":  "C:\\Windows\\System32\\conhost.exe",
        "UtcTime":  "2019-06-04 10:14:31.219",
        "ProcessGuid":  "{AC6A4E42-4487-5CF6-0000-001043626600}",
        "Company":  "Microsoft Corporation",
        "IntegrityLevel":  "System",
        "EventId":  1,
        "FileVersion":  "10.0.17134.1 (WinBuild.160101.0800)",
        "User":  "NT AUTHORITY\\SYSTEM",
        "RuleName":  null,
        "Product":  "Microsoft? Windows? Operating System",
        "LogonId":  "0x3e7",
        "ProcessId":  "1248",
        "LogonGuid":  "{AC6A4E42-0410-5CF4-0000-0020E7030000}",
        "TerminalSessionId":  "0",
        "ParentProcessGuid":  "{AC6A4E42-4482-5CF6-0000-00106D276600}",
        "ParentProcessId":  "4520",
        "ParentImage":  "C:\\Windows\\System32\\CompatTelRunner.exe"
    },
    {
        "ParentCommandLine":  "C:\\WINDOWS\\system32\\services.exe",
        "Description":  "Host Process for Windows Services",
        "CommandLine":  "C:\\WINDOWS\\system32\\svchost.exe -k wusvcs -p",
        "CurrentDirectory":  "C:\\WINDOWS\\system32\\",
        "Hashes":  "SHA1=660B76B6FB802417D513ADC967C5CAF77FC2BAC6,MD5=32569E403279B3FD2EDB7EBD036273FA,SHA256=C9A28DC8004C3E043CBF8E3A194FDA2B756CE90740DF2175488337281B485F69,IMPHASH=3A8297483C1777054C7BAFEA5E6A8853",
        "Image":  "C:\\Windows\\System32\\svchost.exe",
        "UtcTime":  "2019-06-04 10:14:36.319",
        "ProcessGuid":  "{AC6A4E42-448C-5CF6-0000-00101CAA6600}",
        "Company":  "Microsoft Corporation",
        "IntegrityLevel":  "System",
        "EventId":  1,
        "FileVersion":  "10.0.17134.1 (WinBuild.160101.0800)",
        "User":  "NT AUTHORITY\\SYSTEM",
        "RuleName":  null,
        "Product":  "Microsoft? Windows? Operating System",
        "LogonId":  "0x3e7",
        "ProcessId":  "3648",
        "LogonGuid":  "{AC6A4E42-0410-5CF4-0000-0020E7030000}",
        "TerminalSessionId":  "0",
        "ParentProcessGuid":  "{AC6A4E42-0410-5CF4-0000-001002910000}",
        "ParentProcessId":  "572",
        "ParentImage":  "C:\\Windows\\System32\\services.exe"
    },
    {
        "ParentCommandLine":  "C:\\WINDOWS\\system32\\compattelrunner.exe",
        "Description":  "Microsoft Compatibility Telemetry",
        "CommandLine":  "C:\\WINDOWS\\system32\\CompatTelRunner.exe -m:appraiser.dll -f:DoScheduledTelemetryRun -cv:tQapcBPy+02GgE7O.1",
        "CurrentDirectory":  "C:\\WINDOWS\\system32\\",
        "Hashes":  "SHA1=087516F64E124B47178812EB5C13DA6E689C9CA6,MD5=7C3B9E879090F58DE81DB1BFDFF1206E,SHA256=F33317CB08C30C78CC1362FB61FE125979B6E12035E2793382D03133D7F17821,IMPHASH=F729F8CAA04F4E4BAD842E0DD0D5562F",
        "Image":  "C:\\Windows\\System32\\CompatTelRunner.exe",
        "UtcTime":  "2019-06-04 10:14:53.385",
        "ProcessGuid":  "{AC6A4E42-449D-5CF6-0000-001071206800}",
        "Company":  "Microsoft Corporation",
        "IntegrityLevel":  "System",
        "EventId":  1,
        "FileVersion":  "10.0.17134.1 (WinBuild.160101.0800)",
        "User":  "NT AUTHORITY\\SYSTEM",
        "RuleName":  null,
        "Product":  "Microsoft? Windows? Operating System",
        "LogonId":  "0x3e7",
        "ProcessId":  "1108",
        "LogonGuid":  "{AC6A4E42-0410-5CF4-0000-0020E7030000}",
        "TerminalSessionId":  "0",
        "ParentProcessGuid":  "{AC6A4E42-4482-5CF6-0000-00106D276600}",
        "ParentProcessId":  "4520",
        "ParentImage":  "C:\\Windows\\System32\\CompatTelRunner.exe"
    },
    {
        "ParentCommandLine":  "C:\\WINDOWS\\system32\\svchost.exe -k DcomLaunch -p",
        "Description":  "WMI Provider Host",
        "CommandLine":  "C:\\WINDOWS\\system32\\wbem\\wmiprvse.exe -Embedding",
        "CurrentDirectory":  "C:\\WINDOWS\\system32\\",
        "Hashes":  "SHA1=BDAB221CCEF7ACD7A027447725DE8FFEAEBEF22C,MD5=A782A4ED336750D10B3CAF776AFE8E70,SHA256=C8533BB3B6088EFB1D641B76FC7583C6BB7AA60B2CCC18F01FFE55A08D1664B7,IMPHASH=4C65639464BEB5DE1E9CA17A71DF4BEF",
        "Image":  "C:\\Windows\\System32\\wbem\\WmiPrvSE.exe",
        "UtcTime":  "2019-06-04 10:14:53.946",
        "ProcessGuid":  "{AC6A4E42-449D-5CF6-0000-0010762E6800}",
        "Company":  "Microsoft Corporation",
        "IntegrityLevel":  "System",
        "EventId":  1,
        "FileVersion":  "10.0.17134.1 (WinBuild.160101.0800)",
        "User":  "NT AUTHORITY\\SYSTEM",
        "RuleName":  null,
        "Product":  "Microsoft? Windows? Operating System",
        "LogonId":  "0x3e7",
        "ProcessId":  "4972",
        "LogonGuid":  "{AC6A4E42-0410-5CF4-0000-0020E7030000}",
        "TerminalSessionId":  "0",
        "ParentProcessGuid":  "{AC6A4E42-0411-5CF4-0000-00108EA50000}",
        "ParentProcessId":  "716",
        "ParentImage":  "C:\\Windows\\System32\\svchost.exe"
    },
    {
        "ParentCommandLine":  "C:\\WINDOWS\\system32\\svchost.exe -k DcomLaunch -p",
        "Description":  "Runtime Broker",
        "CommandLine":  "C:\\Windows\\System32\\RuntimeBroker.exe -Embedding",
        "CurrentDirectory":  "C:\\WINDOWS\\system32\\",
        "Hashes":  "SHA1=12124C44EC062C96EFF72E4F87C5E6782E73ADCC,MD5=C7E36B4A5D9E6AC600DD7A0E0D52DAC5,SHA256=5C5AC5C17B10C47EFFEFF95687B6298773F74DCDB5BFA01CA185311343FDADCC,IMPHASH=7CB280A8578C9296B3E29AD28A96EF15",
        "Image":  "C:\\Windows\\System32\\RuntimeBroker.exe",
        "UtcTime":  "2019-06-04 10:14:55.794",
        "ProcessGuid":  "{AC6A4E42-449F-5CF6-0000-00102C816800}",
        "Company":  "Microsoft Corporation",
        "IntegrityLevel":  "Medium",
        "EventId":  1,
        "FileVersion":  "10.0.17134.1 (WinBuild.160101.0800)",
        "User":  "SEC504STUDENT\\Sec504",
        "RuleName":  null,
        "Product":  "Microsoft? Windows? Operating System",
        "LogonId":  "0x2c0d8",
        "ProcessId":  "3248",
        "LogonGuid":  "{AC6A4E42-0419-5CF4-0000-0020D8C00200}",
        "TerminalSessionId":  "1",
        "ParentProcessGuid":  "{AC6A4E42-0411-5CF4-0000-00108EA50000}",
        "ParentProcessId":  "716",
        "ParentImage":  "C:\\Windows\\System32\\svchost.exe"
    },
    {
        "ParentCommandLine":  "C:\\WINDOWS\\system32\\services.exe",
        "Description":  "Microsoft Software Protection Platform Service",
        "CommandLine":  "C:\\WINDOWS\\system32\\sppsvc.exe",
        "CurrentDirectory":  "C:\\WINDOWS",
        "Hashes":  "SHA1=7749D1C531D85C69047576B3BB3525E0B01A2942,MD5=FEEC8055C5986182C717DD888000AEF6,SHA256=E09B7B1DE43A226842A4B8C591D712E51585BC7E8A39CFB8852CBF16D234C3A6,IMPHASH=C42F40AB10E3DCDA39CACEA7B6F2A6A0",
        "Image":  "C:\\Windows\\System32\\sppsvc.exe",
        "UtcTime":  "2019-06-04 10:14:58.366",
        "ProcessGuid":  "{AC6A4E42-44A2-5CF6-0000-001000A96800}",
        "Company":  "Microsoft Corporation",
        "IntegrityLevel":  "System",
        "EventId":  1,
        "FileVersion":  "10.0.17134.1 (WinBuild.160101.0800)",
        "User":  "NT AUTHORITY\\NETWORK SERVICE",
        "RuleName":  null,
        "Product":  "Microsoft? Windows? Operating System",
        "LogonId":  "0x3e4",
        "ProcessId":  "1136",
        "LogonGuid":  "{AC6A4E42-0411-5CF4-0000-0020E4030000}",
        "TerminalSessionId":  "0",
        "ParentProcessGuid":  "{AC6A4E42-0410-5CF4-0000-001002910000}",
        "ParentProcessId":  "572",
        "ParentImage":  "C:\\Windows\\System32\\services.exe"
    },
    {
        "ParentCommandLine":  "C:\\WINDOWS\\system32\\devicecensus.exe",
        "Description":  "Device Census",
        "CommandLine":  "C:\\WINDOWS\\system32\\devicecensus.exe UserCxt",
        "CurrentDirectory":  "C:\\WINDOWS\\system32\\",
        "Hashes":  "SHA1=E86B11544C4D850EB6C8A83AF60CC011B697863B,MD5=0CDFB58D187B106D7F6A51588E6E334A,SHA256=CBAEB417B4814DF755DC85DC249142B4687E6FE341B1C0F2D8F08D440AE80808,IMPHASH=1BC286C06DF592B67B9BBF5DAC9DDDF9",
        "Image":  "C:\\Windows\\System32\\DeviceCensus.exe",
        "UtcTime":  "2019-06-04 10:15:04.506",
        "ProcessGuid":  "{AC6A4E42-44A8-5CF6-0000-001021E16800}",
        "Company":  "Microsoft Corporation",
        "IntegrityLevel":  "Medium",
        "EventId":  1,
        "FileVersion":  "10.0.17134.1 (WinBuild.160101.0800)",
        "User":  "SEC504STUDENT\\Sec504",
        "RuleName":  null,
        "Product":  "Microsoft? Windows? Operating System",
        "LogonId":  "0x2c0d8",
        "ProcessId":  "5512",
        "LogonGuid":  "{AC6A4E42-0419-5CF4-0000-0020D8C00200}",
        "TerminalSessionId":  "1",
        "ParentProcessGuid":  "{AC6A4E42-4483-5CF6-0000-00102D2A6600}",
        "ParentProcessId":  "1720",
        "ParentImage":  "C:\\Windows\\System32\\DeviceCensus.exe"
    },
    {
        "ParentCommandLine":  "C:\\WINDOWS\\system32\\devicecensus.exe UserCxt",
        "Description":  "Console Window Host",
        "CommandLine":  "\\??\\C:\\WINDOWS\\system32\\conhost.exe 0xffffffff -ForceV1",
        "CurrentDirectory":  "C:\\WINDOWS",
        "Hashes":  "SHA1=8F9BC1B7D65188D0ADBDF74CCCE4EED78BF4C129,MD5=EA777DEEA782E8B4D7C7C33BBF8A4496,SHA256=04B6A35BC504401989B9E674C57C9E84D0CBDBBD9D8CE0CE83D7CECA0B7175ED,IMPHASH=63E065B05DF33ACB4D95B3DD04670B8F",
        "Image":  "C:\\Windows\\System32\\conhost.exe",
        "UtcTime":  "2019-06-04 10:15:04.511",
        "ProcessGuid":  "{AC6A4E42-44A8-5CF6-0000-0010A7E16800}",
        "Company":  "Microsoft Corporation",
        "IntegrityLevel":  "Medium",
        "EventId":  1,
        "FileVersion":  "10.0.17134.1 (WinBuild.160101.0800)",
        "User":  "SEC504STUDENT\\Sec504",
        "RuleName":  null,
        "Product":  "Microsoft? Windows? Operating System",
        "LogonId":  "0x2c0d8",
        "ProcessId":  "4304",
        "LogonGuid":  "{AC6A4E42-0419-5CF4-0000-0020D8C00200}",
        "TerminalSessionId":  "1",
        "ParentProcessGuid":  "{AC6A4E42-44A8-5CF6-0000-001021E16800}",
        "ParentProcessId":  "5512",
        "ParentImage":  "C:\\Windows\\System32\\DeviceCensus.exe"
    },
    {
        "ParentCommandLine":  "C:\\WINDOWS\\system32\\svchost.exe -k DcomLaunch -p",
        "Description":  "Windows Defender SmartScreen",
        "CommandLine":  "C:\\Windows\\System32\\smartscreen.exe -Embedding",
        "CurrentDirectory":  "C:\\WINDOWS\\system32\\",
        "Hashes":  "SHA1=514D4BA9F281606B08E172C68FB429257BEDE361,MD5=ECD6F6120A4A1903508D24F9B1F10505,SHA256=91F643B84062091BF62DD25BEFD6B79B4E3351F385655D0F447424EBC72D18E5,IMPHASH=60648B2317542350930F5E43FEF135FC",
        "Image":  "C:\\Windows\\System32\\smartscreen.exe",
        "UtcTime":  "2019-06-04 10:15:16.346",
        "ProcessGuid":  "{AC6A4E42-44B4-5CF6-0000-001063106900}",
        "Company":  "Microsoft Corporation",
        "IntegrityLevel":  "Medium",
        "EventId":  1,
        "FileVersion":  "10.0.17134.1 (WinBuild.160101.0800)",
        "User":  "SEC504STUDENT\\Sec504",
        "RuleName":  null,
        "Product":  "Microsoft? Windows? Operating System",
        "LogonId":  "0x2c0d8",
        "ProcessId":  "1948",
        "LogonGuid":  "{AC6A4E42-0419-5CF4-0000-0020D8C00200}",
        "TerminalSessionId":  "1",
        "ParentProcessGuid":  "{AC6A4E42-0411-5CF4-0000-00108EA50000}",
        "ParentProcessId":  "716",
        "ParentImage":  "C:\\Windows\\System32\\svchost.exe"
    },
    {
        "ParentCommandLine":  "C:\\WINDOWS\\Explorer.EXE",
        "Description":  "Windows Command Processor",
        "CommandLine":  "\"C:\\WINDOWS\\system32\\cmd.exe\" ",
        "CurrentDirectory":  "C:\\Users\\Sec504\\",
        "Hashes":  "SHA1=3CE71813199ABAE99348F61F0CAA34E2574F831C,MD5=4E2ACF4F8A396486AB4268C94A6A245F,SHA256=9A7C58BD98D70631AA1473F7B57B426DB367D72429A5455B433A05EE251F3236,IMPHASH=8542FB14699D84D7E8DA92F66145C7FE",
        "Image":  "C:\\Windows\\System32\\cmd.exe",
        "UtcTime":  "2019-06-04 10:15:17.241",
        "ProcessGuid":  "{AC6A4E42-44B5-5CF6-0000-00100A1F6900}",
        "Company":  "Microsoft Corporation",
        "IntegrityLevel":  "Medium",
        "EventId":  1,
        "FileVersion":  "10.0.17134.1 (WinBuild.160101.0800)",
        "User":  "SEC504STUDENT\\Sec504",
        "RuleName":  null,
        "Product":  "Microsoft? Windows? Operating System",
        "LogonId":  "0x2c0d8",
        "ProcessId":  "4472",
        "LogonGuid":  "{AC6A4E42-0419-5CF4-0000-0020D8C00200}",
        "TerminalSessionId":  "1",
        "ParentProcessGuid":  "{AC6A4E42-041B-5CF4-0000-0010B3310300}",
        "ParentProcessId":  "3504",
        "ParentImage":  "C:\\Windows\\explorer.exe"
    },
    {
        "ParentCommandLine":  "\"C:\\WINDOWS\\system32\\cmd.exe\" ",
        "Description":  "Console Window Host",
        "CommandLine":  "\\??\\C:\\WINDOWS\\system32\\conhost.exe 0xffffffff -ForceV1",
        "CurrentDirectory":  "C:\\WINDOWS",
        "Hashes":  "SHA1=8F9BC1B7D65188D0ADBDF74CCCE4EED78BF4C129,MD5=EA777DEEA782E8B4D7C7C33BBF8A4496,SHA256=04B6A35BC504401989B9E674C57C9E84D0CBDBBD9D8CE0CE83D7CECA0B7175ED,IMPHASH=63E065B05DF33ACB4D95B3DD04670B8F",
        "Image":  "C:\\Windows\\System32\\conhost.exe",
        "UtcTime":  "2019-06-04 10:15:17.401",
        "ProcessGuid":  "{AC6A4E42-44B5-5CF6-0000-0010CF286900}",
        "Company":  "Microsoft Corporation",
        "IntegrityLevel":  "Medium",
        "EventId":  1,
        "FileVersion":  "10.0.17134.1 (WinBuild.160101.0800)",
        "User":  "SEC504STUDENT\\Sec504",
        "RuleName":  null,
        "Product":  "Microsoft? Windows? Operating System",
        "LogonId":  "0x2c0d8",
        "ProcessId":  "3104",
        "LogonGuid":  "{AC6A4E42-0419-5CF4-0000-0020D8C00200}",
        "TerminalSessionId":  "1",
        "ParentProcessGuid":  "{AC6A4E42-44B5-5CF6-0000-00100A1F6900}",
        "ParentProcessId":  "4472",
        "ParentImage":  "C:\\Windows\\System32\\cmd.exe"
    },
    {
        "ParentCommandLine":  "C:\\WINDOWS\\system32\\services.exe",
        "Description":  "Google Installer",
        "CommandLine":  "\"C:\\Program Files (x86)\\Google\\Update\\GoogleUpdate.exe\" /svc",
        "CurrentDirectory":  "C:\\WINDOWS\\system32\\",
        "Hashes":  "SHA1=618FCF728B67FE5C89C9502BBCBC02D6B4551DB3,MD5=A8FD9222E4D72596BB37DA8BE95C0BA4,SHA256=52FC3AA9F704300041E486E57FE863218E4CDF4C8EEE05CA6B99A296EFEE5737,IMPHASH=7DF1816239C5BC855600D41210406C5B",
        "Image":  "C:\\Program Files (x86)\\Google\\Update\\GoogleUpdate.exe",
        "UtcTime":  "2019-06-04 10:15:25.842",
        "ProcessGuid":  "{AC6A4E42-44BD-5CF6-0000-00109A456900}",
        "Company":  "Google Inc.",
        "IntegrityLevel":  "System",
        "EventId":  1,
        "FileVersion":  "1.3.31.5",
        "User":  "NT AUTHORITY\\SYSTEM",
        "RuleName":  null,
        "Product":  "Google Update",
        "LogonId":  "0x3e7",
        "ProcessId":  "2516",
        "LogonGuid":  "{AC6A4E42-0410-5CF4-0000-0020E7030000}",
        "TerminalSessionId":  "0",
        "ParentProcessGuid":  "{AC6A4E42-0410-5CF4-0000-001002910000}",
        "ParentProcessId":  "572",
        "ParentImage":  "C:\\Windows\\System32\\services.exe"
    },
    {
        "ParentCommandLine":  "C:\\WINDOWS\\system32\\svchost.exe -k netsvcs -p",
        "Description":  "Consent UI for administrative applications",
        "CommandLine":  "consent.exe 988 288 00000147E0955250",
        "CurrentDirectory":  "C:\\WINDOWS\\system32\\",
        "Hashes":  "SHA1=35DEC0D1A12C6F1F7A460E3AE75E4D74D5BD815A,MD5=74D31E4F51873160D91B1F80E0C472D0,SHA256=113813A699063EBF391D436A4EFE0B6F95F81E12AF773FABE5511B5CA08E189C,IMPHASH=522D83761201075834F05037F5307949",
        "Image":  "C:\\Windows\\System32\\consent.exe",
        "UtcTime":  "2019-06-04 10:15:33.074",
        "ProcessGuid":  "{AC6A4E42-44C5-5CF6-0000-0010E0886900}",
        "Company":  "Microsoft Corporation",
        "IntegrityLevel":  "System",
        "EventId":  1,
        "FileVersion":  "10.0.17134.1 (WinBuild.160101.0800)",
        "User":  "NT AUTHORITY\\SYSTEM",
        "RuleName":  null,
        "Product":  "Microsoft? Windows? Operating System",
        "LogonId":  "0x3e7",
        "ProcessId":  "5148",
        "LogonGuid":  "{AC6A4E42-0410-5CF4-0000-0020E7030000}",
        "TerminalSessionId":  "1",
        "ParentProcessGuid":  "{AC6A4E42-0412-5CF4-0000-0010590A0100}",
        "ParentProcessId":  "988",
        "ParentImage":  "C:\\Windows\\System32\\svchost.exe"
    },
    {
        "ParentCommandLine":  "C:\\WINDOWS\\system32\\svchost.exe -k DcomLaunch -p",
        "Description":  "COM Surrogate",
        "CommandLine":  "C:\\WINDOWS\\system32\\DllHost.exe /Processid:{E10F6C3A-F1AE-4ADC-AA9D-2FE65525666E}",
        "CurrentDirectory":  "C:\\WINDOWS\\system32\\",
        "Hashes":  "SHA1=257815EF5AC9E0408D327C5D1627D4C3795FF341,MD5=2528137C6745C4EADD87817A1909677E,SHA256=204FD3DA29E9197A7E82AB628E017A74082934E87092AFE18D253446608E0971,IMPHASH=68E651F131674892AE7E46556EB24726",
        "Image":  "C:\\Windows\\System32\\dllhost.exe",
        "UtcTime":  "2019-06-04 10:15:37.295",
        "ProcessGuid":  "{AC6A4E42-44C9-5CF6-0000-001016A16900}",
        "Company":  "Microsoft Corporation",
        "IntegrityLevel":  "System",
        "EventId":  1,
        "FileVersion":  "10.0.17134.1 (WinBuild.160101.0800)",
        "User":  "NT AUTHORITY\\SYSTEM",
        "RuleName":  null,
        "Product":  "Microsoft? Windows? Operating System",
        "LogonId":  "0x3e7",
        "ProcessId":  "5356",
        "LogonGuid":  "{AC6A4E42-0410-5CF4-0000-0020E7030000}",
        "TerminalSessionId":  "1",
        "ParentProcessGuid":  "{AC6A4E42-0411-5CF4-0000-00108EA50000}",
        "ParentProcessId":  "716",
        "ParentImage":  "C:\\Windows\\System32\\svchost.exe"
    },
    {
        "ParentCommandLine":  "C:\\WINDOWS\\system32\\svchost.exe -k DcomLaunch -p",
        "Description":  "COM Surrogate",
        "CommandLine":  "C:\\WINDOWS\\system32\\DllHost.exe /Processid:{E10F6C3A-F1AE-4ADC-AA9D-2FE65525666E}",
        "CurrentDirectory":  "C:\\WINDOWS\\system32\\",
        "Hashes":  "SHA1=257815EF5AC9E0408D327C5D1627D4C3795FF341,MD5=2528137C6745C4EADD87817A1909677E,SHA256=204FD3DA29E9197A7E82AB628E017A74082934E87092AFE18D253446608E0971,IMPHASH=68E651F131674892AE7E46556EB24726",
        "Image":  "C:\\Windows\\System32\\dllhost.exe",
        "UtcTime":  "2019-06-04 10:15:38.002",
        "ProcessGuid":  "{AC6A4E42-44CA-5CF6-0000-001006B46900}",
        "Company":  "Microsoft Corporation",
        "IntegrityLevel":  "System",
        "EventId":  1,
        "FileVersion":  "10.0.17134.1 (WinBuild.160101.0800)",
        "User":  "NT AUTHORITY\\SYSTEM",
        "RuleName":  null,
        "Product":  "Microsoft? Windows? Operating System",
        "LogonId":  "0x3e7",
        "ProcessId":  "2444",
        "LogonGuid":  "{AC6A4E42-0410-5CF4-0000-0020E7030000}",
        "TerminalSessionId":  "0",
        "ParentProcessGuid":  "{AC6A4E42-0411-5CF4-0000-00108EA50000}",
        "ParentProcessId":  "716",
        "ParentImage":  "C:\\Windows\\System32\\svchost.exe"
    },
    {
        "ParentCommandLine":  "C:\\WINDOWS\\Explorer.EXE",
        "Description":  "Windows Command Processor",
        "CommandLine":  "\"C:\\WINDOWS\\system32\\cmd.exe\" ",
        "CurrentDirectory":  "C:\\WINDOWS\\system32\\",
        "Hashes":  "SHA1=3CE71813199ABAE99348F61F0CAA34E2574F831C,MD5=4E2ACF4F8A396486AB4268C94A6A245F,SHA256=9A7C58BD98D70631AA1473F7B57B426DB367D72429A5455B433A05EE251F3236,IMPHASH=8542FB14699D84D7E8DA92F66145C7FE",
        "Image":  "C:\\Windows\\System32\\cmd.exe",
        "UtcTime":  "2019-06-04 10:15:38.109",
        "ProcessGuid":  "{AC6A4E42-44CA-5CF6-0000-001081B76900}",
        "Company":  "Microsoft Corporation",
        "IntegrityLevel":  "High",
        "EventId":  1,
        "FileVersion":  "10.0.17134.1 (WinBuild.160101.0800)",
        "User":  "SEC504STUDENT\\Sec504",
        "RuleName":  null,
        "Product":  "Microsoft? Windows? Operating System",
        "LogonId":  "0x2c0a4",
        "ProcessId":  "5432",
        "LogonGuid":  "{AC6A4E42-0419-5CF4-0000-0020A4C00200}",
        "TerminalSessionId":  "1",
        "ParentProcessGuid":  "{AC6A4E42-041B-5CF4-0000-0010B3310300}",
        "ParentProcessId":  "3504",
        "ParentImage":  "C:\\Windows\\explorer.exe"
    },
    {
        "ParentCommandLine":  "\"C:\\WINDOWS\\system32\\cmd.exe\" ",
        "Description":  "Console Window Host",
        "CommandLine":  "\\??\\C:\\WINDOWS\\system32\\conhost.exe 0xffffffff -ForceV1",
        "CurrentDirectory":  "C:\\WINDOWS",
        "Hashes":  "SHA1=8F9BC1B7D65188D0ADBDF74CCCE4EED78BF4C129,MD5=EA777DEEA782E8B4D7C7C33BBF8A4496,SHA256=04B6A35BC504401989B9E674C57C9E84D0CBDBBD9D8CE0CE83D7CECA0B7175ED,IMPHASH=63E065B05DF33ACB4D95B3DD04670B8F",
        "Image":  "C:\\Windows\\System32\\conhost.exe",
        "UtcTime":  "2019-06-04 10:15:38.198",
        "ProcessGuid":  "{AC6A4E42-44CA-5CF6-0000-001036B86900}",
        "Company":  "Microsoft Corporation",
        "IntegrityLevel":  "High",
        "EventId":  1,
        "FileVersion":  "10.0.17134.1 (WinBuild.160101.0800)",
        "User":  "SEC504STUDENT\\Sec504",
        "RuleName":  null,
        "Product":  "Microsoft? Windows? Operating System",
        "LogonId":  "0x2c0a4",
        "ProcessId":  "3184",
        "LogonGuid":  "{AC6A4E42-0419-5CF4-0000-0020A4C00200}",
        "TerminalSessionId":  "1",
        "ParentProcessGuid":  "{AC6A4E42-44CA-5CF6-0000-001081B76900}",
        "ParentProcessId":  "5432",
        "ParentImage":  "C:\\Windows\\System32\\cmd.exe"
    },
    {
        "ParentCommandLine":  "C:\\WINDOWS\\system32\\services.exe",
        "Description":  "Host Process for Windows Services",
        "CommandLine":  "C:\\WINDOWS\\system32\\svchost.exe -k SDRSVC",
        "CurrentDirectory":  "C:\\WINDOWS\\system32\\",
        "Hashes":  "SHA1=660B76B6FB802417D513ADC967C5CAF77FC2BAC6,MD5=32569E403279B3FD2EDB7EBD036273FA,SHA256=C9A28DC8004C3E043CBF8E3A194FDA2B756CE90740DF2175488337281B485F69,IMPHASH=3A8297483C1777054C7BAFEA5E6A8853",
        "Image":  "C:\\Windows\\System32\\svchost.exe",
        "UtcTime":  "2019-06-04 10:15:46.877",
        "ProcessGuid":  "{AC6A4E42-44D2-5CF6-0000-0010A3446A00}",
        "Company":  "Microsoft Corporation",
        "IntegrityLevel":  "System",
        "EventId":  1,
        "FileVersion":  "10.0.17134.1 (WinBuild.160101.0800)",
        "User":  "NT AUTHORITY\\SYSTEM",
        "RuleName":  null,
        "Product":  "Microsoft? Windows? Operating System",
        "LogonId":  "0x3e7",
        "ProcessId":  "684",
        "LogonGuid":  "{AC6A4E42-0410-5CF4-0000-0020E7030000}",
        "TerminalSessionId":  "0",
        "ParentProcessGuid":  "{AC6A4E42-0410-5CF4-0000-001002910000}",
        "ParentProcessId":  "572",
        "ParentImage":  "C:\\Windows\\System32\\services.exe"
    },
    {
        "ParentCommandLine":  "C:\\WINDOWS\\system32\\CompatTelRunner.exe -m:appraiser.dll -f:DoScheduledTelemetryRun -cv:tQapcBPy+02GgE7O.1",
        "Description":  "Microsoft Compatibility Telemetry",
        "CommandLine":  "C:\\WINDOWS\\system32\\compattelrunner.exe -m:GeneralTel.dll -f:RunGeneralTelemetry  -cV tQapcBPy+02GgE7O.1.1 -SendFullTelemetry -ThrottleUtc",
        "CurrentDirectory":  "C:\\WINDOWS\\system32\\",
        "Hashes":  "SHA1=087516F64E124B47178812EB5C13DA6E689C9CA6,MD5=7C3B9E879090F58DE81DB1BFDFF1206E,SHA256=F33317CB08C30C78CC1362FB61FE125979B6E12035E2793382D03133D7F17821,IMPHASH=F729F8CAA04F4E4BAD842E0DD0D5562F",
        "Image":  "C:\\Windows\\System32\\CompatTelRunner.exe",
        "UtcTime":  "2019-06-04 10:16:27.660",
        "ProcessGuid":  "{AC6A4E42-44FB-5CF6-0000-0010A78E6A00}",
        "Company":  "Microsoft Corporation",
        "IntegrityLevel":  "System",
        "EventId":  1,
        "FileVersion":  "10.0.17134.1 (WinBuild.160101.0800)",
        "User":  "NT AUTHORITY\\SYSTEM",
        "RuleName":  null,
        "Product":  "Microsoft? Windows? Operating System",
        "LogonId":  "0x3e7",
        "ProcessId":  "1472",
        "LogonGuid":  "{AC6A4E42-0410-5CF4-0000-0020E7030000}",
        "TerminalSessionId":  "0",
        "ParentProcessGuid":  "{AC6A4E42-449D-5CF6-0000-001071206800}",
        "ParentProcessId":  "1108",
        "ParentImage":  "C:\\Windows\\System32\\CompatTelRunner.exe"
    },
    {
        "ParentCommandLine":  "C:\\WINDOWS\\system32\\services.exe",
        "Description":  "Microsoft Software Protection Platform Service",
        "CommandLine":  "C:\\WINDOWS\\system32\\sppsvc.exe",
        "CurrentDirectory":  "C:\\WINDOWS",
        "Hashes":  "SHA1=7749D1C531D85C69047576B3BB3525E0B01A2942,MD5=FEEC8055C5986182C717DD888000AEF6,SHA256=E09B7B1DE43A226842A4B8C591D712E51585BC7E8A39CFB8852CBF16D234C3A6,IMPHASH=C42F40AB10E3DCDA39CACEA7B6F2A6A0",
        "Image":  "C:\\Windows\\System32\\sppsvc.exe",
        "UtcTime":  "2019-06-04 10:16:28.511",
        "ProcessGuid":  "{AC6A4E42-44FC-5CF6-0000-0010B19D6A00}",
        "Company":  "Microsoft Corporation",
        "IntegrityLevel":  "System",
        "EventId":  1,
        "FileVersion":  "10.0.17134.1 (WinBuild.160101.0800)",
        "User":  "NT AUTHORITY\\NETWORK SERVICE",
        "RuleName":  null,
        "Product":  "Microsoft? Windows? Operating System",
        "LogonId":  "0x3e4",
        "ProcessId":  "5976",
        "LogonGuid":  "{AC6A4E42-0411-5CF4-0000-0020E4030000}",
        "TerminalSessionId":  "0",
        "ParentProcessGuid":  "{AC6A4E42-0410-5CF4-0000-001002910000}",
        "ParentProcessId":  "572",
        "ParentImage":  "C:\\Windows\\System32\\services.exe"
    },
    {
        "ParentCommandLine":  "C:\\WINDOWS\\system32\\compattelrunner.exe",
        "Description":  "Microsoft Compatibility Telemetry",
        "CommandLine":  "C:\\WINDOWS\\system32\\CompatTelRunner.exe -m:appraiser.dll -f:UpdateAvStatus -cv:tQapcBPy+02GgE7O.3",
        "CurrentDirectory":  "C:\\WINDOWS\\system32\\",
        "Hashes":  "SHA1=087516F64E124B47178812EB5C13DA6E689C9CA6,MD5=7C3B9E879090F58DE81DB1BFDFF1206E,SHA256=F33317CB08C30C78CC1362FB61FE125979B6E12035E2793382D03133D7F17821,IMPHASH=F729F8CAA04F4E4BAD842E0DD0D5562F",
        "Image":  "C:\\Windows\\System32\\CompatTelRunner.exe",
        "UtcTime":  "2019-06-04 10:16:43.829",
        "ProcessGuid":  "{AC6A4E42-450B-5CF6-0000-001051786B00}",
        "Company":  "Microsoft Corporation",
        "IntegrityLevel":  "System",
        "EventId":  1,
        "FileVersion":  "10.0.17134.1 (WinBuild.160101.0800)",
        "User":  "NT AUTHORITY\\SYSTEM",
        "RuleName":  null,
        "Product":  "Microsoft? Windows? Operating System",
        "LogonId":  "0x3e7",
        "ProcessId":  "1432",
        "LogonGuid":  "{AC6A4E42-0410-5CF4-0000-0020E7030000}",
        "TerminalSessionId":  "0",
        "ParentProcessGuid":  "{AC6A4E42-4482-5CF6-0000-00106D276600}",
        "ParentProcessId":  "4520",
        "ParentImage":  "C:\\Windows\\System32\\CompatTelRunner.exe"
    },
    {
        "ParentCommandLine":  "\"C:\\WINDOWS\\system32\\cmd.exe\" ",
        "Description":  "System activity monitor",
        "CommandLine":  "sysmon",
        "CurrentDirectory":  "C:\\Tools\\sysinternals\\",
        "Hashes":  "SHA1=FF1C037123276983C785F6CDF7EDA5A2FAB06D4A,MD5=0E8BD626DE4F8E5FDDCE72F35461720A,SHA256=F4981FF476063E86549C5E755DA2D4A80BB1A271D2EC9BB3A35582B4D35924DA,IMPHASH=19539B1E1269C5FA9FB00F437EF261CE",
        "Image":  "C:\\Tools\\sysinternals\\Sysmon.exe",
        "UtcTime":  "2019-06-04 10:22:36.472",
        "ProcessGuid":  "{AC6A4E42-466C-5CF6-0000-0010DB146C00}",
        "Company":  "Sysinternals - www.sysinternals.com",
        "IntegrityLevel":  "High",
        "EventId":  1,
        "FileVersion":  "9.01",
        "User":  "SEC504STUDENT\\Sec504",
        "RuleName":  null,
        "Product":  "Sysinternals Sysmon",
        "LogonId":  "0x2c0a4",
        "ProcessId":  "1736",
        "LogonGuid":  "{AC6A4E42-0419-5CF4-0000-0020A4C00200}",
        "TerminalSessionId":  "1",
        "ParentProcessGuid":  "{AC6A4E42-0468-5CF4-0000-00100FBC0B00}",
        "ParentProcessId":  "4508",
        "ParentImage":  "C:\\Windows\\System32\\cmd.exe"
    },
    {
        "ParentCommandLine":  "sysmon",
        "Description":  "System activity monitor",
        "CommandLine":  "sysmon",
        "CurrentDirectory":  "C:\\Tools\\sysinternals\\",
        "Hashes":  "SHA1=AC93C3B38E57A2715572933DBCB2A1C2892DBC5E,MD5=094394805942D929C90D4985D63F8ECA,SHA256=B9657FD24E47A2D0025AE2B8FE169A4CAF248C85CC1A11DC25241B6F61E44D55,IMPHASH=5C9D0BDBCD838D2AD6D0A60D4F943B60",
        "Image":  "C:\\Users\\Sec504\\AppData\\Local\\Temp\\Sysmon.exe",
        "UtcTime":  "2019-06-04 10:22:37.108",
        "ProcessGuid":  "{AC6A4E42-466D-5CF6-0000-0010412A6C00}",
        "Company":  "Sysinternals - www.sysinternals.com",
        "IntegrityLevel":  "High",
        "EventId":  1,
        "FileVersion":  "9.01",
        "User":  "SEC504STUDENT\\Sec504",
        "RuleName":  null,
        "Product":  "Sysinternals Sysmon",
        "LogonId":  "0x2c0a4",
        "ProcessId":  "200",
        "LogonGuid":  "{AC6A4E42-0419-5CF4-0000-0020A4C00200}",
        "TerminalSessionId":  "1",
        "ParentProcessGuid":  "{AC6A4E42-466C-5CF6-0000-0010DB146C00}",
        "ParentProcessId":  "1736",
        "ParentImage":  "C:\\Tools\\sysinternals\\Sysmon.exe"
    },
