    {
        "ParentCommandLine":  "C:\\Windows\\System32\\RuntimeBroker.exe -Embedding",
        "Description":  "LocalBridge",
        "CommandLine":  "\"C:\\Program Files\\WindowsApps\\Microsoft.MicrosoftOfficeHub_18.1903.1152.0_x64__8wekyb3d8bbwe\\LocalBridge.exe\" /InvokerPRAID: Microsoft.MicrosoftOfficeHub",
        "CurrentDirectory":  "C:\\WINDOWS\\system32\\",
        "Hashes":  "SHA1=59BADDBCD3284DC5E732E88E5C3A285269715611,MD5=23A6521FF5BD915DF9C83004849B9D72,SHA256=8B6BE6F016B6378D89D9BF1A9337F699F89829D154AE13E2C1C94AC0E00B7B6F,IMPHASH=00000000000000000000000000000000",
        "Image":  "C:\\Program Files\\WindowsApps\\Microsoft.MicrosoftOfficeHub_18.1903.1152.0_x64__8wekyb3d8bbwe\\LocalBridge.exe",
        "UtcTime":  "2019-06-04 10:28:24.921",
        "ProcessGuid":  "{AC6A4E42-47C8-5CF6-0000-0010803A7D00}",
        "Company":  null,
        "IntegrityLevel":  "Medium",
        "EventId":  1,
        "FileVersion":  "18.1903.1152.0",
        "User":  "SEC504STUDENT\\Sec504",
        "RuleName":  null,
        "Product":  "LocalBridge",
        "LogonId":  "0x2c0d8",
        "ProcessId":  "1736",
        "LogonGuid":  "{AC6A4E42-0419-5CF4-0000-0020D8C00200}",
        "TerminalSessionId":  "1",
        "ParentProcessGuid":  "{AC6A4E42-47C6-5CF6-0000-0010EDE87C00}",
        "ParentProcessId":  "256",
        "ParentImage":  "C:\\Windows\\System32\\RuntimeBroker.exe"
    },
    {
        "ParentCommandLine":  "C:\\WINDOWS\\Explorer.EXE",
        "Description":  "Notepad",
        "CommandLine":  "\"C:\\WINDOWS\\system32\\notepad.exe\" ",
        "CurrentDirectory":  "C:\\Users\\Sec504\\",
        "Hashes":  "SHA1=BDD0D38E113A0C7DD6213CF2E89E6CC6D66B5CDB,MD5=9512E1CC66A1D36FEB0A290CAB09087B,SHA256=328954033456D5C13E58FB5BCC6C0232F9F62CB6D9185AFA51C7913338992491,IMPHASH=A8F8224EB74E94301B59B88492740A75",
        "Image":  "C:\\Windows\\System32\\notepad.exe",
        "UtcTime":  "2019-06-04 10:28:34.195",
        "ProcessGuid":  "{AC6A4E42-47D2-5CF6-0000-0010DA917D00}",
        "Company":  "Microsoft Corporation",
        "IntegrityLevel":  "Medium",
        "EventId":  1,
        "FileVersion":  "10.0.17134.1 (WinBuild.160101.0800)",
        "User":  "SEC504STUDENT\\Sec504",
        "RuleName":  null,
        "Product":  "Microsoft? Windows? Operating System",
        "LogonId":  "0x2c0d8",
        "ProcessId":  "4516",
        "LogonGuid":  "{AC6A4E42-0419-5CF4-0000-0020D8C00200}",
        "TerminalSessionId":  "1",
        "ParentProcessGuid":  "{AC6A4E42-041B-5CF4-0000-0010B3310300}",
        "ParentProcessId":  "3504",
        "ParentImage":  "C:\\Windows\\explorer.exe"
    },
    {
        "ParentCommandLine":  "C:\\WINDOWS\\Explorer.EXE",
        "Description":  "Windows Command Processor",
        "CommandLine":  "\"C:\\WINDOWS\\system32\\cmd.exe\" ",
        "CurrentDirectory":  "C:\\Users\\Sec504\\",
        "Hashes":  "SHA1=3CE71813199ABAE99348F61F0CAA34E2574F831C,MD5=4E2ACF4F8A396486AB4268C94A6A245F,SHA256=9A7C58BD98D70631AA1473F7B57B426DB367D72429A5455B433A05EE251F3236,IMPHASH=8542FB14699D84D7E8DA92F66145C7FE",
        "Image":  "C:\\Windows\\System32\\cmd.exe",
        "UtcTime":  "2019-06-04 10:28:40.261",
        "ProcessGuid":  "{AC6A4E42-47D8-5CF6-0000-00105FC27D00}",
        "Company":  "Microsoft Corporation",
        "IntegrityLevel":  "Medium",
        "EventId":  1,
        "FileVersion":  "10.0.17134.1 (WinBuild.160101.0800)",
        "User":  "SEC504STUDENT\\Sec504",
        "RuleName":  null,
        "Product":  "Microsoft? Windows? Operating System",
        "LogonId":  "0x2c0d8",
        "ProcessId":  "768",
        "LogonGuid":  "{AC6A4E42-0419-5CF4-0000-0020D8C00200}",
        "TerminalSessionId":  "1",
        "ParentProcessGuid":  "{AC6A4E42-041B-5CF4-0000-0010B3310300}",
        "ParentProcessId":  "3504",
        "ParentImage":  "C:\\Windows\\explorer.exe"
    },
    {
        "ParentCommandLine":  "\"C:\\WINDOWS\\system32\\cmd.exe\" ",
        "Description":  "Console Window Host",
        "CommandLine":  "\\??\\C:\\WINDOWS\\system32\\conhost.exe 0xffffffff -ForceV1",
        "CurrentDirectory":  "C:\\WINDOWS",
        "Hashes":  "SHA1=8F9BC1B7D65188D0ADBDF74CCCE4EED78BF4C129,MD5=EA777DEEA782E8B4D7C7C33BBF8A4496,SHA256=04B6A35BC504401989B9E674C57C9E84D0CBDBBD9D8CE0CE83D7CECA0B7175ED,IMPHASH=63E065B05DF33ACB4D95B3DD04670B8F",
        "Image":  "C:\\Windows\\System32\\conhost.exe",
        "UtcTime":  "2019-06-04 10:28:40.316",
        "ProcessGuid":  "{AC6A4E42-47D8-5CF6-0000-0010EAC87D00}",
        "Company":  "Microsoft Corporation",
        "IntegrityLevel":  "Medium",
        "EventId":  1,
        "FileVersion":  "10.0.17134.1 (WinBuild.160101.0800)",
        "User":  "SEC504STUDENT\\Sec504",
        "RuleName":  null,
        "Product":  "Microsoft? Windows? Operating System",
        "LogonId":  "0x2c0d8",
        "ProcessId":  "4104",
        "LogonGuid":  "{AC6A4E42-0419-5CF4-0000-0020D8C00200}",
        "TerminalSessionId":  "1",
        "ParentProcessGuid":  "{AC6A4E42-47D8-5CF6-0000-00105FC27D00}",
        "ParentProcessId":  "768",
        "ParentImage":  "C:\\Windows\\System32\\cmd.exe"
    },
    {
        "ParentCommandLine":  "C:\\WINDOWS\\system32\\svchost.exe -k netsvcs -p",
        "Description":  "Consent UI for administrative applications",
        "CommandLine":  "consent.exe 988 288 00000147DFD93B80",
        "CurrentDirectory":  "C:\\WINDOWS\\system32\\",
        "Hashes":  "SHA1=35DEC0D1A12C6F1F7A460E3AE75E4D74D5BD815A,MD5=74D31E4F51873160D91B1F80E0C472D0,SHA256=113813A699063EBF391D436A4EFE0B6F95F81E12AF773FABE5511B5CA08E189C,IMPHASH=522D83761201075834F05037F5307949",
        "Image":  "C:\\Windows\\System32\\consent.exe",
        "UtcTime":  "2019-06-04 10:29:00.462",
        "ProcessGuid":  "{AC6A4E42-47EC-5CF6-0000-0010C1107E00}",
        "Company":  "Microsoft Corporation",
        "IntegrityLevel":  "System",
        "EventId":  1,
        "FileVersion":  "10.0.17134.1 (WinBuild.160101.0800)",
        "User":  "NT AUTHORITY\\SYSTEM",
        "RuleName":  null,
        "Product":  "Microsoft? Windows? Operating System",
        "LogonId":  "0x3e7",
        "ProcessId":  "1924",
        "LogonGuid":  "{AC6A4E42-0410-5CF4-0000-0020E7030000}",
        "TerminalSessionId":  "1",
        "ParentProcessGuid":  "{AC6A4E42-0412-5CF4-0000-0010590A0100}",
        "ParentProcessId":  "988",
        "ParentImage":  "C:\\Windows\\System32\\svchost.exe"
    },
    {
        "ParentCommandLine":  "C:\\WINDOWS\\system32\\svchost.exe -k DcomLaunch -p",
        "Description":  "COM Surrogate",
        "CommandLine":  "C:\\WINDOWS\\system32\\DllHost.exe /Processid:{E10F6C3A-F1AE-4ADC-AA9D-2FE65525666E}",
        "CurrentDirectory":  "C:\\WINDOWS\\system32\\",
        "Hashes":  "SHA1=257815EF5AC9E0408D327C5D1627D4C3795FF341,MD5=2528137C6745C4EADD87817A1909677E,SHA256=204FD3DA29E9197A7E82AB628E017A74082934E87092AFE18D253446608E0971,IMPHASH=68E651F131674892AE7E46556EB24726",
        "Image":  "C:\\Windows\\System32\\dllhost.exe",
        "UtcTime":  "2019-06-04 10:29:00.621",
        "ProcessGuid":  "{AC6A4E42-47EC-5CF6-0000-00104E207E00}",
        "Company":  "Microsoft Corporation",
        "IntegrityLevel":  "System",
        "EventId":  1,
        "FileVersion":  "10.0.17134.1 (WinBuild.160101.0800)",
        "User":  "NT AUTHORITY\\SYSTEM",
        "RuleName":  null,
        "Product":  "Microsoft? Windows? Operating System",
        "LogonId":  "0x3e7",
        "ProcessId":  "4084",
        "LogonGuid":  "{AC6A4E42-0410-5CF4-0000-0020E7030000}",
        "TerminalSessionId":  "1",
        "ParentProcessGuid":  "{AC6A4E42-0411-5CF4-0000-00108EA50000}",
        "ParentProcessId":  "716",
        "ParentImage":  "C:\\Windows\\System32\\svchost.exe"
    },
    {
        "ParentCommandLine":  "C:\\WINDOWS\\system32\\svchost.exe -k DcomLaunch -p",
        "Description":  "COM Surrogate",
        "CommandLine":  "C:\\WINDOWS\\system32\\DllHost.exe /Processid:{E10F6C3A-F1AE-4ADC-AA9D-2FE65525666E}",
        "CurrentDirectory":  "C:\\WINDOWS\\system32\\",
        "Hashes":  "SHA1=257815EF5AC9E0408D327C5D1627D4C3795FF341,MD5=2528137C6745C4EADD87817A1909677E,SHA256=204FD3DA29E9197A7E82AB628E017A74082934E87092AFE18D253446608E0971,IMPHASH=68E651F131674892AE7E46556EB24726",
        "Image":  "C:\\Windows\\System32\\dllhost.exe",
        "UtcTime":  "2019-06-04 10:29:00.697",
        "ProcessGuid":  "{AC6A4E42-47EC-5CF6-0000-0010E0257E00}",
        "Company":  "Microsoft Corporation",
        "IntegrityLevel":  "System",
        "EventId":  1,
        "FileVersion":  "10.0.17134.1 (WinBuild.160101.0800)",
        "User":  "NT AUTHORITY\\SYSTEM",
        "RuleName":  null,
        "Product":  "Microsoft? Windows? Operating System",
        "LogonId":  "0x3e7",
        "ProcessId":  "1800",
        "LogonGuid":  "{AC6A4E42-0410-5CF4-0000-0020E7030000}",
        "TerminalSessionId":  "0",
        "ParentProcessGuid":  "{AC6A4E42-0411-5CF4-0000-00108EA50000}",
        "ParentProcessId":  "716",
        "ParentImage":  "C:\\Windows\\System32\\svchost.exe"
    },
    {
        "ParentCommandLine":  "C:\\WINDOWS\\Explorer.EXE",
        "Description":  "Windows Command Processor",
        "CommandLine":  "\"C:\\WINDOWS\\system32\\cmd.exe\" ",
        "CurrentDirectory":  "C:\\WINDOWS\\system32\\",
        "Hashes":  "SHA1=3CE71813199ABAE99348F61F0CAA34E2574F831C,MD5=4E2ACF4F8A396486AB4268C94A6A245F,SHA256=9A7C58BD98D70631AA1473F7B57B426DB367D72429A5455B433A05EE251F3236,IMPHASH=8542FB14699D84D7E8DA92F66145C7FE",
        "Image":  "C:\\Windows\\System32\\cmd.exe",
        "UtcTime":  "2019-06-04 10:29:00.745",
        "ProcessGuid":  "{AC6A4E42-47EC-5CF6-0000-0010EE287E00}",
        "Company":  "Microsoft Corporation",
        "IntegrityLevel":  "High",
        "EventId":  1,
        "FileVersion":  "10.0.17134.1 (WinBuild.160101.0800)",
        "User":  "SEC504STUDENT\\Sec504",
        "RuleName":  null,
        "Product":  "Microsoft? Windows? Operating System",
        "LogonId":  "0x2c0a4",
        "ProcessId":  "2916",
        "LogonGuid":  "{AC6A4E42-0419-5CF4-0000-0020A4C00200}",
        "TerminalSessionId":  "1",
        "ParentProcessGuid":  "{AC6A4E42-041B-5CF4-0000-0010B3310300}",
        "ParentProcessId":  "3504",
        "ParentImage":  "C:\\Windows\\explorer.exe"
    },
    {
        "ParentCommandLine":  "\"C:\\WINDOWS\\system32\\cmd.exe\" ",
        "Description":  "Console Window Host",
        "CommandLine":  "\\??\\C:\\WINDOWS\\system32\\conhost.exe 0xffffffff -ForceV1",
        "CurrentDirectory":  "C:\\WINDOWS",
        "Hashes":  "SHA1=8F9BC1B7D65188D0ADBDF74CCCE4EED78BF4C129,MD5=EA777DEEA782E8B4D7C7C33BBF8A4496,SHA256=04B6A35BC504401989B9E674C57C9E84D0CBDBBD9D8CE0CE83D7CECA0B7175ED,IMPHASH=63E065B05DF33ACB4D95B3DD04670B8F",
        "Image":  "C:\\Windows\\System32\\conhost.exe",
        "UtcTime":  "2019-06-04 10:29:00.751",
        "ProcessGuid":  "{AC6A4E42-47EC-5CF6-0000-00109A297E00}",
        "Company":  "Microsoft Corporation",
        "IntegrityLevel":  "High",
        "EventId":  1,
        "FileVersion":  "10.0.17134.1 (WinBuild.160101.0800)",
        "User":  "SEC504STUDENT\\Sec504",
        "RuleName":  null,
        "Product":  "Microsoft? Windows? Operating System",
        "LogonId":  "0x2c0a4",
        "ProcessId":  "4520",
        "LogonGuid":  "{AC6A4E42-0419-5CF4-0000-0020A4C00200}",
        "TerminalSessionId":  "1",
        "ParentProcessGuid":  "{AC6A4E42-47EC-5CF6-0000-0010EE287E00}",
        "ParentProcessId":  "2916",
        "ParentImage":  "C:\\Windows\\System32\\cmd.exe"
    },
    {
        "ParentCommandLine":  "\"C:\\WINDOWS\\system32\\cmd.exe\" ",
        "Description":  "Microsoft(C) Register Server",
        "CommandLine":  "regsvr32  /s syswow64.dll",
        "CurrentDirectory":  "C:\\Windows\\",
        "Hashes":  "SHA1=3B9DD8D84C888DA77EB06CFB43E393DD50E0CE6F,MD5=D78B75FC68247E8A63ACBA846182740E,SHA256=12E08492893DBCE4C120D69205C82C32C1AC556D2C244B3B536018A5A274355E,IMPHASH=0235FF9A007804882636BCCCFB4D1A2F",
        "Image":  "C:\\Windows\\System32\\regsvr32.exe",
        "UtcTime":  "2019-06-04 10:29:17.658",
        "ProcessGuid":  "{AC6A4E42-47FD-5CF6-0000-00106A9C7E00}",
        "Company":  "Microsoft Corporation",
        "IntegrityLevel":  "High",
        "EventId":  1,
        "FileVersion":  "10.0.17134.1 (WinBuild.160101.0800)",
        "User":  "SEC504STUDENT\\Sec504",
        "RuleName":  null,
        "Product":  "Microsoft? Windows? Operating System",
        "LogonId":  "0x2c0a4",
        "ProcessId":  "4776",
        "LogonGuid":  "{AC6A4E42-0419-5CF4-0000-0020A4C00200}",
        "TerminalSessionId":  "1",
        "ParentProcessGuid":  "{AC6A4E42-47EC-5CF6-0000-0010EE287E00}",
        "ParentProcessId":  "2916",
        "ParentImage":  "C:\\Windows\\System32\\cmd.exe"
    },
    {
        "ParentCommandLine":  "regsvr32  /s syswow64.dll",
        "Description":  "Microsoft(C) Register Server",
        "CommandLine":  "  /s syswow64.dll",
        "CurrentDirectory":  "C:\\Windows\\",
        "Hashes":  "SHA1=88630F60E73454670A7D9B64C98B4798D1DE8872,MD5=426E7499F6A7346F0410DEAD0805586B,SHA256=4DC13CBE6F048809D49B0095B1691104E5A64ECA6BCC2A6243C074CB91D038E9,IMPHASH=99BBF1337F3DA5CFAB67854DF4ADE1D8",
        "Image":  "C:\\Windows\\SysWOW64\\regsvr32.exe",
        "UtcTime":  "2019-06-04 10:29:17.722",
        "ProcessGuid":  "{AC6A4E42-47FD-5CF6-0000-001059A27E00}",
        "Company":  "Microsoft Corporation",
        "IntegrityLevel":  "High",
        "EventId":  1,
        "FileVersion":  "10.0.17134.1 (WinBuild.160101.0800)",
        "User":  "SEC504STUDENT\\Sec504",
        "RuleName":  null,
        "Product":  "Microsoft? Windows? Operating System",
        "LogonId":  "0x2c0a4",
        "ProcessId":  "540",
        "LogonGuid":  "{AC6A4E42-0419-5CF4-0000-0020A4C00200}",
        "TerminalSessionId":  "1",
        "ParentProcessGuid":  "{AC6A4E42-47FD-5CF6-0000-00106A9C7E00}",
        "ParentProcessId":  "4776",
        "ParentImage":  "C:\\Windows\\System32\\regsvr32.exe"
    },
    {
        "ParentCommandLine":  "  /s syswow64.dll",
        "Description":  "Windows host process (Rundll32)",
        "CommandLine":  "rundll32.exe",
        "CurrentDirectory":  "C:\\Windows\\",
        "Hashes":  "SHA1=BCC5DC3222034D3F257F1FD35889E5BE90F09B5F,MD5=D7CA562B0DB4F4DD0F03A89A1FDAD63D,SHA256=4E15AA13A02798E924C63537E458A09415C48DAE0E7AFD5A3D25532A2AA935EE,IMPHASH=BB17B2FBBFF4BBF5EBDCA7D0BB9E4A5B",
        "Image":  "C:\\Windows\\SysWOW64\\rundll32.exe",
        "UtcTime":  "2019-06-04 10:29:18.416",
        "ProcessGuid":  "{AC6A4E42-47FE-5CF6-0000-00104BB97E00}",
        "Company":  "Microsoft Corporation",
        "IntegrityLevel":  "High",
        "EventId":  1,
        "FileVersion":  "10.0.17134.1 (WinBuild.160101.0800)",
        "User":  "SEC504STUDENT\\Sec504",
        "RuleName":  null,
        "Product":  "Microsoft? Windows? Operating System",
        "LogonId":  "0x2c0a4",
        "ProcessId":  "1316",
        "LogonGuid":  "{AC6A4E42-0419-5CF4-0000-0020A4C00200}",
        "TerminalSessionId":  "1",
        "ParentProcessGuid":  "{AC6A4E42-47FD-5CF6-0000-001059A27E00}",
        "ParentProcessId":  "540",
        "ParentImage":  "C:\\Windows\\SysWOW64\\regsvr32.exe"
    },
    {
        "ParentCommandLine":  "C:\\WINDOWS\\system32\\svchost.exe -k netsvcs -p",
        "Description":  "Microsoft Feeds Synchronization",
        "CommandLine":  "C:\\Windows\\system32\\msfeedssync.exe sync",
        "CurrentDirectory":  "C:\\WINDOWS\\system32\\",
        "Hashes":  "SHA1=036CAB158CD45F9155DAF85B8D847BF5B13099A2,MD5=CDC89D5CEA5B1CEB0A8F34D030CCB7D1,SHA256=2DE228CAD2E542B2AF2554D61FAB5463ECBBA3FF8349BA88C3E48637ED8086E9,IMPHASH=E22B4193AC1639CCDCA0DCF2C8C3F735",
        "Image":  "C:\\Windows\\System32\\msfeedssync.exe",
        "UtcTime":  "2019-06-04 10:29:53.018",
        "ProcessGuid":  "{AC6A4E42-4821-5CF6-0000-0010A2F67E00}",
        "Company":  "Microsoft Corporation",
        "IntegrityLevel":  "Medium",
        "EventId":  1,
        "FileVersion":  "11.00.17134.1 (WinBuild.160101.0800)",
        "User":  "SEC504STUDENT\\Sec504",
        "RuleName":  null,
        "Product":  "Internet Explorer",
        "LogonId":  "0x2c0d8",
        "ProcessId":  "3944",
        "LogonGuid":  "{AC6A4E42-0419-5CF4-0000-0020D8C00200}",
        "TerminalSessionId":  "1",
        "ParentProcessGuid":  "{AC6A4E42-0412-5CF4-0000-0010590A0100}",
        "ParentProcessId":  "988",
        "ParentImage":  "C:\\Windows\\System32\\svchost.exe"
    },
    {
        "ParentCommandLine":  "C:\\WINDOWS\\system32\\lsass.exe",
        "Description":  "Microsoft ? Console Based Script Host",
        "CommandLine":  "cscript \"C:\\WINDOWS\\TEMP\\AaGsKDntLNiDC.vbs\"",
        "CurrentDirectory":  "C:\\WINDOWS\\system32\\",
        "Hashes":  "SHA1=780C6BB1E9F19944D38B630ACB6875391AB25FAE,MD5=956185CAF895737F30E8EE24DEFCE8E6,SHA256=0E54A952CD1C5CECBAC0B00155F6094939484C47CE130AAC3441058DA60BAFA5,IMPHASH=AC41732425A8C1DC99B4B3CE314D9654",
        "Image":  "C:\\Windows\\System32\\cscript.exe",
        "UtcTime":  "2019-06-04 10:33:23.815",
        "ProcessGuid":  "{AC6A4E42-48F3-5CF6-0000-0010AF7B7F00}",
        "Company":  "Microsoft Corporation",
        "IntegrityLevel":  "System",
        "EventId":  1,
        "FileVersion":  "5.812.10240.16384",
        "User":  "NT AUTHORITY\\SYSTEM",
        "RuleName":  null,
        "Product":  "Microsoft ? Windows Script Host",
        "LogonId":  "0x3e7",
        "ProcessId":  "3528",
        "LogonGuid":  "{AC6A4E42-0410-5CF4-0000-0020E7030000}",
        "TerminalSessionId":  "0",
        "ParentProcessGuid":  "{AC6A4E42-0410-5CF4-0000-001022930000}",
        "ParentProcessId":  "612",
        "ParentImage":  "C:\\Windows\\System32\\lsass.exe"
    },
    {
        "ParentCommandLine":  "cscript \"C:\\WINDOWS\\TEMP\\AaGsKDntLNiDC.vbs\"",
        "Description":  "Console Window Host",
        "CommandLine":  "\\??\\C:\\WINDOWS\\system32\\conhost.exe 0xffffffff -ForceV1",
        "CurrentDirectory":  "C:\\WINDOWS",
        "Hashes":  "SHA1=8F9BC1B7D65188D0ADBDF74CCCE4EED78BF4C129,MD5=EA777DEEA782E8B4D7C7C33BBF8A4496,SHA256=04B6A35BC504401989B9E674C57C9E84D0CBDBBD9D8CE0CE83D7CECA0B7175ED,IMPHASH=63E065B05DF33ACB4D95B3DD04670B8F",
        "Image":  "C:\\Windows\\System32\\conhost.exe",
        "UtcTime":  "2019-06-04 10:33:23.830",
        "ProcessGuid":  "{AC6A4E42-48F3-5CF6-0000-0010587C7F00}",
        "Company":  "Microsoft Corporation",
        "IntegrityLevel":  "System",
        "EventId":  1,
        "FileVersion":  "10.0.17134.1 (WinBuild.160101.0800)",
        "User":  "NT AUTHORITY\\SYSTEM",
        "RuleName":  null,
        "Product":  "Microsoft? Windows? Operating System",
        "LogonId":  "0x3e7",
        "ProcessId":  "2240",
        "LogonGuid":  "{AC6A4E42-0410-5CF4-0000-0020E7030000}",
        "TerminalSessionId":  "0",
        "ParentProcessGuid":  "{AC6A4E42-48F3-5CF6-0000-0010AF7B7F00}",
        "ParentProcessId":  "3528",
        "ParentImage":  "C:\\Windows\\System32\\cscript.exe"
    },
    {
        "ParentCommandLine":  "cscript \"C:\\WINDOWS\\TEMP\\AaGsKDntLNiDC.vbs\"",
        "Description":  "ApacheBench command line utility",
        "CommandLine":  "\"C:\\Windows\\Temp\\rad949E0.tmp\\YVbQJojWuhRLQ.exe\" ",
        "CurrentDirectory":  "C:\\WINDOWS\\system32\\",
        "Hashes":  "SHA1=44B5ECAF6E97E970F80EF6E702AFB5113DE2DBAB,MD5=B9DD79A40C9D79816E9617FE287B0337,SHA256=2DB3CFAA83A1C4133128716A06CBCC58EB25CC384E388F4695B569107E98E67E,IMPHASH=481F47BBB2C9C21E108D65F52B04C448",
        "Image":  "C:\\Windows\\Temp\\rad949E0.tmp\\YVbQJojWuhRLQ.exe",
        "UtcTime":  "2019-06-04 10:33:24.639",
        "ProcessGuid":  "{AC6A4E42-48F4-5CF6-0000-0010E1917F00}",
        "Company":  "Apache Software Foundation",
        "IntegrityLevel":  "System",
        "EventId":  1,
        "FileVersion":  "2.2.14",
        "User":  "NT AUTHORITY\\SYSTEM",
        "RuleName":  null,
        "Product":  "Apache HTTP Server",
        "LogonId":  "0x3e7",
        "ProcessId":  "5832",
        "LogonGuid":  "{AC6A4E42-0410-5CF4-0000-0020E7030000}",
        "TerminalSessionId":  "0",
        "ParentProcessGuid":  "{AC6A4E42-48F3-5CF6-0000-0010AF7B7F00}",
        "ParentProcessId":  "3528",
        "ParentImage":  "C:\\Windows\\System32\\cscript.exe"
    },
    {
        "ParentCommandLine":  "cscript \"C:\\WINDOWS\\TEMP\\AaGsKDntLNiDC.vbs\"",
        "Description":  "ApacheBench command line utility",
        "CommandLine":  "\"C:\\Windows\\Temp\\rad43EC4.tmp\\YVbQJojWuhRLQ.exe\" ",
        "CurrentDirectory":  "C:\\WINDOWS\\system32\\",
        "Hashes":  "SHA1=44B5ECAF6E97E970F80EF6E702AFB5113DE2DBAB,MD5=B9DD79A40C9D79816E9617FE287B0337,SHA256=2DB3CFAA83A1C4133128716A06CBCC58EB25CC384E388F4695B569107E98E67E,IMPHASH=481F47BBB2C9C21E108D65F52B04C448",
        "Image":  "C:\\Windows\\Temp\\rad43EC4.tmp\\YVbQJojWuhRLQ.exe",
        "UtcTime":  "2019-06-04 10:33:39.927",
        "ProcessGuid":  "{AC6A4E42-4903-5CF6-0000-0010429B7F00}",
        "Company":  "Apache Software Foundation",
        "IntegrityLevel":  "System",
        "EventId":  1,
        "FileVersion":  "2.2.14",
        "User":  "NT AUTHORITY\\SYSTEM",
        "RuleName":  null,
        "Product":  "Apache HTTP Server",
        "LogonId":  "0x3e7",
        "ProcessId":  "2892",
        "LogonGuid":  "{AC6A4E42-0410-5CF4-0000-0020E7030000}",
        "TerminalSessionId":  "0",
        "ParentProcessGuid":  "{AC6A4E42-48F3-5CF6-0000-0010AF7B7F00}",
        "ParentProcessId":  "3528",
        "ParentImage":  "C:\\Windows\\System32\\cscript.exe"
    },
    {
        "ParentCommandLine":  "C:\\WINDOWS\\system32\\svchost.exe -k netsvcs -p",
        "Description":  "Consent UI for administrative applications",
        "CommandLine":  "consent.exe 988 468 00000147E2588040",
        "CurrentDirectory":  "C:\\WINDOWS\\system32\\",
        "Hashes":  "SHA1=35DEC0D1A12C6F1F7A460E3AE75E4D74D5BD815A,MD5=74D31E4F51873160D91B1F80E0C472D0,SHA256=113813A699063EBF391D436A4EFE0B6F95F81E12AF773FABE5511B5CA08E189C,IMPHASH=522D83761201075834F05037F5307949",
        "Image":  "C:\\Windows\\System32\\consent.exe",
        "UtcTime":  "2019-06-04 10:33:43.863",
        "ProcessGuid":  "{AC6A4E42-4907-5CF6-0000-0010C4BD7F00}",
        "Company":  "Microsoft Corporation",
        "IntegrityLevel":  "System",
        "EventId":  1,
        "FileVersion":  "10.0.17134.1 (WinBuild.160101.0800)",
        "User":  "NT AUTHORITY\\SYSTEM",
        "RuleName":  null,
        "Product":  "Microsoft? Windows? Operating System",
        "LogonId":  "0x3e7",
        "ProcessId":  "192",
        "LogonGuid":  "{AC6A4E42-0410-5CF4-0000-0020E7030000}",
        "TerminalSessionId":  "1",
        "ParentProcessGuid":  "{AC6A4E42-0412-5CF4-0000-0010590A0100}",
        "ParentProcessId":  "988",
        "ParentImage":  "C:\\Windows\\System32\\svchost.exe"
    },
    {
        "ParentCommandLine":  "C:\\WINDOWS\\system32\\svchost.exe -k DcomLaunch -p",
        "Description":  "COM Surrogate",
        "CommandLine":  "C:\\WINDOWS\\system32\\DllHost.exe /Processid:{E10F6C3A-F1AE-4ADC-AA9D-2FE65525666E}",
        "CurrentDirectory":  "C:\\WINDOWS\\system32\\",
        "Hashes":  "SHA1=257815EF5AC9E0408D327C5D1627D4C3795FF341,MD5=2528137C6745C4EADD87817A1909677E,SHA256=204FD3DA29E9197A7E82AB628E017A74082934E87092AFE18D253446608E0971,IMPHASH=68E651F131674892AE7E46556EB24726",
        "Image":  "C:\\Windows\\System32\\dllhost.exe",
        "UtcTime":  "2019-06-04 10:33:43.948",
        "ProcessGuid":  "{AC6A4E42-4907-5CF6-0000-001039C87F00}",
        "Company":  "Microsoft Corporation",
        "IntegrityLevel":  "System",
        "EventId":  1,
        "FileVersion":  "10.0.17134.1 (WinBuild.160101.0800)",
        "User":  "NT AUTHORITY\\SYSTEM",
        "RuleName":  null,
        "Product":  "Microsoft? Windows? Operating System",
        "LogonId":  "0x3e7",
        "ProcessId":  "2276",
        "LogonGuid":  "{AC6A4E42-0410-5CF4-0000-0020E7030000}",
        "TerminalSessionId":  "1",
        "ParentProcessGuid":  "{AC6A4E42-0411-5CF4-0000-00108EA50000}",
        "ParentProcessId":  "716",
        "ParentImage":  "C:\\Windows\\System32\\svchost.exe"
    },
    {
        "ParentCommandLine":  "C:\\WINDOWS\\system32\\svchost.exe -k DcomLaunch -p",
        "Description":  "COM Surrogate",
        "CommandLine":  "C:\\WINDOWS\\system32\\DllHost.exe /Processid:{E10F6C3A-F1AE-4ADC-AA9D-2FE65525666E}",
        "CurrentDirectory":  "C:\\WINDOWS\\system32\\",
        "Hashes":  "SHA1=257815EF5AC9E0408D327C5D1627D4C3795FF341,MD5=2528137C6745C4EADD87817A1909677E,SHA256=204FD3DA29E9197A7E82AB628E017A74082934E87092AFE18D253446608E0971,IMPHASH=68E651F131674892AE7E46556EB24726",
        "Image":  "C:\\Windows\\System32\\dllhost.exe",
        "UtcTime":  "2019-06-04 10:33:43.986",
        "ProcessGuid":  "{AC6A4E42-4907-5CF6-0000-00103FCC7F00}",
        "Company":  "Microsoft Corporation",
        "IntegrityLevel":  "System",
        "EventId":  1,
        "FileVersion":  "10.0.17134.1 (WinBuild.160101.0800)",
        "User":  "NT AUTHORITY\\SYSTEM",
        "RuleName":  null,
        "Product":  "Microsoft? Windows? Operating System",
        "LogonId":  "0x3e7",
        "ProcessId":  "3256",
        "LogonGuid":  "{AC6A4E42-0410-5CF4-0000-0020E7030000}",
        "TerminalSessionId":  "0",
        "ParentProcessGuid":  "{AC6A4E42-0411-5CF4-0000-00108EA50000}",
        "ParentProcessId":  "716",
        "ParentImage":  "C:\\Windows\\System32\\svchost.exe"
    },
    {
        "ParentCommandLine":  "C:\\WINDOWS\\Explorer.EXE",
        "Description":  "Windows PowerShell",
        "CommandLine":  "\"C:\\Windows\\System32\\WindowsPowerShell\\v1.0\\powershell.exe\" ",
        "CurrentDirectory":  "C:\\WINDOWS\\system32\\",
        "Hashes":  "SHA1=1B3B40FBC889FD4C645CC12C85D0805AC36BA254,MD5=95000560239032BC68B4C2FDFCDEF913,SHA256=D3F8FADE829D2B7BD596C4504A6DAE5C034E789B6A3DEFBE013BDA7D14466677,IMPHASH=741776AACCFC5B71FF59832DCDCACE0F",
        "Image":  "C:\\Windows\\System32\\WindowsPowerShell\\v1.0\\powershell.exe",
        "UtcTime":  "2019-06-04 10:33:44.012",
        "ProcessGuid":  "{AC6A4E42-4908-5CF6-0000-00104ACF7F00}",
        "Company":  "Microsoft Corporation",
        "IntegrityLevel":  "High",
        "EventId":  1,
        "FileVersion":  "10.0.17134.1 (WinBuild.160101.0800)",
        "User":  "SEC504STUDENT\\Sec504",
        "RuleName":  null,
        "Product":  "Microsoft? Windows? Operating System",
        "LogonId":  "0x2c0a4",
        "ProcessId":  "3900",
        "LogonGuid":  "{AC6A4E42-0419-5CF4-0000-0020A4C00200}",
        "TerminalSessionId":  "1",
        "ParentProcessGuid":  "{AC6A4E42-041B-5CF4-0000-0010B3310300}",
        "ParentProcessId":  "3504",
        "ParentImage":  "C:\\Windows\\explorer.exe"
    },
    {
        "ParentCommandLine":  "\"C:\\Windows\\System32\\WindowsPowerShell\\v1.0\\powershell.exe\" ",
        "Description":  "Console Window Host",
        "CommandLine":  "\\??\\C:\\WINDOWS\\system32\\conhost.exe 0xffffffff -ForceV1",
        "CurrentDirectory":  "C:\\WINDOWS",
        "Hashes":  "SHA1=8F9BC1B7D65188D0ADBDF74CCCE4EED78BF4C129,MD5=EA777DEEA782E8B4D7C7C33BBF8A4496,SHA256=04B6A35BC504401989B9E674C57C9E84D0CBDBBD9D8CE0CE83D7CECA0B7175ED,IMPHASH=63E065B05DF33ACB4D95B3DD04670B8F",
        "Image":  "C:\\Windows\\System32\\conhost.exe",
        "UtcTime":  "2019-06-04 10:33:44.212",
        "ProcessGuid":  "{AC6A4E42-4908-5CF6-0000-00104AD17F00}",
        "Company":  "Microsoft Corporation",
        "IntegrityLevel":  "High",
        "EventId":  1,
        "FileVersion":  "10.0.17134.1 (WinBuild.160101.0800)",
        "User":  "SEC504STUDENT\\Sec504",
        "RuleName":  null,
        "Product":  "Microsoft? Windows? Operating System",
        "LogonId":  "0x2c0a4",
        "ProcessId":  "2512",
        "LogonGuid":  "{AC6A4E42-0419-5CF4-0000-0020A4C00200}",
        "TerminalSessionId":  "1",
        "ParentProcessGuid":  "{AC6A4E42-4908-5CF6-0000-00104ACF7F00}",
        "ParentProcessId":  "3900",
        "ParentImage":  "C:\\Windows\\System32\\WindowsPowerShell\\v1.0\\powershell.exe"
    },
    {
        "ParentCommandLine":  "cscript \"C:\\WINDOWS\\TEMP\\AaGsKDntLNiDC.vbs\"",
        "Description":  "ApacheBench command line utility",
        "CommandLine":  "\"C:\\Windows\\Temp\\radF3EDC.tmp\\YVbQJojWuhRLQ.exe\" ",
        "CurrentDirectory":  "C:\\WINDOWS\\system32\\",
        "Hashes":  "SHA1=44B5ECAF6E97E970F80EF6E702AFB5113DE2DBAB,MD5=B9DD79A40C9D79816E9617FE287B0337,SHA256=2DB3CFAA83A1C4133128716A06CBCC58EB25CC384E388F4695B569107E98E67E,IMPHASH=481F47BBB2C9C21E108D65F52B04C448",
        "Image":  "C:\\Windows\\Temp\\radF3EDC.tmp\\YVbQJojWuhRLQ.exe",
        "UtcTime":  "2019-06-04 10:33:55.173",
        "ProcessGuid":  "{AC6A4E42-4913-5CF6-0000-0010DB5E8000}",
        "Company":  "Apache Software Foundation",
        "IntegrityLevel":  "System",
        "EventId":  1,
        "FileVersion":  "2.2.14",
        "User":  "NT AUTHORITY\\SYSTEM",
        "RuleName":  null,
        "Product":  "Apache HTTP Server",
        "LogonId":  "0x3e7",
        "ProcessId":  "1336",
        "LogonGuid":  "{AC6A4E42-0410-5CF4-0000-0020E7030000}",
        "TerminalSessionId":  "0",
        "ParentProcessGuid":  "{AC6A4E42-48F3-5CF6-0000-0010AF7B7F00}",
        "ParentProcessId":  "3528",
        "ParentImage":  "C:\\Windows\\System32\\cscript.exe"
    },
    {
        "ParentCommandLine":  "cscript \"C:\\WINDOWS\\TEMP\\AaGsKDntLNiDC.vbs\"",
        "Description":  "ApacheBench command line utility",
        "CommandLine":  "\"C:\\Windows\\Temp\\rad9DFC1.tmp\\YVbQJojWuhRLQ.exe\" ",
        "CurrentDirectory":  "C:\\WINDOWS\\system32\\",
        "Hashes":  "SHA1=44B5ECAF6E97E970F80EF6E702AFB5113DE2DBAB,MD5=B9DD79A40C9D79816E9617FE287B0337,SHA256=2DB3CFAA83A1C4133128716A06CBCC58EB25CC384E388F4695B569107E98E67E,IMPHASH=481F47BBB2C9C21E108D65F52B04C448",
        "Image":  "C:\\Windows\\Temp\\rad9DFC1.tmp\\YVbQJojWuhRLQ.exe",
        "UtcTime":  "2019-06-04 10:34:10.429",
        "ProcessGuid":  "{AC6A4E42-4922-5CF6-0000-00105F728000}",
        "Company":  "Apache Software Foundation",
        "IntegrityLevel":  "System",
        "EventId":  1,
        "FileVersion":  "2.2.14",
        "User":  "NT AUTHORITY\\SYSTEM",
        "RuleName":  null,
        "Product":  "Apache HTTP Server",
        "LogonId":  "0x3e7",
        "ProcessId":  "6012",
        "LogonGuid":  "{AC6A4E42-0410-5CF4-0000-0020E7030000}",
        "TerminalSessionId":  "0",
        "ParentProcessGuid":  "{AC6A4E42-48F3-5CF6-0000-0010AF7B7F00}",
        "ParentProcessId":  "3528",
        "ParentImage":  "C:\\Windows\\System32\\cscript.exe"
    },
    {
        "ParentCommandLine":  "cscript \"C:\\WINDOWS\\TEMP\\AaGsKDntLNiDC.vbs\"",
        "Description":  "ApacheBench command line utility",
        "CommandLine":  "\"C:\\Windows\\Temp\\rad415B2.tmp\\YVbQJojWuhRLQ.exe\" ",
        "CurrentDirectory":  "C:\\WINDOWS\\system32\\",
        "Hashes":  "SHA1=44B5ECAF6E97E970F80EF6E702AFB5113DE2DBAB,MD5=B9DD79A40C9D79816E9617FE287B0337,SHA256=2DB3CFAA83A1C4133128716A06CBCC58EB25CC384E388F4695B569107E98E67E,IMPHASH=481F47BBB2C9C21E108D65F52B04C448",
        "Image":  "C:\\Windows\\Temp\\rad415B2.tmp\\YVbQJojWuhRLQ.exe",
        "UtcTime":  "2019-06-04 10:34:25.658",
        "ProcessGuid":  "{AC6A4E42-4931-5CF6-0000-0010D8758000}",
        "Company":  "Apache Software Foundation",
        "IntegrityLevel":  "System",
        "EventId":  1,
        "FileVersion":  "2.2.14",
        "User":  "NT AUTHORITY\\SYSTEM",
        "RuleName":  null,
        "Product":  "Apache HTTP Server",
        "LogonId":  "0x3e7",
        "ProcessId":  "2720",
        "LogonGuid":  "{AC6A4E42-0410-5CF4-0000-0020E7030000}",
        "TerminalSessionId":  "0",
        "ParentProcessGuid":  "{AC6A4E42-48F3-5CF6-0000-0010AF7B7F00}",
        "ParentProcessId":  "3528",
        "ParentImage":  "C:\\Windows\\System32\\cscript.exe"
    },
    {
        "ParentCommandLine":  "cscript \"C:\\WINDOWS\\TEMP\\AaGsKDntLNiDC.vbs\"",
        "Description":  "ApacheBench command line utility",
        "CommandLine":  "\"C:\\Windows\\Temp\\rad8F60B.tmp\\YVbQJojWuhRLQ.exe\" ",
        "CurrentDirectory":  "C:\\WINDOWS\\system32\\",
        "Hashes":  "SHA1=44B5ECAF6E97E970F80EF6E702AFB5113DE2DBAB,MD5=B9DD79A40C9D79816E9617FE287B0337,SHA256=2DB3CFAA83A1C4133128716A06CBCC58EB25CC384E388F4695B569107E98E67E,IMPHASH=481F47BBB2C9C21E108D65F52B04C448",
        "Image":  "C:\\Windows\\Temp\\rad8F60B.tmp\\YVbQJojWuhRLQ.exe",
        "UtcTime":  "2019-06-04 10:34:40.846",
        "ProcessGuid":  "{AC6A4E42-4940-5CF6-0000-0010947D8000}",
        "Company":  "Apache Software Foundation",
        "IntegrityLevel":  "System",
        "EventId":  1,
        "FileVersion":  "2.2.14",
        "User":  "NT AUTHORITY\\SYSTEM",
        "RuleName":  null,
        "Product":  "Apache HTTP Server",
        "LogonId":  "0x3e7",
        "ProcessId":  "1584",
        "LogonGuid":  "{AC6A4E42-0410-5CF4-0000-0020E7030000}",
        "TerminalSessionId":  "0",
        "ParentProcessGuid":  "{AC6A4E42-48F3-5CF6-0000-0010AF7B7F00}",
        "ParentProcessId":  "3528",
        "ParentImage":  "C:\\Windows\\System32\\cscript.exe"
    },
    {
        "ParentCommandLine":  "cscript \"C:\\WINDOWS\\TEMP\\AaGsKDntLNiDC.vbs\"",
        "Description":  "ApacheBench command line utility",
        "CommandLine":  "\"C:\\Windows\\Temp\\rad83D0D.tmp\\YVbQJojWuhRLQ.exe\" ",
        "CurrentDirectory":  "C:\\WINDOWS\\system32\\",
        "Hashes":  "SHA1=44B5ECAF6E97E970F80EF6E702AFB5113DE2DBAB,MD5=B9DD79A40C9D79816E9617FE287B0337,SHA256=2DB3CFAA83A1C4133128716A06CBCC58EB25CC384E388F4695B569107E98E67E,IMPHASH=481F47BBB2C9C21E108D65F52B04C448",
        "Image":  "C:\\Windows\\Temp\\rad83D0D.tmp\\YVbQJojWuhRLQ.exe",
        "UtcTime":  "2019-06-04 10:34:56.156",
        "ProcessGuid":  "{AC6A4E42-4950-5CF6-0000-0010048C8000}",
        "Company":  "Apache Software Foundation",
        "IntegrityLevel":  "System",
        "EventId":  1,
        "FileVersion":  "2.2.14",
        "User":  "NT AUTHORITY\\SYSTEM",
        "RuleName":  null,
        "Product":  "Apache HTTP Server",
        "LogonId":  "0x3e7",
        "ProcessId":  "2960",
        "LogonGuid":  "{AC6A4E42-0410-5CF4-0000-0020E7030000}",
        "TerminalSessionId":  "0",
        "ParentProcessGuid":  "{AC6A4E42-48F3-5CF6-0000-0010AF7B7F00}",
        "ParentProcessId":  "3528",
        "ParentImage":  "C:\\Windows\\System32\\cscript.exe"
    },
    {
        "ParentCommandLine":  "cscript \"C:\\WINDOWS\\TEMP\\AaGsKDntLNiDC.vbs\"",
        "Description":  "ApacheBench command line utility",
        "CommandLine":  "\"C:\\Windows\\Temp\\radF9DDC.tmp\\YVbQJojWuhRLQ.exe\" ",
        "CurrentDirectory":  "C:\\WINDOWS\\system32\\",
        "Hashes":  "SHA1=44B5ECAF6E97E970F80EF6E702AFB5113DE2DBAB,MD5=B9DD79A40C9D79816E9617FE287B0337,SHA256=2DB3CFAA83A1C4133128716A06CBCC58EB25CC384E388F4695B569107E98E67E,IMPHASH=481F47BBB2C9C21E108D65F52B04C448",
        "Image":  "C:\\Windows\\Temp\\radF9DDC.tmp\\YVbQJojWuhRLQ.exe",
        "UtcTime":  "2019-06-04 10:35:11.423",
        "ProcessGuid":  "{AC6A4E42-495F-5CF6-0000-0010A3958000}",
        "Company":  "Apache Software Foundation",
        "IntegrityLevel":  "System",
        "EventId":  1,
        "FileVersion":  "2.2.14",
        "User":  "NT AUTHORITY\\SYSTEM",
        "RuleName":  null,
        "Product":  "Apache HTTP Server",
        "LogonId":  "0x3e7",
        "ProcessId":  "2592",
        "LogonGuid":  "{AC6A4E42-0410-5CF4-0000-0020E7030000}",
        "TerminalSessionId":  "0",
        "ParentProcessGuid":  "{AC6A4E42-48F3-5CF6-0000-0010AF7B7F00}",
        "ParentProcessId":  "3528",
        "ParentImage":  "C:\\Windows\\System32\\cscript.exe"
    },
    {
        "ParentCommandLine":  "cscript \"C:\\WINDOWS\\TEMP\\AaGsKDntLNiDC.vbs\"",
        "Description":  "ApacheBench command line utility",
        "CommandLine":  "\"C:\\Windows\\Temp\\radCC9FC.tmp\\YVbQJojWuhRLQ.exe\" ",
        "CurrentDirectory":  "C:\\WINDOWS\\system32\\",
        "Hashes":  "SHA1=44B5ECAF6E97E970F80EF6E702AFB5113DE2DBAB,MD5=B9DD79A40C9D79816E9617FE287B0337,SHA256=2DB3CFAA83A1C4133128716A06CBCC58EB25CC384E388F4695B569107E98E67E,IMPHASH=481F47BBB2C9C21E108D65F52B04C448",
        "Image":  "C:\\Windows\\Temp\\radCC9FC.tmp\\YVbQJojWuhRLQ.exe",
        "UtcTime":  "2019-06-04 10:35:26.782",
        "ProcessGuid":  "{AC6A4E42-496E-5CF6-0000-00108D9F8000}",
        "Company":  "Apache Software Foundation",
        "IntegrityLevel":  "System",
        "EventId":  1,
        "FileVersion":  "2.2.14",
        "User":  "NT AUTHORITY\\SYSTEM",
        "RuleName":  null,
        "Product":  "Apache HTTP Server",
        "LogonId":  "0x3e7",
        "ProcessId":  "4976",
        "LogonGuid":  "{AC6A4E42-0410-5CF4-0000-0020E7030000}",
        "TerminalSessionId":  "0",
        "ParentProcessGuid":  "{AC6A4E42-48F3-5CF6-0000-0010AF7B7F00}",
        "ParentProcessId":  "3528",
        "ParentImage":  "C:\\Windows\\System32\\cscript.exe"
    }
]
