    {
        "ParentCommandLine":  "\"C:\\Program Files\\Wireshark\\Wireshark.exe\" ",
        "Description":  "Dumpcap",
        "CommandLine":  "\"C:\\Program Files\\Wireshark\\dumpcap.exe\" -S -Z 5248.dummy",
        "CurrentDirectory":  "C:\\Program Files\\Wireshark\\",
        "Hashes":  "SHA1=9AE11406407699C016132633C4464EEB1B85F640,MD5=28869D1C0F3C57B3A12B1ACC758BFD3D,SHA256=F282900DF73E74D727580A88ECD6A4A2D2942FBB980D66009C6C85DDD8B31D9D,IMPHASH=BA28212C31A1C7FA632746E6F19EF3B4",
        "Image":  "C:\\Program Files\\Wireshark\\dumpcap.exe",
        "UtcTime":  "2019-06-04 10:25:21.792",
        "ProcessGuid":  "{AC6A4E42-4711-5CF6-0000-00106C1A7100}",
        "Company":  "The Wireshark developer community",
        "IntegrityLevel":  "Medium",
        "EventId":  1,
        "FileVersion":  "2.2.3",
        "User":  "SEC504STUDENT\\Sec504",
        "RuleName":  null,
        "Product":  "Dumpcap",
        "LogonId":  "0x2c0d8",
        "ProcessId":  "5064",
        "LogonGuid":  "{AC6A4E42-0419-5CF4-0000-0020D8C00200}",
        "TerminalSessionId":  "1",
        "ParentProcessGuid":  "{AC6A4E42-469E-5CF6-0000-001078766C00}",
        "ParentProcessId":  "5248",
        "ParentImage":  "C:\\Program Files\\Wireshark\\Wireshark.exe"
    },
    {
        "ParentCommandLine":  "\"C:\\Program Files\\Wireshark\\dumpcap.exe\" -S -Z 5248.dummy",
        "Description":  "Console Window Host",
        "CommandLine":  "\\??\\C:\\WINDOWS\\system32\\conhost.exe 0xffffffff -ForceV1",
        "CurrentDirectory":  "C:\\WINDOWS",
        "Hashes":  "SHA1=8F9BC1B7D65188D0ADBDF74CCCE4EED78BF4C129,MD5=EA777DEEA782E8B4D7C7C33BBF8A4496,SHA256=04B6A35BC504401989B9E674C57C9E84D0CBDBBD9D8CE0CE83D7CECA0B7175ED,IMPHASH=63E065B05DF33ACB4D95B3DD04670B8F",
        "Image":  "C:\\Windows\\System32\\conhost.exe",
        "UtcTime":  "2019-06-04 10:25:21.795",
        "ProcessGuid":  "{AC6A4E42-4711-5CF6-0000-0010EB1A7100}",
        "Company":  "Microsoft Corporation",
        "IntegrityLevel":  "Medium",
        "EventId":  1,
        "FileVersion":  "10.0.17134.1 (WinBuild.160101.0800)",
        "User":  "SEC504STUDENT\\Sec504",
        "RuleName":  null,
        "Product":  "Microsoft? Windows? Operating System",
        "LogonId":  "0x2c0d8",
        "ProcessId":  "4408",
        "LogonGuid":  "{AC6A4E42-0419-5CF4-0000-0020D8C00200}",
        "TerminalSessionId":  "1",
        "ParentProcessGuid":  "{AC6A4E42-4711-5CF6-0000-00106C1A7100}",
        "ParentProcessId":  "5064",
        "ParentImage":  "C:\\Program Files\\Wireshark\\dumpcap.exe"
    },
    {
        "ParentCommandLine":  "\"C:\\Program Files\\Wireshark\\Wireshark.exe\" ",
        "Description":  "Dumpcap",
        "CommandLine":  "\"C:\\Program Files\\Wireshark\\dumpcap.exe\" -S -Z 5248.dummy",
        "CurrentDirectory":  "C:\\Program Files\\Wireshark\\",
        "Hashes":  "SHA1=9AE11406407699C016132633C4464EEB1B85F640,MD5=28869D1C0F3C57B3A12B1ACC758BFD3D,SHA256=F282900DF73E74D727580A88ECD6A4A2D2942FBB980D66009C6C85DDD8B31D9D,IMPHASH=BA28212C31A1C7FA632746E6F19EF3B4",
        "Image":  "C:\\Program Files\\Wireshark\\dumpcap.exe",
        "UtcTime":  "2019-06-04 10:25:22.792",
        "ProcessGuid":  "{AC6A4E42-4712-5CF6-0000-0010E7227100}",
        "Company":  "The Wireshark developer community",
        "IntegrityLevel":  "Medium",
        "EventId":  1,
        "FileVersion":  "2.2.3",
        "User":  "SEC504STUDENT\\Sec504",
        "RuleName":  null,
        "Product":  "Dumpcap",
        "LogonId":  "0x2c0d8",
        "ProcessId":  "2468",
        "LogonGuid":  "{AC6A4E42-0419-5CF4-0000-0020D8C00200}",
        "TerminalSessionId":  "1",
        "ParentProcessGuid":  "{AC6A4E42-469E-5CF6-0000-001078766C00}",
        "ParentProcessId":  "5248",
        "ParentImage":  "C:\\Program Files\\Wireshark\\Wireshark.exe"
    },
    {
        "ParentCommandLine":  "\"C:\\Program Files\\Wireshark\\dumpcap.exe\" -S -Z 5248.dummy",
        "Description":  "Console Window Host",
        "CommandLine":  "\\??\\C:\\WINDOWS\\system32\\conhost.exe 0xffffffff -ForceV1",
        "CurrentDirectory":  "C:\\WINDOWS",
        "Hashes":  "SHA1=8F9BC1B7D65188D0ADBDF74CCCE4EED78BF4C129,MD5=EA777DEEA782E8B4D7C7C33BBF8A4496,SHA256=04B6A35BC504401989B9E674C57C9E84D0CBDBBD9D8CE0CE83D7CECA0B7175ED,IMPHASH=63E065B05DF33ACB4D95B3DD04670B8F",
        "Image":  "C:\\Windows\\System32\\conhost.exe",
        "UtcTime":  "2019-06-04 10:25:22.796",
        "ProcessGuid":  "{AC6A4E42-4712-5CF6-0000-001066237100}",
        "Company":  "Microsoft Corporation",
        "IntegrityLevel":  "Medium",
        "EventId":  1,
        "FileVersion":  "10.0.17134.1 (WinBuild.160101.0800)",
        "User":  "SEC504STUDENT\\Sec504",
        "RuleName":  null,
        "Product":  "Microsoft? Windows? Operating System",
        "LogonId":  "0x2c0d8",
        "ProcessId":  "4036",
        "LogonGuid":  "{AC6A4E42-0419-5CF4-0000-0020D8C00200}",
        "TerminalSessionId":  "1",
        "ParentProcessGuid":  "{AC6A4E42-4712-5CF6-0000-0010E7227100}",
        "ParentProcessId":  "2468",
        "ParentImage":  "C:\\Program Files\\Wireshark\\dumpcap.exe"
    },
    {
        "ParentCommandLine":  "\"C:\\Program Files\\Wireshark\\Wireshark.exe\" ",
        "Description":  "Dumpcap",
        "CommandLine":  "\"C:\\Program Files\\Wireshark\\dumpcap.exe\" -S -Z 5248.dummy",
        "CurrentDirectory":  "C:\\Program Files\\Wireshark\\",
        "Hashes":  "SHA1=9AE11406407699C016132633C4464EEB1B85F640,MD5=28869D1C0F3C57B3A12B1ACC758BFD3D,SHA256=F282900DF73E74D727580A88ECD6A4A2D2942FBB980D66009C6C85DDD8B31D9D,IMPHASH=BA28212C31A1C7FA632746E6F19EF3B4",
        "Image":  "C:\\Program Files\\Wireshark\\dumpcap.exe",
        "UtcTime":  "2019-06-04 10:25:23.792",
        "ProcessGuid":  "{AC6A4E42-4713-5CF6-0000-0010382B7100}",
        "Company":  "The Wireshark developer community",
        "IntegrityLevel":  "Medium",
        "EventId":  1,
        "FileVersion":  "2.2.3",
        "User":  "SEC504STUDENT\\Sec504",
        "RuleName":  null,
        "Product":  "Dumpcap",
        "LogonId":  "0x2c0d8",
        "ProcessId":  "1232",
        "LogonGuid":  "{AC6A4E42-0419-5CF4-0000-0020D8C00200}",
        "TerminalSessionId":  "1",
        "ParentProcessGuid":  "{AC6A4E42-469E-5CF6-0000-001078766C00}",
        "ParentProcessId":  "5248",
        "ParentImage":  "C:\\Program Files\\Wireshark\\Wireshark.exe"
    },
    {
        "ParentCommandLine":  "\"C:\\Program Files\\Wireshark\\dumpcap.exe\" -S -Z 5248.dummy",
        "Description":  "Console Window Host",
        "CommandLine":  "\\??\\C:\\WINDOWS\\system32\\conhost.exe 0xffffffff -ForceV1",
        "CurrentDirectory":  "C:\\WINDOWS",
        "Hashes":  "SHA1=8F9BC1B7D65188D0ADBDF74CCCE4EED78BF4C129,MD5=EA777DEEA782E8B4D7C7C33BBF8A4496,SHA256=04B6A35BC504401989B9E674C57C9E84D0CBDBBD9D8CE0CE83D7CECA0B7175ED,IMPHASH=63E065B05DF33ACB4D95B3DD04670B8F",
        "Image":  "C:\\Windows\\System32\\conhost.exe",
        "UtcTime":  "2019-06-04 10:25:23.796",
        "ProcessGuid":  "{AC6A4E42-4713-5CF6-0000-0010B72B7100}",
        "Company":  "Microsoft Corporation",
        "IntegrityLevel":  "Medium",
        "EventId":  1,
        "FileVersion":  "10.0.17134.1 (WinBuild.160101.0800)",
        "User":  "SEC504STUDENT\\Sec504",
        "RuleName":  null,
        "Product":  "Microsoft? Windows? Operating System",
        "LogonId":  "0x2c0d8",
        "ProcessId":  "200",
        "LogonGuid":  "{AC6A4E42-0419-5CF4-0000-0020D8C00200}",
        "TerminalSessionId":  "1",
        "ParentProcessGuid":  "{AC6A4E42-4713-5CF6-0000-0010382B7100}",
        "ParentProcessId":  "1232",
        "ParentImage":  "C:\\Program Files\\Wireshark\\dumpcap.exe"
    },
    {
        "ParentCommandLine":  "\"C:\\Program Files\\Wireshark\\Wireshark.exe\" ",
        "Description":  "Dumpcap",
        "CommandLine":  "\"C:\\Program Files\\Wireshark\\dumpcap.exe\" -S -Z 5248.dummy",
        "CurrentDirectory":  "C:\\Program Files\\Wireshark\\",
        "Hashes":  "SHA1=9AE11406407699C016132633C4464EEB1B85F640,MD5=28869D1C0F3C57B3A12B1ACC758BFD3D,SHA256=F282900DF73E74D727580A88ECD6A4A2D2942FBB980D66009C6C85DDD8B31D9D,IMPHASH=BA28212C31A1C7FA632746E6F19EF3B4",
        "Image":  "C:\\Program Files\\Wireshark\\dumpcap.exe",
        "UtcTime":  "2019-06-04 10:25:24.792",
        "ProcessGuid":  "{AC6A4E42-4714-5CF6-0000-00108E337100}",
        "Company":  "The Wireshark developer community",
        "IntegrityLevel":  "Medium",
        "EventId":  1,
        "FileVersion":  "2.2.3",
        "User":  "SEC504STUDENT\\Sec504",
        "RuleName":  null,
        "Product":  "Dumpcap",
        "LogonId":  "0x2c0d8",
        "ProcessId":  "3492",
        "LogonGuid":  "{AC6A4E42-0419-5CF4-0000-0020D8C00200}",
        "TerminalSessionId":  "1",
        "ParentProcessGuid":  "{AC6A4E42-469E-5CF6-0000-001078766C00}",
        "ParentProcessId":  "5248",
        "ParentImage":  "C:\\Program Files\\Wireshark\\Wireshark.exe"
    },
    {
        "ParentCommandLine":  "\"C:\\Program Files\\Wireshark\\dumpcap.exe\" -S -Z 5248.dummy",
        "Description":  "Console Window Host",
        "CommandLine":  "\\??\\C:\\WINDOWS\\system32\\conhost.exe 0xffffffff -ForceV1",
        "CurrentDirectory":  "C:\\WINDOWS",
        "Hashes":  "SHA1=8F9BC1B7D65188D0ADBDF74CCCE4EED78BF4C129,MD5=EA777DEEA782E8B4D7C7C33BBF8A4496,SHA256=04B6A35BC504401989B9E674C57C9E84D0CBDBBD9D8CE0CE83D7CECA0B7175ED,IMPHASH=63E065B05DF33ACB4D95B3DD04670B8F",
        "Image":  "C:\\Windows\\System32\\conhost.exe",
        "UtcTime":  "2019-06-04 10:25:24.795",
        "ProcessGuid":  "{AC6A4E42-4714-5CF6-0000-00100D347100}",
        "Company":  "Microsoft Corporation",
        "IntegrityLevel":  "Medium",
        "EventId":  1,
        "FileVersion":  "10.0.17134.1 (WinBuild.160101.0800)",
        "User":  "SEC504STUDENT\\Sec504",
        "RuleName":  null,
        "Product":  "Microsoft? Windows? Operating System",
        "LogonId":  "0x2c0d8",
        "ProcessId":  "4792",
        "LogonGuid":  "{AC6A4E42-0419-5CF4-0000-0020D8C00200}",
        "TerminalSessionId":  "1",
        "ParentProcessGuid":  "{AC6A4E42-4714-5CF6-0000-00108E337100}",
        "ParentProcessId":  "3492",
        "ParentImage":  "C:\\Program Files\\Wireshark\\dumpcap.exe"
    },
    {
        "ParentCommandLine":  "\"C:\\Program Files\\Wireshark\\Wireshark.exe\" ",
        "Description":  "Dumpcap",
        "CommandLine":  "\"C:\\Program Files\\Wireshark\\dumpcap.exe\" -S -Z 5248.dummy",
        "CurrentDirectory":  "C:\\Program Files\\Wireshark\\",
        "Hashes":  "SHA1=9AE11406407699C016132633C4464EEB1B85F640,MD5=28869D1C0F3C57B3A12B1ACC758BFD3D,SHA256=F282900DF73E74D727580A88ECD6A4A2D2942FBB980D66009C6C85DDD8B31D9D,IMPHASH=BA28212C31A1C7FA632746E6F19EF3B4",
        "Image":  "C:\\Program Files\\Wireshark\\dumpcap.exe",
        "UtcTime":  "2019-06-04 10:25:25.793",
        "ProcessGuid":  "{AC6A4E42-4715-5CF6-0000-0010DF3C7100}",
        "Company":  "The Wireshark developer community",
        "IntegrityLevel":  "Medium",
        "EventId":  1,
        "FileVersion":  "2.2.3",
        "User":  "SEC504STUDENT\\Sec504",
        "RuleName":  null,
        "Product":  "Dumpcap",
        "LogonId":  "0x2c0d8",
        "ProcessId":  "5564",
        "LogonGuid":  "{AC6A4E42-0419-5CF4-0000-0020D8C00200}",
        "TerminalSessionId":  "1",
        "ParentProcessGuid":  "{AC6A4E42-469E-5CF6-0000-001078766C00}",
        "ParentProcessId":  "5248",
        "ParentImage":  "C:\\Program Files\\Wireshark\\Wireshark.exe"
    },
    {
        "ParentCommandLine":  "\"C:\\Program Files\\Wireshark\\dumpcap.exe\" -S -Z 5248.dummy",
        "Description":  "Console Window Host",
        "CommandLine":  "\\??\\C:\\WINDOWS\\system32\\conhost.exe 0xffffffff -ForceV1",
        "CurrentDirectory":  "C:\\WINDOWS",
        "Hashes":  "SHA1=8F9BC1B7D65188D0ADBDF74CCCE4EED78BF4C129,MD5=EA777DEEA782E8B4D7C7C33BBF8A4496,SHA256=04B6A35BC504401989B9E674C57C9E84D0CBDBBD9D8CE0CE83D7CECA0B7175ED,IMPHASH=63E065B05DF33ACB4D95B3DD04670B8F",
        "Image":  "C:\\Windows\\System32\\conhost.exe",
        "UtcTime":  "2019-06-04 10:25:25.798",
        "ProcessGuid":  "{AC6A4E42-4715-5CF6-0000-00105E3D7100}",
        "Company":  "Microsoft Corporation",
        "IntegrityLevel":  "Medium",
        "EventId":  1,
        "FileVersion":  "10.0.17134.1 (WinBuild.160101.0800)",
        "User":  "SEC504STUDENT\\Sec504",
        "RuleName":  null,
        "Product":  "Microsoft? Windows? Operating System",
        "LogonId":  "0x2c0d8",
        "ProcessId":  "5152",
        "LogonGuid":  "{AC6A4E42-0419-5CF4-0000-0020D8C00200}",
        "TerminalSessionId":  "1",
        "ParentProcessGuid":  "{AC6A4E42-4715-5CF6-0000-0010DF3C7100}",
        "ParentProcessId":  "5564",
        "ParentImage":  "C:\\Program Files\\Wireshark\\dumpcap.exe"
    },
    {
        "ParentCommandLine":  "\"C:\\Program Files\\Wireshark\\Wireshark.exe\" ",
        "Description":  "Dumpcap",
        "CommandLine":  "\"C:\\Program Files\\Wireshark\\dumpcap.exe\" -S -Z 5248.dummy",
        "CurrentDirectory":  "C:\\Program Files\\Wireshark\\",
        "Hashes":  "SHA1=9AE11406407699C016132633C4464EEB1B85F640,MD5=28869D1C0F3C57B3A12B1ACC758BFD3D,SHA256=F282900DF73E74D727580A88ECD6A4A2D2942FBB980D66009C6C85DDD8B31D9D,IMPHASH=BA28212C31A1C7FA632746E6F19EF3B4",
        "Image":  "C:\\Program Files\\Wireshark\\dumpcap.exe",
        "UtcTime":  "2019-06-04 10:25:26.792",
        "ProcessGuid":  "{AC6A4E42-4716-5CF6-0000-001010477100}",
        "Company":  "The Wireshark developer community",
        "IntegrityLevel":  "Medium",
        "EventId":  1,
        "FileVersion":  "2.2.3",
        "User":  "SEC504STUDENT\\Sec504",
        "RuleName":  null,
        "Product":  "Dumpcap",
        "LogonId":  "0x2c0d8",
        "ProcessId":  "2512",
        "LogonGuid":  "{AC6A4E42-0419-5CF4-0000-0020D8C00200}",
        "TerminalSessionId":  "1",
        "ParentProcessGuid":  "{AC6A4E42-469E-5CF6-0000-001078766C00}",
        "ParentProcessId":  "5248",
        "ParentImage":  "C:\\Program Files\\Wireshark\\Wireshark.exe"
    },
    {
        "ParentCommandLine":  "\"C:\\Program Files\\Wireshark\\dumpcap.exe\" -S -Z 5248.dummy",
        "Description":  "Console Window Host",
        "CommandLine":  "\\??\\C:\\WINDOWS\\system32\\conhost.exe 0xffffffff -ForceV1",
        "CurrentDirectory":  "C:\\WINDOWS",
        "Hashes":  "SHA1=8F9BC1B7D65188D0ADBDF74CCCE4EED78BF4C129,MD5=EA777DEEA782E8B4D7C7C33BBF8A4496,SHA256=04B6A35BC504401989B9E674C57C9E84D0CBDBBD9D8CE0CE83D7CECA0B7175ED,IMPHASH=63E065B05DF33ACB4D95B3DD04670B8F",
        "Image":  "C:\\Windows\\System32\\conhost.exe",
        "UtcTime":  "2019-06-04 10:25:26.798",
        "ProcessGuid":  "{AC6A4E42-4716-5CF6-0000-00108F477100}",
        "Company":  "Microsoft Corporation",
        "IntegrityLevel":  "Medium",
        "EventId":  1,
        "FileVersion":  "10.0.17134.1 (WinBuild.160101.0800)",
        "User":  "SEC504STUDENT\\Sec504",
        "RuleName":  null,
        "Product":  "Microsoft? Windows? Operating System",
        "LogonId":  "0x2c0d8",
        "ProcessId":  "1564",
        "LogonGuid":  "{AC6A4E42-0419-5CF4-0000-0020D8C00200}",
        "TerminalSessionId":  "1",
        "ParentProcessGuid":  "{AC6A4E42-4716-5CF6-0000-001010477100}",
        "ParentProcessId":  "2512",
        "ParentImage":  "C:\\Program Files\\Wireshark\\dumpcap.exe"
    },
    {
        "ParentCommandLine":  "\"C:\\Program Files\\Wireshark\\Wireshark.exe\" ",
        "Description":  "Dumpcap",
        "CommandLine":  "\"C:\\Program Files\\Wireshark\\dumpcap.exe\" -S -Z 5248.dummy",
        "CurrentDirectory":  "C:\\Program Files\\Wireshark\\",
        "Hashes":  "SHA1=9AE11406407699C016132633C4464EEB1B85F640,MD5=28869D1C0F3C57B3A12B1ACC758BFD3D,SHA256=F282900DF73E74D727580A88ECD6A4A2D2942FBB980D66009C6C85DDD8B31D9D,IMPHASH=BA28212C31A1C7FA632746E6F19EF3B4",
        "Image":  "C:\\Program Files\\Wireshark\\dumpcap.exe",
        "UtcTime":  "2019-06-04 10:25:27.792",
        "ProcessGuid":  "{AC6A4E42-4717-5CF6-0000-00109D4F7100}",
        "Company":  "The Wireshark developer community",
        "IntegrityLevel":  "Medium",
        "EventId":  1,
        "FileVersion":  "2.2.3",
        "User":  "SEC504STUDENT\\Sec504",
        "RuleName":  null,
        "Product":  "Dumpcap",
        "LogonId":  "0x2c0d8",
        "ProcessId":  "4464",
        "LogonGuid":  "{AC6A4E42-0419-5CF4-0000-0020D8C00200}",
        "TerminalSessionId":  "1",
        "ParentProcessGuid":  "{AC6A4E42-469E-5CF6-0000-001078766C00}",
        "ParentProcessId":  "5248",
        "ParentImage":  "C:\\Program Files\\Wireshark\\Wireshark.exe"
    },
    {
        "ParentCommandLine":  "\"C:\\Program Files\\Wireshark\\dumpcap.exe\" -S -Z 5248.dummy",
        "Description":  "Console Window Host",
        "CommandLine":  "\\??\\C:\\WINDOWS\\system32\\conhost.exe 0xffffffff -ForceV1",
        "CurrentDirectory":  "C:\\WINDOWS",
        "Hashes":  "SHA1=8F9BC1B7D65188D0ADBDF74CCCE4EED78BF4C129,MD5=EA777DEEA782E8B4D7C7C33BBF8A4496,SHA256=04B6A35BC504401989B9E674C57C9E84D0CBDBBD9D8CE0CE83D7CECA0B7175ED,IMPHASH=63E065B05DF33ACB4D95B3DD04670B8F",
        "Image":  "C:\\Windows\\System32\\conhost.exe",
        "UtcTime":  "2019-06-04 10:25:27.795",
        "ProcessGuid":  "{AC6A4E42-4717-5CF6-0000-00101C507100}",
        "Company":  "Microsoft Corporation",
        "IntegrityLevel":  "Medium",
        "EventId":  1,
        "FileVersion":  "10.0.17134.1 (WinBuild.160101.0800)",
        "User":  "SEC504STUDENT\\Sec504",
        "RuleName":  null,
        "Product":  "Microsoft? Windows? Operating System",
        "LogonId":  "0x2c0d8",
        "ProcessId":  "4760",
        "LogonGuid":  "{AC6A4E42-0419-5CF4-0000-0020D8C00200}",
        "TerminalSessionId":  "1",
        "ParentProcessGuid":  "{AC6A4E42-4717-5CF6-0000-00109D4F7100}",
        "ParentProcessId":  "4464",
        "ParentImage":  "C:\\Program Files\\Wireshark\\dumpcap.exe"
    },
    {
        "ParentCommandLine":  "\"C:\\Program Files (x86)\\Google\\Chrome\\Application\\chrome.exe\" -- \"https://www.wireshark.org/download.html\"",
        "Description":  "Google Chrome",
        "CommandLine":  "\"C:\\Program Files (x86)\\Google\\Chrome\\Application\\chrome.exe\" --type=renderer --field-trial-handle=1604,14738571581460414031,3403875765056908835,131072 --lang=en-US --enable-offline-auto-reload --enable-offline-auto-reload-visible-only --device-scale-factor=1 --num-raster-threads=1 --service-request-channel-token=8872541263662324832 --renderer-client-id=12 --no-v8-untrusted-code-mitigations --mojo-platform-channel-handle=4020 /prefetch:1",
        "CurrentDirectory":  "C:\\Program Files (x86)\\Google\\Chrome\\Application\\74.0.3729.131\\",
        "Hashes":  "SHA1=33232C326765381CF38167DBAAFF639FDD518579,MD5=432F9D1C91FBA0C23266FD33DB601446,SHA256=61D2B627CFA6FFFB89B3DBBB2B5B24AB0D8450A2EC77B89F16C3C410633B7452,IMPHASH=0411478B43D07EA5B0C31AEF56C1AC94",
        "Image":  "C:\\Program Files (x86)\\Google\\Chrome\\Application\\chrome.exe",
        "UtcTime":  "2019-06-04 10:25:28.382",
        "ProcessGuid":  "{AC6A4E42-4718-5CF6-0000-0010D5577100}",
        "Company":  "Google Inc.",
        "IntegrityLevel":  "Low",
        "EventId":  1,
        "FileVersion":  "74.0.3729.131",
        "User":  "SEC504STUDENT\\Sec504",
        "RuleName":  null,
        "Product":  "Google Chrome",
        "LogonId":  "0x2c0d8",
        "ProcessId":  "4652",
        "LogonGuid":  "{AC6A4E42-0419-5CF4-0000-0020D8C00200}",
        "TerminalSessionId":  "1",
        "ParentProcessGuid":  "{AC6A4E42-46C6-5CF6-0000-0010E0356E00}",
        "ParentProcessId":  "5004",
        "ParentImage":  "C:\\Program Files (x86)\\Google\\Chrome\\Application\\chrome.exe"
    },
    {
        "ParentCommandLine":  "\"C:\\Program Files\\Wireshark\\Wireshark.exe\" ",
        "Description":  "Dumpcap",
        "CommandLine":  "\"C:\\Program Files\\Wireshark\\dumpcap.exe\" -S -Z 5248.dummy",
        "CurrentDirectory":  "C:\\Program Files\\Wireshark\\",
        "Hashes":  "SHA1=9AE11406407699C016132633C4464EEB1B85F640,MD5=28869D1C0F3C57B3A12B1ACC758BFD3D,SHA256=F282900DF73E74D727580A88ECD6A4A2D2942FBB980D66009C6C85DDD8B31D9D,IMPHASH=BA28212C31A1C7FA632746E6F19EF3B4",
        "Image":  "C:\\Program Files\\Wireshark\\dumpcap.exe",
        "UtcTime":  "2019-06-04 10:25:28.793",
        "ProcessGuid":  "{AC6A4E42-4718-5CF6-0000-001040607100}",
        "Company":  "The Wireshark developer community",
        "IntegrityLevel":  "Medium",
        "EventId":  1,
        "FileVersion":  "2.2.3",
        "User":  "SEC504STUDENT\\Sec504",
        "RuleName":  null,
        "Product":  "Dumpcap",
        "LogonId":  "0x2c0d8",
        "ProcessId":  "1184",
        "LogonGuid":  "{AC6A4E42-0419-5CF4-0000-0020D8C00200}",
        "TerminalSessionId":  "1",
        "ParentProcessGuid":  "{AC6A4E42-469E-5CF6-0000-001078766C00}",
        "ParentProcessId":  "5248",
        "ParentImage":  "C:\\Program Files\\Wireshark\\Wireshark.exe"
    },
    {
        "ParentCommandLine":  "\"C:\\Program Files\\Wireshark\\dumpcap.exe\" -S -Z 5248.dummy",
        "Description":  "Console Window Host",
        "CommandLine":  "\\??\\C:\\WINDOWS\\system32\\conhost.exe 0xffffffff -ForceV1",
        "CurrentDirectory":  "C:\\WINDOWS",
        "Hashes":  "SHA1=8F9BC1B7D65188D0ADBDF74CCCE4EED78BF4C129,MD5=EA777DEEA782E8B4D7C7C33BBF8A4496,SHA256=04B6A35BC504401989B9E674C57C9E84D0CBDBBD9D8CE0CE83D7CECA0B7175ED,IMPHASH=63E065B05DF33ACB4D95B3DD04670B8F",
        "Image":  "C:\\Windows\\System32\\conhost.exe",
        "UtcTime":  "2019-06-04 10:25:28.796",
        "ProcessGuid":  "{AC6A4E42-4718-5CF6-0000-0010BF607100}",
        "Company":  "Microsoft Corporation",
        "IntegrityLevel":  "Medium",
        "EventId":  1,
        "FileVersion":  "10.0.17134.1 (WinBuild.160101.0800)",
        "User":  "SEC504STUDENT\\Sec504",
        "RuleName":  null,
        "Product":  "Microsoft? Windows? Operating System",
        "LogonId":  "0x2c0d8",
        "ProcessId":  "2836",
        "LogonGuid":  "{AC6A4E42-0419-5CF4-0000-0020D8C00200}",
        "TerminalSessionId":  "1",
        "ParentProcessGuid":  "{AC6A4E42-4718-5CF6-0000-001040607100}",
        "ParentProcessId":  "1184",
        "ParentImage":  "C:\\Program Files\\Wireshark\\dumpcap.exe"
    },
    {
        "ParentCommandLine":  "\"C:\\Program Files\\Wireshark\\Wireshark.exe\" ",
        "Description":  "Dumpcap",
        "CommandLine":  "\"C:\\Program Files\\Wireshark\\dumpcap.exe\" -S -Z 5248.dummy",
        "CurrentDirectory":  "C:\\Program Files\\Wireshark\\",
        "Hashes":  "SHA1=9AE11406407699C016132633C4464EEB1B85F640,MD5=28869D1C0F3C57B3A12B1ACC758BFD3D,SHA256=F282900DF73E74D727580A88ECD6A4A2D2942FBB980D66009C6C85DDD8B31D9D,IMPHASH=BA28212C31A1C7FA632746E6F19EF3B4",
        "Image":  "C:\\Program Files\\Wireshark\\dumpcap.exe",
        "UtcTime":  "2019-06-04 10:25:29.785",
        "ProcessGuid":  "{AC6A4E42-4719-5CF6-0000-001092687100}",
        "Company":  "The Wireshark developer community",
        "IntegrityLevel":  "Medium",
        "EventId":  1,
        "FileVersion":  "2.2.3",
        "User":  "SEC504STUDENT\\Sec504",
        "RuleName":  null,
        "Product":  "Dumpcap",
        "LogonId":  "0x2c0d8",
        "ProcessId":  "1192",
        "LogonGuid":  "{AC6A4E42-0419-5CF4-0000-0020D8C00200}",
        "TerminalSessionId":  "1",
        "ParentProcessGuid":  "{AC6A4E42-469E-5CF6-0000-001078766C00}",
        "ParentProcessId":  "5248",
        "ParentImage":  "C:\\Program Files\\Wireshark\\Wireshark.exe"
    },
    {
        "ParentCommandLine":  "\"C:\\Program Files\\Wireshark\\dumpcap.exe\" -S -Z 5248.dummy",
        "Description":  "Console Window Host",
        "CommandLine":  "\\??\\C:\\WINDOWS\\system32\\conhost.exe 0xffffffff -ForceV1",
        "CurrentDirectory":  "C:\\WINDOWS",
        "Hashes":  "SHA1=8F9BC1B7D65188D0ADBDF74CCCE4EED78BF4C129,MD5=EA777DEEA782E8B4D7C7C33BBF8A4496,SHA256=04B6A35BC504401989B9E674C57C9E84D0CBDBBD9D8CE0CE83D7CECA0B7175ED,IMPHASH=63E065B05DF33ACB4D95B3DD04670B8F",
        "Image":  "C:\\Windows\\System32\\conhost.exe",
        "UtcTime":  "2019-06-04 10:25:29.788",
        "ProcessGuid":  "{AC6A4E42-4719-5CF6-0000-001008697100}",
        "Company":  "Microsoft Corporation",
        "IntegrityLevel":  "Medium",
        "EventId":  1,
        "FileVersion":  "10.0.17134.1 (WinBuild.160101.0800)",
        "User":  "SEC504STUDENT\\Sec504",
        "RuleName":  null,
        "Product":  "Microsoft? Windows? Operating System",
        "LogonId":  "0x2c0d8",
        "ProcessId":  "4084",
        "LogonGuid":  "{AC6A4E42-0419-5CF4-0000-0020D8C00200}",
        "TerminalSessionId":  "1",
        "ParentProcessGuid":  "{AC6A4E42-4719-5CF6-0000-001092687100}",
        "ParentProcessId":  "1192",
        "ParentImage":  "C:\\Program Files\\Wireshark\\dumpcap.exe"
    },
    {
        "ParentCommandLine":  "\"C:\\Program Files\\Wireshark\\Wireshark.exe\" ",
        "Description":  "Dumpcap",
        "CommandLine":  "\"C:\\Program Files\\Wireshark\\dumpcap.exe\" -S -Z 5248.dummy",
        "CurrentDirectory":  "C:\\Program Files\\Wireshark\\",
        "Hashes":  "SHA1=9AE11406407699C016132633C4464EEB1B85F640,MD5=28869D1C0F3C57B3A12B1ACC758BFD3D,SHA256=F282900DF73E74D727580A88ECD6A4A2D2942FBB980D66009C6C85DDD8B31D9D,IMPHASH=BA28212C31A1C7FA632746E6F19EF3B4",
        "Image":  "C:\\Program Files\\Wireshark\\dumpcap.exe",
        "UtcTime":  "2019-06-04 10:25:30.785",
        "ProcessGuid":  "{AC6A4E42-471A-5CF6-0000-00104E717100}",
        "Company":  "The Wireshark developer community",
        "IntegrityLevel":  "Medium",
        "EventId":  1,
        "FileVersion":  "2.2.3",
        "User":  "SEC504STUDENT\\Sec504",
        "RuleName":  null,
        "Product":  "Dumpcap",
        "LogonId":  "0x2c0d8",
        "ProcessId":  "6024",
        "LogonGuid":  "{AC6A4E42-0419-5CF4-0000-0020D8C00200}",
        "TerminalSessionId":  "1",
        "ParentProcessGuid":  "{AC6A4E42-469E-5CF6-0000-001078766C00}",
        "ParentProcessId":  "5248",
        "ParentImage":  "C:\\Program Files\\Wireshark\\Wireshark.exe"
    },
    {
        "ParentCommandLine":  "\"C:\\Program Files\\Wireshark\\dumpcap.exe\" -S -Z 5248.dummy",
        "Description":  "Console Window Host",
        "CommandLine":  "\\??\\C:\\WINDOWS\\system32\\conhost.exe 0xffffffff -ForceV1",
        "CurrentDirectory":  "C:\\WINDOWS",
        "Hashes":  "SHA1=8F9BC1B7D65188D0ADBDF74CCCE4EED78BF4C129,MD5=EA777DEEA782E8B4D7C7C33BBF8A4496,SHA256=04B6A35BC504401989B9E674C57C9E84D0CBDBBD9D8CE0CE83D7CECA0B7175ED,IMPHASH=63E065B05DF33ACB4D95B3DD04670B8F",
        "Image":  "C:\\Windows\\System32\\conhost.exe",
        "UtcTime":  "2019-06-04 10:25:30.789",
        "ProcessGuid":  "{AC6A4E42-471A-5CF6-0000-0010CD717100}",
        "Company":  "Microsoft Corporation",
        "IntegrityLevel":  "Medium",
        "EventId":  1,
        "FileVersion":  "10.0.17134.1 (WinBuild.160101.0800)",
        "User":  "SEC504STUDENT\\Sec504",
        "RuleName":  null,
        "Product":  "Microsoft? Windows? Operating System",
        "LogonId":  "0x2c0d8",
        "ProcessId":  "3476",
        "LogonGuid":  "{AC6A4E42-0419-5CF4-0000-0020D8C00200}",
        "TerminalSessionId":  "1",
        "ParentProcessGuid":  "{AC6A4E42-471A-5CF6-0000-00104E717100}",
        "ParentProcessId":  "6024",
        "ParentImage":  "C:\\Program Files\\Wireshark\\dumpcap.exe"
    },
    {
        "ParentCommandLine":  "\"C:\\Program Files\\Wireshark\\Wireshark.exe\" ",
        "Description":  "Dumpcap",
        "CommandLine":  "\"C:\\Program Files\\Wireshark\\dumpcap.exe\" -S -Z 5248.dummy",
        "CurrentDirectory":  "C:\\Program Files\\Wireshark\\",
        "Hashes":  "SHA1=9AE11406407699C016132633C4464EEB1B85F640,MD5=28869D1C0F3C57B3A12B1ACC758BFD3D,SHA256=F282900DF73E74D727580A88ECD6A4A2D2942FBB980D66009C6C85DDD8B31D9D,IMPHASH=BA28212C31A1C7FA632746E6F19EF3B4",
        "Image":  "C:\\Program Files\\Wireshark\\dumpcap.exe",
        "UtcTime":  "2019-06-04 10:25:31.785",
        "ProcessGuid":  "{AC6A4E42-471B-5CF6-0000-0010B5797100}",
        "Company":  "The Wireshark developer community",
        "IntegrityLevel":  "Medium",
        "EventId":  1,
        "FileVersion":  "2.2.3",
        "User":  "SEC504STUDENT\\Sec504",
        "RuleName":  null,
        "Product":  "Dumpcap",
        "LogonId":  "0x2c0d8",
        "ProcessId":  "2164",
        "LogonGuid":  "{AC6A4E42-0419-5CF4-0000-0020D8C00200}",
        "TerminalSessionId":  "1",
        "ParentProcessGuid":  "{AC6A4E42-469E-5CF6-0000-001078766C00}",
        "ParentProcessId":  "5248",
        "ParentImage":  "C:\\Program Files\\Wireshark\\Wireshark.exe"
    },
    {
        "ParentCommandLine":  "\"C:\\Program Files\\Wireshark\\dumpcap.exe\" -S -Z 5248.dummy",
        "Description":  "Console Window Host",
        "CommandLine":  "\\??\\C:\\WINDOWS\\system32\\conhost.exe 0xffffffff -ForceV1",
        "CurrentDirectory":  "C:\\WINDOWS",
        "Hashes":  "SHA1=8F9BC1B7D65188D0ADBDF74CCCE4EED78BF4C129,MD5=EA777DEEA782E8B4D7C7C33BBF8A4496,SHA256=04B6A35BC504401989B9E674C57C9E84D0CBDBBD9D8CE0CE83D7CECA0B7175ED,IMPHASH=63E065B05DF33ACB4D95B3DD04670B8F",
        "Image":  "C:\\Windows\\System32\\conhost.exe",
        "UtcTime":  "2019-06-04 10:25:31.789",
        "ProcessGuid":  "{AC6A4E42-471B-5CF6-0000-00103B7A7100}",
        "Company":  "Microsoft Corporation",
        "IntegrityLevel":  "Medium",
        "EventId":  1,
        "FileVersion":  "10.0.17134.1 (WinBuild.160101.0800)",
        "User":  "SEC504STUDENT\\Sec504",
        "RuleName":  null,
        "Product":  "Microsoft? Windows? Operating System",
        "LogonId":  "0x2c0d8",
        "ProcessId":  "3772",
        "LogonGuid":  "{AC6A4E42-0419-5CF4-0000-0020D8C00200}",
        "TerminalSessionId":  "1",
        "ParentProcessGuid":  "{AC6A4E42-471B-5CF6-0000-0010B5797100}",
        "ParentProcessId":  "2164",
        "ParentImage":  "C:\\Program Files\\Wireshark\\dumpcap.exe"
    },
    {
        "ParentCommandLine":  "\"C:\\Program Files\\Wireshark\\Wireshark.exe\" ",
        "Description":  "Dumpcap",
        "CommandLine":  "\"C:\\Program Files\\Wireshark\\dumpcap.exe\" -S -Z 5248.dummy",
        "CurrentDirectory":  "C:\\Program Files\\Wireshark\\",
        "Hashes":  "SHA1=9AE11406407699C016132633C4464EEB1B85F640,MD5=28869D1C0F3C57B3A12B1ACC758BFD3D,SHA256=F282900DF73E74D727580A88ECD6A4A2D2942FBB980D66009C6C85DDD8B31D9D,IMPHASH=BA28212C31A1C7FA632746E6F19EF3B4",
        "Image":  "C:\\Program Files\\Wireshark\\dumpcap.exe",
        "UtcTime":  "2019-06-04 10:25:32.785",
        "ProcessGuid":  "{AC6A4E42-471C-5CF6-0000-001055837100}",
        "Company":  "The Wireshark developer community",
        "IntegrityLevel":  "Medium",
        "EventId":  1,
        "FileVersion":  "2.2.3",
        "User":  "SEC504STUDENT\\Sec504",
        "RuleName":  null,
        "Product":  "Dumpcap",
        "LogonId":  "0x2c0d8",
        "ProcessId":  "4664",
        "LogonGuid":  "{AC6A4E42-0419-5CF4-0000-0020D8C00200}",
        "TerminalSessionId":  "1",
        "ParentProcessGuid":  "{AC6A4E42-469E-5CF6-0000-001078766C00}",
        "ParentProcessId":  "5248",
        "ParentImage":  "C:\\Program Files\\Wireshark\\Wireshark.exe"
    },
    {
        "ParentCommandLine":  "\"C:\\Program Files\\Wireshark\\dumpcap.exe\" -S -Z 5248.dummy",
        "Description":  "Console Window Host",
        "CommandLine":  "\\??\\C:\\WINDOWS\\system32\\conhost.exe 0xffffffff -ForceV1",
        "CurrentDirectory":  "C:\\WINDOWS",
        "Hashes":  "SHA1=8F9BC1B7D65188D0ADBDF74CCCE4EED78BF4C129,MD5=EA777DEEA782E8B4D7C7C33BBF8A4496,SHA256=04B6A35BC504401989B9E674C57C9E84D0CBDBBD9D8CE0CE83D7CECA0B7175ED,IMPHASH=63E065B05DF33ACB4D95B3DD04670B8F",
        "Image":  "C:\\Windows\\System32\\conhost.exe",
        "UtcTime":  "2019-06-04 10:25:32.788",
        "ProcessGuid":  "{AC6A4E42-471C-5CF6-0000-0010D4837100}",
        "Company":  "Microsoft Corporation",
        "IntegrityLevel":  "Medium",
        "EventId":  1,
        "FileVersion":  "10.0.17134.1 (WinBuild.160101.0800)",
        "User":  "SEC504STUDENT\\Sec504",
        "RuleName":  null,
        "Product":  "Microsoft? Windows? Operating System",
        "LogonId":  "0x2c0d8",
        "ProcessId":  "1124",
        "LogonGuid":  "{AC6A4E42-0419-5CF4-0000-0020D8C00200}",
        "TerminalSessionId":  "1",
        "ParentProcessGuid":  "{AC6A4E42-471C-5CF6-0000-001055837100}",
        "ParentProcessId":  "4664",
        "ParentImage":  "C:\\Program Files\\Wireshark\\dumpcap.exe"
    },
    {
        "ParentCommandLine":  "\"C:\\Program Files\\Wireshark\\Wireshark.exe\" ",
        "Description":  "Dumpcap",
        "CommandLine":  "\"C:\\Program Files\\Wireshark\\dumpcap.exe\" -S -Z 5248.dummy",
        "CurrentDirectory":  "C:\\Program Files\\Wireshark\\",
        "Hashes":  "SHA1=9AE11406407699C016132633C4464EEB1B85F640,MD5=28869D1C0F3C57B3A12B1ACC758BFD3D,SHA256=F282900DF73E74D727580A88ECD6A4A2D2942FBB980D66009C6C85DDD8B31D9D,IMPHASH=BA28212C31A1C7FA632746E6F19EF3B4",
        "Image":  "C:\\Program Files\\Wireshark\\dumpcap.exe",
        "UtcTime":  "2019-06-04 10:25:33.785",
        "ProcessGuid":  "{AC6A4E42-471D-5CF6-0000-00105B8B7100}",
        "Company":  "The Wireshark developer community",
        "IntegrityLevel":  "Medium",
        "EventId":  1,
        "FileVersion":  "2.2.3",
        "User":  "SEC504STUDENT\\Sec504",
        "RuleName":  null,
        "Product":  "Dumpcap",
        "LogonId":  "0x2c0d8",
        "ProcessId":  "4644",
        "LogonGuid":  "{AC6A4E42-0419-5CF4-0000-0020D8C00200}",
        "TerminalSessionId":  "1",
        "ParentProcessGuid":  "{AC6A4E42-469E-5CF6-0000-001078766C00}",
        "ParentProcessId":  "5248",
        "ParentImage":  "C:\\Program Files\\Wireshark\\Wireshark.exe"
    },
    {
        "ParentCommandLine":  "\"C:\\Program Files\\Wireshark\\dumpcap.exe\" -S -Z 5248.dummy",
        "Description":  "Console Window Host",
        "CommandLine":  "\\??\\C:\\WINDOWS\\system32\\conhost.exe 0xffffffff -ForceV1",
        "CurrentDirectory":  "C:\\WINDOWS",
        "Hashes":  "SHA1=8F9BC1B7D65188D0ADBDF74CCCE4EED78BF4C129,MD5=EA777DEEA782E8B4D7C7C33BBF8A4496,SHA256=04B6A35BC504401989B9E674C57C9E84D0CBDBBD9D8CE0CE83D7CECA0B7175ED,IMPHASH=63E065B05DF33ACB4D95B3DD04670B8F",
        "Image":  "C:\\Windows\\System32\\conhost.exe",
        "UtcTime":  "2019-06-04 10:25:33.788",
        "ProcessGuid":  "{AC6A4E42-471D-5CF6-0000-0010DA8B7100}",
        "Company":  "Microsoft Corporation",
        "IntegrityLevel":  "Medium",
        "EventId":  1,
        "FileVersion":  "10.0.17134.1 (WinBuild.160101.0800)",
        "User":  "SEC504STUDENT\\Sec504",
        "RuleName":  null,
        "Product":  "Microsoft? Windows? Operating System",
        "LogonId":  "0x2c0d8",
        "ProcessId":  "5024",
        "LogonGuid":  "{AC6A4E42-0419-5CF4-0000-0020D8C00200}",
        "TerminalSessionId":  "1",
        "ParentProcessGuid":  "{AC6A4E42-471D-5CF6-0000-00105B8B7100}",
        "ParentProcessId":  "4644",
        "ParentImage":  "C:\\Program Files\\Wireshark\\dumpcap.exe"
    },
    {
        "ParentCommandLine":  "\"C:\\Program Files\\Wireshark\\Wireshark.exe\" ",
        "Description":  "Dumpcap",
        "CommandLine":  "\"C:\\Program Files\\Wireshark\\dumpcap.exe\" -S -Z 5248.dummy",
        "CurrentDirectory":  "C:\\Program Files\\Wireshark\\",
        "Hashes":  "SHA1=9AE11406407699C016132633C4464EEB1B85F640,MD5=28869D1C0F3C57B3A12B1ACC758BFD3D,SHA256=F282900DF73E74D727580A88ECD6A4A2D2942FBB980D66009C6C85DDD8B31D9D,IMPHASH=BA28212C31A1C7FA632746E6F19EF3B4",
        "Image":  "C:\\Program Files\\Wireshark\\dumpcap.exe",
        "UtcTime":  "2019-06-04 10:25:34.785",
        "ProcessGuid":  "{AC6A4E42-471E-5CF6-0000-001082937100}",
        "Company":  "The Wireshark developer community",
        "IntegrityLevel":  "Medium",
        "EventId":  1,
        "FileVersion":  "2.2.3",
        "User":  "SEC504STUDENT\\Sec504",
        "RuleName":  null,
        "Product":  "Dumpcap",
        "LogonId":  "0x2c0d8",
        "ProcessId":  "2532",
        "LogonGuid":  "{AC6A4E42-0419-5CF4-0000-0020D8C00200}",
        "TerminalSessionId":  "1",
        "ParentProcessGuid":  "{AC6A4E42-469E-5CF6-0000-001078766C00}",
        "ParentProcessId":  "5248",
        "ParentImage":  "C:\\Program Files\\Wireshark\\Wireshark.exe"
    },
    {
        "ParentCommandLine":  "\"C:\\Program Files\\Wireshark\\dumpcap.exe\" -S -Z 5248.dummy",
        "Description":  "Console Window Host",
        "CommandLine":  "\\??\\C:\\WINDOWS\\system32\\conhost.exe 0xffffffff -ForceV1",
        "CurrentDirectory":  "C:\\WINDOWS",
        "Hashes":  "SHA1=8F9BC1B7D65188D0ADBDF74CCCE4EED78BF4C129,MD5=EA777DEEA782E8B4D7C7C33BBF8A4496,SHA256=04B6A35BC504401989B9E674C57C9E84D0CBDBBD9D8CE0CE83D7CECA0B7175ED,IMPHASH=63E065B05DF33ACB4D95B3DD04670B8F",
        "Image":  "C:\\Windows\\System32\\conhost.exe",
        "UtcTime":  "2019-06-04 10:25:34.789",
        "ProcessGuid":  "{AC6A4E42-471E-5CF6-0000-001001947100}",
        "Company":  "Microsoft Corporation",
        "IntegrityLevel":  "Medium",
        "EventId":  1,
        "FileVersion":  "10.0.17134.1 (WinBuild.160101.0800)",
        "User":  "SEC504STUDENT\\Sec504",
        "RuleName":  null,
        "Product":  "Microsoft? Windows? Operating System",
        "LogonId":  "0x2c0d8",
        "ProcessId":  "4468",
        "LogonGuid":  "{AC6A4E42-0419-5CF4-0000-0020D8C00200}",
        "TerminalSessionId":  "1",
        "ParentProcessGuid":  "{AC6A4E42-471E-5CF6-0000-001082937100}",
        "ParentProcessId":  "2532",
        "ParentImage":  "C:\\Program Files\\Wireshark\\dumpcap.exe"
    },
    {
        "ParentCommandLine":  "\"C:\\Program Files\\Wireshark\\Wireshark.exe\" ",
        "Description":  "Dumpcap",
        "CommandLine":  "\"C:\\Program Files\\Wireshark\\dumpcap.exe\" -S -Z 5248.dummy",
        "CurrentDirectory":  "C:\\Program Files\\Wireshark\\",
        "Hashes":  "SHA1=9AE11406407699C016132633C4464EEB1B85F640,MD5=28869D1C0F3C57B3A12B1ACC758BFD3D,SHA256=F282900DF73E74D727580A88ECD6A4A2D2942FBB980D66009C6C85DDD8B31D9D,IMPHASH=BA28212C31A1C7FA632746E6F19EF3B4",
        "Image":  "C:\\Program Files\\Wireshark\\dumpcap.exe",
        "UtcTime":  "2019-06-04 10:25:35.785",
        "ProcessGuid":  "{AC6A4E42-471F-5CF6-0000-0010349C7100}",
        "Company":  "The Wireshark developer community",
        "IntegrityLevel":  "Medium",
        "EventId":  1,
        "FileVersion":  "2.2.3",
        "User":  "SEC504STUDENT\\Sec504",
        "RuleName":  null,
        "Product":  "Dumpcap",
        "LogonId":  "0x2c0d8",
        "ProcessId":  "3184",
        "LogonGuid":  "{AC6A4E42-0419-5CF4-0000-0020D8C00200}",
        "TerminalSessionId":  "1",
        "ParentProcessGuid":  "{AC6A4E42-469E-5CF6-0000-001078766C00}",
        "ParentProcessId":  "5248",
        "ParentImage":  "C:\\Program Files\\Wireshark\\Wireshark.exe"
    },
    {
        "ParentCommandLine":  "\"C:\\Program Files\\Wireshark\\dumpcap.exe\" -S -Z 5248.dummy",
        "Description":  "Console Window Host",
        "CommandLine":  "\\??\\C:\\WINDOWS\\system32\\conhost.exe 0xffffffff -ForceV1",
        "CurrentDirectory":  "C:\\WINDOWS",
        "Hashes":  "SHA1=8F9BC1B7D65188D0ADBDF74CCCE4EED78BF4C129,MD5=EA777DEEA782E8B4D7C7C33BBF8A4496,SHA256=04B6A35BC504401989B9E674C57C9E84D0CBDBBD9D8CE0CE83D7CECA0B7175ED,IMPHASH=63E065B05DF33ACB4D95B3DD04670B8F",
        "Image":  "C:\\Windows\\System32\\conhost.exe",
        "UtcTime":  "2019-06-04 10:25:35.789",
        "ProcessGuid":  "{AC6A4E42-471F-5CF6-0000-0010B39C7100}",
        "Company":  "Microsoft Corporation",
        "IntegrityLevel":  "Medium",
        "EventId":  1,
        "FileVersion":  "10.0.17134.1 (WinBuild.160101.0800)",
        "User":  "SEC504STUDENT\\Sec504",
        "RuleName":  null,
        "Product":  "Microsoft? Windows? Operating System",
        "LogonId":  "0x2c0d8",
        "ProcessId":  "3944",
        "LogonGuid":  "{AC6A4E42-0419-5CF4-0000-0020D8C00200}",
        "TerminalSessionId":  "1",
        "ParentProcessGuid":  "{AC6A4E42-471F-5CF6-0000-0010349C7100}",
        "ParentProcessId":  "3184",
        "ParentImage":  "C:\\Program Files\\Wireshark\\dumpcap.exe"
    },
    {
        "ParentCommandLine":  "\"C:\\Program Files\\Wireshark\\Wireshark.exe\" ",
        "Description":  "Dumpcap",
        "CommandLine":  "\"C:\\Program Files\\Wireshark\\dumpcap.exe\" -S -Z 5248.dummy",
        "CurrentDirectory":  "C:\\Program Files\\Wireshark\\",
        "Hashes":  "SHA1=9AE11406407699C016132633C4464EEB1B85F640,MD5=28869D1C0F3C57B3A12B1ACC758BFD3D,SHA256=F282900DF73E74D727580A88ECD6A4A2D2942FBB980D66009C6C85DDD8B31D9D,IMPHASH=BA28212C31A1C7FA632746E6F19EF3B4",
        "Image":  "C:\\Program Files\\Wireshark\\dumpcap.exe",
        "UtcTime":  "2019-06-04 10:25:36.785",
        "ProcessGuid":  "{AC6A4E42-4720-5CF6-0000-001024A57100}",
        "Company":  "The Wireshark developer community",
        "IntegrityLevel":  "Medium",
        "EventId":  1,
        "FileVersion":  "2.2.3",
        "User":  "SEC504STUDENT\\Sec504",
        "RuleName":  null,
        "Product":  "Dumpcap",
        "LogonId":  "0x2c0d8",
        "ProcessId":  "3128",
        "LogonGuid":  "{AC6A4E42-0419-5CF4-0000-0020D8C00200}",
        "TerminalSessionId":  "1",
        "ParentProcessGuid":  "{AC6A4E42-469E-5CF6-0000-001078766C00}",
        "ParentProcessId":  "5248",
        "ParentImage":  "C:\\Program Files\\Wireshark\\Wireshark.exe"
    },
    {
        "ParentCommandLine":  "\"C:\\Program Files\\Wireshark\\dumpcap.exe\" -S -Z 5248.dummy",
        "Description":  "Console Window Host",
        "CommandLine":  "\\??\\C:\\WINDOWS\\system32\\conhost.exe 0xffffffff -ForceV1",
        "CurrentDirectory":  "C:\\WINDOWS",
        "Hashes":  "SHA1=8F9BC1B7D65188D0ADBDF74CCCE4EED78BF4C129,MD5=EA777DEEA782E8B4D7C7C33BBF8A4496,SHA256=04B6A35BC504401989B9E674C57C9E84D0CBDBBD9D8CE0CE83D7CECA0B7175ED,IMPHASH=63E065B05DF33ACB4D95B3DD04670B8F",
        "Image":  "C:\\Windows\\System32\\conhost.exe",
        "UtcTime":  "2019-06-04 10:25:36.789",
        "ProcessGuid":  "{AC6A4E42-4720-5CF6-0000-0010A3A57100}",
        "Company":  "Microsoft Corporation",
        "IntegrityLevel":  "Medium",
        "EventId":  1,
        "FileVersion":  "10.0.17134.1 (WinBuild.160101.0800)",
        "User":  "SEC504STUDENT\\Sec504",
        "RuleName":  null,
        "Product":  "Microsoft? Windows? Operating System",
        "LogonId":  "0x2c0d8",
        "ProcessId":  "5836",
        "LogonGuid":  "{AC6A4E42-0419-5CF4-0000-0020D8C00200}",
        "TerminalSessionId":  "1",
        "ParentProcessGuid":  "{AC6A4E42-4720-5CF6-0000-001024A57100}",
        "ParentProcessId":  "3128",
        "ParentImage":  "C:\\Program Files\\Wireshark\\dumpcap.exe"
    },
    {
        "ParentCommandLine":  "\"C:\\Program Files\\Wireshark\\Wireshark.exe\" ",
        "Description":  "Dumpcap",
        "CommandLine":  "\"C:\\Program Files\\Wireshark\\dumpcap.exe\" -S -Z 5248.dummy",
        "CurrentDirectory":  "C:\\Program Files\\Wireshark\\",
        "Hashes":  "SHA1=9AE11406407699C016132633C4464EEB1B85F640,MD5=28869D1C0F3C57B3A12B1ACC758BFD3D,SHA256=F282900DF73E74D727580A88ECD6A4A2D2942FBB980D66009C6C85DDD8B31D9D,IMPHASH=BA28212C31A1C7FA632746E6F19EF3B4",
        "Image":  "C:\\Program Files\\Wireshark\\dumpcap.exe",
        "UtcTime":  "2019-06-04 10:25:37.785",
        "ProcessGuid":  "{AC6A4E42-4721-5CF6-0000-001073AD7100}",
        "Company":  "The Wireshark developer community",
        "IntegrityLevel":  "Medium",
        "EventId":  1,
        "FileVersion":  "2.2.3",
        "User":  "SEC504STUDENT\\Sec504",
        "RuleName":  null,
        "Product":  "Dumpcap",
        "LogonId":  "0x2c0d8",
        "ProcessId":  "2884",
        "LogonGuid":  "{AC6A4E42-0419-5CF4-0000-0020D8C00200}",
        "TerminalSessionId":  "1",
        "ParentProcessGuid":  "{AC6A4E42-469E-5CF6-0000-001078766C00}",
        "ParentProcessId":  "5248",
        "ParentImage":  "C:\\Program Files\\Wireshark\\Wireshark.exe"
    },
    {
        "ParentCommandLine":  "\"C:\\Program Files\\Wireshark\\dumpcap.exe\" -S -Z 5248.dummy",
        "Description":  "Console Window Host",
        "CommandLine":  "\\??\\C:\\WINDOWS\\system32\\conhost.exe 0xffffffff -ForceV1",
        "CurrentDirectory":  "C:\\WINDOWS",
        "Hashes":  "SHA1=8F9BC1B7D65188D0ADBDF74CCCE4EED78BF4C129,MD5=EA777DEEA782E8B4D7C7C33BBF8A4496,SHA256=04B6A35BC504401989B9E674C57C9E84D0CBDBBD9D8CE0CE83D7CECA0B7175ED,IMPHASH=63E065B05DF33ACB4D95B3DD04670B8F",
        "Image":  "C:\\Windows\\System32\\conhost.exe",
        "UtcTime":  "2019-06-04 10:25:37.788",
        "ProcessGuid":  "{AC6A4E42-4721-5CF6-0000-0010F2AD7100}",
        "Company":  "Microsoft Corporation",
        "IntegrityLevel":  "Medium",
        "EventId":  1,
        "FileVersion":  "10.0.17134.1 (WinBuild.160101.0800)",
        "User":  "SEC504STUDENT\\Sec504",
        "RuleName":  null,
        "Product":  "Microsoft? Windows? Operating System",
        "LogonId":  "0x2c0d8",
        "ProcessId":  "5416",
        "LogonGuid":  "{AC6A4E42-0419-5CF4-0000-0020D8C00200}",
        "TerminalSessionId":  "1",
        "ParentProcessGuid":  "{AC6A4E42-4721-5CF6-0000-001073AD7100}",
        "ParentProcessId":  "2884",
        "ParentImage":  "C:\\Program Files\\Wireshark\\dumpcap.exe"
    },
    {
        "ParentCommandLine":  "\"C:\\Program Files\\Wireshark\\Wireshark.exe\" ",
        "Description":  "Dumpcap",
        "CommandLine":  "\"C:\\Program Files\\Wireshark\\dumpcap.exe\" -S -Z 5248.dummy",
        "CurrentDirectory":  "C:\\Program Files\\Wireshark\\",
        "Hashes":  "SHA1=9AE11406407699C016132633C4464EEB1B85F640,MD5=28869D1C0F3C57B3A12B1ACC758BFD3D,SHA256=F282900DF73E74D727580A88ECD6A4A2D2942FBB980D66009C6C85DDD8B31D9D,IMPHASH=BA28212C31A1C7FA632746E6F19EF3B4",
        "Image":  "C:\\Program Files\\Wireshark\\dumpcap.exe",
        "UtcTime":  "2019-06-04 10:25:38.788",
        "ProcessGuid":  "{AC6A4E42-4722-5CF6-0000-0010A4B57100}",
        "Company":  "The Wireshark developer community",
        "IntegrityLevel":  "Medium",
        "EventId":  1,
        "FileVersion":  "2.2.3",
        "User":  "SEC504STUDENT\\Sec504",
        "RuleName":  null,
        "Product":  "Dumpcap",
        "LogonId":  "0x2c0d8",
        "ProcessId":  "3560",
        "LogonGuid":  "{AC6A4E42-0419-5CF4-0000-0020D8C00200}",
        "TerminalSessionId":  "1",
        "ParentProcessGuid":  "{AC6A4E42-469E-5CF6-0000-001078766C00}",
        "ParentProcessId":  "5248",
        "ParentImage":  "C:\\Program Files\\Wireshark\\Wireshark.exe"
    },
    {
        "ParentCommandLine":  "\"C:\\Program Files\\Wireshark\\dumpcap.exe\" -S -Z 5248.dummy",
        "Description":  "Console Window Host",
        "CommandLine":  "\\??\\C:\\WINDOWS\\system32\\conhost.exe 0xffffffff -ForceV1",
        "CurrentDirectory":  "C:\\WINDOWS",
        "Hashes":  "SHA1=8F9BC1B7D65188D0ADBDF74CCCE4EED78BF4C129,MD5=EA777DEEA782E8B4D7C7C33BBF8A4496,SHA256=04B6A35BC504401989B9E674C57C9E84D0CBDBBD9D8CE0CE83D7CECA0B7175ED,IMPHASH=63E065B05DF33ACB4D95B3DD04670B8F",
        "Image":  "C:\\Windows\\System32\\conhost.exe",
        "UtcTime":  "2019-06-04 10:25:38.813",
        "ProcessGuid":  "{AC6A4E42-4722-5CF6-0000-001022B67100}",
        "Company":  "Microsoft Corporation",
        "IntegrityLevel":  "Medium",
        "EventId":  1,
        "FileVersion":  "10.0.17134.1 (WinBuild.160101.0800)",
        "User":  "SEC504STUDENT\\Sec504",
        "RuleName":  null,
        "Product":  "Microsoft? Windows? Operating System",
        "LogonId":  "0x2c0d8",
        "ProcessId":  "2056",
        "LogonGuid":  "{AC6A4E42-0419-5CF4-0000-0020D8C00200}",
        "TerminalSessionId":  "1",
        "ParentProcessGuid":  "{AC6A4E42-4722-5CF6-0000-0010A4B57100}",
        "ParentProcessId":  "3560",
        "ParentImage":  "C:\\Program Files\\Wireshark\\dumpcap.exe"
    },
    {
        "ParentCommandLine":  "\"C:\\Program Files\\Wireshark\\Wireshark.exe\" ",
        "Description":  "Dumpcap",
        "CommandLine":  "\"C:\\Program Files\\Wireshark\\dumpcap.exe\" -S -Z 5248.dummy",
        "CurrentDirectory":  "C:\\Program Files\\Wireshark\\",
        "Hashes":  "SHA1=9AE11406407699C016132633C4464EEB1B85F640,MD5=28869D1C0F3C57B3A12B1ACC758BFD3D,SHA256=F282900DF73E74D727580A88ECD6A4A2D2942FBB980D66009C6C85DDD8B31D9D,IMPHASH=BA28212C31A1C7FA632746E6F19EF3B4",
        "Image":  "C:\\Program Files\\Wireshark\\dumpcap.exe",
        "UtcTime":  "2019-06-04 10:25:39.785",
        "ProcessGuid":  "{AC6A4E42-4723-5CF6-0000-001043BE7100}",
        "Company":  "The Wireshark developer community",
        "IntegrityLevel":  "Medium",
        "EventId":  1,
        "FileVersion":  "2.2.3",
        "User":  "SEC504STUDENT\\Sec504",
        "RuleName":  null,
        "Product":  "Dumpcap",
        "LogonId":  "0x2c0d8",
        "ProcessId":  "5540",
        "LogonGuid":  "{AC6A4E42-0419-5CF4-0000-0020D8C00200}",
        "TerminalSessionId":  "1",
        "ParentProcessGuid":  "{AC6A4E42-469E-5CF6-0000-001078766C00}",
        "ParentProcessId":  "5248",
        "ParentImage":  "C:\\Program Files\\Wireshark\\Wireshark.exe"
    },
