    {
        "ParentCommandLine":  "\"C:\\Windows\\Microsoft.NET\\Framework\\v4.0.30319\\NGenTask.exe\" /RuntimeWide /StopEvent:1280",
        "Description":  "Microsoft Common Language Runtime native compiler",
        "CommandLine":  "\"C:\\Windows\\Microsoft.NET\\Framework\\v4.0.30319\\ngen.exe\" uninstall \"C:\\WINDOWS\\assembly\\NativeImages_v4.0.30319_32\\Microsoft.P34f388c1#\\949f8c02fd19b55f44c852a333b05e35\\Microsoft.PowerShell.Diagnostics.Activities.ni.dll\" /noroot /LegacyServiceBehavior",
        "CurrentDirectory":  "C:\\WINDOWS\\system32\\",
        "Hashes":  "SHA1=FFD7991F422F82331827FB3C244B4AA93C67F28F,MD5=F3BB8D838D986786B6E4D6934673DAF1,SHA256=5568EE9750FF50F79EB2C647AE6847E33CE8FDBCB43281766C162D06CD9940A2,IMPHASH=324D9AAE78DFEF9C5B1789F66416E2FB",
        "Image":  "C:\\Windows\\Microsoft.NET\\Framework\\v4.0.30319\\ngen.exe",
        "UtcTime":  "2019-06-03 10:34:14.847",
        "ProcessGuid":  "{AC6A4E42-F7A6-5CF4-0000-00102BC53000}",
        "Company":  "Microsoft Corporation",
        "IntegrityLevel":  "System",
        "EventId":  1,
        "FileVersion":  "4.7.3056.0 built by: NET472REL1",
        "User":  "NT AUTHORITY\\SYSTEM",
        "RuleName":  null,
        "Product":  "Microsoft? .NET Framework",
        "LogonId":  "0x3e7",
        "ProcessId":  "4848",
        "LogonGuid":  "{AC6A4E42-0410-5CF4-0000-0020E7030000}",
        "TerminalSessionId":  "0",
        "ParentProcessGuid":  "{AC6A4E42-F79E-5CF4-0000-001096412E00}",
        "ParentProcessId":  "4784",
        "ParentImage":  "C:\\Windows\\Microsoft.NET\\Framework\\v4.0.30319\\ngentask.exe"
    },
    {
        "ParentCommandLine":  "\"C:\\Windows\\Microsoft.NET\\Framework64\\v4.0.30319\\NGenTask.exe\" /RuntimeWide /StopEvent:1076",
        "Description":  "Microsoft Common Language Runtime native compiler",
        "CommandLine":  "\"C:\\Windows\\Microsoft.NET\\Framework64\\v4.0.30319\\ngen.exe\" uninstall \"C:\\WINDOWS\\assembly\\NativeImages_v4.0.30319_64\\Microsoft.Pad0e0718#\\6e8c1be579d36ad16ba2588d28412a90\\Microsoft.PowerShell.Cmdletization.OData.ni.dll\" /noroot /LegacyServiceBehavior",
        "CurrentDirectory":  "C:\\WINDOWS\\system32\\",
        "Hashes":  "SHA1=AFAEE76E6FEA9614CC1C88A4488AA719920ED1F9,MD5=FBA5E8D94C9EADC279BC06B9CF041A9A,SHA256=404546D457AF97DB97D728E848E1544E351C07A9946710C0DF3DB1899E0908A8,IMPHASH=6C889A541B155E63FAE2CE0264E80BD6",
        "Image":  "C:\\Windows\\Microsoft.NET\\Framework64\\v4.0.30319\\ngen.exe",
        "UtcTime":  "2019-06-03 10:34:14.870",
        "ProcessGuid":  "{AC6A4E42-F7A6-5CF4-0000-0010D9C83000}",
        "Company":  "Microsoft Corporation",
        "IntegrityLevel":  "System",
        "EventId":  1,
        "FileVersion":  "4.7.3056.0 built by: NET472REL1",
        "User":  "NT AUTHORITY\\SYSTEM",
        "RuleName":  null,
        "Product":  "Microsoft? .NET Framework",
        "LogonId":  "0x3e7",
        "ProcessId":  "4488",
        "LogonGuid":  "{AC6A4E42-0410-5CF4-0000-0020E7030000}",
        "TerminalSessionId":  "0",
        "ParentProcessGuid":  "{AC6A4E42-F79D-5CF4-0000-0010ACB12D00}",
        "ParentProcessId":  "5700",
        "ParentImage":  "C:\\Windows\\Microsoft.NET\\Framework64\\v4.0.30319\\ngentask.exe"
    },
    {
        "ParentCommandLine":  "\"C:\\Windows\\Microsoft.NET\\Framework\\v4.0.30319\\NGenTask.exe\" /RuntimeWide /StopEvent:1280",
        "Description":  "Microsoft Common Language Runtime native compiler",
        "CommandLine":  "\"C:\\Windows\\Microsoft.NET\\Framework\\v4.0.30319\\ngen.exe\" uninstall \"C:\\WINDOWS\\assembly\\NativeImages_v4.0.30319_32\\Microsoft.P655586bb#\\c662e43fbb6c394bb7a46f9c07a8103c\\Microsoft.PowerShell.Activities.ni.dll\" /noroot /LegacyServiceBehavior",
        "CurrentDirectory":  "C:\\WINDOWS\\system32\\",
        "Hashes":  "SHA1=FFD7991F422F82331827FB3C244B4AA93C67F28F,MD5=F3BB8D838D986786B6E4D6934673DAF1,SHA256=5568EE9750FF50F79EB2C647AE6847E33CE8FDBCB43281766C162D06CD9940A2,IMPHASH=324D9AAE78DFEF9C5B1789F66416E2FB",
        "Image":  "C:\\Windows\\Microsoft.NET\\Framework\\v4.0.30319\\ngen.exe",
        "UtcTime":  "2019-06-03 10:34:14.908",
        "ProcessGuid":  "{AC6A4E42-F7A6-5CF4-0000-0010DFCE3000}",
        "Company":  "Microsoft Corporation",
        "IntegrityLevel":  "System",
        "EventId":  1,
        "FileVersion":  "4.7.3056.0 built by: NET472REL1",
        "User":  "NT AUTHORITY\\SYSTEM",
        "RuleName":  null,
        "Product":  "Microsoft? .NET Framework",
        "LogonId":  "0x3e7",
        "ProcessId":  "5028",
        "LogonGuid":  "{AC6A4E42-0410-5CF4-0000-0020E7030000}",
        "TerminalSessionId":  "0",
        "ParentProcessGuid":  "{AC6A4E42-F79E-5CF4-0000-001096412E00}",
        "ParentProcessId":  "4784",
        "ParentImage":  "C:\\Windows\\Microsoft.NET\\Framework\\v4.0.30319\\ngentask.exe"
    },
    {
        "ParentCommandLine":  "\"C:\\Windows\\Microsoft.NET\\Framework64\\v4.0.30319\\NGenTask.exe\" /RuntimeWide /StopEvent:1076",
        "Description":  "Microsoft Common Language Runtime native compiler",
        "CommandLine":  "\"C:\\Windows\\Microsoft.NET\\Framework64\\v4.0.30319\\ngen.exe\" uninstall \"C:\\WINDOWS\\assembly\\NativeImages_v4.0.30319_64\\Microsoft.Pefb7a36b#\\ce49b0000d97cfa0da01ef5382fc5c10\\Microsoft.PowerShell.Workflow.ServiceCore.ni.dll\" /noroot /LegacyServiceBehavior",
        "CurrentDirectory":  "C:\\WINDOWS\\system32\\",
        "Hashes":  "SHA1=AFAEE76E6FEA9614CC1C88A4488AA719920ED1F9,MD5=FBA5E8D94C9EADC279BC06B9CF041A9A,SHA256=404546D457AF97DB97D728E848E1544E351C07A9946710C0DF3DB1899E0908A8,IMPHASH=6C889A541B155E63FAE2CE0264E80BD6",
        "Image":  "C:\\Windows\\Microsoft.NET\\Framework64\\v4.0.30319\\ngen.exe",
        "UtcTime":  "2019-06-03 10:34:14.928",
        "ProcessGuid":  "{AC6A4E42-F7A6-5CF4-0000-0010EAD13000}",
        "Company":  "Microsoft Corporation",
        "IntegrityLevel":  "System",
        "EventId":  1,
        "FileVersion":  "4.7.3056.0 built by: NET472REL1",
        "User":  "NT AUTHORITY\\SYSTEM",
        "RuleName":  null,
        "Product":  "Microsoft? .NET Framework",
        "LogonId":  "0x3e7",
        "ProcessId":  "6052",
        "LogonGuid":  "{AC6A4E42-0410-5CF4-0000-0020E7030000}",
        "TerminalSessionId":  "0",
        "ParentProcessGuid":  "{AC6A4E42-F79D-5CF4-0000-0010ACB12D00}",
        "ParentProcessId":  "5700",
        "ParentImage":  "C:\\Windows\\Microsoft.NET\\Framework64\\v4.0.30319\\ngentask.exe"
    },
    {
        "ParentCommandLine":  "\"C:\\Windows\\Microsoft.NET\\Framework\\v4.0.30319\\NGenTask.exe\" /RuntimeWide /StopEvent:1280",
        "Description":  "Microsoft Common Language Runtime native compiler",
        "CommandLine":  "\"C:\\Windows\\Microsoft.NET\\Framework\\v4.0.30319\\ngen.exe\" uninstall \"C:\\WINDOWS\\assembly\\NativeImages_v4.0.30319_32\\Microsoft.P6f9a5e83#\\185c7f8683d8cf07409cdf736f13b1c0\\Microsoft.PowerShell.Security.Activities.ni.dll\" /noroot /LegacyServiceBehavior",
        "CurrentDirectory":  "C:\\WINDOWS\\system32\\",
        "Hashes":  "SHA1=FFD7991F422F82331827FB3C244B4AA93C67F28F,MD5=F3BB8D838D986786B6E4D6934673DAF1,SHA256=5568EE9750FF50F79EB2C647AE6847E33CE8FDBCB43281766C162D06CD9940A2,IMPHASH=324D9AAE78DFEF9C5B1789F66416E2FB",
        "Image":  "C:\\Windows\\Microsoft.NET\\Framework\\v4.0.30319\\ngen.exe",
        "UtcTime":  "2019-06-03 10:34:14.962",
        "ProcessGuid":  "{AC6A4E42-F7A6-5CF4-0000-00104DD73000}",
        "Company":  "Microsoft Corporation",
        "IntegrityLevel":  "System",
        "EventId":  1,
        "FileVersion":  "4.7.3056.0 built by: NET472REL1",
        "User":  "NT AUTHORITY\\SYSTEM",
        "RuleName":  null,
        "Product":  "Microsoft? .NET Framework",
        "LogonId":  "0x3e7",
        "ProcessId":  "5160",
        "LogonGuid":  "{AC6A4E42-0410-5CF4-0000-0020E7030000}",
        "TerminalSessionId":  "0",
        "ParentProcessGuid":  "{AC6A4E42-F79E-5CF4-0000-001096412E00}",
        "ParentProcessId":  "4784",
        "ParentImage":  "C:\\Windows\\Microsoft.NET\\Framework\\v4.0.30319\\ngentask.exe"
    },
    {
        "ParentCommandLine":  "\"C:\\Windows\\Microsoft.NET\\Framework64\\v4.0.30319\\NGenTask.exe\" /RuntimeWide /StopEvent:1076",
        "Description":  "Microsoft Common Language Runtime native compiler",
        "CommandLine":  "\"C:\\Windows\\Microsoft.NET\\Framework64\\v4.0.30319\\ngen.exe\" uninstall \"C:\\WINDOWS\\assembly\\NativeImages_v4.0.30319_64\\Microsoft.S0f8e494c#\\5eec2b84030763c95d8c84ee10500797\\Microsoft.Security.ApplicationId.PolicyManagement.PolicyModel.ni.dll\" /noroot /LegacyServiceBehavior",
        "CurrentDirectory":  "C:\\WINDOWS\\system32\\",
        "Hashes":  "SHA1=AFAEE76E6FEA9614CC1C88A4488AA719920ED1F9,MD5=FBA5E8D94C9EADC279BC06B9CF041A9A,SHA256=404546D457AF97DB97D728E848E1544E351C07A9946710C0DF3DB1899E0908A8,IMPHASH=6C889A541B155E63FAE2CE0264E80BD6",
        "Image":  "C:\\Windows\\Microsoft.NET\\Framework64\\v4.0.30319\\ngen.exe",
        "UtcTime":  "2019-06-03 10:34:14.982",
        "ProcessGuid":  "{AC6A4E42-F7A6-5CF4-0000-00104DDB3000}",
        "Company":  "Microsoft Corporation",
        "IntegrityLevel":  "System",
        "EventId":  1,
        "FileVersion":  "4.7.3056.0 built by: NET472REL1",
        "User":  "NT AUTHORITY\\SYSTEM",
        "RuleName":  null,
        "Product":  "Microsoft? .NET Framework",
        "LogonId":  "0x3e7",
        "ProcessId":  "1744",
        "LogonGuid":  "{AC6A4E42-0410-5CF4-0000-0020E7030000}",
        "TerminalSessionId":  "0",
        "ParentProcessGuid":  "{AC6A4E42-F79D-5CF4-0000-0010ACB12D00}",
        "ParentProcessId":  "5700",
        "ParentImage":  "C:\\Windows\\Microsoft.NET\\Framework64\\v4.0.30319\\ngentask.exe"
    },
    {
        "ParentCommandLine":  "\"C:\\Windows\\Microsoft.NET\\Framework\\v4.0.30319\\NGenTask.exe\" /RuntimeWide /StopEvent:1280",
        "Description":  "Microsoft Common Language Runtime native compiler",
        "CommandLine":  "\"C:\\Windows\\Microsoft.NET\\Framework\\v4.0.30319\\ngen.exe\" uninstall \"C:\\WINDOWS\\assembly\\NativeImages_v4.0.30319_32\\Microsoft.P9de5a786#\\8ec1503fe9393f56299755cec4a4d9b3\\Microsoft.PowerShell.Management.Activities.ni.dll\" /noroot /LegacyServiceBehavior",
        "CurrentDirectory":  "C:\\WINDOWS\\system32\\",
        "Hashes":  "SHA1=FFD7991F422F82331827FB3C244B4AA93C67F28F,MD5=F3BB8D838D986786B6E4D6934673DAF1,SHA256=5568EE9750FF50F79EB2C647AE6847E33CE8FDBCB43281766C162D06CD9940A2,IMPHASH=324D9AAE78DFEF9C5B1789F66416E2FB",
        "Image":  "C:\\Windows\\Microsoft.NET\\Framework\\v4.0.30319\\ngen.exe",
        "UtcTime":  "2019-06-03 10:34:15.008",
        "ProcessGuid":  "{AC6A4E42-F7A7-5CF4-0000-0010ECE03000}",
        "Company":  "Microsoft Corporation",
        "IntegrityLevel":  "System",
        "EventId":  1,
        "FileVersion":  "4.7.3056.0 built by: NET472REL1",
        "User":  "NT AUTHORITY\\SYSTEM",
        "RuleName":  null,
        "Product":  "Microsoft? .NET Framework",
        "LogonId":  "0x3e7",
        "ProcessId":  "3548",
        "LogonGuid":  "{AC6A4E42-0410-5CF4-0000-0020E7030000}",
        "TerminalSessionId":  "0",
        "ParentProcessGuid":  "{AC6A4E42-F79E-5CF4-0000-001096412E00}",
        "ParentProcessId":  "4784",
        "ParentImage":  "C:\\Windows\\Microsoft.NET\\Framework\\v4.0.30319\\ngentask.exe"
    },
    {
        "ParentCommandLine":  "\"C:\\Windows\\Microsoft.NET\\Framework64\\v4.0.30319\\NGenTask.exe\" /RuntimeWide /StopEvent:1076",
        "Description":  "Microsoft Common Language Runtime native compiler",
        "CommandLine":  "\"C:\\Windows\\Microsoft.NET\\Framework64\\v4.0.30319\\ngen.exe\" uninstall \"C:\\WINDOWS\\assembly\\NativeImages_v4.0.30319_64\\Microsoft.S1bc92e04#\\247c4747dada1d189f5b63bc9e669367\\Microsoft.SecureBoot.Commands.ni.dll\" /noroot /LegacyServiceBehavior",
        "CurrentDirectory":  "C:\\WINDOWS\\system32\\",
        "Hashes":  "SHA1=AFAEE76E6FEA9614CC1C88A4488AA719920ED1F9,MD5=FBA5E8D94C9EADC279BC06B9CF041A9A,SHA256=404546D457AF97DB97D728E848E1544E351C07A9946710C0DF3DB1899E0908A8,IMPHASH=6C889A541B155E63FAE2CE0264E80BD6",
        "Image":  "C:\\Windows\\Microsoft.NET\\Framework64\\v4.0.30319\\ngen.exe",
        "UtcTime":  "2019-06-03 10:34:15.024",
        "ProcessGuid":  "{AC6A4E42-F7A7-5CF4-0000-001072E43000}",
        "Company":  "Microsoft Corporation",
        "IntegrityLevel":  "System",
        "EventId":  1,
        "FileVersion":  "4.7.3056.0 built by: NET472REL1",
        "User":  "NT AUTHORITY\\SYSTEM",
        "RuleName":  null,
        "Product":  "Microsoft? .NET Framework",
        "LogonId":  "0x3e7",
        "ProcessId":  "3112",
        "LogonGuid":  "{AC6A4E42-0410-5CF4-0000-0020E7030000}",
        "TerminalSessionId":  "0",
        "ParentProcessGuid":  "{AC6A4E42-F79D-5CF4-0000-0010ACB12D00}",
        "ParentProcessId":  "5700",
        "ParentImage":  "C:\\Windows\\Microsoft.NET\\Framework64\\v4.0.30319\\ngentask.exe"
    },
    {
        "ParentCommandLine":  "\"C:\\Windows\\Microsoft.NET\\Framework\\v4.0.30319\\NGenTask.exe\" /RuntimeWide /StopEvent:1280",
        "Description":  "Microsoft Common Language Runtime native compiler",
        "CommandLine":  "\"C:\\Windows\\Microsoft.NET\\Framework\\v4.0.30319\\ngen.exe\" uninstall \"C:\\WINDOWS\\assembly\\NativeImages_v4.0.30319_32\\Microsoft.Pefb7a36b#\\3fe3213ce7883e65be795e26cab86973\\Microsoft.PowerShell.Workflow.ServiceCore.ni.dll\" /noroot /LegacyServiceBehavior",
        "CurrentDirectory":  "C:\\WINDOWS\\system32\\",
        "Hashes":  "SHA1=FFD7991F422F82331827FB3C244B4AA93C67F28F,MD5=F3BB8D838D986786B6E4D6934673DAF1,SHA256=5568EE9750FF50F79EB2C647AE6847E33CE8FDBCB43281766C162D06CD9940A2,IMPHASH=324D9AAE78DFEF9C5B1789F66416E2FB",
        "Image":  "C:\\Windows\\Microsoft.NET\\Framework\\v4.0.30319\\ngen.exe",
        "UtcTime":  "2019-06-03 10:34:15.051",
        "ProcessGuid":  "{AC6A4E42-F7A7-5CF4-0000-001068EA3000}",
        "Company":  "Microsoft Corporation",
        "IntegrityLevel":  "System",
        "EventId":  1,
        "FileVersion":  "4.7.3056.0 built by: NET472REL1",
        "User":  "NT AUTHORITY\\SYSTEM",
        "RuleName":  null,
        "Product":  "Microsoft? .NET Framework",
        "LogonId":  "0x3e7",
        "ProcessId":  "5168",
        "LogonGuid":  "{AC6A4E42-0410-5CF4-0000-0020E7030000}",
        "TerminalSessionId":  "0",
        "ParentProcessGuid":  "{AC6A4E42-F79E-5CF4-0000-001096412E00}",
        "ParentProcessId":  "4784",
        "ParentImage":  "C:\\Windows\\Microsoft.NET\\Framework\\v4.0.30319\\ngentask.exe"
    },
    {
        "ParentCommandLine":  "\"C:\\Windows\\Microsoft.NET\\Framework64\\v4.0.30319\\NGenTask.exe\" /RuntimeWide /StopEvent:1076",
        "Description":  "Microsoft Common Language Runtime native compiler",
        "CommandLine":  "\"C:\\Windows\\Microsoft.NET\\Framework64\\v4.0.30319\\ngen.exe\" uninstall \"C:\\WINDOWS\\assembly\\NativeImages_v4.0.30319_64\\Microsoft.S356e1ba0#\\e5142afcb35b7c1350a28ddf0e6e58ce\\Microsoft.Security.ApplicationId.PolicyManagement.PolicyEngineApi.Interop.ni.dll\" /noroot /LegacyServiceBehavior",
        "CurrentDirectory":  "C:\\WINDOWS\\system32\\",
        "Hashes":  "SHA1=AFAEE76E6FEA9614CC1C88A4488AA719920ED1F9,MD5=FBA5E8D94C9EADC279BC06B9CF041A9A,SHA256=404546D457AF97DB97D728E848E1544E351C07A9946710C0DF3DB1899E0908A8,IMPHASH=6C889A541B155E63FAE2CE0264E80BD6",
        "Image":  "C:\\Windows\\Microsoft.NET\\Framework64\\v4.0.30319\\ngen.exe",
        "UtcTime":  "2019-06-03 10:34:15.058",
        "ProcessGuid":  "{AC6A4E42-F7A7-5CF4-0000-001063EB3000}",
        "Company":  "Microsoft Corporation",
        "IntegrityLevel":  "System",
        "EventId":  1,
        "FileVersion":  "4.7.3056.0 built by: NET472REL1",
        "User":  "NT AUTHORITY\\SYSTEM",
        "RuleName":  null,
        "Product":  "Microsoft? .NET Framework",
        "LogonId":  "0x3e7",
        "ProcessId":  "1040",
        "LogonGuid":  "{AC6A4E42-0410-5CF4-0000-0020E7030000}",
        "TerminalSessionId":  "0",
        "ParentProcessGuid":  "{AC6A4E42-F79D-5CF4-0000-0010ACB12D00}",
        "ParentProcessId":  "5700",
        "ParentImage":  "C:\\Windows\\Microsoft.NET\\Framework64\\v4.0.30319\\ngentask.exe"
    },
    {
        "ParentCommandLine":  "\"C:\\Windows\\Microsoft.NET\\Framework\\v4.0.30319\\NGenTask.exe\" /RuntimeWide /StopEvent:1280",
        "Description":  "Microsoft Common Language Runtime native compiler",
        "CommandLine":  "\"C:\\Windows\\Microsoft.NET\\Framework\\v4.0.30319\\ngen.exe\" uninstall \"C:\\WINDOWS\\assembly\\NativeImages_v4.0.30319_32\\Microsoft.S0f8e494c#\\347ea1bb1cafc8ed28d8800b9104a9c1\\Microsoft.Security.ApplicationId.PolicyManagement.PolicyModel.ni.dll\" /noroot /LegacyServiceBehavior",
        "CurrentDirectory":  "C:\\WINDOWS\\system32\\",
        "Hashes":  "SHA1=FFD7991F422F82331827FB3C244B4AA93C67F28F,MD5=F3BB8D838D986786B6E4D6934673DAF1,SHA256=5568EE9750FF50F79EB2C647AE6847E33CE8FDBCB43281766C162D06CD9940A2,IMPHASH=324D9AAE78DFEF9C5B1789F66416E2FB",
        "Image":  "C:\\Windows\\Microsoft.NET\\Framework\\v4.0.30319\\ngen.exe",
        "UtcTime":  "2019-06-03 10:34:15.097",
        "ProcessGuid":  "{AC6A4E42-F7A7-5CF4-0000-0010DAF33000}",
        "Company":  "Microsoft Corporation",
        "IntegrityLevel":  "System",
        "EventId":  1,
        "FileVersion":  "4.7.3056.0 built by: NET472REL1",
        "User":  "NT AUTHORITY\\SYSTEM",
        "RuleName":  null,
        "Product":  "Microsoft? .NET Framework",
        "LogonId":  "0x3e7",
        "ProcessId":  "2444",
        "LogonGuid":  "{AC6A4E42-0410-5CF4-0000-0020E7030000}",
        "TerminalSessionId":  "0",
        "ParentProcessGuid":  "{AC6A4E42-F79E-5CF4-0000-001096412E00}",
        "ParentProcessId":  "4784",
        "ParentImage":  "C:\\Windows\\Microsoft.NET\\Framework\\v4.0.30319\\ngentask.exe"
    },
    {
        "ParentCommandLine":  "\"C:\\Windows\\Microsoft.NET\\Framework64\\v4.0.30319\\NGenTask.exe\" /RuntimeWide /StopEvent:1076",
        "Description":  "Microsoft Common Language Runtime native compiler",
        "CommandLine":  "\"C:\\Windows\\Microsoft.NET\\Framework64\\v4.0.30319\\ngen.exe\" uninstall \"C:\\WINDOWS\\assembly\\NativeImages_v4.0.30319_64\\Microsoft.S54faafb0#\\c76bcce82693c2506779816ae3785475\\Microsoft.Security.ApplicationId.PolicyManagement.PolicyManager.ni.dll\" /noroot /LegacyServiceBehavior",
        "CurrentDirectory":  "C:\\WINDOWS\\system32\\",
        "Hashes":  "SHA1=AFAEE76E6FEA9614CC1C88A4488AA719920ED1F9,MD5=FBA5E8D94C9EADC279BC06B9CF041A9A,SHA256=404546D457AF97DB97D728E848E1544E351C07A9946710C0DF3DB1899E0908A8,IMPHASH=6C889A541B155E63FAE2CE0264E80BD6",
        "Image":  "C:\\Windows\\Microsoft.NET\\Framework64\\v4.0.30319\\ngen.exe",
        "UtcTime":  "2019-06-03 10:34:15.103",
        "ProcessGuid":  "{AC6A4E42-F7A7-5CF4-0000-0010FEF43000}",
        "Company":  "Microsoft Corporation",
        "IntegrityLevel":  "System",
        "EventId":  1,
        "FileVersion":  "4.7.3056.0 built by: NET472REL1",
        "User":  "NT AUTHORITY\\SYSTEM",
        "RuleName":  null,
        "Product":  "Microsoft? .NET Framework",
        "LogonId":  "0x3e7",
        "ProcessId":  "5636",
        "LogonGuid":  "{AC6A4E42-0410-5CF4-0000-0020E7030000}",
        "TerminalSessionId":  "0",
        "ParentProcessGuid":  "{AC6A4E42-F79D-5CF4-0000-0010ACB12D00}",
        "ParentProcessId":  "5700",
        "ParentImage":  "C:\\Windows\\Microsoft.NET\\Framework64\\v4.0.30319\\ngentask.exe"
    },
    {
        "ParentCommandLine":  "\"C:\\Windows\\Microsoft.NET\\Framework64\\v4.0.30319\\NGenTask.exe\" /RuntimeWide /StopEvent:1076",
        "Description":  "Microsoft Common Language Runtime native compiler",
        "CommandLine":  "\"C:\\Windows\\Microsoft.NET\\Framework64\\v4.0.30319\\ngen.exe\" uninstall \"C:\\WINDOWS\\assembly\\NativeImages_v4.0.30319_64\\Microsoft.S88747207#\\66ac93c236af92822c6b7556d3c0806c\\Microsoft.Security.ApplicationId.PolicyManagement.Cmdlets.ni.dll\" /noroot /LegacyServiceBehavior",
        "CurrentDirectory":  "C:\\WINDOWS\\system32\\",
        "Hashes":  "SHA1=AFAEE76E6FEA9614CC1C88A4488AA719920ED1F9,MD5=FBA5E8D94C9EADC279BC06B9CF041A9A,SHA256=404546D457AF97DB97D728E848E1544E351C07A9946710C0DF3DB1899E0908A8,IMPHASH=6C889A541B155E63FAE2CE0264E80BD6",
        "Image":  "C:\\Windows\\Microsoft.NET\\Framework64\\v4.0.30319\\ngen.exe",
        "UtcTime":  "2019-06-03 10:34:15.153",
        "ProcessGuid":  "{AC6A4E42-F7A7-5CF4-0000-001012FD3000}",
        "Company":  "Microsoft Corporation",
        "IntegrityLevel":  "System",
        "EventId":  1,
        "FileVersion":  "4.7.3056.0 built by: NET472REL1",
        "User":  "NT AUTHORITY\\SYSTEM",
        "RuleName":  null,
        "Product":  "Microsoft? .NET Framework",
        "LogonId":  "0x3e7",
        "ProcessId":  "3292",
        "LogonGuid":  "{AC6A4E42-0410-5CF4-0000-0020E7030000}",
        "TerminalSessionId":  "0",
        "ParentProcessGuid":  "{AC6A4E42-F79D-5CF4-0000-0010ACB12D00}",
        "ParentProcessId":  "5700",
        "ParentImage":  "C:\\Windows\\Microsoft.NET\\Framework64\\v4.0.30319\\ngentask.exe"
    },
    {
        "ParentCommandLine":  "\"C:\\Windows\\Microsoft.NET\\Framework\\v4.0.30319\\NGenTask.exe\" /RuntimeWide /StopEvent:1280",
        "Description":  "Microsoft Common Language Runtime native compiler",
        "CommandLine":  "\"C:\\Windows\\Microsoft.NET\\Framework\\v4.0.30319\\ngen.exe\" uninstall \"C:\\WINDOWS\\assembly\\NativeImages_v4.0.30319_32\\Microsoft.S1bc92e04#\\cbd9af36566b409ea10f2c247f679427\\Microsoft.SecureBoot.Commands.ni.dll\" /noroot /LegacyServiceBehavior",
        "CurrentDirectory":  "C:\\WINDOWS\\system32\\",
        "Hashes":  "SHA1=FFD7991F422F82331827FB3C244B4AA93C67F28F,MD5=F3BB8D838D986786B6E4D6934673DAF1,SHA256=5568EE9750FF50F79EB2C647AE6847E33CE8FDBCB43281766C162D06CD9940A2,IMPHASH=324D9AAE78DFEF9C5B1789F66416E2FB",
        "Image":  "C:\\Windows\\Microsoft.NET\\Framework\\v4.0.30319\\ngen.exe",
        "UtcTime":  "2019-06-03 10:34:15.157",
        "ProcessGuid":  "{AC6A4E42-F7A7-5CF4-0000-001098FD3000}",
        "Company":  "Microsoft Corporation",
        "IntegrityLevel":  "System",
        "EventId":  1,
        "FileVersion":  "4.7.3056.0 built by: NET472REL1",
        "User":  "NT AUTHORITY\\SYSTEM",
        "RuleName":  null,
        "Product":  "Microsoft? .NET Framework",
        "LogonId":  "0x3e7",
        "ProcessId":  "3208",
        "LogonGuid":  "{AC6A4E42-0410-5CF4-0000-0020E7030000}",
        "TerminalSessionId":  "0",
        "ParentProcessGuid":  "{AC6A4E42-F79E-5CF4-0000-001096412E00}",
        "ParentProcessId":  "4784",
        "ParentImage":  "C:\\Windows\\Microsoft.NET\\Framework\\v4.0.30319\\ngentask.exe"
    },
    {
        "ParentCommandLine":  "\"C:\\Windows\\Microsoft.NET\\Framework64\\v4.0.30319\\NGenTask.exe\" /RuntimeWide /StopEvent:1076",
        "Description":  "Microsoft Common Language Runtime native compiler",
        "CommandLine":  "\"C:\\Windows\\Microsoft.NET\\Framework64\\v4.0.30319\\ngen.exe\" uninstall \"C:\\WINDOWS\\assembly\\NativeImages_v4.0.30319_64\\Microsoft.Sa56e3556#\\236d491191f6b785a7564f5cde696f6e\\Microsoft.Security.ApplicationId.Wizards.AutomaticRuleGenerationWizard.ni.dll\" /noroot /LegacyServiceBehavior",
        "CurrentDirectory":  "C:\\WINDOWS\\system32\\",
        "Hashes":  "SHA1=AFAEE76E6FEA9614CC1C88A4488AA719920ED1F9,MD5=FBA5E8D94C9EADC279BC06B9CF041A9A,SHA256=404546D457AF97DB97D728E848E1544E351C07A9946710C0DF3DB1899E0908A8,IMPHASH=6C889A541B155E63FAE2CE0264E80BD6",
        "Image":  "C:\\Windows\\Microsoft.NET\\Framework64\\v4.0.30319\\ngen.exe",
        "UtcTime":  "2019-06-03 10:34:15.206",
        "ProcessGuid":  "{AC6A4E42-F7A7-5CF4-0000-00102F063100}",
        "Company":  "Microsoft Corporation",
        "IntegrityLevel":  "System",
        "EventId":  1,
        "FileVersion":  "4.7.3056.0 built by: NET472REL1",
        "User":  "NT AUTHORITY\\SYSTEM",
        "RuleName":  null,
        "Product":  "Microsoft? .NET Framework",
        "LogonId":  "0x3e7",
        "ProcessId":  "5860",
        "LogonGuid":  "{AC6A4E42-0410-5CF4-0000-0020E7030000}",
        "TerminalSessionId":  "0",
        "ParentProcessGuid":  "{AC6A4E42-F79D-5CF4-0000-0010ACB12D00}",
        "ParentProcessId":  "5700",
        "ParentImage":  "C:\\Windows\\Microsoft.NET\\Framework64\\v4.0.30319\\ngentask.exe"
    },
    {
        "ParentCommandLine":  "\"C:\\Windows\\Microsoft.NET\\Framework\\v4.0.30319\\NGenTask.exe\" /RuntimeWide /StopEvent:1280",
        "Description":  "Microsoft Common Language Runtime native compiler",
        "CommandLine":  "\"C:\\Windows\\Microsoft.NET\\Framework\\v4.0.30319\\ngen.exe\" uninstall \"C:\\WINDOWS\\assembly\\NativeImages_v4.0.30319_32\\Microsoft.S356e1ba0#\\3cb09041258c019547c7757753092a43\\Microsoft.Security.ApplicationId.PolicyManagement.PolicyEngineApi.Interop.ni.dll\" /noroot /LegacyServiceBehavior",
        "CurrentDirectory":  "C:\\WINDOWS\\system32\\",
        "Hashes":  "SHA1=FFD7991F422F82331827FB3C244B4AA93C67F28F,MD5=F3BB8D838D986786B6E4D6934673DAF1,SHA256=5568EE9750FF50F79EB2C647AE6847E33CE8FDBCB43281766C162D06CD9940A2,IMPHASH=324D9AAE78DFEF9C5B1789F66416E2FB",
        "Image":  "C:\\Windows\\Microsoft.NET\\Framework\\v4.0.30319\\ngen.exe",
        "UtcTime":  "2019-06-03 10:34:15.218",
        "ProcessGuid":  "{AC6A4E42-F7A7-5CF4-0000-00102B083100}",
        "Company":  "Microsoft Corporation",
        "IntegrityLevel":  "System",
        "EventId":  1,
        "FileVersion":  "4.7.3056.0 built by: NET472REL1",
        "User":  "NT AUTHORITY\\SYSTEM",
        "RuleName":  null,
        "Product":  "Microsoft? .NET Framework",
        "LogonId":  "0x3e7",
        "ProcessId":  "3864",
        "LogonGuid":  "{AC6A4E42-0410-5CF4-0000-0020E7030000}",
        "TerminalSessionId":  "0",
        "ParentProcessGuid":  "{AC6A4E42-F79E-5CF4-0000-001096412E00}",
        "ParentProcessId":  "4784",
        "ParentImage":  "C:\\Windows\\Microsoft.NET\\Framework\\v4.0.30319\\ngentask.exe"
    },
    {
        "ParentCommandLine":  "\"C:\\Windows\\Microsoft.NET\\Framework64\\v4.0.30319\\NGenTask.exe\" /RuntimeWide /StopEvent:1076",
        "Description":  "Microsoft Common Language Runtime native compiler",
        "CommandLine":  "\"C:\\Windows\\Microsoft.NET\\Framework64\\v4.0.30319\\ngen.exe\" uninstall \"C:\\WINDOWS\\assembly\\NativeImages_v4.0.30319_64\\Microsoft.Sb6a1f1bc#\\74389d4be459bb5ef9b1f07c28cf25f9\\Microsoft.Security.ApplicationId.PolicyManagement.XmlHelper.ni.dll\" /noroot /LegacyServiceBehavior",
        "CurrentDirectory":  "C:\\WINDOWS\\system32\\",
        "Hashes":  "SHA1=AFAEE76E6FEA9614CC1C88A4488AA719920ED1F9,MD5=FBA5E8D94C9EADC279BC06B9CF041A9A,SHA256=404546D457AF97DB97D728E848E1544E351C07A9946710C0DF3DB1899E0908A8,IMPHASH=6C889A541B155E63FAE2CE0264E80BD6",
        "Image":  "C:\\Windows\\Microsoft.NET\\Framework64\\v4.0.30319\\ngen.exe",
        "UtcTime":  "2019-06-03 10:34:15.249",
        "ProcessGuid":  "{AC6A4E42-F7A7-5CF4-0000-0010C40D3100}",
        "Company":  "Microsoft Corporation",
        "IntegrityLevel":  "System",
        "EventId":  1,
        "FileVersion":  "4.7.3056.0 built by: NET472REL1",
        "User":  "NT AUTHORITY\\SYSTEM",
        "RuleName":  null,
        "Product":  "Microsoft? .NET Framework",
        "LogonId":  "0x3e7",
        "ProcessId":  "5364",
        "LogonGuid":  "{AC6A4E42-0410-5CF4-0000-0020E7030000}",
        "TerminalSessionId":  "0",
        "ParentProcessGuid":  "{AC6A4E42-F79D-5CF4-0000-0010ACB12D00}",
        "ParentProcessId":  "5700",
        "ParentImage":  "C:\\Windows\\Microsoft.NET\\Framework64\\v4.0.30319\\ngentask.exe"
    },
    {
        "ParentCommandLine":  "\"C:\\Windows\\Microsoft.NET\\Framework\\v4.0.30319\\NGenTask.exe\" /RuntimeWide /StopEvent:1280",
        "Description":  "Microsoft Common Language Runtime native compiler",
        "CommandLine":  "\"C:\\Windows\\Microsoft.NET\\Framework\\v4.0.30319\\ngen.exe\" uninstall \"C:\\WINDOWS\\assembly\\NativeImages_v4.0.30319_32\\Microsoft.S54faafb0#\\f20116572b68f385e3a151ca63dc68b0\\Microsoft.Security.ApplicationId.PolicyManagement.PolicyManager.ni.dll\" /noroot /LegacyServiceBehavior",
        "CurrentDirectory":  "C:\\WINDOWS\\system32\\",
        "Hashes":  "SHA1=FFD7991F422F82331827FB3C244B4AA93C67F28F,MD5=F3BB8D838D986786B6E4D6934673DAF1,SHA256=5568EE9750FF50F79EB2C647AE6847E33CE8FDBCB43281766C162D06CD9940A2,IMPHASH=324D9AAE78DFEF9C5B1789F66416E2FB",
        "Image":  "C:\\Windows\\Microsoft.NET\\Framework\\v4.0.30319\\ngen.exe",
        "UtcTime":  "2019-06-03 10:34:15.281",
        "ProcessGuid":  "{AC6A4E42-F7A7-5CF4-0000-001097123100}",
        "Company":  "Microsoft Corporation",
        "IntegrityLevel":  "System",
        "EventId":  1,
        "FileVersion":  "4.7.3056.0 built by: NET472REL1",
        "User":  "NT AUTHORITY\\SYSTEM",
        "RuleName":  null,
        "Product":  "Microsoft? .NET Framework",
        "LogonId":  "0x3e7",
        "ProcessId":  "2724",
        "LogonGuid":  "{AC6A4E42-0410-5CF4-0000-0020E7030000}",
        "TerminalSessionId":  "0",
        "ParentProcessGuid":  "{AC6A4E42-F79E-5CF4-0000-001096412E00}",
        "ParentProcessId":  "4784",
        "ParentImage":  "C:\\Windows\\Microsoft.NET\\Framework\\v4.0.30319\\ngentask.exe"
    },
    {
        "ParentCommandLine":  "\"C:\\Windows\\Microsoft.NET\\Framework64\\v4.0.30319\\NGenTask.exe\" /RuntimeWide /StopEvent:1076",
        "Description":  "Microsoft Common Language Runtime native compiler",
        "CommandLine":  "\"C:\\Windows\\Microsoft.NET\\Framework64\\v4.0.30319\\ngen.exe\" uninstall \"C:\\WINDOWS\\assembly\\NativeImages_v4.0.30319_64\\Microsoft.T9d753d8c#\\88bc9611cdb0dc8f5ea9edfe404285f9\\Microsoft.Tpm.Commands.ni.dll\" /noroot /LegacyServiceBehavior",
        "CurrentDirectory":  "C:\\WINDOWS\\system32\\",
        "Hashes":  "SHA1=AFAEE76E6FEA9614CC1C88A4488AA719920ED1F9,MD5=FBA5E8D94C9EADC279BC06B9CF041A9A,SHA256=404546D457AF97DB97D728E848E1544E351C07A9946710C0DF3DB1899E0908A8,IMPHASH=6C889A541B155E63FAE2CE0264E80BD6",
        "Image":  "C:\\Windows\\Microsoft.NET\\Framework64\\v4.0.30319\\ngen.exe",
        "UtcTime":  "2019-06-03 10:34:15.314",
        "ProcessGuid":  "{AC6A4E42-F7A7-5CF4-0000-001064173100}",
        "Company":  "Microsoft Corporation",
        "IntegrityLevel":  "System",
        "EventId":  1,
        "FileVersion":  "4.7.3056.0 built by: NET472REL1",
        "User":  "NT AUTHORITY\\SYSTEM",
        "RuleName":  null,
        "Product":  "Microsoft? .NET Framework",
        "LogonId":  "0x3e7",
        "ProcessId":  "5172",
        "LogonGuid":  "{AC6A4E42-0410-5CF4-0000-0020E7030000}",
        "TerminalSessionId":  "0",
        "ParentProcessGuid":  "{AC6A4E42-F79D-5CF4-0000-0010ACB12D00}",
        "ParentProcessId":  "5700",
        "ParentImage":  "C:\\Windows\\Microsoft.NET\\Framework64\\v4.0.30319\\ngentask.exe"
    },
    {
        "ParentCommandLine":  "\"C:\\Windows\\Microsoft.NET\\Framework\\v4.0.30319\\NGenTask.exe\" /RuntimeWide /StopEvent:1280",
        "Description":  "Microsoft Common Language Runtime native compiler",
        "CommandLine":  "\"C:\\Windows\\Microsoft.NET\\Framework\\v4.0.30319\\ngen.exe\" uninstall \"C:\\WINDOWS\\assembly\\NativeImages_v4.0.30319_32\\Microsoft.S88747207#\\8e67e0fb98c54619771a022107f4442a\\Microsoft.Security.ApplicationId.PolicyManagement.Cmdlets.ni.dll\" /noroot /LegacyServiceBehavior",
        "CurrentDirectory":  "C:\\WINDOWS\\system32\\",
        "Hashes":  "SHA1=FFD7991F422F82331827FB3C244B4AA93C67F28F,MD5=F3BB8D838D986786B6E4D6934673DAF1,SHA256=5568EE9750FF50F79EB2C647AE6847E33CE8FDBCB43281766C162D06CD9940A2,IMPHASH=324D9AAE78DFEF9C5B1789F66416E2FB",
        "Image":  "C:\\Windows\\Microsoft.NET\\Framework\\v4.0.30319\\ngen.exe",
        "UtcTime":  "2019-06-03 10:34:15.342",
        "ProcessGuid":  "{AC6A4E42-F7A7-5CF4-0000-00108B1B3100}",
        "Company":  "Microsoft Corporation",
        "IntegrityLevel":  "System",
        "EventId":  1,
        "FileVersion":  "4.7.3056.0 built by: NET472REL1",
        "User":  "NT AUTHORITY\\SYSTEM",
        "RuleName":  null,
        "Product":  "Microsoft? .NET Framework",
        "LogonId":  "0x3e7",
        "ProcessId":  "1288",
        "LogonGuid":  "{AC6A4E42-0410-5CF4-0000-0020E7030000}",
        "TerminalSessionId":  "0",
        "ParentProcessGuid":  "{AC6A4E42-F79E-5CF4-0000-001096412E00}",
        "ParentProcessId":  "4784",
        "ParentImage":  "C:\\Windows\\Microsoft.NET\\Framework\\v4.0.30319\\ngentask.exe"
    },
    {
        "ParentCommandLine":  "\"C:\\Windows\\Microsoft.NET\\Framework64\\v4.0.30319\\NGenTask.exe\" /RuntimeWide /StopEvent:1076",
        "Description":  "Microsoft Common Language Runtime native compiler",
        "CommandLine":  "\"C:\\Windows\\Microsoft.NET\\Framework64\\v4.0.30319\\ngen.exe\" uninstall \"C:\\WINDOWS\\assembly\\NativeImages_v4.0.30319_64\\Microsoft.V9921e851#\\f2e0589ed6d670f264a5f65dd0ad000f\\Microsoft.VisualBasic.ni.dll\" /noroot /LegacyServiceBehavior",
        "CurrentDirectory":  "C:\\WINDOWS\\system32\\",
        "Hashes":  "SHA1=AFAEE76E6FEA9614CC1C88A4488AA719920ED1F9,MD5=FBA5E8D94C9EADC279BC06B9CF041A9A,SHA256=404546D457AF97DB97D728E848E1544E351C07A9946710C0DF3DB1899E0908A8,IMPHASH=6C889A541B155E63FAE2CE0264E80BD6",
        "Image":  "C:\\Windows\\Microsoft.NET\\Framework64\\v4.0.30319\\ngen.exe",
        "UtcTime":  "2019-06-03 10:34:15.364",
        "ProcessGuid":  "{AC6A4E42-F7A7-5CF4-0000-0010D81F3100}",
        "Company":  "Microsoft Corporation",
        "IntegrityLevel":  "System",
        "EventId":  1,
        "FileVersion":  "4.7.3056.0 built by: NET472REL1",
        "User":  "NT AUTHORITY\\SYSTEM",
        "RuleName":  null,
        "Product":  "Microsoft? .NET Framework",
        "LogonId":  "0x3e7",
        "ProcessId":  "5828",
        "LogonGuid":  "{AC6A4E42-0410-5CF4-0000-0020E7030000}",
        "TerminalSessionId":  "0",
        "ParentProcessGuid":  "{AC6A4E42-F79D-5CF4-0000-0010ACB12D00}",
        "ParentProcessId":  "5700",
        "ParentImage":  "C:\\Windows\\Microsoft.NET\\Framework64\\v4.0.30319\\ngentask.exe"
    },
    {
        "ParentCommandLine":  "\"C:\\Windows\\Microsoft.NET\\Framework\\v4.0.30319\\NGenTask.exe\" /RuntimeWide /StopEvent:1280",
        "Description":  "Microsoft Common Language Runtime native compiler",
        "CommandLine":  "\"C:\\Windows\\Microsoft.NET\\Framework\\v4.0.30319\\ngen.exe\" uninstall \"C:\\WINDOWS\\assembly\\NativeImages_v4.0.30319_32\\Microsoft.Sa56e3556#\\0cbfce2355f3fda80206889677237c0d\\Microsoft.Security.ApplicationId.Wizards.AutomaticRuleGenerationWizard.ni.dll\" /noroot /LegacyServiceBehavior",
        "CurrentDirectory":  "C:\\WINDOWS\\system32\\",
        "Hashes":  "SHA1=FFD7991F422F82331827FB3C244B4AA93C67F28F,MD5=F3BB8D838D986786B6E4D6934673DAF1,SHA256=5568EE9750FF50F79EB2C647AE6847E33CE8FDBCB43281766C162D06CD9940A2,IMPHASH=324D9AAE78DFEF9C5B1789F66416E2FB",
        "Image":  "C:\\Windows\\Microsoft.NET\\Framework\\v4.0.30319\\ngen.exe",
        "UtcTime":  "2019-06-03 10:34:15.396",
        "ProcessGuid":  "{AC6A4E42-F7A7-5CF4-0000-0010F9243100}",
        "Company":  "Microsoft Corporation",
        "IntegrityLevel":  "System",
        "EventId":  1,
        "FileVersion":  "4.7.3056.0 built by: NET472REL1",
        "User":  "NT AUTHORITY\\SYSTEM",
        "RuleName":  null,
        "Product":  "Microsoft? .NET Framework",
        "LogonId":  "0x3e7",
        "ProcessId":  "3040",
        "LogonGuid":  "{AC6A4E42-0410-5CF4-0000-0020E7030000}",
        "TerminalSessionId":  "0",
        "ParentProcessGuid":  "{AC6A4E42-F79E-5CF4-0000-001096412E00}",
        "ParentProcessId":  "4784",
        "ParentImage":  "C:\\Windows\\Microsoft.NET\\Framework\\v4.0.30319\\ngentask.exe"
    },
    {
        "ParentCommandLine":  "\"C:\\Windows\\Microsoft.NET\\Framework64\\v4.0.30319\\NGenTask.exe\" /RuntimeWide /StopEvent:1076",
        "Description":  "Microsoft Common Language Runtime native compiler",
        "CommandLine":  "\"C:\\Windows\\Microsoft.NET\\Framework64\\v4.0.30319\\ngen.exe\" uninstall \"C:\\WINDOWS\\assembly\\NativeImages_v4.0.30319_64\\Microsoft.W193497eb#\\1e1b68870228229a1229a22854ea46e6\\Microsoft.WSMan.Runtime.ni.dll\" /noroot /LegacyServiceBehavior",
        "CurrentDirectory":  "C:\\WINDOWS\\system32\\",
        "Hashes":  "SHA1=AFAEE76E6FEA9614CC1C88A4488AA719920ED1F9,MD5=FBA5E8D94C9EADC279BC06B9CF041A9A,SHA256=404546D457AF97DB97D728E848E1544E351C07A9946710C0DF3DB1899E0908A8,IMPHASH=6C889A541B155E63FAE2CE0264E80BD6",
        "Image":  "C:\\Windows\\Microsoft.NET\\Framework64\\v4.0.30319\\ngen.exe",
        "UtcTime":  "2019-06-03 10:34:15.429",
        "ProcessGuid":  "{AC6A4E42-F7A7-5CF4-0000-00105A2A3100}",
        "Company":  "Microsoft Corporation",
        "IntegrityLevel":  "System",
        "EventId":  1,
        "FileVersion":  "4.7.3056.0 built by: NET472REL1",
        "User":  "NT AUTHORITY\\SYSTEM",
        "RuleName":  null,
        "Product":  "Microsoft? .NET Framework",
        "LogonId":  "0x3e7",
        "ProcessId":  "2040",
        "LogonGuid":  "{AC6A4E42-0410-5CF4-0000-0020E7030000}",
        "TerminalSessionId":  "0",
        "ParentProcessGuid":  "{AC6A4E42-F79D-5CF4-0000-0010ACB12D00}",
        "ParentProcessId":  "5700",
        "ParentImage":  "C:\\Windows\\Microsoft.NET\\Framework64\\v4.0.30319\\ngentask.exe"
    },
    {
        "ParentCommandLine":  "\"C:\\Windows\\Microsoft.NET\\Framework\\v4.0.30319\\NGenTask.exe\" /RuntimeWide /StopEvent:1280",
        "Description":  "Microsoft Common Language Runtime native compiler",
        "CommandLine":  "\"C:\\Windows\\Microsoft.NET\\Framework\\v4.0.30319\\ngen.exe\" uninstall \"C:\\WINDOWS\\assembly\\NativeImages_v4.0.30319_32\\Microsoft.Sb6a1f1bc#\\8242c7797326d3ba0de286eae4f07e2b\\Microsoft.Security.ApplicationId.PolicyManagement.XmlHelper.ni.dll\" /noroot /LegacyServiceBehavior",
        "CurrentDirectory":  "C:\\WINDOWS\\system32\\",
        "Hashes":  "SHA1=FFD7991F422F82331827FB3C244B4AA93C67F28F,MD5=F3BB8D838D986786B6E4D6934673DAF1,SHA256=5568EE9750FF50F79EB2C647AE6847E33CE8FDBCB43281766C162D06CD9940A2,IMPHASH=324D9AAE78DFEF9C5B1789F66416E2FB",
        "Image":  "C:\\Windows\\Microsoft.NET\\Framework\\v4.0.30319\\ngen.exe",
        "UtcTime":  "2019-06-03 10:34:15.454",
        "ProcessGuid":  "{AC6A4E42-F7A7-5CF4-0000-0010332E3100}",
        "Company":  "Microsoft Corporation",
        "IntegrityLevel":  "System",
        "EventId":  1,
        "FileVersion":  "4.7.3056.0 built by: NET472REL1",
        "User":  "NT AUTHORITY\\SYSTEM",
        "RuleName":  null,
        "Product":  "Microsoft? .NET Framework",
        "LogonId":  "0x3e7",
        "ProcessId":  "5916",
        "LogonGuid":  "{AC6A4E42-0410-5CF4-0000-0020E7030000}",
        "TerminalSessionId":  "0",
        "ParentProcessGuid":  "{AC6A4E42-F79E-5CF4-0000-001096412E00}",
        "ParentProcessId":  "4784",
        "ParentImage":  "C:\\Windows\\Microsoft.NET\\Framework\\v4.0.30319\\ngentask.exe"
    },
    {
        "ParentCommandLine":  "\"C:\\Windows\\Microsoft.NET\\Framework64\\v4.0.30319\\NGenTask.exe\" /RuntimeWide /StopEvent:1076",
        "Description":  "Microsoft Common Language Runtime native compiler",
        "CommandLine":  "\"C:\\Windows\\Microsoft.NET\\Framework64\\v4.0.30319\\ngen.exe\" uninstall \"C:\\WINDOWS\\assembly\\NativeImages_v4.0.30319_64\\Microsoft.W2d29a719#\\19f1d1ee83bd064c36f8393de9958a44\\Microsoft.Windows.DSC.CoreConfProviders.ni.dll\" /noroot /LegacyServiceBehavior",
        "CurrentDirectory":  "C:\\WINDOWS\\system32\\",
        "Hashes":  "SHA1=AFAEE76E6FEA9614CC1C88A4488AA719920ED1F9,MD5=FBA5E8D94C9EADC279BC06B9CF041A9A,SHA256=404546D457AF97DB97D728E848E1544E351C07A9946710C0DF3DB1899E0908A8,IMPHASH=6C889A541B155E63FAE2CE0264E80BD6",
        "Image":  "C:\\Windows\\Microsoft.NET\\Framework64\\v4.0.30319\\ngen.exe",
        "UtcTime":  "2019-06-03 10:34:15.484",
        "ProcessGuid":  "{AC6A4E42-F7A7-5CF4-0000-0010A8333100}",
        "Company":  "Microsoft Corporation",
        "IntegrityLevel":  "System",
        "EventId":  1,
        "FileVersion":  "4.7.3056.0 built by: NET472REL1",
        "User":  "NT AUTHORITY\\SYSTEM",
        "RuleName":  null,
        "Product":  "Microsoft? .NET Framework",
        "LogonId":  "0x3e7",
        "ProcessId":  "4308",
        "LogonGuid":  "{AC6A4E42-0410-5CF4-0000-0020E7030000}",
        "TerminalSessionId":  "0",
        "ParentProcessGuid":  "{AC6A4E42-F79D-5CF4-0000-0010ACB12D00}",
        "ParentProcessId":  "5700",
        "ParentImage":  "C:\\Windows\\Microsoft.NET\\Framework64\\v4.0.30319\\ngentask.exe"
    },
    {
        "ParentCommandLine":  "\"C:\\Windows\\Microsoft.NET\\Framework\\v4.0.30319\\NGenTask.exe\" /RuntimeWide /StopEvent:1280",
        "Description":  "Microsoft Common Language Runtime native compiler",
        "CommandLine":  "\"C:\\Windows\\Microsoft.NET\\Framework\\v4.0.30319\\ngen.exe\" uninstall \"C:\\WINDOWS\\assembly\\NativeImages_v4.0.30319_32\\Microsoft.T9d753d8c#\\b07571a46c05f3988e0a7df67657c8b9\\Microsoft.Tpm.Commands.ni.dll\" /noroot /LegacyServiceBehavior",
        "CurrentDirectory":  "C:\\WINDOWS\\system32\\",
        "Hashes":  "SHA1=FFD7991F422F82331827FB3C244B4AA93C67F28F,MD5=F3BB8D838D986786B6E4D6934673DAF1,SHA256=5568EE9750FF50F79EB2C647AE6847E33CE8FDBCB43281766C162D06CD9940A2,IMPHASH=324D9AAE78DFEF9C5B1789F66416E2FB",
        "Image":  "C:\\Windows\\Microsoft.NET\\Framework\\v4.0.30319\\ngen.exe",
        "UtcTime":  "2019-06-03 10:34:15.504",
        "ProcessGuid":  "{AC6A4E42-F7A7-5CF4-0000-001095373100}",
        "Company":  "Microsoft Corporation",
        "IntegrityLevel":  "System",
        "EventId":  1,
        "FileVersion":  "4.7.3056.0 built by: NET472REL1",
        "User":  "NT AUTHORITY\\SYSTEM",
        "RuleName":  null,
        "Product":  "Microsoft? .NET Framework",
        "LogonId":  "0x3e7",
        "ProcessId":  "5404",
        "LogonGuid":  "{AC6A4E42-0410-5CF4-0000-0020E7030000}",
        "TerminalSessionId":  "0",
        "ParentProcessGuid":  "{AC6A4E42-F79E-5CF4-0000-001096412E00}",
        "ParentProcessId":  "4784",
        "ParentImage":  "C:\\Windows\\Microsoft.NET\\Framework\\v4.0.30319\\ngentask.exe"
    },
    {
        "ParentCommandLine":  "\"C:\\Windows\\Microsoft.NET\\Framework64\\v4.0.30319\\NGenTask.exe\" /RuntimeWide /StopEvent:1076",
        "Description":  "Microsoft Common Language Runtime native compiler",
        "CommandLine":  "\"C:\\Windows\\Microsoft.NET\\Framework64\\v4.0.30319\\ngen.exe\" uninstall \"C:\\WINDOWS\\assembly\\NativeImages_v4.0.30319_64\\Microsoft.W2ded559f#\\7eaa7230d75c5f336006d9d53f4a8e86\\Microsoft.WindowsAuthenticationProtocols.Commands.ni.dll\" /noroot /LegacyServiceBehavior",
        "CurrentDirectory":  "C:\\WINDOWS\\system32\\",
        "Hashes":  "SHA1=AFAEE76E6FEA9614CC1C88A4488AA719920ED1F9,MD5=FBA5E8D94C9EADC279BC06B9CF041A9A,SHA256=404546D457AF97DB97D728E848E1544E351C07A9946710C0DF3DB1899E0908A8,IMPHASH=6C889A541B155E63FAE2CE0264E80BD6",
        "Image":  "C:\\Windows\\Microsoft.NET\\Framework64\\v4.0.30319\\ngen.exe",
        "UtcTime":  "2019-06-03 10:34:15.525",
        "ProcessGuid":  "{AC6A4E42-F7A7-5CF4-0000-0010883B3100}",
        "Company":  "Microsoft Corporation",
        "IntegrityLevel":  "System",
        "EventId":  1,
        "FileVersion":  "4.7.3056.0 built by: NET472REL1",
        "User":  "NT AUTHORITY\\SYSTEM",
        "RuleName":  null,
        "Product":  "Microsoft? .NET Framework",
        "LogonId":  "0x3e7",
        "ProcessId":  "5836",
        "LogonGuid":  "{AC6A4E42-0410-5CF4-0000-0020E7030000}",
        "TerminalSessionId":  "0",
        "ParentProcessGuid":  "{AC6A4E42-F79D-5CF4-0000-0010ACB12D00}",
        "ParentProcessId":  "5700",
        "ParentImage":  "C:\\Windows\\Microsoft.NET\\Framework64\\v4.0.30319\\ngentask.exe"
    },
    {
        "ParentCommandLine":  "\"C:\\Windows\\Microsoft.NET\\Framework\\v4.0.30319\\NGenTask.exe\" /RuntimeWide /StopEvent:1280",
        "Description":  "Microsoft Common Language Runtime native compiler",
        "CommandLine":  "\"C:\\Windows\\Microsoft.NET\\Framework\\v4.0.30319\\ngen.exe\" uninstall \"C:\\WINDOWS\\assembly\\NativeImages_v4.0.30319_32\\Microsoft.W0bb5dac4#\\7ce90cd51803cdcb853f2414fbf598c2\\Microsoft.Windows.Diagnosis.Commands.UpdateDiagRootcause.ni.dll\" /noroot /LegacyServiceBehavior",
        "CurrentDirectory":  "C:\\WINDOWS\\system32\\",
        "Hashes":  "SHA1=FFD7991F422F82331827FB3C244B4AA93C67F28F,MD5=F3BB8D838D986786B6E4D6934673DAF1,SHA256=5568EE9750FF50F79EB2C647AE6847E33CE8FDBCB43281766C162D06CD9940A2,IMPHASH=324D9AAE78DFEF9C5B1789F66416E2FB",
        "Image":  "C:\\Windows\\Microsoft.NET\\Framework\\v4.0.30319\\ngen.exe",
        "UtcTime":  "2019-06-03 10:34:15.557",
        "ProcessGuid":  "{AC6A4E42-F7A7-5CF4-0000-001094413100}",
        "Company":  "Microsoft Corporation",
        "IntegrityLevel":  "System",
        "EventId":  1,
        "FileVersion":  "4.7.3056.0 built by: NET472REL1",
        "User":  "NT AUTHORITY\\SYSTEM",
        "RuleName":  null,
        "Product":  "Microsoft? .NET Framework",
        "LogonId":  "0x3e7",
        "ProcessId":  "4300",
        "LogonGuid":  "{AC6A4E42-0410-5CF4-0000-0020E7030000}",
        "TerminalSessionId":  "0",
        "ParentProcessGuid":  "{AC6A4E42-F79E-5CF4-0000-001096412E00}",
        "ParentProcessId":  "4784",
        "ParentImage":  "C:\\Windows\\Microsoft.NET\\Framework\\v4.0.30319\\ngentask.exe"
    },
    {
        "ParentCommandLine":  "\"C:\\Windows\\Microsoft.NET\\Framework64\\v4.0.30319\\NGenTask.exe\" /RuntimeWide /StopEvent:1076",
        "Description":  "Microsoft Common Language Runtime native compiler",
        "CommandLine":  "\"C:\\Windows\\Microsoft.NET\\Framework64\\v4.0.30319\\ngen.exe\" uninstall \"C:\\WINDOWS\\assembly\\NativeImages_v4.0.30319_64\\Microsoft.W3cdb5602#\\252464db10a3e84810fedbb2596b5d07\\Microsoft.Windows.Diagnosis.TroubleshootingPack.ni.dll\" /noroot /LegacyServiceBehavior",
        "CurrentDirectory":  "C:\\WINDOWS\\system32\\",
        "Hashes":  "SHA1=AFAEE76E6FEA9614CC1C88A4488AA719920ED1F9,MD5=FBA5E8D94C9EADC279BC06B9CF041A9A,SHA256=404546D457AF97DB97D728E848E1544E351C07A9946710C0DF3DB1899E0908A8,IMPHASH=6C889A541B155E63FAE2CE0264E80BD6",
        "Image":  "C:\\Windows\\Microsoft.NET\\Framework64\\v4.0.30319\\ngen.exe",
        "UtcTime":  "2019-06-03 10:34:15.579",
        "ProcessGuid":  "{AC6A4E42-F7A7-5CF4-0000-00101A453100}",
        "Company":  "Microsoft Corporation",
        "IntegrityLevel":  "System",
        "EventId":  1,
        "FileVersion":  "4.7.3056.0 built by: NET472REL1",
        "User":  "NT AUTHORITY\\SYSTEM",
        "RuleName":  null,
        "Product":  "Microsoft? .NET Framework",
        "LogonId":  "0x3e7",
        "ProcessId":  "4432",
        "LogonGuid":  "{AC6A4E42-0410-5CF4-0000-0020E7030000}",
        "TerminalSessionId":  "0",
        "ParentProcessGuid":  "{AC6A4E42-F79D-5CF4-0000-0010ACB12D00}",
        "ParentProcessId":  "5700",
        "ParentImage":  "C:\\Windows\\Microsoft.NET\\Framework64\\v4.0.30319\\ngentask.exe"
    },
    {
        "ParentCommandLine":  "\"C:\\Windows\\Microsoft.NET\\Framework\\v4.0.30319\\NGenTask.exe\" /RuntimeWide /StopEvent:1280",
        "Description":  "Microsoft Common Language Runtime native compiler",
        "CommandLine":  "\"C:\\Windows\\Microsoft.NET\\Framework\\v4.0.30319\\ngen.exe\" uninstall \"C:\\WINDOWS\\assembly\\NativeImages_v4.0.30319_32\\Microsoft.W193497eb#\\adc17862ea85461b9c61e374b6f9da79\\Microsoft.WSMan.Runtime.ni.dll\" /noroot /LegacyServiceBehavior",
        "CurrentDirectory":  "C:\\WINDOWS\\system32\\",
        "Hashes":  "SHA1=FFD7991F422F82331827FB3C244B4AA93C67F28F,MD5=F3BB8D838D986786B6E4D6934673DAF1,SHA256=5568EE9750FF50F79EB2C647AE6847E33CE8FDBCB43281766C162D06CD9940A2,IMPHASH=324D9AAE78DFEF9C5B1789F66416E2FB",
        "Image":  "C:\\Windows\\Microsoft.NET\\Framework\\v4.0.30319\\ngen.exe",
        "UtcTime":  "2019-06-03 10:34:15.608",
        "ProcessGuid":  "{AC6A4E42-F7A7-5CF4-0000-0010494A3100}",
        "Company":  "Microsoft Corporation",
        "IntegrityLevel":  "System",
        "EventId":  1,
        "FileVersion":  "4.7.3056.0 built by: NET472REL1",
        "User":  "NT AUTHORITY\\SYSTEM",
        "RuleName":  null,
        "Product":  "Microsoft? .NET Framework",
        "LogonId":  "0x3e7",
        "ProcessId":  "5320",
        "LogonGuid":  "{AC6A4E42-0410-5CF4-0000-0020E7030000}",
        "TerminalSessionId":  "0",
        "ParentProcessGuid":  "{AC6A4E42-F79E-5CF4-0000-001096412E00}",
        "ParentProcessId":  "4784",
        "ParentImage":  "C:\\Windows\\Microsoft.NET\\Framework\\v4.0.30319\\ngentask.exe"
    },
